B12Gh2091
P401AD4
B40AD4-16
B40AD4-W
B40AD4-10
P112AU
B12BPS1148
B12BPS1149
B12BPS1151
B12BPS1152
B12BPS1157
B12BPS1173
B12BPS1206
B12BPS1207
B12BPS1238
B12BPS1239
B12BPS1240
B12BPS1242
B12BPS1244
B12BPS1247
P116Cok139
P112Cok315
P111Cok312
B11DIV138
B11DIV199
B11DIV213
B11DIV226
B11DIV310
B11DIV364
B11DIV007
B11DIV058
B11DIV119
B11DIV002
B11DIV012
B11DIV030
B11DIV033
B11DIV034
B11DIV040
B11DIV042
B11DIV046
B11DIV048
B11DIV055
B11DIV059
B11DIV063
B11DIV066
B11DIV074
B11DIV079
B11DIV096
B11DIV106
B11DIV134
B11DIV136
B11DIV141
B11DIV144
B11DIV169
B11DIV176
B11DIV178
B11DIV184
B11DIV195
B11DIV206
B11DIV209
B11DIV211
B11DIV230
B11DIV232
B11DIV237
B11DIV245
B11DIV246
B11DIV249
B11DIV255
B11DIV256
B11DIV260
B11DIV263
B11DIV264
B11DIV269
B11DIV272
B11DIV289
B11DIV293
B11DIV296
B11DIV298
B11DIV306
B11DIV308
B11DIV316
B11DIV319
B11DIV322
B11DIV347
B11DIV351
B11DIV355
B11DIV363
B11DIV366
B11DIV373
B11DIV380
P111DP5690
P112DP90
B11DIV307
B11DIV382
B11DIV037
B11DIV243
B11DIV273
B11DIV305
P111FM832
P112FM966
B12KLM1872
B12LKSP
P111240RNR
P111Maxxa
B12OWS
P111PD1
P112PSC355
B11SA0053
B11SA0084
B11SA0159
B11SA0165
B11SA0186
B11SA0238
B11SA0298
B11SA0300
B11SA0311
B11SA0333
B11SA0582
B11SA0718
B11SA0815
B11SA0825
B11SA0857
B11SA0881
B11SA0883
B11SA0892
B11SA0904
B11SA0940
B11SA0965
B11SA0982
B11SA1006
B11SA1019
B11SA1044
B11SA1055
B11SA1111
B11SA1138
B11SA1139
B11SA1156
B11SA1166
B11SA1181
B11SA1184
B11SA1205
B11SA1212
B11SA1230
B11SA1232
B11SA1237
B11SA1250
B11SA1278
B11SA1291
B11SA1330
B11SA1349
B11SA1392
B11SA1403
B11SA1406
B11SA1412
B11SA1419
B11SA1420
B11SA1424
B11SA1427
B11SA1428
B11SA1456
B11SA1465
B11SA1533
B11SA1596
B11SA1604
B11SA1665
B11SA1694
B11SA1703
B11SA1725
B11SA1759
B11SA1766
B11SA1845
B11SA1913
B11SA2057
B11SA2149
B11SA2260
B11SA2269
B11SA2330
B11SA2356
B11SA2374
B11SA2375
B11SA2401
B11SA2558
B11SA2580
B11SA2589
B11SA2606
B11SA2895
B11SA2910
B11SA3193
B11SA3251
B11SA3256
B11SA3308
B11SA3332
B11SA3335
B11SA3338
B11SA3340
B11SA3348
B11SA3390
B11SA3403
B11SA3413
B11SA3444
B11SA3452
B11SA3477
B11SA3489
B11SA3493
B11SA3748
B11SA3749
B11SA3777
B11SA3778
B11SA3781
P404AD4-8
P114SA0592
P114TM1
P114SA1466
P124TX0246
P124TX0368
P114SA3783
P124TX0018
P124TX0463
P124TX2094
P124TX0236
P124TX0171
P124TX0045
B11SA0002
B11SA0369
B11SA0668A
B11SA1263
B11SA1710
B11SA2192
B11SA3137
B11SA3284
B11SA3360
P111SG747
P111HS26
P116D531C
P116DixieK
P115HAU056
P115HAU006
P115HAU001
P115HAU002
P115HAU003
P115HAU004
P115HAU005
P115HAU007
P115HAU008
P115HAU009
P115HAU010
P115HAU011
P115HAU012
P115HAU013
P115HAU014
P115HAU015
P115HAU016
P115HAU017
P115HU018
P115HAU019
P115HAU020
P115HAU021
P115HAU022
P115HAU023
P115HAU024
P115HAU025
P115HAU026
P115HAU027
P115HAU028
P115HAU029
P115HAU030
P115HAU031
P115HAU032
P115HAU033
P115HAU034
P115HAU035
P115HAU036
P115HAU037
P115HAU038
P115HAU039
P115HAU040
P115HAU041
P115HAU042
P115HAU043
P115HAU044
P115HAU045
P115HAU046
P115HAU048
P115HAU049
P115HAU050
P115HAU051
P115HAU052
P115HAU053
P115HAU054
P115HAU055
P115HAU057
P115HAU058
P115HAU059
P115HAU060
P115HAU061
P115HAU062
P115HAU063
P115HAU064
P115HAU065
P115HAU066
P115HAU067
P115HAU068
P115HAU069
P115HAU070
P115HAU071
P115HAU072
P115HAU073
P115HAU074
P115HAU075
P115HAU076
P115HAU077
P115HAU078
P115HAU079
P115HAU080
P115HAU081
P115HAU082
P115HAU083
P115HAU084
P115HAU085
P115HAU086
P115HAU087
P115HAU088
P115HU089
P115HAU090
P115HAU091
P115HAU092
P115HAU093
P115HAU094
P115HAU095
P115HAU096
P115HAU097
P115HAU098
P115HAU099
P115HAU100
P115HAU047
P115HAU101
P115HAU102
P115HAU103
P115HAU104
P115HAU105
P115HAU106
P115HAU107
P115HAU108
P115HAU109
P115HAU110
P115HAU111
P115HAU112
P115HAU113
P115HAU114
P115HAU115
P115HAU116
P115HU117
P115HAU118
P115HAU119
P115HAU120
P115HAU121
P115HAU122
P115HAU123
P115HAU124
P115HAU125
P115HAU126
P115HAU127
P115HAU128
P115HAU129
P115HU130
P115HU131
P115HAU132
P115HU133
P115HAU134
P115HAU135
P115HAU136
P115HAU137
P115HAU138
P115HAU139
P115HAU140
P115HU141
P115HAU142
P115HAU143
P115HAU144
P115HAU145
P115HAU146
P115HAU147
P115HAU148
P115HAU149
P115HAU150
P115HAU151
P115HAU152
P115HAU153
P115HAU154
P115HAU155
P115HAU156
P115HAU157
P115HAU158
P115HAU159
P115HAU160
P115HAU161
P115HAU163
P115HAU165
P115HAU167
P115HAU168
P115HAU169
P115HAU170
P115HAU171
P115HAU172
P115HAU173
P115HAU174
P115HAU175
P115HAU176
P115HAU177
P115HAU178
P115HAU179
P115HAU180
P115HAU181
P115HAU182
P115HAU183
P115HAU184
P115HAU185
P115HAU186
P115HAU187
P115HAU188
P115HAU189
P115HAU190
P115HAU191
P115HAU192
P115HAU193
P115HAU194
P115HAU195
P115HAU196
P115HAU197
P115HAU198
P115HAU199
P115HAU200
P115HAU201
P115HAU202
P115HAU203
P115HAU204
P115HAU205
P115HAU206
P115HAU207
P115HAU208
P115HAU209
P115HAU210
P115HAU211
P115HAU212
P115HU213
P115HAU214
P115HAU215
P115HAU216
P115HAU218
P115HAU219
P115HAU220
P115HAU221
P115HAU222
P115HAU223
P115HAU224
P115HAU225
P115HAU226
P115HAU227
P115HAU228
P115HAU229
P115HAU231
P115HAU232
P115HAU234
P115HAU235
P115HAU236
P115HAU237
P115HAU238
P115HAU239
P115HAU240
P115HAU241
P115HAU242
P115HAU243
P115HAU244
P115HAU245
P115HAU246
P115HAU247
P115HAU248
P115HAU249
P115HAU250
P115HAU251
P115HAU252
P115HAU253
P115HAU254
P115HAU255
P115HAU256
P115HAU257
P115HAU258
P115HAU259
P115HAU260
P115HAU261
P115HAU262
P115HAU263
P115HAU264
P115HAU265
P115HAU266
P115HAU267
P115HU268
P115HAU269
P115HAU270
P115HU271
P115HAU272
P115HAU273
P115HAU274
P115HAU275
P115HAU276
P115HAU277
P115HAU278
P115HAU279
P115HAU280
P115HAU281
P113CRI12
P113LuM378
P113CM47
P113ShuoM3
P113Zh571
P113JiM11
P113ZhZhM2
P113Zh9612
P113XY9648
P113GK50
P113KHW164
P113CRI35
P113Zh9807
P113JinM20
P113JinM33
P113YuM11
P113LuMY16
P113YM2067
P113XT6871
P113Ug4
P117CIR7
P117SiM3
P117SiM2
P117XLZ42
P117C86
P117DP15
P117ST2B
P117SY321
P117JunM1
P117J8891
P117CIR12
P116SuM12
P111ST474
P112ST825
P111SL542
P111TM1
B12TX0044
B12TX0069
B12TX0087
B12TX0194
B12TX0213
B12TX0279
B12TX0303
B12TX0315
B12TX0480
B12TX0481
B12TX0662
B12TX0663
B12TX0668
B12TX0670
B12TX0672
B12TX0786
B12TX0853
B12TX0953
B12TX0967
B12TX0969
B12TX1037
B12TX1046
B12TX1055
B12TX1066
B12TX1089
B12TX1102
B12TX1105
B12TX1106
B12TX1107
B12TX1110
B12TX1115
B12TX1168
B12TX1182
B12TX1226
B12TX1228
B12TX1229
B12TX1236
B12TX1244
B12TX1245
B12TX1257
B12TX1263
B12TX1273
B12TX1288
B12TX1292
B12TX1317
B12TX1373
B12TX1416
B12TX1439
B12TX1443
B12TX1459
B12TX1477
B12TX1487
B12TX1496
B12TX1497
B12TX1503
B12TX1509
B12TX1514
B12TX1520
B12TX1551
B12TX1572
B12TX1578
B12TX1582
B12TX1586
B12TX1592
B12TX1596
B12TX1629
B12TX1635
B12TX1661
B12TX1666
B12TX1672
B12TX1674
B12TX1689
B12TX1699
B12TX1705
B12TX1712
B12TX1721
B12TX1748
B12TX1833
B12TX1905
B12TX1920
B12TX1929
B12TX1931
B12TX1935
B12TX1957
B12TX1968
B12TX1981
B12TX1982
B12TX1988
B12TX1990
B12TX1996
B12TX2081
B12TX2089
B12TX2090
B12TX2091
B12TX2092
B12TX2093
B12TX2095
B12TX2096
B12TX2116
B12TX2163
B12TX2166
B12TX2192
B12TX2207
B12TX2213
B12TX2216
B12TX2228
B12TX2246
B12TX2288
B12TX2329
B12TX2335
B12TX2415
B12TX2417
B12TX2465
B12TX2470
B12TX2482
B12TX2487
B12TX2489
B12TX2495
P121TX0231
B12TX0006
B12TX0009
B12TX0012
B12TX0014
B12TX0089
B12TX0109
B12TX0112
B12TX0130
B12TX0147
B12TX0200
B12TX0215
B12TX0217
B12TX0240
B12TX0248
B12TX0249
B12TX0286
B12TX0390
B12TX0461
B12TX0487
B12TX0634
B12TX0664
B12TX0665
B12TX0674
B12TX0686
B12TX0691
B12TX0698
B12TX0704
B12TX0710
B12TX0712
B12TX0713
B12TX0746
B12TX0751
B12TX0752
B12TX0756
B12TX0834
B12TX0879
B12TX0902
B12TX0937
B12TX0939
B12TX0956
B12TX0959
B12TX1009
B12TX1075
B12TX1108
B12TX1111
B12TX1113
B12TX1120
B12TX1183
B12TX1249
B12TX1286
B12TX1349
B12TX1367
B12TX1453
B12TX1515
B12TX1579
B12TX1594
B12TX1678
B12TX1688
B12TX1690
B12TX1694
B12TX1698
B12TX1792
B12TX1855
B12TX1859
B12TX1874
B12TX1894
B12TX1895
B12TX1925
B12TX1975
B12TX2003
P121TX2094
B12TX2160
B12TX2174
B12TX2211
B12TX2226
B12TX2247
B12TX2249
B12TX2252
B12TX2253
B12TX2254
B12TX2276
B12TX2277
B12TX2284
B12TX2330
B12TX2400
B12TX2405
B12TX2463
B12TX2475
P112TP
P111TamSph
