1        1   (0)      1  : 0.6640 0.3360
2        2   (4)      2  : 0.1860 0.8140
3        3   (2)      3  : 0.1650 0.8350
4        4   (2)      4  : 0.1680 0.8320
5        5   (2)      5  : 0.1680 0.8320
6        6   (0)      6  : 1.0000 0.0000
7        7   (0)      7  : 0.1540 0.8460
8        8   (0)      8  : 0.1590 0.8410
9        9   (0)      9  : 0.1540 0.8460
10       10   (0)     10  : 0.1550 0.8450
11       11   (0)     11  : 0.1780 0.8220
12       12   (0)     12  : 0.1410 0.8590
13       13   (1)     13  : 0.1720 0.8280
14       14   (0)     14  : 0.3340 0.6660
15       15   (0)     15  : 0.0220 0.9780
16       16   (0)     16  : 0.0000 1.0000
17       17   (0)     17  : 0.0110 0.9890
18       18   (0)     18  : 0.3370 0.6630
19       19   (0)     19  : 0.1180 0.8820
20       20   (0)     20  : 0.1700 0.8300
21       21   (5)     21  : 1.0000 0.0000
22       22   (0)     22  : 1.0000 0.0000
23       23   (0)     23  : 1.0000 0.0000
24       24   (0)     24  : 1.0000 0.0000
25       25   (0)     25  : 0.9940 0.0060
26       26   (0)     26  : 0.8960 0.1040
27       27   (0)     27  : 1.0000 0.0000
28       28   (0)     28  : 0.9890 0.0110
29       29   (0)     29  : 0.9730 0.0270
30       30   (1)     30  : 1.0000 0.0000
31       31   (1)     31  : 0.9750 0.0250
32       32   (1)     32  : 1.0000 0.0000
33       33   (0)     33  : 0.9960 0.0040
34       34   (0)     34  : 0.9910 0.0090
35       35   (0)     35  : 0.9824 0.0176
36       36   (0)     36  : 0.9730 0.0270
37       37   (0)     37  : 0.9850 0.0150
38       38   (0)     38  : 0.9930 0.0070
39       39   (0)     39  : 0.9980 0.0020
40       40   (0)     40  : 0.9760 0.0240
41       41   (0)     41  : 0.9670 0.0330
42       42   (0)     42  : 0.9450 0.0550
43       43   (0)     43  : 1.0000 0.0000
44       44   (0)     44  : 0.9990 0.0010
45       45   (0)     45  : 0.9950 0.0050
46       46   (0)     46  : 1.0000 0.0000
47       47   (0)     47  : 1.0000 0.0000
48       48   (0)     48  : 0.9890 0.0110
49       49   (0)     49  : 1.0000 0.0000
50       50   (0)     50  : 1.0000 0.0000
51       51   (0)     51  : 0.9940 0.0060
52       52   (0)     52  : 1.0000 0.0000
53       53   (0)     53  : 1.0000 0.0000
54       54   (0)     54  : 1.0000 0.0000
55       55   (0)     55  : 1.0000 0.0000
56       56   (0)     56  : 0.9810 0.0190
57       57   (0)     57  : 1.0000 0.0000
58       58   (0)     58  : 0.9970 0.0030
59       59   (0)     59  : 0.9960 0.0040
60       60   (0)     60  : 1.0000 0.0000
61       61   (0)     61  : 0.9730 0.0270
62       62   (0)     62  : 0.9800 0.0200
63       63   (0)     63  : 1.0000 0.0000
64       64   (0)     64  : 1.0000 0.0000
65       65   (0)     65  : 0.9990 0.0010
66       66   (0)     66  : 0.9998 0.0002
67       67   (0)     67  : 0.9980 0.0020
68       68   (0)     68  : 0.9930 0.0070
69       69   (0)     69  : 1.0000 0.0000
70       70   (0)     70  : 1.0000 0.0000
71       71   (0)     71  : 1.0000 0.0000
72       72   (0)     72  : 0.9750 0.0250
73       73   (0)     73  : 1.0000 0.0000
74       74   (0)     74  : 0.9900 0.0100
75       75   (0)     75  : 1.0000 0.0000
76       76   (0)     76  : 0.9180 0.0820
77       77   (0)     77  : 1.0000 0.0000
78       78   (0)     78  : 0.9500 0.0500
79       79   (0)     79  : 0.9780 0.0220
80       80   (0)     80  : 0.9740 0.0260
81       81   (0)     81  : 0.9940 0.0060
82       82   (0)     82  : 0.9960 0.0040
83       83   (0)     83  : 0.9900 0.0100
84       84   (0)     84  : 1.0000 0.0000
85       85   (0)     85  : 0.9980 0.0020
86       86   (0)     86  : 1.0000 0.0000
87       87   (0)     87  : 0.9980 0.0020
88       88   (0)     88  : 0.9770 0.0230
89       89   (0)     89  : 1.0000 0.0000
90       90   (0)     90  : 1.0000 0.0000
91       91   (1)     91  : 0.9990 0.0010
92       92   (0)     92  : 1.0000 0.0000
93       93   (0)     93  : 0.9960 0.0040
94       94   (0)     94  : 1.0000 0.0000
95       95   (0)     95  : 0.9790 0.0210
96       96   (0)     96  : 0.9950 0.0050
97       97   (0)     97  : 1.0000 0.0000
98       98   (2)     98  : 0.9930 0.0070
99       99   (0)     99  : 0.9970 0.0030
100      100   (0)    100  : 1.0000 0.0000
101      101   (0)    101  : 0.1360 0.8640
102      102   (1)    102  : 0.1660 0.8340
103      103   (0)    103  : 0.9870 0.0130
104      104   (0)    104  : 1.0000 0.0000
105      105   (0)    105  : 0.2680 0.7320
106      106   (0)    106  : 0.9990 0.0010
107      107   (0)    107  : 1.0000 0.0000
108      108   (0)    108  : 0.9770 0.0230
109      109   (0)    109  : 0.9800 0.0200
110      110   (0)    110  : 0.9930 0.0070
111      111   (0)    111  : 0.9180 0.0820
112      112   (0)    112  : 0.9650 0.0350
113      113   (0)    113  : 0.9780 0.0220
114      114   (0)    114  : 1.0000 0.0000
115      115   (0)    115  : 1.0000 0.0000
116      116   (0)    116  : 1.0000 0.0000
117      117   (0)    117  : 0.9970 0.0030
118      118   (0)    118  : 0.9750 0.0250
119      119   (0)    119  : 0.9890 0.0110
120      120   (0)    120  : 0.9730 0.0270
121      121   (0)    121  : 0.8910 0.1090
122      122   (0)    122  : 1.0000 0.0000
123      123   (0)    123  : 1.0000 0.0000
124      124   (0)    124  : 1.0000 0.0000
125      125   (0)    125  : 1.0000 0.0000
126      126   (0)    126  : 0.9950 0.0050
127      127   (0)    127  : 1.0000 0.0000
128      128   (0)    128  : 1.0000 0.0000
129      129   (0)    129  : 0.9690 0.0310
130      130   (0)    130  : 1.0000 0.0000
131      131   (0)    131  : 1.0000 0.0000
132      132   (0)    132  : 1.0000 0.0000
133      133   (0)    133  : 0.9230 0.0770
134      134   (0)    134  : 1.0000 0.0000
135      135   (0)    135  : 0.9450 0.0550
136      136   (0)    136  : 0.9930 0.0070
137      137   (0)    137  : 1.0000 0.0000
138      138   (0)    138  : 1.0000 0.0000
139      139   (0)    139  : 1.0000 0.0000
140      140   (0)    140  : 1.0000 0.0000
141      141   (0)    141  : 0.9840 0.0160
142      142   (0)    142  : 1.0000 0.0000
143      143   (0)    143  : 0.9870 0.0130
144      144   (0)    144  : 0.8990 0.1010
145      145   (0)    145  : 0.9390 0.0610
146      146   (0)    146  : 0.9140 0.0860
147      147   (0)    147  : 0.9740 0.0260
148      148   (0)    148  : 0.9800 0.0200
149      149   (0)    149  : 0.9960 0.0040
150      150   (0)    150  : 0.9950 0.0050
151      151   (0)    151  : 1.0000 0.0000
152      152   (0)    152  : 1.0000 0.0000
153      153   (0)    153  : 1.0000 0.0000
154      154   (0)    154  : 1.0000 0.0000
155      155   (0)    155  : 1.0000 0.0000
156      156   (0)    156  : 1.0000 0.0000
157      157   (0)    157  : 0.9910 0.0090
158      158   (0)    158  : 1.0000 0.0000
159      159   (0)    159  : 0.9980 0.0020
160      160   (0)    160  : 0.8650 0.1350
161      161   (0)    161  : 1.0000 0.0000
162      162   (0)    162  : 0.9990 0.0010
163      163   (0)    163  : 0.9999 0.0001
164      164   (0)    164  : 0.9940 0.0060
165      165   (0)    165  : 1.0000 0.0000
166      166   (0)    166  : 0.9440 0.0560
167      167   (0)    167  : 0.9650 0.0350
168      168   (0)    168  : 0.9900 0.0100
169      169   (0)    169  : 0.9910 0.0090
170      170   (0)    170  : 0.9860 0.0140
171      171   (0)    171  : 0.8340 0.1660
172      172   (0)    172  : 1.0000 0.0000
173      173   (0)    173  : 0.9920 0.0080
174      174   (0)    174  : 0.9320 0.0680
175      175   (0)    175  : 0.9970 0.0030
176      176   (0)    176  : 0.9870 0.0130
177      177   (0)    177  : 0.9950 0.0050
178      178   (0)    178  : 0.9680 0.0320
179      179   (0)    179  : 1.0000 0.0000
180      180   (0)    180  : 0.9900 0.0100
181      181   (0)    181  : 0.9920 0.0080
182      182   (0)    182  : 0.9730 0.0270
183      183   (0)    183  : 1.0000 0.0000
184      184   (0)    184  : 0.9980 0.0020
185      185   (0)    185  : 0.8370 0.1630
186      186   (0)    186  : 0.9900 0.0100
187      187   (0)    187  : 0.9920 0.0080
188      188   (0)    188  : 1.0000 0.0000
189      189   (0)    189  : 0.9590 0.0410
190      190   (0)    190  : 0.9850 0.0150
191      191   (0)    191  : 0.7670 0.2330
192      192   (0)    192  : 0.9610 0.0390
193      193   (0)    193  : 0.9800 0.0200
194      194   (0)    194  : 0.9950 0.0050
195      195   (0)    195  : 0.9960 0.0040
196      196   (0)    196  : 1.0000 0.0000
197      197   (0)    197  : 0.7700 0.2300
198      198   (0)    198  : 1.0000 0.0000
199      199   (0)    199  : 0.9400 0.0600
200      200   (0)    200  : 0.9800 0.0200
201      201   (0)    201  : 0.9440 0.0560
202      202   (0)    202  : 1.0000 0.0000
203      203   (0)    203  : 0.9640 0.0360
204      204   (0)    204  : 0.9930 0.0070
205      205   (0)    205  : 1.0000 0.0000
206      206   (0)    206  : 1.0000 0.0000
207      207   (0)    207  : 1.0000 0.0000
208      208   (0)    208  : 0.9990 0.0010
209      209   (0)    209  : 0.9990 0.0010
210      210   (1)    210  : 0.1653 0.8347
211      211   (0)    211  : 0.9920 0.0080
212      212   (0)    212  : 1.0000 0.0000
213      213   (0)    213  : 1.0000 0.0000
214      214   (2)    214  : 0.6870 0.3130
215      215   (0)    215  : 0.7090 0.2910
216      216   (0)    216  : 1.0000 0.0000
217      217   (2)    217  : 0.7220 0.2780
218      218   (1)    218  : 0.6330 0.3670
219      219   (2)    219  : 0.2500 0.7500
220      220   (1)    220  : 0.6160 0.3840
221      221   (1)    221  : 0.6990 0.3010
222      222   (0)    222  : 0.8090 0.1910
223      223   (0)    223  : 0.9160 0.0840
224      224   (0)    224  : 1.0000 0.0000
225      225   (0)    225  : 0.9850 0.0150
226      226   (0)    226  : 0.9840 0.0160
227      227   (0)    227  : 0.9760 0.0240
228      228   (0)    228  : 0.9390 0.0610
229      229   (0)    229  : 1.0000 0.0000
230      230   (0)    230  : 1.0000 0.0000
231      231   (0)    231  : 1.0000 0.0000
232      232   (0)    232  : 1.0000 0.0000
233      233   (0)    233  : 1.0000 0.0000
234      234  (21)    234  : 1.0000 0.0000
235      235  (12)    235  : 1.0000 0.0000
236      236   (3)    236  : 1.0000 0.0000
237      237   (7)    237  : 1.0000 0.0000
238      238   (3)    238  : 1.0000 0.0000
239      239   (2)    239  : 1.0000 0.0000
240      240   (3)    240  : 1.0000 0.0000
241      241   (1)    241  : 1.0000 0.0000
242      242   (3)    242  : 1.0000 0.0000
243      243   (2)    243  : 0.9940 0.0060
244      244   (3)    244  : 1.0000 0.0000
245      245  (15)    245  : 0.9920 0.0080
246      246   (3)    246  : 1.0000 0.0000
247      247   (3)    247  : 1.0000 0.0000
248      248   (3)    248  : 0.9880 0.0120
249      249   (3)    249  : 1.0000 0.0000
250      250   (2)    250  : 1.0000 0.0000
251      251   (3)    251  : 1.0000 0.0000
252      252   (4)    252  : 1.0000 0.0000
253      253   (4)    253  : 1.0000 0.0000
254      254   (2)    254  : 1.0000 0.0000
255      255  (13)    255  : 1.0000 0.0000
256      256   (2)    256  : 1.0000 0.0000
257      257   (3)    257  : 1.0000 0.0000
258      258   (4)    258  : 1.0000 0.0000
259      259   (5)    259  : 1.0000 0.0000
260      260   (4)    260  : 1.0000 0.0000
261      261   (3)    261  : 0.9990 0.0010
262      262   (3)    262  : 1.0000 0.0000
263      263   (5)    263  : 1.0000 0.0000
264      264   (7)    264  : 1.0000 0.0000
265      265   (1)    265  : 1.0000 0.0000
266      266   (5)    266  : 1.0000 0.0000
267      267   (1)    267  : 1.0000 0.0000
268      268   (1)    268  : 1.0000 0.0000
269      269   (8)    269  : 0.9860 0.0140
270      270   (4)    270  : 1.0000 0.0000
271      271   (1)    271  : 1.0000 0.0000
272      272   (1)    272  : 0.9990 0.0010
273      273   (4)    273  : 0.9860 0.0140
274      274   (1)    274  : 1.0000 0.0000
275      275   (1)    275  : 0.9910 0.0090
276      276   (3)    276  : 0.9860 0.0140
277      277   (2)    277  : 1.0000 0.0000
278      278   (1)    278  : 1.0000 0.0000
279      279   (3)    279  : 1.0000 0.0000
280      280   (3)    280  : 1.0000 0.0000
281      281   (2)    281  : 1.0000 0.0000
282      282   (2)    282  : 1.0000 0.0000
283      283   (2)    283  : 1.0000 0.0000
284      284   (3)    284  : 1.0000 0.0000
285      285   (4)    285  : 1.0000 0.0000
286      286   (2)    286  : 1.0000 0.0000
287      287   (0)    287  : 1.0000 0.0000
288      288   (1)    288  : 1.0000 0.0000
289      289   (2)    289  : 1.0000 0.0000
290      290   (8)    290  : 1.0000 0.0000
291      291   (2)    291  : 1.0000 0.0000
292      292   (4)    292  : 1.0000 0.0000
293      293   (0)    293  : 1.0000 0.0000
294      294   (3)    294  : 1.0000 0.0000
295      295   (2)    295  : 1.0000 0.0000
296      296   (2)    296  : 1.0000 0.0000
297      297   (4)    297  : 1.0000 0.0000
298      298   (3)    298  : 1.0000 0.0000
299      299   (4)    299  : 1.0000 0.0000
300      300   (2)    300  : 1.0000 0.0000
301      301   (2)    301  : 1.0000 0.0000
302      302   (1)    302  : 1.0000 0.0000
303      303   (0)    303  : 1.0000 0.0000
304      304   (2)    304  : 1.0000 0.0000
305      305   (2)    305  : 1.0000 0.0000
306      306   (1)    306  : 0.9840 0.0160
307      307   (1)    307  : 1.0000 0.0000
308      308   (8)    308  : 1.0000 0.0000
309      309   (3)    309  : 1.0000 0.0000
310      310   (2)    310  : 1.0000 0.0000
311      311   (3)    311  : 1.0000 0.0000
312      312   (2)    312  : 1.0000 0.0000
313      313   (3)    313  : 1.0000 0.0000
314      314   (6)    314  : 1.0000 0.0000
315      315   (5)    315  : 1.0000 0.0000
316      316   (2)    316  : 1.0000 0.0000
317      317   (1)    317  : 0.9980 0.0020
318      318   (1)    318  : 1.0000 0.0000
319      319   (1)    319  : 1.0000 0.0000
320      320   (1)    320  : 1.0000 0.0000
321      321   (3)    321  : 1.0000 0.0000
322      322   (3)    322  : 1.0000 0.0000
323      323   (4)    323  : 1.0000 0.0000
324      324   (5)    324  : 1.0000 0.0000
325      325   (3)    325  : 1.0000 0.0000
326      326   (2)    326  : 1.0000 0.0000
327      327   (2)    327  : 1.0000 0.0000
328      328   (1)    328  : 1.0000 0.0000
329      329   (6)    329  : 1.0000 0.0000
330      330   (4)    330  : 1.0000 0.0000
331      331   (2)    331  : 1.0000 0.0000
332      332   (3)    332  : 1.0000 0.0000
333      333   (1)    333  : 1.0000 0.0000
334      334   (3)    334  : 1.0000 0.0000
335      335   (1)    335  : 0.9960 0.0040
336      336   (6)    336  : 1.0000 0.0000
337      337   (2)    337  : 1.0000 0.0000
338      338   (2)    338  : 1.0000 0.0000
339      339   (4)    339  : 1.0000 0.0000
340      340   (2)    340  : 1.0000 0.0000
341      341   (3)    341  : 1.0000 0.0000
342      342   (3)    342  : 1.0000 0.0000
343      343   (3)    343  : 1.0000 0.0000
344      344   (1)    344  : 1.0000 0.0000
345      345   (3)    345  : 0.9920 0.0080
346      346   (1)    346  : 1.0000 0.0000
347      347   (7)    347  : 0.9840 0.0160
348      348   (5)    348  : 1.0000 0.0000
349      349   (2)    349  : 0.9990 0.0010
350      350   (0)    350  : 1.0000 0.0000
351      351   (2)    351  : 0.9950 0.0050
352      352   (2)    352  : 1.0000 0.0000
353      353   (4)    353  : 1.0000 0.0000
354      354   (4)    354  : 0.9930 0.0070
355      355   (6)    355  : 1.0000 0.0000
356      356   (1)    356  : 0.9850 0.0150
357      357   (1)    357  : 1.0000 0.0000
358      358   (0)    358  : 1.0000 0.0000
359      359   (3)    359  : 1.0000 0.0000
360      360   (1)    360  : 1.0000 0.0000
361      361   (1)    361  : 1.0000 0.0000
362      362   (4)    362  : 1.0000 0.0000
363      363   (2)    363  : 1.0000 0.0000
364      364   (4)    364  : 1.0000 0.0000
365      365   (3)    365  : 0.9979 0.0021
366      366   (4)    366  : 1.0000 0.0000
367      367   (4)    367  : 1.0000 0.0000
368      368   (5)    368  : 0.9890 0.0110
369      369   (3)    369  : 1.0000 0.0000
370      370   (0)    370  : 1.0000 0.0000
371      371   (3)    371  : 1.0000 0.0000
372      372   (2)    372  : 1.0000 0.0000
373      373   (7)    373  : 1.0000 0.0000
374      374   (6)    374  : 1.0000 0.0000
375      375   (1)    375  : 1.0000 0.0000
376      376   (1)    376  : 1.0000 0.0000
377      377   (1)    377  : 1.0000 0.0000
378      378   (1)    378  : 1.0000 0.0000
379      379   (2)    379  : 1.0000 0.0000
380      380   (2)    380  : 1.0000 0.0000
381      381   (6)    381  : 1.0000 0.0000
382      382   (1)    382  : 1.0000 0.0000
383      383   (3)    383  : 1.0000 0.0000
384      384   (5)    384  : 1.0000 0.0000
385      385   (2)    385  : 1.0000 0.0000
386      386   (3)    386  : 0.9990 0.0010
387      387   (3)    387  : 1.0000 0.0000
388      388   (1)    388  : 1.0000 0.0000
389      389   (2)    389  : 1.0000 0.0000
390      390   (3)    390  : 1.0000 0.0000
391      391   (4)    391  : 1.0000 0.0000
392      392   (3)    392  : 1.0000 0.0000
393      393   (6)    393  : 1.0000 0.0000
394      394   (4)    394  : 0.9890 0.0110
395      395   (4)    395  : 1.0000 0.0000
396      396   (6)    396  : 0.9980 0.0020
397      397   (6)    397  : 1.0000 0.0000
398      398   (6)    398  : 1.0000 0.0000
399      399  (10)    399  : 1.0000 0.0000
400      400   (3)    400  : 1.0000 0.0000
401      401   (2)    401  : 1.0000 0.0000
402      402   (3)    402  : 1.0000 0.0000
403      403   (3)    403  : 1.0000 0.0000
404      404   (2)    404  : 1.0000 0.0000
405      405   (5)    405  : 1.0000 0.0000
406      406   (3)    406  : 1.0000 0.0000
407      407   (3)    407  : 1.0000 0.0000
408      408   (2)    408  : 1.0000 0.0000
409      409   (2)    409  : 1.0000 0.0000
410      410   (3)    410  : 1.0000 0.0000
411      411   (3)    411  : 1.0000 0.0000
412      412   (3)    412  : 1.0000 0.0000
413      413   (2)    413  : 1.0000 0.0000
414      414   (2)    414  : 1.0000 0.0000
415      415   (1)    415  : 1.0000 0.0000
416      416   (5)    416  : 1.0000 0.0000
417      417   (1)    417  : 1.0000 0.0000
418      418   (2)    418  : 1.0000 0.0000
419      419   (2)    419  : 1.0000 0.0000
420      420   (4)    420  : 1.0000 0.0000
421      421   (3)    421  : 1.0000 0.0000
422      422   (2)    422  : 1.0000 0.0000
423      423   (3)    423  : 1.0000 0.0000
424      424   (2)    424  : 1.0000 0.0000
425      425   (1)    425  : 1.0000 0.0000
426      426   (2)    426  : 1.0000 0.0000
427      427   (6)    427  : 1.0000 0.0000
428      428   (5)    428  : 0.9830 0.0170
429      429   (4)    429  : 0.9990 0.0010
430      430   (3)    430  : 1.0000 0.0000
431      431   (3)    431  : 1.0000 0.0000
432      432   (4)    432  : 1.0000 0.0000
433      433   (3)    433  : 1.0000 0.0000
434      434   (4)    434  : 0.9950 0.0050
435      435   (7)    435  : 0.9990 0.0010
436      436   (7)    436  : 1.0000 0.0000
437      437   (2)    437  : 1.0000 0.0000
438      438   (3)    438  : 1.0000 0.0000
439      439   (5)    439  : 1.0000 0.0000
440      440   (3)    440  : 0.9810 0.0190
441      441   (4)    441  : 1.0000 0.0000
442      442   (3)    442  : 1.0000 0.0000
443      443   (3)    443  : 1.0000 0.0000
444      444   (4)    444  : 1.0000 0.0000
445      445   (4)    445  : 1.0000 0.0000
446      446   (1)    446  : 1.0000 0.0000
447      447   (1)    447  : 1.0000 0.0000
448      448   (7)    448  : 1.0000 0.0000
449      449   (3)    449  : 0.9990 0.0010
450      450   (1)    450  : 1.0000 0.0000
451      451   (3)    451  : 1.0000 0.0000
452      452   (2)    452  : 1.0000 0.0000
453      453   (2)    453  : 1.0000 0.0000
454      454   (2)    454  : 1.0000 0.0000
455      455   (3)    455  : 0.9970 0.0030
456      456   (2)    456  : 0.9980 0.0020
457      457   (8)    457  : 1.0000 0.0000
458      458   (1)    458  : 1.0000 0.0000
459      459   (1)    459  : 1.0000 0.0000
460      460   (3)    460  : 0.9980 0.0020
461      461   (1)    461  : 1.0000 0.0000
462      462   (4)    462  : 0.9890 0.0110
463      463   (4)    463  : 1.0000 0.0000
464      464   (4)    464  : 1.0000 0.0000
465      465   (2)    465  : 1.0000 0.0000
466      466   (3)    466  : 1.0000 0.0000
467      467   (2)    467  : 1.0000 0.0000
468      468   (2)    468  : 1.0000 0.0000
469      469   (5)    469  : 1.0000 0.0000
470      470   (2)    470  : 1.0000 0.0000
471      471  (10)    471  : 1.0000 0.0000
472      472   (1)    472  : 1.0000 0.0000
473      473   (4)    473  : 1.0000 0.0000
474      474   (5)    474  : 1.0000 0.0000
475      475   (1)    475  : 1.0000 0.0000
476      476   (8)    476  : 1.0000 0.0000
477      477   (1)    477  : 0.9990 0.0010
478      478   (1)    478  : 1.0000 0.0000
479      479   (2)    479  : 1.0000 0.0000
480      480   (4)    480  : 0.9840 0.0160
481      481   (2)    481  : 1.0000 0.0000
482      482   (1)    482  : 1.0000 0.0000
483      483   (1)    483  : 1.0000 0.0000
484      484   (2)    484  : 1.0000 0.0000
485      485   (3)    485  : 1.0000 0.0000
486      486   (2)    486  : 1.0000 0.0000
487      487   (7)    487  : 0.9960 0.0040
488      488   (0)    488  : 1.0000 0.0000
489      489   (0)    489  : 1.0000 0.0000
490      490   (1)    490  : 1.0000 0.0000
491      491   (4)    491  : 0.9940 0.0060
492      492   (1)    492  : 1.0000 0.0000
493      493   (0)    493  : 0.9950 0.0050
494      494  (10)    494  : 1.0000 0.0000
495      495   (4)    495  : 0.9980 0.0020
496      496   (4)    496  : 1.0000 0.0000
497      497   (7)    497  : 1.0000 0.0000
498      498   (0)    498  : 1.0000 0.0000
499      499   (0)    499  : 0.9840 0.0160
500      500   (7)    500  : 0.9770 0.0230
501      501   (2)    501  : 1.0000 0.0000
502      502   (7)    502  : 0.9969 0.0031
503      503   (5)    503  : 1.0000 0.0000
504      504   (7)    504  : 0.9860 0.0140
505      505  (10)    505  : 0.9940 0.0060
506      506   (3)    506  : 1.0000 0.0000
507      507   (8)    507  : 1.0000 0.0000
508      508   (9)    508  : 1.0000 0.0000
509      509   (3)    509  : 1.0000 0.0000
510      510   (1)    510  : 1.0000 0.0000
511      511   (0)    511  : 1.0000 0.0000
512      512   (0)    512  : 1.0000 0.0000
513      513   (0)    513  : 1.0000 0.0000
514      514   (0)    514  : 1.0000 0.0000
515      515   (0)    515  : 1.0000 0.0000
516      516   (0)    516  : 0.9990 0.0010
517      517   (0)    517  : 1.0000 0.0000
518      518   (0)    518  : 1.0000 0.0000
519      519   (0)    519  : 0.9999 0.0001
520      520   (0)    520  : 1.0000 0.0000
521      521   (0)    521  : 0.9980 0.0020
522      522   (0)    522  : 0.9970 0.0030
523      523   (0)    523  : 1.0000 0.0000
524      524   (0)    524  : 1.0000 0.0000
525      525   (0)    525  : 1.0000 0.0000
526      526   (0)    526  : 1.0000 0.0000
527      527   (0)    527  : 1.0000 0.0000
528      528   (0)    528  : 1.0000 0.0000
529      529   (0)    529  : 1.0000 0.0000
530      530   (0)    530  : 1.0000 0.0000
531      531   (0)    531  : 1.0000 0.0000
532      532   (0)    532  : 1.0000 0.0000
533      533   (0)    533  : 1.0000 0.0000
534      534   (0)    534  : 0.9820 0.0180
535      535   (0)    535  : 1.0000 0.0000
536      536   (0)    536  : 1.0000 0.0000
537      537   (0)    537  : 1.0000 0.0000
538      538   (0)    538  : 1.0000 0.0000
539      539   (0)    539  : 1.0000 0.0000
540      540  (43)    540  : 1.0000 0.0000
541      541   (0)    541  : 1.0000 0.0000
542      542  (12)    542  : 1.0000 0.0000
543      543   (0)    543  : 1.0000 0.0000
544      544   (0)    544  : 1.0000 0.0000
545      545   (0)    545  : 1.0000 0.0000
546      546   (0)    546  : 1.0000 0.0000
547      547   (0)    547  : 0.6760 0.3240
548      548   (0)    548  : 0.3150 0.6850
549      549   (0)    549  : 0.8060 0.1940
550      550   (0)    550  : 0.6780 0.3220
551      551   (0)    551  : 0.6980 0.3020
552      552   (0)    552  : 0.4490 0.5510
553      553   (0)    553  : 0.6080 0.3920
554      554   (0)    554  : 0.6030 0.3970
555      555   (0)    555  : 0.2740 0.7260
556      556   (0)    556  : 0.3080 0.6920
557      557   (0)    557  : 0.2620 0.7380
558      558   (0)    558  : 0.3169 0.6831
559      559   (0)    559  : 0.3100 0.6900
560      560   (0)    560  : 0.6010 0.3990
561      561   (0)    561  : 0.7160 0.2840
562      562   (0)    562  : 0.6340 0.3660
563      563   (0)    563  : 0.0000 1.0000
564      564   (0)    564  : 0.7180 0.2820
565      565   (0)    565  : 0.0730 0.9270
566      566   (0)    566  : 0.0910 0.9090
567      567   (1)    567  : 0.1690 0.8310
568      568   (0)    568  : 0.3340 0.6660
569      569   (0)    569  : 0.6300 0.3700
570      570   (0)    570  : 0.0000 1.0000
571      571   (0)    571  : 0.0000 1.0000
572      572   (0)    572  : 0.7009 0.2991
573      573   (0)    573  : 0.6980 0.3020
574      574   (0)    574  : 0.2710 0.7290
575      575   (0)    575  : 0.3090 0.6910
576      576   (0)    576  : 0.6330 0.3670
577      577   (0)    577  : 0.6210 0.3790
578      578   (0)    578  : 0.6880 0.3120
579      579   (0)    579  : 0.7200 0.2800
580      580   (0)    580  : 0.5738 0.4262
581      581   (0)    581  : 0.6050 0.3950
582      582   (0)    582  : 0.0000 1.0000
583      583   (0)    583  : 0.0000 1.0000
584      584   (0)    584  : 0.5730 0.4270
585      585   (0)    585  : 0.0000 1.0000
586      586   (0)    586  : 0.7180 0.2820
587      587   (0)    587  : 0.0000 1.0000
588      588   (0)    588  : 0.0000 1.0000
589      589   (0)    589  : 0.0000 1.0000
590      590   (0)    590  : 0.6300 0.3700
591      591   (0)    591  : 0.4750 0.5250
592      592   (0)    592  : 0.0000 1.0000
593      593   (0)    593  : 0.0650 0.9350
594      594   (0)    594  : 0.2640 0.7360
595      595   (0)    595  : 0.6250 0.3750
596      596   (0)    596  : 0.5240 0.4760
597      597   (0)    597  : 0.2120 0.7880
598      598   (0)    598  : 0.0000 1.0000
599      599   (0)    599  : 0.0000 1.0000
600      600   (0)    600  : 0.0000 1.0000
601      601   (0)    601  : 0.0000 1.0000
602      602   (0)    602  : 0.0040 0.9960
603      603   (0)    603  : 0.0180 0.9820
604      604   (0)    604  : 0.0210 0.9790
605      605   (0)    605  : 0.0000 1.0000
606      606   (0)    606  : 0.0000 1.0000
607      607   (0)    607  : 0.0000 1.0000
608      608   (0)    608  : 0.0000 1.0000
609      609   (0)    609  : 0.0000 1.0000
610      610   (0)    610  : 0.0000 1.0000
611      611   (0)    611  : 0.0691 0.9309
612      612   (0)    612  : 0.0062 0.9938
613      613   (0)    613  : 0.0000 1.0000
614      614   (0)    614  : 0.4510 0.5490
615      615   (0)    615  : 0.0000 1.0000
616      616   (0)    616  : 0.0000 1.0000
617      617   (0)    617  : 0.0110 0.9890
618      618   (0)    618  : 0.0000 1.0000
619      619   (0)    619  : 0.2450 0.7550
620      620   (0)    620  : 0.0020 0.9980
621      621   (0)    621  : 0.4290 0.5710
622      622   (0)    622  : 0.7030 0.2970
623      623   (0)    623  : 0.2640 0.7360
624      624   (0)    624  : 0.0000 1.0000
625      625   (0)    625  : 0.0000 1.0000
626      626   (0)    626  : 0.0000 1.0000
627      627   (0)    627  : 0.0000 1.0000
628      628   (0)    628  : 0.0000 1.0000
629      629   (0)    629  : 0.0000 1.0000
630      630   (0)    630  : 0.0000 1.0000
631      631   (0)    631  : 0.4612 0.5388
632      632   (0)    632  : 0.2780 0.7220
633      633   (0)    633  : 0.2620 0.7380
634      634   (0)    634  : 0.2430 0.7570
635      635   (0)    635  : 0.2510 0.7490
636      636   (0)    636  : 0.2550 0.7450
637      637   (0)    637  : 0.3200 0.6800
638      638   (0)    638  : 0.3550 0.6450
639      639   (0)    639  : 0.2330 0.7670
640      640   (0)    640  : 0.2430 0.7570
641      641   (0)    641  : 0.2460 0.7540
642      642   (0)    642  : 0.2407 0.7593
643      643   (0)    643  : 0.2420 0.7580
644      644   (0)    644  : 0.2810 0.7190
645      645   (0)    645  : 0.3370 0.6630
646      646   (0)    646  : 0.4710 0.5290
647      647   (0)    647  : 0.0000 1.0000
648      648   (0)    648  : 0.0000 1.0000
649      649   (0)    649  : 0.0000 1.0000
650      650   (0)    650  : 0.0000 1.0000
651      651   (0)    651  : 0.0060 0.9940
652      652   (0)    652  : 0.2630 0.7370
653      653   (0)    653  : 0.0030 0.9970
654      654   (0)    654  : 0.6050 0.3950
655      655   (0)    655  : 0.6250 0.3750
656      656   (0)    656  : 0.3410 0.6590
657      657   (0)    657  : 0.0570 0.9430
658      658   (0)    658  : 0.0970 0.9030
659      659   (0)    659  : 0.2840 0.7160
660      660   (0)    660  : 0.0951 0.9049
661      661   (0)    661  : 0.1230 0.8770
662      662   (0)    662  : 0.1560 0.8440
663      663   (0)    663  : 0.0600 0.9400
664      664   (0)    664  : 0.3890 0.6110
665      665   (0)    665  : 0.3480 0.6520
666      666   (0)    666  : 0.6750 0.3250
667      667   (0)    667  : 0.6280 0.3720
668      668   (0)    668  : 0.6400 0.3600
669      669   (0)    669  : 0.6390 0.3610
670      670   (0)    670  : 0.7080 0.2920
671      671   (0)    671  : 0.8470 0.1530
672      672   (0)    672  : 0.7860 0.2140
673      673   (0)    673  : 0.6120 0.3880
674      674   (0)    674  : 0.6720 0.3280
675      675   (0)    675  : 0.7060 0.2940
676      676   (0)    676  : 0.7040 0.2960
677      677   (0)    677  : 0.5170 0.4830
678      678   (0)    678  : 0.7049 0.2951
679      679   (0)    679  : 0.6200 0.3800
680      680   (0)    680  : 0.6070 0.3930
681      681   (0)    681  : 0.6170 0.3830
682      682   (0)    682  : 0.3320 0.6680
683      683   (0)    683  : 0.6430 0.3570
684      684   (0)    684  : 0.3080 0.6920
685      685   (0)    685  : 0.6960 0.3040
686      686   (0)    686  : 0.3090 0.6910
687      687   (0)    687  : 0.4390 0.5610
688      688   (0)    688  : 0.0070 0.9930
689      689   (0)    689  : 0.3230 0.6770
690      690   (0)    690  : 0.0470 0.9530
691      691   (0)    691  : 0.6010 0.3990
692      692   (0)    692  : 0.8390 0.1610
693      693   (0)    693  : 0.0300 0.9700
694      694   (0)    694  : 0.0290 0.9710
695      695   (0)    695  : 0.0360 0.9640
696      696   (0)    696  : 0.6332 0.3668
697      697   (0)    697  : 0.6190 0.3810
698      698   (0)    698  : 0.3083 0.6917
699      699   (0)    699  : 0.7280 0.2720
700      700   (0)    700  : 0.0000 1.0000
701      701   (0)    701  : 0.2280 0.7720
702      702   (0)    702  : 0.0000 1.0000
703      703   (0)    703  : 0.3513 0.6487
704      704   (0)    704  : 0.0000 1.0000
705      705   (0)    705  : 0.0340 0.9660
706      706   (0)    706  : 0.5920 0.4080
707      707   (0)    707  : 0.3910 0.6090
708      708   (0)    708  : 0.0000 1.0000
709      709   (0)    709  : 0.3120 0.6880
710      710   (0)    710  : 0.3520 0.6480
711      711   (0)    711  : 0.6250 0.3750
712      712   (0)    712  : 0.3240 0.6760
713      713   (0)    713  : 0.7040 0.2960
714      714   (0)    714  : 0.4500 0.5500
715      715   (0)    715  : 0.0000 1.0000
716      716   (0)    716  : 0.6260 0.3740
717      717   (0)    717  : 0.0000 1.0000
718      718   (0)    718  : 0.7370 0.2630
719      719   (0)    719  : 0.0330 0.9670
720      720   (0)    720  : 0.0000 1.0000
721      721   (0)    721  : 0.0000 1.0000
722      722   (1)    722  : 0.1600 0.8400
723      723   (0)    723  : 0.0000 1.0000
724      724   (0)    724  : 0.0000 1.0000
725      725   (0)    725  : 0.0170 0.9830
726      726   (0)    726  : 0.0250 0.9750
727      727   (0)    727  : 0.0030 0.9970
728      728   (0)    728  : 0.5230 0.4770
729      729   (0)    729  : 0.0000 1.0000
730      730   (0)    730  : 0.0000 1.0000
731      731   (0)    731  : 0.1670 0.8330
732      732   (0)    732  : 0.3110 0.6890
733      733   (0)    733  : 0.0000 1.0000
734      734   (0)    734  : 0.6650 0.3350
735      735   (0)    735  : 0.0010 0.9990
736      736   (4)    736  : 0.4780 0.5220
737      737   (0)    737  : 0.0000 1.0000
738      738   (0)    738  : 0.0010 0.9990
739      739   (1)    739  : 0.1770 0.8230
740      740   (0)    740  : 0.0000 1.0000
741      741   (0)    741  : 0.0000 1.0000
742      742   (0)    742  : 0.2951 0.7049
743      743   (0)    743  : 0.4790 0.5210
744      744   (0)    744  : 0.4810 0.5190
745      745   (0)    745  : 0.2500 0.7500
746      746   (0)    746  : 0.2289 0.7711
747      747   (0)    747  : 0.0000 1.0000
748      748   (0)    748  : 0.0000 1.0000
749      749   (0)    749  : 0.6230 0.3770
750      750   (0)    750  : 0.3030 0.6970
751      751   (0)    751  : 0.3250 0.6750
752      752   (0)    752  : 0.1160 0.8840
753      753   (0)    753  : 0.1259 0.8741
754      754   (0)    754  : 0.9960 0.0040
755      755   (0)    755  : 0.9960 0.0040
