1        1   (0)      1  : 0.4950 0.0000 0.5050
2        2   (4)      2  : 0.0180 0.2971 0.6849
3        3   (2)      3  : 0.0020 0.3068 0.6912
4        4   (2)      4  : 0.0027 0.3088 0.6885
5        5   (2)      5  : 0.0129 0.3056 0.6815
6        6   (0)      6  : 1.0000 0.0000 0.0000
7        7   (0)      7  : 0.0000 0.2130 0.7870
8        8   (0)      8  : 0.0000 0.2110 0.7890
9        9   (0)      9  : 0.0000 0.2120 0.7880
10       10   (0)     10  : 0.0000 0.2117 0.7883
11       11   (0)     11  : 0.0020 0.3046 0.6934
12       12   (0)     12  : 0.0000 0.2975 0.7025
13       13   (1)     13  : 0.0000 0.2040 0.7960
14       14   (0)     14  : 0.1327 0.1110 0.7563
15       15   (0)     15  : 0.0009 0.7473 0.2518
16       16   (0)     16  : 0.0000 0.8180 0.1820
17       17   (0)     17  : 0.0000 0.7260 0.2740
18       18   (0)     18  : 0.2040 0.2851 0.5109
19       19   (0)     19  : 0.0000 0.3452 0.6548
20       20   (0)     20  : 0.0042 0.2791 0.7167
21       21   (5)     21  : 1.0000 0.0000 0.0000
22       22   (0)     22  : 1.0000 0.0000 0.0000
23       23   (0)     23  : 1.0000 0.0000 0.0000
24       24   (0)     24  : 1.0000 0.0000 0.0000
25       25   (0)     25  : 0.9890 0.0000 0.0110
26       26   (0)     26  : 0.8130 0.0000 0.1870
27       27   (0)     27  : 1.0000 0.0000 0.0000
28       28   (0)     28  : 0.9763 0.0020 0.0217
29       29   (0)     29  : 0.9470 0.0000 0.0530
30       30   (1)     30  : 1.0000 0.0000 0.0000
31       31   (1)     31  : 0.9430 0.0000 0.0570
32       32   (1)     32  : 1.0000 0.0000 0.0000
33       33   (0)     33  : 0.9860 0.0000 0.0140
34       34   (0)     34  : 0.9720 0.0000 0.0280
35       35   (0)     35  : 0.9683 0.0018 0.0299
36       36   (0)     36  : 0.9480 0.0000 0.0520
37       37   (0)     37  : 0.9710 0.0000 0.0290
38       38   (0)     38  : 0.9670 0.0000 0.0330
39       39   (0)     39  : 0.9960 0.0000 0.0040
40       40   (0)     40  : 0.9540 0.0000 0.0460
41       41   (0)     41  : 0.9460 0.0000 0.0540
42       42   (0)     42  : 0.9242 0.0170 0.0588
43       43   (0)     43  : 1.0000 0.0000 0.0000
44       44   (0)     44  : 0.9940 0.0000 0.0060
45       45   (0)     45  : 0.9920 0.0030 0.0050
46       46   (0)     46  : 1.0000 0.0000 0.0000
47       47   (0)     47  : 1.0000 0.0000 0.0000
48       48   (0)     48  : 0.9710 0.0000 0.0290
49       49   (0)     49  : 1.0000 0.0000 0.0000
50       50   (0)     50  : 0.9920 0.0000 0.0080
51       51   (0)     51  : 0.9870 0.0000 0.0130
52       52   (0)     52  : 1.0000 0.0000 0.0000
53       53   (0)     53  : 1.0000 0.0000 0.0000
54       54   (0)     54  : 0.9950 0.0000 0.0050
55       55   (0)     55  : 1.0000 0.0000 0.0000
56       56   (0)     56  : 0.9470 0.0000 0.0530
57       57   (0)     57  : 0.9890 0.0000 0.0110
58       58   (0)     58  : 0.9950 0.0010 0.0040
59       59   (0)     59  : 0.9860 0.0000 0.0140
60       60   (0)     60  : 0.9960 0.0000 0.0040
61       61   (0)     61  : 0.9490 0.0000 0.0510
62       62   (0)     62  : 0.9770 0.0160 0.0070
63       63   (0)     63  : 1.0000 0.0000 0.0000
64       64   (0)     64  : 0.9980 0.0000 0.0020
65       65   (0)     65  : 0.9960 0.0000 0.0040
66       66   (0)     66  : 0.9930 0.0000 0.0070
67       67   (0)     67  : 0.9891 0.0000 0.0109
68       68   (0)     68  : 0.9840 0.0000 0.0160
69       69   (0)     69  : 1.0000 0.0000 0.0000
70       70   (0)     70  : 1.0000 0.0000 0.0000
71       71   (0)     71  : 0.9980 0.0000 0.0020
72       72   (0)     72  : 0.9510 0.0000 0.0490
73       73   (0)     73  : 1.0000 0.0000 0.0000
74       74   (0)     74  : 0.9740 0.0000 0.0260
75       75   (0)     75  : 1.0000 0.0000 0.0000
76       76   (0)     76  : 0.8510 0.0000 0.1490
77       77   (0)     77  : 1.0000 0.0000 0.0000
78       78   (0)     78  : 0.9130 0.0000 0.0870
79       79   (0)     79  : 0.9450 0.0000 0.0550
80       80   (0)     80  : 0.9380 0.0000 0.0620
81       81   (0)     81  : 0.9862 0.0000 0.0138
82       82   (0)     82  : 0.9900 0.0000 0.0100
83       83   (0)     83  : 0.9700 0.0000 0.0300
84       84   (0)     84  : 0.9970 0.0000 0.0030
85       85   (0)     85  : 0.9968 0.0030 0.0002
86       86   (0)     86  : 0.9790 0.0000 0.0210
87       87   (0)     87  : 0.9820 0.0000 0.0180
88       88   (0)     88  : 0.9430 0.0000 0.0570
89       89   (0)     89  : 1.0000 0.0000 0.0000
90       90   (0)     90  : 1.0000 0.0000 0.0000
91       91   (1)     91  : 0.9973 0.0000 0.0027
92       92   (0)     92  : 1.0000 0.0000 0.0000
93       93   (0)     93  : 0.9930 0.0000 0.0070
94       94   (0)     94  : 1.0000 0.0000 0.0000
95       95   (0)     95  : 0.9370 0.0000 0.0630
96       96   (0)     96  : 0.9820 0.0000 0.0180
97       97   (0)     97  : 0.9990 0.0000 0.0010
98       98   (2)     98  : 0.9837 0.0000 0.0163
99       99   (0)     99  : 0.9950 0.0000 0.0050
100      100   (0)    100  : 1.0000 0.0000 0.0000
101      101   (0)    101  : 0.0090 0.5031 0.4879
102      102   (1)    102  : 0.0000 0.2070 0.7930
103      103   (0)    103  : 0.9779 0.0000 0.0221
104      104   (0)    104  : 1.0000 0.0000 0.0000
105      105   (0)    105  : 0.0000 0.0000 1.0000
106      106   (0)    106  : 0.9962 0.0000 0.0038
107      107   (0)    107  : 1.0000 0.0000 0.0000
108      108   (0)    108  : 0.9351 0.0000 0.0649
109      109   (0)    109  : 0.9440 0.0000 0.0560
110      110   (0)    110  : 0.9680 0.0000 0.0320
111      111   (0)    111  : 0.8560 0.0000 0.1440
112      112   (0)    112  : 0.9170 0.0000 0.0830
113      113   (0)    113  : 0.9460 0.0000 0.0540
114      114   (0)    114  : 1.0000 0.0000 0.0000
115      115   (0)    115  : 1.0000 0.0000 0.0000
116      116   (0)    116  : 1.0000 0.0000 0.0000
117      117   (0)    117  : 0.9810 0.0000 0.0190
118      118   (0)    118  : 0.9558 0.0000 0.0442
119      119   (0)    119  : 0.9580 0.0000 0.0420
120      120   (0)    120  : 0.9440 0.0000 0.0560
121      121   (0)    121  : 0.8120 0.0000 0.1880
122      122   (0)    122  : 0.9930 0.0000 0.0070
123      123   (0)    123  : 1.0000 0.0000 0.0000
124      124   (0)    124  : 0.9910 0.0000 0.0090
125      125   (0)    125  : 1.0000 0.0000 0.0000
126      126   (0)    126  : 0.9779 0.0000 0.0221
127      127   (0)    127  : 1.0000 0.0000 0.0000
128      128   (0)    128  : 1.0000 0.0000 0.0000
129      129   (0)    129  : 0.9290 0.0000 0.0710
130      130   (0)    130  : 0.9830 0.0000 0.0170
131      131   (0)    131  : 0.9840 0.0000 0.0160
132      132   (0)    132  : 0.9840 0.0000 0.0160
133      133   (0)    133  : 0.8600 0.0000 0.1400
134      134   (0)    134  : 1.0000 0.0000 0.0000
135      135   (0)    135  : 0.8990 0.0000 0.1010
136      136   (0)    136  : 0.9670 0.0000 0.0330
137      137   (0)    137  : 1.0000 0.0000 0.0000
138      138   (0)    138  : 1.0000 0.0000 0.0000
139      139   (0)    139  : 1.0000 0.0000 0.0000
140      140   (0)    140  : 1.0000 0.0000 0.0000
141      141   (0)    141  : 0.9520 0.0000 0.0480
142      142   (0)    142  : 1.0000 0.0000 0.0000
143      143   (0)    143  : 0.9620 0.0000 0.0380
144      144   (0)    144  : 0.8280 0.0000 0.1720
145      145   (0)    145  : 0.8850 0.0000 0.1150
146      146   (0)    146  : 0.8500 0.0000 0.1500
147      147   (0)    147  : 0.9430 0.0000 0.0570
148      148   (0)    148  : 0.9530 0.0000 0.0470
149      149   (0)    149  : 0.9880 0.0000 0.0120
150      150   (0)    150  : 0.9890 0.0000 0.0110
151      151   (0)    151  : 0.9790 0.0000 0.0210
152      152   (0)    152  : 1.0000 0.0000 0.0000
153      153   (0)    153  : 1.0000 0.0000 0.0000
154      154   (0)    154  : 1.0000 0.0000 0.0000
155      155   (0)    155  : 1.0000 0.0000 0.0000
156      156   (0)    156  : 1.0000 0.0000 0.0000
157      157   (0)    157  : 0.9600 0.0000 0.0400
158      158   (0)    158  : 1.0000 0.0000 0.0000
159      159   (0)    159  : 0.9960 0.0000 0.0040
160      160   (0)    160  : 0.7810 0.0000 0.2190
161      161   (0)    161  : 1.0000 0.0000 0.0000
162      162   (0)    162  : 0.9920 0.0000 0.0080
163      163   (0)    163  : 0.9940 0.0000 0.0060
164      164   (0)    164  : 0.9870 0.0000 0.0130
165      165   (0)    165  : 1.0000 0.0000 0.0000
166      166   (0)    166  : 0.9120 0.0000 0.0880
167      167   (0)    167  : 0.9450 0.0000 0.0550
168      168   (0)    168  : 0.9650 0.0000 0.0350
169      169   (0)    169  : 0.9828 0.0000 0.0172
170      170   (0)    170  : 0.9710 0.0000 0.0290
171      171   (0)    171  : 0.7880 0.0580 0.1540
172      172   (0)    172  : 1.0000 0.0000 0.0000
173      173   (0)    173  : 0.9833 0.0010 0.0157
174      174   (0)    174  : 0.8870 0.0010 0.1120
175      175   (0)    175  : 0.9955 0.0005 0.0040
176      176   (0)    176  : 0.9810 0.0050 0.0140
177      177   (0)    177  : 0.9820 0.0000 0.0180
178      178   (0)    178  : 0.9330 0.0000 0.0670
179      179   (0)    179  : 1.0000 0.0000 0.0000
180      180   (0)    180  : 0.9799 0.0011 0.0190
181      181   (0)    181  : 0.9841 0.0000 0.0159
182      182   (0)    182  : 0.9300 0.0000 0.0700
183      183   (0)    183  : 1.0000 0.0000 0.0000
184      184   (0)    184  : 0.9890 0.0000 0.0110
185      185   (0)    185  : 0.7788 0.0430 0.1782
186      186   (0)    186  : 0.9790 0.0000 0.0210
187      187   (0)    187  : 0.9780 0.0000 0.0220
188      188   (0)    188  : 0.9990 0.0000 0.0010
189      189   (0)    189  : 0.9040 0.0000 0.0960
190      190   (0)    190  : 0.9730 0.0000 0.0270
191      191   (0)    191  : 0.6940 0.0634 0.2426
192      192   (0)    192  : 0.9250 0.0000 0.0750
193      193   (0)    193  : 0.9460 0.0000 0.0540
194      194   (0)    194  : 0.9890 0.0010 0.0100
195      195   (0)    195  : 0.9821 0.0000 0.0179
196      196   (0)    196  : 1.0000 0.0000 0.0000
197      197   (0)    197  : 0.6600 0.0000 0.3400
198      198   (0)    198  : 1.0000 0.0000 0.0000
199      199   (0)    199  : 0.8990 0.0000 0.1010
200      200   (0)    200  : 0.9598 0.0000 0.0402
201      201   (0)    201  : 0.8950 0.0000 0.1050
202      202   (0)    202  : 1.0000 0.0000 0.0000
203      203   (0)    203  : 0.9250 0.0000 0.0750
204      204   (0)    204  : 0.9870 0.0000 0.0130
205      205   (0)    205  : 1.0000 0.0000 0.0000
206      206   (0)    206  : 1.0000 0.0000 0.0000
207      207   (0)    207  : 0.9950 0.0000 0.0050
208      208   (0)    208  : 0.9980 0.0000 0.0020
209      209   (0)    209  : 0.9980 0.0000 0.0020
210      210   (1)    210  : 0.0080 0.3080 0.6840
211      211   (0)    211  : 0.9810 0.0000 0.0190
212      212   (0)    212  : 1.0000 0.0000 0.0000
213      213   (0)    213  : 1.0000 0.0000 0.0000
214      214   (2)    214  : 0.5300 0.0000 0.4700
215      215   (0)    215  : 0.5590 0.0000 0.4410
216      216   (0)    216  : 1.0000 0.0000 0.0000
217      217   (2)    217  : 0.5780 0.0000 0.4220
218      218   (1)    218  : 0.4750 0.0047 0.5203
219      219   (2)    219  : 0.0076 0.0950 0.8974
220      220   (1)    220  : 0.4360 0.0000 0.5640
221      221   (1)    221  : 0.5520 0.0000 0.4480
222      222   (0)    222  : 0.7060 0.0000 0.2940
223      223   (0)    223  : 0.8420 0.0000 0.1580
224      224   (0)    224  : 0.9980 0.0000 0.0020
225      225   (0)    225  : 0.9590 0.0000 0.0410
226      226   (0)    226  : 0.9630 0.0000 0.0370
227      227   (0)    227  : 0.9560 0.0000 0.0440
228      228   (0)    228  : 0.9050 0.0000 0.0950
229      229   (0)    229  : 1.0000 0.0000 0.0000
230      230   (0)    230  : 1.0000 0.0000 0.0000
231      231   (0)    231  : 1.0000 0.0000 0.0000
232      232   (0)    232  : 1.0000 0.0000 0.0000
233      233   (0)    233  : 0.9960 0.0000 0.0040
234      234  (21)    234  : 0.9970 0.0000 0.0030
235      235  (12)    235  : 0.9970 0.0000 0.0030
236      236   (3)    236  : 1.0000 0.0000 0.0000
237      237   (7)    237  : 1.0000 0.0000 0.0000
238      238   (3)    238  : 1.0000 0.0000 0.0000
239      239   (2)    239  : 0.9970 0.0000 0.0030
240      240   (3)    240  : 1.0000 0.0000 0.0000
241      241   (1)    241  : 1.0000 0.0000 0.0000
242      242   (3)    242  : 1.0000 0.0000 0.0000
243      243   (2)    243  : 0.9850 0.0000 0.0150
244      244   (3)    244  : 1.0000 0.0000 0.0000
245      245  (15)    245  : 0.9718 0.0000 0.0282
246      246   (3)    246  : 1.0000 0.0000 0.0000
247      247   (3)    247  : 1.0000 0.0000 0.0000
248      248   (3)    248  : 0.9640 0.0000 0.0360
249      249   (3)    249  : 1.0000 0.0000 0.0000
250      250   (2)    250  : 1.0000 0.0000 0.0000
251      251   (3)    251  : 1.0000 0.0000 0.0000
252      252   (4)    252  : 1.0000 0.0000 0.0000
253      253   (4)    253  : 0.9900 0.0000 0.0100
254      254   (2)    254  : 1.0000 0.0000 0.0000
255      255  (13)    255  : 0.9950 0.0000 0.0050
256      256   (2)    256  : 1.0000 0.0000 0.0000
257      257   (3)    257  : 1.0000 0.0000 0.0000
258      258   (4)    258  : 1.0000 0.0000 0.0000
259      259   (5)    259  : 1.0000 0.0000 0.0000
260      260   (4)    260  : 1.0000 0.0000 0.0000
261      261   (3)    261  : 0.9960 0.0000 0.0040
262      262   (3)    262  : 1.0000 0.0000 0.0000
263      263   (5)    263  : 1.0000 0.0000 0.0000
264      264   (7)    264  : 1.0000 0.0000 0.0000
265      265   (1)    265  : 1.0000 0.0000 0.0000
266      266   (5)    266  : 1.0000 0.0000 0.0000
267      267   (1)    267  : 1.0000 0.0000 0.0000
268      268   (1)    268  : 1.0000 0.0000 0.0000
269      269   (8)    269  : 0.9630 0.0000 0.0370
270      270   (4)    270  : 0.9970 0.0000 0.0030
271      271   (1)    271  : 1.0000 0.0000 0.0000
272      272   (1)    272  : 0.9950 0.0000 0.0050
273      273   (4)    273  : 0.9720 0.0000 0.0280
274      274   (1)    274  : 0.9930 0.0000 0.0070
275      275   (1)    275  : 0.9630 0.0000 0.0370
276      276   (3)    276  : 0.9640 0.0000 0.0360
277      277   (2)    277  : 1.0000 0.0000 0.0000
278      278   (1)    278  : 1.0000 0.0000 0.0000
279      279   (3)    279  : 1.0000 0.0000 0.0000
280      280   (3)    280  : 1.0000 0.0000 0.0000
281      281   (2)    281  : 1.0000 0.0000 0.0000
282      282   (2)    282  : 1.0000 0.0000 0.0000
283      283   (2)    283  : 1.0000 0.0000 0.0000
284      284   (3)    284  : 1.0000 0.0000 0.0000
285      285   (4)    285  : 0.9990 0.0000 0.0010
286      286   (2)    286  : 1.0000 0.0000 0.0000
287      287   (0)    287  : 1.0000 0.0000 0.0000
288      288   (1)    288  : 1.0000 0.0000 0.0000
289      289   (2)    289  : 1.0000 0.0000 0.0000
290      290   (8)    290  : 1.0000 0.0000 0.0000
291      291   (2)    291  : 1.0000 0.0000 0.0000
292      292   (4)    292  : 1.0000 0.0000 0.0000
293      293   (0)    293  : 1.0000 0.0000 0.0000
294      294   (3)    294  : 1.0000 0.0000 0.0000
295      295   (2)    295  : 1.0000 0.0000 0.0000
296      296   (2)    296  : 1.0000 0.0000 0.0000
297      297   (4)    297  : 1.0000 0.0000 0.0000
298      298   (3)    298  : 1.0000 0.0000 0.0000
299      299   (4)    299  : 1.0000 0.0000 0.0000
300      300   (2)    300  : 1.0000 0.0000 0.0000
301      301   (2)    301  : 1.0000 0.0000 0.0000
302      302   (1)    302  : 1.0000 0.0000 0.0000
303      303   (0)    303  : 1.0000 0.0000 0.0000
304      304   (2)    304  : 1.0000 0.0000 0.0000
305      305   (2)    305  : 1.0000 0.0000 0.0000
306      306   (1)    306  : 0.9660 0.0000 0.0340
307      307   (1)    307  : 1.0000 0.0000 0.0000
308      308   (8)    308  : 1.0000 0.0000 0.0000
309      309   (3)    309  : 1.0000 0.0000 0.0000
310      310   (2)    310  : 1.0000 0.0000 0.0000
311      311   (3)    311  : 1.0000 0.0000 0.0000
312      312   (2)    312  : 1.0000 0.0000 0.0000
313      313   (3)    313  : 1.0000 0.0000 0.0000
314      314   (6)    314  : 1.0000 0.0000 0.0000
315      315   (5)    315  : 1.0000 0.0000 0.0000
316      316   (2)    316  : 1.0000 0.0000 0.0000
317      317   (1)    317  : 0.9970 0.0010 0.0020
318      318   (1)    318  : 1.0000 0.0000 0.0000
319      319   (1)    319  : 1.0000 0.0000 0.0000
320      320   (1)    320  : 1.0000 0.0000 0.0000
321      321   (3)    321  : 1.0000 0.0000 0.0000
322      322   (3)    322  : 1.0000 0.0000 0.0000
323      323   (4)    323  : 1.0000 0.0000 0.0000
324      324   (5)    324  : 1.0000 0.0000 0.0000
325      325   (3)    325  : 0.9980 0.0000 0.0020
326      326   (2)    326  : 1.0000 0.0000 0.0000
327      327   (2)    327  : 1.0000 0.0000 0.0000
328      328   (1)    328  : 1.0000 0.0000 0.0000
329      329   (6)    329  : 1.0000 0.0000 0.0000
330      330   (4)    330  : 1.0000 0.0000 0.0000
331      331   (2)    331  : 1.0000 0.0000 0.0000
332      332   (3)    332  : 0.9940 0.0000 0.0060
333      333   (1)    333  : 1.0000 0.0000 0.0000
334      334   (3)    334  : 1.0000 0.0000 0.0000
335      335   (1)    335  : 0.9642 0.0000 0.0358
336      336   (6)    336  : 1.0000 0.0000 0.0000
337      337   (2)    337  : 0.9950 0.0000 0.0050
338      338   (2)    338  : 1.0000 0.0000 0.0000
339      339   (4)    339  : 0.9910 0.0000 0.0090
340      340   (2)    340  : 1.0000 0.0000 0.0000
341      341   (3)    341  : 1.0000 0.0000 0.0000
342      342   (3)    342  : 1.0000 0.0000 0.0000
343      343   (3)    343  : 1.0000 0.0000 0.0000
344      344   (1)    344  : 1.0000 0.0000 0.0000
345      345   (3)    345  : 0.9720 0.0000 0.0280
346      346   (1)    346  : 0.9990 0.0000 0.0010
347      347   (7)    347  : 0.9590 0.0000 0.0410
348      348   (5)    348  : 1.0000 0.0000 0.0000
349      349   (2)    349  : 0.9910 0.0000 0.0090
350      350   (0)    350  : 0.9980 0.0000 0.0020
351      351   (2)    351  : 0.9649 0.0000 0.0351
352      352   (2)    352  : 1.0000 0.0000 0.0000
353      353   (4)    353  : 1.0000 0.0000 0.0000
354      354   (4)    354  : 0.9810 0.0000 0.0190
355      355   (6)    355  : 0.9930 0.0000 0.0070
356      356   (1)    356  : 0.9550 0.0000 0.0450
357      357   (1)    357  : 1.0000 0.0000 0.0000
358      358   (0)    358  : 0.9989 0.0000 0.0011
359      359   (3)    359  : 0.9920 0.0000 0.0080
360      360   (1)    360  : 1.0000 0.0000 0.0000
361      361   (1)    361  : 0.9950 0.0000 0.0050
362      362   (4)    362  : 1.0000 0.0000 0.0000
363      363   (2)    363  : 1.0000 0.0000 0.0000
364      364   (4)    364  : 1.0000 0.0000 0.0000
365      365   (3)    365  : 0.9790 0.0000 0.0210
366      366   (4)    366  : 0.9910 0.0000 0.0090
367      367   (4)    367  : 0.9920 0.0000 0.0080
368      368   (5)    368  : 0.9642 0.0000 0.0358
369      369   (3)    369  : 1.0000 0.0000 0.0000
370      370   (0)    370  : 1.0000 0.0000 0.0000
371      371   (3)    371  : 1.0000 0.0000 0.0000
372      372   (2)    372  : 1.0000 0.0000 0.0000
373      373   (7)    373  : 1.0000 0.0000 0.0000
374      374   (6)    374  : 1.0000 0.0000 0.0000
375      375   (1)    375  : 1.0000 0.0000 0.0000
376      376   (1)    376  : 1.0000 0.0000 0.0000
377      377   (1)    377  : 0.9970 0.0000 0.0030
378      378   (1)    378  : 1.0000 0.0000 0.0000
379      379   (2)    379  : 1.0000 0.0000 0.0000
380      380   (2)    380  : 0.9990 0.0000 0.0010
381      381   (6)    381  : 1.0000 0.0000 0.0000
382      382   (1)    382  : 1.0000 0.0000 0.0000
383      383   (3)    383  : 1.0000 0.0000 0.0000
384      384   (5)    384  : 0.9960 0.0000 0.0040
385      385   (2)    385  : 1.0000 0.0000 0.0000
386      386   (3)    386  : 0.9930 0.0000 0.0070
387      387   (3)    387  : 1.0000 0.0000 0.0000
388      388   (1)    388  : 1.0000 0.0000 0.0000
389      389   (2)    389  : 1.0000 0.0000 0.0000
390      390   (3)    390  : 1.0000 0.0000 0.0000
391      391   (4)    391  : 1.0000 0.0000 0.0000
392      392   (3)    392  : 1.0000 0.0000 0.0000
393      393   (6)    393  : 1.0000 0.0000 0.0000
394      394   (4)    394  : 0.9485 0.0000 0.0515
395      395   (4)    395  : 1.0000 0.0000 0.0000
396      396   (6)    396  : 0.9960 0.0000 0.0040
397      397   (6)    397  : 1.0000 0.0000 0.0000
398      398   (6)    398  : 0.9960 0.0000 0.0040
399      399  (10)    399  : 0.9900 0.0000 0.0100
400      400   (3)    400  : 0.9920 0.0000 0.0080
401      401   (2)    401  : 1.0000 0.0000 0.0000
402      402   (3)    402  : 1.0000 0.0000 0.0000
403      403   (3)    403  : 0.9890 0.0000 0.0110
404      404   (2)    404  : 1.0000 0.0000 0.0000
405      405   (5)    405  : 1.0000 0.0000 0.0000
406      406   (3)    406  : 1.0000 0.0000 0.0000
407      407   (3)    407  : 1.0000 0.0000 0.0000
408      408   (2)    408  : 0.9920 0.0000 0.0080
409      409   (2)    409  : 1.0000 0.0000 0.0000
410      410   (3)    410  : 1.0000 0.0000 0.0000
411      411   (3)    411  : 0.9790 0.0000 0.0210
412      412   (3)    412  : 0.9960 0.0000 0.0040
413      413   (2)    413  : 1.0000 0.0000 0.0000
414      414   (2)    414  : 0.9880 0.0000 0.0120
415      415   (1)    415  : 1.0000 0.0000 0.0000
416      416   (5)    416  : 1.0000 0.0000 0.0000
417      417   (1)    417  : 0.9882 0.0000 0.0118
418      418   (2)    418  : 1.0000 0.0000 0.0000
419      419   (2)    419  : 1.0000 0.0000 0.0000
420      420   (4)    420  : 1.0000 0.0000 0.0000
421      421   (3)    421  : 1.0000 0.0000 0.0000
422      422   (2)    422  : 1.0000 0.0000 0.0000
423      423   (3)    423  : 1.0000 0.0000 0.0000
424      424   (2)    424  : 1.0000 0.0000 0.0000
425      425   (1)    425  : 1.0000 0.0000 0.0000
426      426   (2)    426  : 1.0000 0.0000 0.0000
427      427   (6)    427  : 1.0000 0.0000 0.0000
428      428   (5)    428  : 0.9560 0.0000 0.0440
429      429   (4)    429  : 0.9940 0.0000 0.0060
430      430   (3)    430  : 1.0000 0.0000 0.0000
431      431   (3)    431  : 1.0000 0.0000 0.0000
432      432   (4)    432  : 1.0000 0.0000 0.0000
433      433   (3)    433  : 1.0000 0.0000 0.0000
434      434   (4)    434  : 0.9650 0.0000 0.0350
435      435   (7)    435  : 0.9980 0.0010 0.0010
436      436   (7)    436  : 1.0000 0.0000 0.0000
437      437   (2)    437  : 1.0000 0.0000 0.0000
438      438   (3)    438  : 1.0000 0.0000 0.0000
439      439   (5)    439  : 1.0000 0.0000 0.0000
440      440   (3)    440  : 0.9470 0.0000 0.0530
441      441   (4)    441  : 1.0000 0.0000 0.0000
442      442   (3)    442  : 1.0000 0.0000 0.0000
443      443   (3)    443  : 1.0000 0.0000 0.0000
444      444   (4)    444  : 0.9880 0.0000 0.0120
445      445   (4)    445  : 1.0000 0.0000 0.0000
446      446   (1)    446  : 0.9990 0.0000 0.0010
447      447   (1)    447  : 1.0000 0.0000 0.0000
448      448   (7)    448  : 1.0000 0.0000 0.0000
449      449   (3)    449  : 0.9980 0.0020 0.0000
450      450   (1)    450  : 1.0000 0.0000 0.0000
451      451   (3)    451  : 1.0000 0.0000 0.0000
452      452   (2)    452  : 1.0000 0.0000 0.0000
453      453   (2)    453  : 1.0000 0.0000 0.0000
454      454   (2)    454  : 0.9970 0.0000 0.0030
455      455   (3)    455  : 0.9820 0.0000 0.0180
456      456   (2)    456  : 0.9766 0.0000 0.0234
457      457   (8)    457  : 1.0000 0.0000 0.0000
458      458   (1)    458  : 1.0000 0.0000 0.0000
459      459   (1)    459  : 0.9950 0.0000 0.0050
460      460   (3)    460  : 0.9791 0.0000 0.0209
461      461   (1)    461  : 0.9890 0.0000 0.0110
462      462   (4)    462  : 0.9830 0.0010 0.0160
463      463   (4)    463  : 1.0000 0.0000 0.0000
464      464   (4)    464  : 1.0000 0.0000 0.0000
465      465   (2)    465  : 1.0000 0.0000 0.0000
466      466   (3)    466  : 1.0000 0.0000 0.0000
467      467   (2)    467  : 1.0000 0.0000 0.0000
468      468   (2)    468  : 1.0000 0.0000 0.0000
469      469   (5)    469  : 0.9960 0.0000 0.0040
470      470   (2)    470  : 1.0000 0.0000 0.0000
471      471  (10)    471  : 0.9970 0.0000 0.0030
472      472   (1)    472  : 1.0000 0.0000 0.0000
473      473   (4)    473  : 1.0000 0.0000 0.0000
474      474   (5)    474  : 1.0000 0.0000 0.0000
475      475   (1)    475  : 1.0000 0.0000 0.0000
476      476   (8)    476  : 1.0000 0.0000 0.0000
477      477   (1)    477  : 0.9950 0.0000 0.0050
478      478   (1)    478  : 0.9980 0.0000 0.0020
479      479   (2)    479  : 1.0000 0.0000 0.0000
480      480   (4)    480  : 0.9600 0.0000 0.0400
481      481   (2)    481  : 1.0000 0.0000 0.0000
482      482   (1)    482  : 1.0000 0.0000 0.0000
483      483   (1)    483  : 0.9969 0.0000 0.0031
484      484   (2)    484  : 1.0000 0.0000 0.0000
485      485   (3)    485  : 1.0000 0.0000 0.0000
486      486   (2)    486  : 0.9840 0.0000 0.0160
487      487   (7)    487  : 0.9879 0.0000 0.0121
488      488   (0)    488  : 1.0000 0.0000 0.0000
489      489   (0)    489  : 1.0000 0.0000 0.0000
490      490   (1)    490  : 0.9970 0.0000 0.0030
491      491   (4)    491  : 0.9850 0.0000 0.0150
492      492   (1)    492  : 0.9900 0.0000 0.0100
493      493   (0)    493  : 0.9840 0.0000 0.0160
494      494  (10)    494  : 1.0000 0.0000 0.0000
495      495   (4)    495  : 0.9930 0.0000 0.0070
496      496   (4)    496  : 1.0000 0.0000 0.0000
497      497   (7)    497  : 1.0000 0.0000 0.0000
498      498   (0)    498  : 1.0000 0.0000 0.0000
499      499   (0)    499  : 0.9478 0.0000 0.0522
500      500   (7)    500  : 0.9360 0.0000 0.0640
501      501   (2)    501  : 1.0000 0.0000 0.0000
502      502   (7)    502  : 0.9910 0.0000 0.0090
503      503   (5)    503  : 1.0000 0.0000 0.0000
504      504   (7)    504  : 0.9500 0.0000 0.0500
505      505  (10)    505  : 0.9870 0.0000 0.0130
506      506   (3)    506  : 1.0000 0.0000 0.0000
507      507   (8)    507  : 1.0000 0.0000 0.0000
508      508   (9)    508  : 1.0000 0.0000 0.0000
509      509   (3)    509  : 1.0000 0.0000 0.0000
510      510   (1)    510  : 1.0000 0.0000 0.0000
511      511   (0)    511  : 1.0000 0.0000 0.0000
512      512   (0)    512  : 1.0000 0.0000 0.0000
513      513   (0)    513  : 1.0000 0.0000 0.0000
514      514   (0)    514  : 1.0000 0.0000 0.0000
515      515   (0)    515  : 1.0000 0.0000 0.0000
516      516   (0)    516  : 0.9970 0.0000 0.0030
517      517   (0)    517  : 1.0000 0.0000 0.0000
518      518   (0)    518  : 1.0000 0.0000 0.0000
519      519   (0)    519  : 0.9970 0.0000 0.0030
520      520   (0)    520  : 1.0000 0.0000 0.0000
521      521   (0)    521  : 0.9920 0.0000 0.0080
522      522   (0)    522  : 0.9912 0.0000 0.0088
523      523   (0)    523  : 1.0000 0.0000 0.0000
524      524   (0)    524  : 1.0000 0.0000 0.0000
525      525   (0)    525  : 1.0000 0.0000 0.0000
526      526   (0)    526  : 1.0000 0.0000 0.0000
527      527   (0)    527  : 1.0000 0.0000 0.0000
528      528   (0)    528  : 1.0000 0.0000 0.0000
529      529   (0)    529  : 1.0000 0.0000 0.0000
530      530   (0)    530  : 0.9960 0.0000 0.0040
531      531   (0)    531  : 1.0000 0.0000 0.0000
532      532   (0)    532  : 1.0000 0.0000 0.0000
533      533   (0)    533  : 1.0000 0.0000 0.0000
534      534   (0)    534  : 0.9610 0.0000 0.0390
535      535   (0)    535  : 1.0000 0.0000 0.0000
536      536   (0)    536  : 1.0000 0.0000 0.0000
537      537   (0)    537  : 1.0000 0.0000 0.0000
538      538   (0)    538  : 1.0000 0.0000 0.0000
539      539   (0)    539  : 1.0000 0.0000 0.0000
540      540  (43)    540  : 1.0000 0.0000 0.0000
541      541   (0)    541  : 1.0000 0.0000 0.0000
542      542  (12)    542  : 1.0000 0.0000 0.0000
543      543   (0)    543  : 1.0000 0.0000 0.0000
544      544   (0)    544  : 1.0000 0.0000 0.0000
545      545   (0)    545  : 1.0000 0.0000 0.0000
546      546   (0)    546  : 1.0000 0.0000 0.0000
547      547   (0)    547  : 0.5247 0.0000 0.4753
548      548   (0)    548  : 0.0100 0.0000 0.9900
549      549   (0)    549  : 0.7040 0.0000 0.2960
550      550   (0)    550  : 0.5317 0.0000 0.4683
551      551   (0)    551  : 0.5336 0.0000 0.4664
552      552   (0)    552  : 0.2118 0.0000 0.7882
553      553   (0)    553  : 0.4270 0.0000 0.5730
554      554   (0)    554  : 0.4250 0.0000 0.5750
555      555   (0)    555  : 0.0000 0.0000 1.0000
556      556   (0)    556  : 0.0000 0.0000 1.0000
557      557   (0)    557  : 0.0000 0.0000 1.0000
558      558   (0)    558  : 0.0000 0.0000 1.0000
559      559   (0)    559  : 0.0000 0.0000 1.0000
560      560   (0)    560  : 0.4460 0.0150 0.5390
561      561   (0)    561  : 0.5810 0.0000 0.4190
562      562   (0)    562  : 0.4783 0.0300 0.4918
563      563   (0)    563  : 0.0020 0.9980 0.0000
564      564   (0)    564  : 0.6011 0.0297 0.3692
565      565   (0)    565  : 0.0000 0.4952 0.5048
566      566   (0)    566  : 0.0000 0.4700 0.5300
567      567   (1)    567  : 0.0010 0.2170 0.7820
568      568   (0)    568  : 0.0358 0.0040 0.9602
569      569   (0)    569  : 0.4405 0.0000 0.5595
570      570   (0)    570  : 0.0000 0.9880 0.0120
571      571   (0)    571  : 0.0000 1.0000 0.0000
572      572   (0)    572  : 0.5530 0.0040 0.4430
573      573   (0)    573  : 0.5470 0.0000 0.4530
574      574   (0)    574  : 0.0000 0.0000 1.0000
575      575   (0)    575  : 0.0000 0.0000 1.0000
576      576   (0)    576  : 0.4450 0.0000 0.5550
577      577   (0)    577  : 0.4430 0.0000 0.5570
578      578   (0)    578  : 0.5420 0.0000 0.4580
579      579   (0)    579  : 0.5740 0.0000 0.4260
580      580   (0)    580  : 0.3800 0.0000 0.6200
581      581   (0)    581  : 0.4295 0.0000 0.5705
582      582   (0)    582  : 0.0000 0.9880 0.0120
583      583   (0)    583  : 0.0000 0.9860 0.0140
584      584   (0)    584  : 0.4695 0.1781 0.3524
585      585   (0)    585  : 0.0000 1.0000 0.0000
586      586   (0)    586  : 0.5656 0.0000 0.4344
587      587   (0)    587  : 0.0048 0.9906 0.0046
588      588   (0)    588  : 0.0000 0.9820 0.0180
589      589   (0)    589  : 0.0000 1.0000 0.0000
590      590   (0)    590  : 0.4410 0.0000 0.5590
591      591   (0)    591  : 0.3990 0.3090 0.2920
592      592   (0)    592  : 0.0000 0.8760 0.1240
593      593   (0)    593  : 0.0680 0.8460 0.0860
594      594   (0)    594  : 0.0000 0.0000 1.0000
595      595   (0)    595  : 0.4597 0.0070 0.5333
596      596   (0)    596  : 0.3338 0.0145 0.6517
597      597   (0)    597  : 0.1760 0.6280 0.1960
598      598   (0)    598  : 0.0000 1.0000 0.0000
599      599   (0)    599  : 0.0040 0.9742 0.0218
600      600   (0)    600  : 0.0000 1.0000 0.0000
601      601   (0)    601  : 0.0000 0.9900 0.0100
602      602   (0)    602  : 0.0120 0.9880 0.0000
603      603   (0)    603  : 0.0270 0.9432 0.0298
604      604   (0)    604  : 0.0328 0.9672 0.0000
605      605   (0)    605  : 0.0000 1.0000 0.0000
606      606   (0)    606  : 0.0000 1.0000 0.0000
607      607   (0)    607  : 0.0000 1.0000 0.0000
608      608   (0)    608  : 0.0000 1.0000 0.0000
609      609   (0)    609  : 0.0070 0.9930 0.0000
610      610   (0)    610  : 0.0000 1.0000 0.0000
611      611   (0)    611  : 0.0880 0.8960 0.0160
612      612   (0)    612  : 0.0110 0.9660 0.0230
613      613   (0)    613  : 0.0000 1.0000 0.0000
614      614   (0)    614  : 0.4613 0.5124 0.0263
615      615   (0)    615  : 0.0018 0.9982 0.0000
616      616   (0)    616  : 0.0010 0.9990 0.0000
617      617   (0)    617  : 0.0199 0.9531 0.0270
618      618   (0)    618  : 0.0000 1.0000 0.0000
619      619   (0)    619  : 0.1550 0.4801 0.3649
620      620   (0)    620  : 0.0070 0.9698 0.0232
621      621   (0)    621  : 0.4000 0.4520 0.1480
622      622   (0)    622  : 0.5850 0.0280 0.3870
623      623   (0)    623  : 0.0000 0.0000 1.0000
624      624   (0)    624  : 0.0000 1.0000 0.0000
625      625   (0)    625  : 0.0000 1.0000 0.0000
626      626   (0)    626  : 0.0000 1.0000 0.0000
627      627   (0)    627  : 0.0000 1.0000 0.0000
628      628   (0)    628  : 0.0000 1.0000 0.0000
629      629   (0)    629  : 0.0000 0.9801 0.0199
630      630   (0)    630  : 0.0000 1.0000 0.0000
631      631   (0)    631  : 0.2290 0.0000 0.7710
632      632   (0)    632  : 0.0000 0.0000 1.0000
633      633   (0)    633  : 0.0047 0.0175 0.9778
634      634   (0)    634  : 0.0000 0.0920 0.9080
635      635   (0)    635  : 0.0010 0.0355 0.9635
636      636   (0)    636  : 0.0112 0.0960 0.8928
637      637   (0)    637  : 0.0028 0.0000 0.9972
638      638   (0)    638  : 0.0428 0.0000 0.9572
639      639   (0)    639  : 0.0000 0.1130 0.8870
640      640   (0)    640  : 0.0005 0.1020 0.8975
641      641   (0)    641  : 0.0000 0.1020 0.8980
642      642   (0)    642  : 0.0000 0.1080 0.8920
643      643   (0)    643  : 0.0000 0.0988 0.9012
644      644   (0)    644  : 0.0000 0.0190 0.9810
645      645   (0)    645  : 0.2611 0.4330 0.3059
646      646   (0)    646  : 0.4809 0.4910 0.0281
647      647   (0)    647  : 0.0030 0.9970 0.0000
648      648   (0)    648  : 0.0000 0.9740 0.0260
649      649   (0)    649  : 0.0000 0.9870 0.0130
650      650   (0)    650  : 0.0000 0.9850 0.0150
651      651   (0)    651  : 0.0121 0.9729 0.0150
652      652   (0)    652  : 0.0000 0.0000 1.0000
653      653   (0)    653  : 0.0070 0.9820 0.0110
654      654   (0)    654  : 0.4260 0.0030 0.5710
655      655   (0)    655  : 0.4349 0.0010 0.5641
656      656   (0)    656  : 0.2588 0.4148 0.3264
657      657   (0)    657  : 0.0610 0.8585 0.0804
658      658   (0)    658  : 0.0980 0.8200 0.0820
659      659   (0)    659  : 0.2778 0.6283 0.0939
660      660   (0)    660  : 0.1059 0.8321 0.0620
661      661   (0)    661  : 0.1210 0.7790 0.1000
662      662   (0)    662  : 0.1620 0.7630 0.0750
663      663   (0)    663  : 0.0660 0.8640 0.0700
664      664   (0)    664  : 0.3834 0.5363 0.0802
665      665   (0)    665  : 0.0300 0.0000 0.9700
666      666   (0)    666  : 0.5150 0.0000 0.4850
667      667   (0)    667  : 0.4699 0.0140 0.5161
668      668   (0)    668  : 0.4790 0.0110 0.5100
669      669   (0)    669  : 0.4890 0.0150 0.4960
670      670   (0)    670  : 0.5560 0.0000 0.4440
671      671   (0)    671  : 0.7440 0.0000 0.2560
672      672   (0)    672  : 0.6610 0.0000 0.3390
673      673   (0)    673  : 0.4514 0.0110 0.5376
674      674   (0)    674  : 0.5177 0.0000 0.4823
675      675   (0)    675  : 0.5498 0.0000 0.4502
676      676   (0)    676  : 0.5470 0.0010 0.4520
677      677   (0)    677  : 0.2820 0.0000 0.7180
678      678   (0)    678  : 0.5425 0.0000 0.4575
679      679   (0)    679  : 0.4463 0.0006 0.5531
680      680   (0)    680  : 0.4260 0.0000 0.5740
681      681   (0)    681  : 0.4540 0.0100 0.5360
682      682   (0)    682  : 0.2593 0.4470 0.2937
683      683   (0)    683  : 0.4801 0.0027 0.5172
684      684   (0)    684  : 0.0000 0.0000 1.0000
685      685   (0)    685  : 0.5380 0.0000 0.4620
686      686   (0)    686  : 0.0000 0.0000 1.0000
687      687   (0)    687  : 0.1895 0.0000 0.8105
688      688   (0)    688  : 0.0005 0.8755 0.1240
689      689   (0)    689  : 0.0820 0.0403 0.8777
690      690   (0)    690  : 0.0561 0.9149 0.0290
691      691   (0)    691  : 0.4279 0.0110 0.5611
692      692   (0)    692  : 0.7350 0.0000 0.2650
693      693   (0)    693  : 0.0390 0.9360 0.0250
694      694   (0)    694  : 0.0340 0.9190 0.0470
695      695   (0)    695  : 0.0470 0.9410 0.0120
696      696   (0)    696  : 0.4750 0.0140 0.5110
697      697   (0)    697  : 0.4639 0.0170 0.5191
698      698   (0)    698  : 0.0000 0.0000 1.0000
699      699   (0)    699  : 0.5930 0.0140 0.3930
700      700   (0)    700  : 0.0000 1.0000 0.0000
701      701   (0)    701  : 0.0668 0.3611 0.5721
702      702   (0)    702  : 0.0000 0.9830 0.0170
703      703   (0)    703  : 0.0520 0.0000 0.9480
704      704   (0)    704  : 0.0000 1.0000 0.0000
705      705   (0)    705  : 0.0420 0.9130 0.0450
706      706   (0)    706  : 0.3995 0.0000 0.6005
707      707   (0)    707  : 0.3149 0.3960 0.2890
708      708   (0)    708  : 0.0000 1.0000 0.0000
709      709   (0)    709  : 0.0000 0.0000 1.0000
710      710   (0)    710  : 0.0605 0.0000 0.9395
711      711   (0)    711  : 0.4390 0.0000 0.5610
712      712   (0)    712  : 0.0060 0.0000 0.9940
713      713   (0)    713  : 0.5540 0.0000 0.4460
714      714   (0)    714  : 0.3211 0.2058 0.4731
715      715   (0)    715  : 0.0000 1.0000 0.0000
716      716   (0)    716  : 0.4355 0.0000 0.5645
717      717   (0)    717  : 0.0000 0.8790 0.1210
718      718   (0)    718  : 0.5988 0.0000 0.4012
719      719   (0)    719  : 0.0370 0.8970 0.0660
720      720   (0)    720  : 0.0000 1.0000 0.0000
721      721   (0)    721  : 0.0000 0.9750 0.0250
722      722   (1)    722  : 0.0000 0.2182 0.7818
723      723   (0)    723  : 0.0000 0.9820 0.0180
724      724   (0)    724  : 0.0000 1.0000 0.0000
725      725   (0)    725  : 0.0310 0.9690 0.0000
726      726   (0)    726  : 0.0250 0.8943 0.0807
727      727   (0)    727  : 0.0070 0.9930 0.0000
728      728   (0)    728  : 0.3962 0.1741 0.4297
729      729   (0)    729  : 0.0000 0.9600 0.0400
730      730   (0)    730  : 0.0000 0.9500 0.0500
731      731   (0)    731  : 0.0080 0.2470 0.7451
732      732   (0)    732  : 0.0000 0.0000 1.0000
733      733   (0)    733  : 0.0000 1.0000 0.0000
734      734   (0)    734  : 0.5071 0.0000 0.4929
735      735   (0)    735  : 0.0010 0.9440 0.0550
736      736   (4)    736  : 0.2872 0.0372 0.6755
737      737   (0)    737  : 0.0000 1.0000 0.0000
738      738   (0)    738  : 0.0030 0.9970 0.0000
739      739   (1)    739  : 0.0080 0.2107 0.7813
740      740   (0)    740  : 0.0000 0.9780 0.0220
741      741   (0)    741  : 0.0000 0.9997 0.0003
742      742   (0)    742  : 0.1391 0.2904 0.5705
743      743   (0)    743  : 0.2640 0.0379 0.6981
744      744   (0)    744  : 0.2667 0.0390 0.6943
745      745   (0)    745  : 0.0360 0.2310 0.7330
746      746   (0)    746  : 0.0264 0.1763 0.7973
747      747   (0)    747  : 0.0000 1.0000 0.0000
748      748   (0)    748  : 0.0040 0.9960 0.0000
749      749   (0)    749  : 0.4548 0.0008 0.5444
750      750   (0)    750  : 0.0280 0.0510 0.9210
751      751   (0)    751  : 0.3411 0.6589 0.0000
752      752   (0)    752  : 0.1213 0.8109 0.0678
753      753   (0)    753  : 0.1199 0.7696 0.1104
754      754   (0)    754  : 0.9928 0.0030 0.0042
755      755   (0)    755  : 0.9890 0.0000 0.0110
