1        1   (0)      1  : 0.1550 0.0000 0.0500 0.7950
2        2   (4)      2  : 0.0008 0.2095 0.7897 0.0000
3        3   (2)      3  : 0.0000 0.2190 0.7810 0.0000
4        4   (2)      4  : 0.0000 0.2220 0.7780 0.0000
5        5   (2)      5  : 0.0042 0.2193 0.7730 0.0035
6        6   (0)      6  : 1.0000 0.0000 0.0000 0.0000
7        7   (0)      7  : 0.0000 0.0021 0.9979 0.0000
8        8   (0)      8  : 0.0000 0.0069 0.9931 0.0000
9        9   (0)      9  : 0.0000 0.0016 0.9984 0.0000
10       10   (0)     10  : 0.0000 0.0010 0.9990 0.0000
11       11   (0)     11  : 0.0000 0.2599 0.7261 0.0140
12       12   (0)     12  : 0.0000 0.1820 0.8180 0.0000
13       13   (1)     13  : 0.0000 0.0390 0.9610 0.0000
14       14   (0)     14  : 0.0000 0.0490 0.6448 0.3062
15       15   (0)     15  : 0.0000 0.7060 0.2940 0.0000
16       16   (0)     16  : 0.0000 0.7799 0.2201 0.0000
17       17   (0)     17  : 0.0000 0.6774 0.3226 0.0000
18       18   (0)     18  : 0.1323 0.2452 0.4744 0.1481
19       19   (0)     19  : 0.0000 0.2400 0.7600 0.0000
20       20   (0)     20  : 0.0000 0.1790 0.8081 0.0129
21       21   (5)     21  : 1.0000 0.0000 0.0000 0.0000
22       22   (0)     22  : 1.0000 0.0000 0.0000 0.0000
23       23   (0)     23  : 1.0000 0.0000 0.0000 0.0000
24       24   (0)     24  : 1.0000 0.0000 0.0000 0.0000
25       25   (0)     25  : 0.9790 0.0000 0.0080 0.0130
26       26   (0)     26  : 0.6580 0.0000 0.0300 0.3120
27       27   (0)     27  : 0.9985 0.0000 0.0000 0.0015
28       28   (0)     28  : 0.9279 0.0000 0.0100 0.0621
29       29   (0)     29  : 0.8840 0.0000 0.0150 0.1010
30       30   (1)     30  : 0.9920 0.0000 0.0000 0.0080
31       31   (1)     31  : 0.8737 0.0000 0.0110 0.1153
32       32   (1)     32  : 0.9983 0.0000 0.0000 0.0017
33       33   (0)     33  : 0.9480 0.0000 0.0000 0.0520
34       34   (0)     34  : 0.9100 0.0000 0.0000 0.0900
35       35   (0)     35  : 0.9360 0.0000 0.0150 0.0490
36       36   (0)     36  : 0.8882 0.0000 0.0160 0.0958
37       37   (0)     37  : 0.9369 0.0000 0.0110 0.0521
38       38   (0)     38  : 0.9160 0.0000 0.0000 0.0840
39       39   (0)     39  : 0.9950 0.0000 0.0050 0.0000
40       40   (0)     40  : 0.9150 0.0000 0.0216 0.0634
41       41   (0)     41  : 0.8880 0.0000 0.0010 0.1110
42       42   (0)     42  : 0.9029 0.0109 0.0540 0.0322
43       43   (0)     43  : 1.0000 0.0000 0.0000 0.0000
44       44   (0)     44  : 0.9810 0.0000 0.0060 0.0130
45       45   (0)     45  : 0.9840 0.0000 0.0080 0.0080
46       46   (0)     46  : 1.0000 0.0000 0.0000 0.0000
47       47   (0)     47  : 1.0000 0.0000 0.0000 0.0000
48       48   (0)     48  : 0.9380 0.0000 0.0000 0.0620
49       49   (0)     49  : 1.0000 0.0000 0.0000 0.0000
50       50   (0)     50  : 0.9620 0.0000 0.0000 0.0380
51       51   (0)     51  : 0.9630 0.0000 0.0000 0.0370
52       52   (0)     52  : 1.0000 0.0000 0.0000 0.0000
53       53   (0)     53  : 1.0000 0.0000 0.0000 0.0000
54       54   (0)     54  : 0.9470 0.0000 0.0000 0.0530
55       55   (0)     55  : 1.0000 0.0000 0.0000 0.0000
56       56   (0)     56  : 0.8470 0.0000 0.0000 0.1530
57       57   (0)     57  : 0.9288 0.0000 0.0000 0.0712
58       58   (0)     58  : 0.9931 0.0010 0.0040 0.0019
59       59   (0)     59  : 0.9794 0.0000 0.0110 0.0096
60       60   (0)     60  : 0.9570 0.0000 0.0000 0.0430
61       61   (0)     61  : 0.8952 0.0000 0.0000 0.1048
62       62   (0)     62  : 0.9760 0.0130 0.0110 0.0000
63       63   (0)     63  : 1.0000 0.0000 0.0000 0.0000
64       64   (0)     64  : 0.9620 0.0000 0.0000 0.0380
65       65   (0)     65  : 0.9820 0.0000 0.0020 0.0160
66       66   (0)     66  : 0.9680 0.0000 0.0000 0.0320
67       67   (0)     67  : 0.9589 0.0000 0.0000 0.0411
68       68   (0)     68  : 0.9570 0.0000 0.0010 0.0420
69       69   (0)     69  : 0.9990 0.0000 0.0000 0.0010
70       70   (0)     70  : 1.0000 0.0000 0.0000 0.0000
71       71   (0)     71  : 0.9970 0.0000 0.0030 0.0000
72       72   (0)     72  : 0.8931 0.0000 0.0150 0.0919
73       73   (0)     73  : 0.9960 0.0000 0.0000 0.0040
74       74   (0)     74  : 0.9320 0.0000 0.0000 0.0680
75       75   (0)     75  : 1.0000 0.0000 0.0000 0.0000
76       76   (0)     76  : 0.7041 0.0000 0.0179 0.2780
77       77   (0)     77  : 1.0000 0.0000 0.0000 0.0000
78       78   (0)     78  : 0.8693 0.0000 0.0548 0.0759
79       79   (0)     79  : 0.8649 0.0000 0.0090 0.1261
80       80   (0)     80  : 0.8340 0.0000 0.0000 0.1660
81       81   (0)     81  : 0.9650 0.0000 0.0030 0.0320
82       82   (0)     82  : 0.9850 0.0000 0.0140 0.0010
83       83   (0)     83  : 0.8930 0.0000 0.0000 0.1070
84       84   (0)     84  : 0.9890 0.0000 0.0000 0.0110
85       85   (0)     85  : 0.9870 0.0000 0.0040 0.0090
86       86   (0)     86  : 0.9115 0.0000 0.0000 0.0885
87       87   (0)     87  : 0.9312 0.0000 0.0000 0.0688
88       88   (0)     88  : 0.8430 0.0000 0.0000 0.1570
89       89   (0)     89  : 0.9992 0.0000 0.0000 0.0008
90       90   (0)     90  : 1.0000 0.0000 0.0000 0.0000
91       91   (1)     91  : 0.9940 0.0000 0.0005 0.0055
92       92   (0)     92  : 1.0000 0.0000 0.0000 0.0000
93       93   (0)     93  : 0.9915 0.0000 0.0080 0.0005
94       94   (0)     94  : 0.9998 0.0000 0.0000 0.0002
95       95   (0)     95  : 0.8290 0.0000 0.0000 0.1710
96       96   (0)     96  : 0.9370 0.0000 0.0000 0.0630
97       97   (0)     97  : 0.9970 0.0000 0.0000 0.0030
98       98   (2)     98  : 0.9509 0.0000 0.0060 0.0431
99       99   (0)     99  : 0.9930 0.0000 0.0070 0.0000
100      100   (0)    100  : 0.9982 0.0000 0.0018 0.0000
101      101   (0)    101  : 0.0129 0.4813 0.4996 0.0061
102      102   (1)    102  : 0.0000 0.0462 0.9538 0.0000
103      103   (0)    103  : 0.9762 0.0000 0.0235 0.0003
104      104   (0)    104  : 1.0000 0.0000 0.0000 0.0000
105      105   (0)    105  : 0.0000 0.0000 1.0000 0.0000
106      106   (0)    106  : 0.9850 0.0000 0.0000 0.0150
107      107   (0)    107  : 1.0000 0.0000 0.0000 0.0000
108      108   (0)    108  : 0.8223 0.0000 0.0000 0.1777
109      109   (0)    109  : 0.8381 0.0000 0.0000 0.1619
110      110   (0)    110  : 0.8930 0.0000 0.0000 0.1070
111      111   (0)    111  : 0.7436 0.0000 0.0404 0.2160
112      112   (0)    112  : 0.8153 0.0000 0.0030 0.1817
113      113   (0)    113  : 0.8760 0.0000 0.0018 0.1222
114      114   (0)    114  : 0.9789 0.0000 0.0000 0.0211
115      115   (0)    115  : 1.0000 0.0000 0.0000 0.0000
116      116   (0)    116  : 0.9870 0.0000 0.0000 0.0130
117      117   (0)    117  : 0.9140 0.0000 0.0000 0.0860
118      118   (0)    118  : 0.9195 0.0000 0.0180 0.0625
119      119   (0)    119  : 0.8970 0.0000 0.0000 0.1030
120      120   (0)    120  : 0.8580 0.0000 0.0000 0.1420
121      121   (0)    121  : 0.6160 0.0000 0.0000 0.3840
122      122   (0)    122  : 0.9660 0.0000 0.0000 0.0340
123      123   (0)    123  : 0.9900 0.0000 0.0000 0.0100
124      124   (0)    124  : 0.9280 0.0000 0.0000 0.0720
125      125   (0)    125  : 1.0000 0.0000 0.0000 0.0000
126      126   (0)    126  : 0.9170 0.0000 0.0000 0.0830
127      127   (0)    127  : 1.0000 0.0000 0.0000 0.0000
128      128   (0)    128  : 0.9960 0.0000 0.0000 0.0040
129      129   (0)    129  : 0.8411 0.0000 0.0090 0.1499
130      130   (0)    130  : 0.9550 0.0000 0.0000 0.0450
131      131   (0)    131  : 0.9050 0.0000 0.0000 0.0950
132      132   (0)    132  : 0.9630 0.0000 0.0000 0.0370
133      133   (0)    133  : 0.7334 0.0000 0.0130 0.2536
134      134   (0)    134  : 1.0000 0.0000 0.0000 0.0000
135      135   (0)    135  : 0.7910 0.0000 0.0000 0.2090
136      136   (0)    136  : 0.9000 0.0000 0.0000 0.1000
137      137   (0)    137  : 1.0000 0.0000 0.0000 0.0000
138      138   (0)    138  : 0.9620 0.0000 0.0000 0.0380
139      139   (0)    139  : 1.0000 0.0000 0.0000 0.0000
140      140   (0)    140  : 1.0000 0.0000 0.0000 0.0000
141      141   (0)    141  : 0.8530 0.0000 0.0000 0.1470
142      142   (0)    142  : 1.0000 0.0000 0.0000 0.0000
143      143   (0)    143  : 0.8820 0.0000 0.0000 0.1180
144      144   (0)    144  : 0.6977 0.0000 0.0465 0.2559
145      145   (0)    145  : 0.7750 0.0000 0.0130 0.2120
146      146   (0)    146  : 0.7030 0.0000 0.0009 0.2961
147      147   (0)    147  : 0.8887 0.0000 0.0252 0.0860
148      148   (0)    148  : 0.8939 0.0000 0.0180 0.0880
149      149   (0)    149  : 0.9710 0.0000 0.0020 0.0270
150      150   (0)    150  : 0.9570 0.0000 0.0040 0.0390
151      151   (0)    151  : 0.9112 0.0000 0.0000 0.0888
152      152   (0)    152  : 0.9775 0.0000 0.0000 0.0225
153      153   (0)    153  : 0.9580 0.0000 0.0000 0.0420
154      154   (0)    154  : 1.0000 0.0000 0.0000 0.0000
155      155   (0)    155  : 0.9900 0.0000 0.0000 0.0100
156      156   (0)    156  : 0.9810 0.0000 0.0000 0.0190
157      157   (0)    157  : 0.8770 0.0000 0.0000 0.1230
158      158   (0)    158  : 0.9890 0.0000 0.0000 0.0110
159      159   (0)    159  : 0.9860 0.0000 0.0010 0.0130
160      160   (0)    160  : 0.5890 0.0000 0.0000 0.4110
161      161   (0)    161  : 1.0000 0.0000 0.0000 0.0000
162      162   (0)    162  : 0.9647 0.0000 0.0000 0.0353
163      163   (0)    163  : 0.9740 0.0000 0.0000 0.0260
164      164   (0)    164  : 0.9628 0.0000 0.0002 0.0370
165      165   (0)    165  : 0.9980 0.0004 0.0008 0.0008
166      166   (0)    166  : 0.9089 0.0000 0.0877 0.0034
167      167   (0)    167  : 0.8830 0.0000 0.0000 0.1170
168      168   (0)    168  : 0.8830 0.0000 0.0000 0.1170
169      169   (0)    169  : 0.9710 0.0000 0.0100 0.0190
170      170   (0)    170  : 0.9440 0.0000 0.0140 0.0420
171      171   (0)    171  : 0.7612 0.0370 0.1625 0.0392
172      172   (0)    172  : 0.9940 0.0000 0.0000 0.0060
173      173   (0)    173  : 0.9525 0.0000 0.0050 0.0425
174      174   (0)    174  : 0.7730 0.0000 0.0000 0.2270
175      175   (0)    175  : 0.9920 0.0000 0.0050 0.0030
176      176   (0)    176  : 0.9620 0.0030 0.0110 0.0240
177      177   (0)    177  : 0.9522 0.0000 0.0010 0.0468
178      178   (0)    178  : 0.8651 0.0000 0.0220 0.1129
179      179   (0)    179  : 1.0000 0.0000 0.0000 0.0000
180      180   (0)    180  : 0.9610 0.0010 0.0110 0.0270
181      181   (0)    181  : 0.9778 0.0000 0.0130 0.0092
182      182   (0)    182  : 0.8090 0.0000 0.0010 0.1900
183      183   (0)    183  : 0.9872 0.0000 0.0000 0.0128
184      184   (0)    184  : 0.9450 0.0000 0.0000 0.0550
185      185   (0)    185  : 0.7206 0.0290 0.1411 0.1093
186      186   (0)    186  : 0.9460 0.0000 0.0040 0.0500
187      187   (0)    187  : 0.9480 0.0000 0.0000 0.0520
188      188   (0)    188  : 0.9882 0.0000 0.0000 0.0118
189      189   (0)    189  : 0.7810 0.0000 0.0010 0.2180
190      190   (0)    190  : 0.9495 0.0000 0.0170 0.0335
191      191   (0)    191  : 0.6126 0.0430 0.1862 0.1582
192      192   (0)    192  : 0.8698 0.0000 0.0350 0.0952
193      193   (0)    193  : 0.8738 0.0000 0.0032 0.1230
194      194   (0)    194  : 0.9602 0.0006 0.0000 0.0392
195      195   (0)    195  : 0.9340 0.0000 0.0000 0.0660
196      196   (0)    196  : 1.0000 0.0000 0.0000 0.0000
197      197   (0)    197  : 0.5753 0.0000 0.2421 0.1826
198      198   (0)    198  : 1.0000 0.0000 0.0000 0.0000
199      199   (0)    199  : 0.8307 0.0000 0.0400 0.1292
200      200   (0)    200  : 0.9130 0.0000 0.0070 0.0800
201      201   (0)    201  : 0.7820 0.0000 0.0190 0.1990
202      202   (0)    202  : 0.9990 0.0000 0.0000 0.0010
203      203   (0)    203  : 0.8416 0.0000 0.0165 0.1419
204      204   (0)    204  : 0.9785 0.0000 0.0130 0.0085
205      205   (0)    205  : 1.0000 0.0000 0.0000 0.0000
206      206   (0)    206  : 1.0000 0.0000 0.0000 0.0000
207      207   (0)    207  : 0.9810 0.0000 0.0000 0.0190
208      208   (0)    208  : 0.9960 0.0000 0.0010 0.0030
209      209   (0)    209  : 0.9971 0.0000 0.0020 0.0009
210      210   (1)    210  : 0.0000 0.2220 0.7778 0.0002
211      211   (0)    211  : 0.9550 0.0000 0.0085 0.0365
212      212   (0)    212  : 1.0000 0.0000 0.0000 0.0000
213      213   (0)    213  : 1.0000 0.0000 0.0000 0.0000
214      214   (2)    214  : 0.1538 0.0000 0.0000 0.8462
215      215   (0)    215  : 0.2098 0.0000 0.0000 0.7902
216      216   (0)    216  : 0.9870 0.0000 0.0000 0.0130
217      217   (2)    217  : 0.2145 0.0000 0.0000 0.7855
218      218   (1)    218  : 0.1150 0.0000 0.0630 0.8220
219      219   (2)    219  : 0.0000 0.0000 1.0000 0.0000
220      220   (1)    220  : 0.0000 0.0000 0.0000 1.0000
221      221   (1)    221  : 0.2170 0.0000 0.0240 0.7590
222      222   (0)    222  : 0.4612 0.0000 0.0000 0.5388
223      223   (0)    223  : 0.6620 0.0000 0.0000 0.3380
224      224   (0)    224  : 0.9760 0.0000 0.0000 0.0240
225      225   (0)    225  : 0.8709 0.0000 0.0000 0.1291
226      226   (0)    226  : 0.9224 0.0000 0.0146 0.0630
227      227   (0)    227  : 0.9050 0.0000 0.0000 0.0950
228      228   (0)    228  : 0.8478 0.0000 0.0350 0.1172
229      229   (0)    229  : 1.0000 0.0000 0.0000 0.0000
230      230   (0)    230  : 0.9980 0.0000 0.0000 0.0020
231      231   (0)    231  : 1.0000 0.0000 0.0000 0.0000
232      232   (0)    232  : 1.0000 0.0000 0.0000 0.0000
233      233   (0)    233  : 0.9809 0.0000 0.0000 0.0191
234      234  (21)    234  : 0.9900 0.0000 0.0000 0.0100
235      235  (12)    235  : 0.9890 0.0000 0.0000 0.0110
236      236   (3)    236  : 0.9940 0.0000 0.0000 0.0060
237      237   (7)    237  : 0.9970 0.0000 0.0030 0.0000
238      238   (3)    238  : 1.0000 0.0000 0.0000 0.0000
239      239   (2)    239  : 0.9960 0.0000 0.0040 0.0000
240      240   (3)    240  : 1.0000 0.0000 0.0000 0.0000
241      241   (1)    241  : 1.0000 0.0000 0.0000 0.0000
242      242   (3)    242  : 0.9970 0.0000 0.0030 0.0000
243      243   (2)    243  : 0.9600 0.0000 0.0000 0.0400
244      244   (3)    244  : 1.0000 0.0000 0.0000 0.0000
245      245  (15)    245  : 0.9313 0.0000 0.0000 0.0687
246      246   (3)    246  : 1.0000 0.0000 0.0000 0.0000
247      247   (3)    247  : 1.0000 0.0000 0.0000 0.0000
248      248   (3)    248  : 0.9030 0.0000 0.0000 0.0970
249      249   (3)    249  : 0.9900 0.0000 0.0000 0.0100
250      250   (2)    250  : 0.9670 0.0000 0.0000 0.0330
251      251   (3)    251  : 1.0000 0.0000 0.0000 0.0000
252      252   (4)    252  : 1.0000 0.0000 0.0000 0.0000
253      253   (4)    253  : 0.9511 0.0000 0.0000 0.0489
254      254   (2)    254  : 1.0000 0.0000 0.0000 0.0000
255      255  (13)    255  : 0.9720 0.0000 0.0000 0.0280
256      256   (2)    256  : 1.0000 0.0000 0.0000 0.0000
257      257   (3)    257  : 1.0000 0.0000 0.0000 0.0000
258      258   (4)    258  : 1.0000 0.0000 0.0000 0.0000
259      259   (5)    259  : 1.0000 0.0000 0.0000 0.0000
260      260   (4)    260  : 1.0000 0.0000 0.0000 0.0000
261      261   (3)    261  : 0.9800 0.0000 0.0000 0.0200
262      262   (3)    262  : 1.0000 0.0000 0.0000 0.0000
263      263   (5)    263  : 0.9920 0.0000 0.0000 0.0080
264      264   (7)    264  : 1.0000 0.0000 0.0000 0.0000
265      265   (1)    265  : 1.0000 0.0000 0.0000 0.0000
266      266   (5)    266  : 1.0000 0.0000 0.0000 0.0000
267      267   (1)    267  : 1.0000 0.0000 0.0000 0.0000
268      268   (1)    268  : 1.0000 0.0000 0.0000 0.0000
269      269   (8)    269  : 0.8900 0.0000 0.0000 0.1100
270      270   (4)    270  : 0.9630 0.0000 0.0000 0.0370
271      271   (1)    271  : 1.0000 0.0000 0.0000 0.0000
272      272   (1)    272  : 0.9820 0.0000 0.0000 0.0180
273      273   (4)    273  : 0.9360 0.0000 0.0031 0.0609
274      274   (1)    274  : 0.9752 0.0000 0.0000 0.0248
275      275   (1)    275  : 0.8983 0.0000 0.0000 0.1017
276      276   (3)    276  : 0.8990 0.0000 0.0000 0.1010
277      277   (2)    277  : 1.0000 0.0000 0.0000 0.0000
278      278   (1)    278  : 1.0000 0.0000 0.0000 0.0000
279      279   (3)    279  : 1.0000 0.0000 0.0000 0.0000
280      280   (3)    280  : 1.0000 0.0000 0.0000 0.0000
281      281   (2)    281  : 1.0000 0.0000 0.0000 0.0000
282      282   (2)    282  : 1.0000 0.0000 0.0000 0.0000
283      283   (2)    283  : 1.0000 0.0000 0.0000 0.0000
284      284   (3)    284  : 1.0000 0.0000 0.0000 0.0000
285      285   (4)    285  : 0.9980 0.0000 0.0020 0.0000
286      286   (2)    286  : 1.0000 0.0000 0.0000 0.0000
287      287   (0)    287  : 1.0000 0.0000 0.0000 0.0000
288      288   (1)    288  : 1.0000 0.0000 0.0000 0.0000
289      289   (2)    289  : 1.0000 0.0000 0.0000 0.0000
290      290   (8)    290  : 1.0000 0.0000 0.0000 0.0000
291      291   (2)    291  : 1.0000 0.0000 0.0000 0.0000
292      292   (4)    292  : 1.0000 0.0000 0.0000 0.0000
293      293   (0)    293  : 1.0000 0.0000 0.0000 0.0000
294      294   (3)    294  : 1.0000 0.0000 0.0000 0.0000
295      295   (2)    295  : 1.0000 0.0000 0.0000 0.0000
296      296   (2)    296  : 1.0000 0.0000 0.0000 0.0000
297      297   (4)    297  : 1.0000 0.0000 0.0000 0.0000
298      298   (3)    298  : 1.0000 0.0000 0.0000 0.0000
299      299   (4)    299  : 1.0000 0.0000 0.0000 0.0000
300      300   (2)    300  : 1.0000 0.0000 0.0000 0.0000
301      301   (2)    301  : 1.0000 0.0000 0.0000 0.0000
302      302   (1)    302  : 1.0000 0.0000 0.0000 0.0000
303      303   (0)    303  : 1.0000 0.0000 0.0000 0.0000
304      304   (2)    304  : 0.9790 0.0000 0.0000 0.0210
305      305   (2)    305  : 0.9790 0.0000 0.0000 0.0210
306      306   (1)    306  : 0.9310 0.0000 0.0130 0.0560
307      307   (1)    307  : 1.0000 0.0000 0.0000 0.0000
308      308   (8)    308  : 0.9910 0.0000 0.0000 0.0090
309      309   (3)    309  : 1.0000 0.0000 0.0000 0.0000
310      310   (2)    310  : 1.0000 0.0000 0.0000 0.0000
311      311   (3)    311  : 1.0000 0.0000 0.0000 0.0000
312      312   (2)    312  : 0.9990 0.0000 0.0000 0.0010
313      313   (3)    313  : 1.0000 0.0000 0.0000 0.0000
314      314   (6)    314  : 1.0000 0.0000 0.0000 0.0000
315      315   (5)    315  : 1.0000 0.0000 0.0000 0.0000
316      316   (2)    316  : 1.0000 0.0000 0.0000 0.0000
317      317   (1)    317  : 0.9960 0.0010 0.0030 0.0000
318      318   (1)    318  : 1.0000 0.0000 0.0000 0.0000
319      319   (1)    319  : 0.9992 0.0000 0.0000 0.0008
320      320   (1)    320  : 1.0000 0.0000 0.0000 0.0000
321      321   (3)    321  : 1.0000 0.0000 0.0000 0.0000
322      322   (3)    322  : 1.0000 0.0000 0.0000 0.0000
323      323   (4)    323  : 1.0000 0.0000 0.0000 0.0000
324      324   (5)    324  : 0.9748 0.0000 0.0000 0.0252
325      325   (3)    325  : 0.9750 0.0000 0.0000 0.0250
326      326   (2)    326  : 1.0000 0.0000 0.0000 0.0000
327      327   (2)    327  : 1.0000 0.0000 0.0000 0.0000
328      328   (1)    328  : 1.0000 0.0000 0.0000 0.0000
329      329   (6)    329  : 1.0000 0.0000 0.0000 0.0000
330      330   (4)    330  : 1.0000 0.0000 0.0000 0.0000
331      331   (2)    331  : 0.9900 0.0000 0.0000 0.0100
332      332   (3)    332  : 0.9640 0.0000 0.0000 0.0360
333      333   (1)    333  : 1.0000 0.0000 0.0000 0.0000
334      334   (3)    334  : 1.0000 0.0000 0.0000 0.0000
335      335   (1)    335  : 0.8700 0.0000 0.0000 0.1300
336      336   (6)    336  : 1.0000 0.0000 0.0000 0.0000
337      337   (2)    337  : 0.9760 0.0000 0.0000 0.0240
338      338   (2)    338  : 1.0000 0.0000 0.0000 0.0000
339      339   (4)    339  : 0.9520 0.0000 0.0000 0.0480
340      340   (2)    340  : 1.0000 0.0000 0.0000 0.0000
341      341   (3)    341  : 1.0000 0.0000 0.0000 0.0000
342      342   (3)    342  : 1.0000 0.0000 0.0000 0.0000
343      343   (3)    343  : 1.0000 0.0000 0.0000 0.0000
344      344   (1)    344  : 1.0000 0.0000 0.0000 0.0000
345      345   (3)    345  : 0.9040 0.0000 0.0000 0.0960
346      346   (1)    346  : 0.9987 0.0000 0.0010 0.0003
347      347   (7)    347  : 0.8975 0.0000 0.0000 0.1025
348      348   (5)    348  : 1.0000 0.0000 0.0000 0.0000
349      349   (2)    349  : 0.9715 0.0000 0.0000 0.0285
350      350   (0)    350  : 0.9940 0.0000 0.0000 0.0060
351      351   (2)    351  : 0.8763 0.0000 0.0000 0.1237
352      352   (2)    352  : 1.0000 0.0000 0.0000 0.0000
353      353   (4)    353  : 1.0000 0.0000 0.0000 0.0000
354      354   (4)    354  : 0.9542 0.0000 0.0078 0.0380
355      355   (6)    355  : 0.9772 0.0000 0.0000 0.0228
356      356   (1)    356  : 0.8790 0.0000 0.0000 0.1210
357      357   (1)    357  : 1.0000 0.0000 0.0000 0.0000
358      358   (0)    358  : 0.9810 0.0000 0.0000 0.0190
359      359   (3)    359  : 0.9670 0.0000 0.0000 0.0330
360      360   (1)    360  : 0.9997 0.0000 0.0003 0.0000
361      361   (1)    361  : 0.9630 0.0000 0.0000 0.0370
362      362   (4)    362  : 0.9990 0.0000 0.0000 0.0010
363      363   (2)    363  : 1.0000 0.0000 0.0000 0.0000
364      364   (4)    364  : 1.0000 0.0000 0.0000 0.0000
365      365   (3)    365  : 0.9080 0.0000 0.0000 0.0920
366      366   (4)    366  : 0.9520 0.0000 0.0000 0.0480
367      367   (4)    367  : 0.9490 0.0000 0.0000 0.0510
368      368   (5)    368  : 0.8920 0.0000 0.0000 0.1080
369      369   (3)    369  : 1.0000 0.0000 0.0000 0.0000
370      370   (0)    370  : 0.9736 0.0000 0.0000 0.0264
371      371   (3)    371  : 1.0000 0.0000 0.0000 0.0000
372      372   (2)    372  : 0.9978 0.0000 0.0000 0.0022
373      373   (7)    373  : 1.0000 0.0000 0.0000 0.0000
374      374   (6)    374  : 1.0000 0.0000 0.0000 0.0000
375      375   (1)    375  : 1.0000 0.0000 0.0000 0.0000
376      376   (1)    376  : 0.9910 0.0000 0.0000 0.0090
377      377   (1)    377  : 0.9830 0.0000 0.0000 0.0170
378      378   (1)    378  : 0.9998 0.0000 0.0000 0.0002
379      379   (2)    379  : 1.0000 0.0000 0.0000 0.0000
380      380   (2)    380  : 0.9900 0.0000 0.0000 0.0100
381      381   (6)    381  : 1.0000 0.0000 0.0000 0.0000
382      382   (1)    382  : 1.0000 0.0000 0.0000 0.0000
383      383   (3)    383  : 1.0000 0.0000 0.0000 0.0000
384      384   (5)    384  : 0.9880 0.0000 0.0000 0.0120
385      385   (2)    385  : 0.9980 0.0000 0.0000 0.0020
386      386   (3)    386  : 0.9740 0.0000 0.0000 0.0260
387      387   (3)    387  : 1.0000 0.0000 0.0000 0.0000
388      388   (1)    388  : 1.0000 0.0000 0.0000 0.0000
389      389   (2)    389  : 0.9940 0.0000 0.0000 0.0060
390      390   (3)    390  : 1.0000 0.0000 0.0000 0.0000
391      391   (4)    391  : 0.9930 0.0000 0.0000 0.0070
392      392   (3)    392  : 0.9993 0.0000 0.0000 0.0007
393      393   (6)    393  : 1.0000 0.0000 0.0000 0.0000
394      394   (4)    394  : 0.8390 0.0000 0.0000 0.1610
395      395   (4)    395  : 1.0000 0.0000 0.0000 0.0000
396      396   (6)    396  : 0.9960 0.0000 0.0040 0.0000
397      397   (6)    397  : 1.0000 0.0000 0.0000 0.0000
398      398   (6)    398  : 0.9850 0.0000 0.0000 0.0150
399      399  (10)    399  : 0.9450 0.0000 0.0000 0.0550
400      400   (3)    400  : 0.9470 0.0000 0.0000 0.0530
401      401   (2)    401  : 0.9990 0.0000 0.0000 0.0010
402      402   (3)    402  : 1.0000 0.0000 0.0000 0.0000
403      403   (3)    403  : 0.9270 0.0000 0.0000 0.0730
404      404   (2)    404  : 1.0000 0.0000 0.0000 0.0000
405      405   (5)    405  : 1.0000 0.0000 0.0000 0.0000
406      406   (3)    406  : 1.0000 0.0000 0.0000 0.0000
407      407   (3)    407  : 1.0000 0.0000 0.0000 0.0000
408      408   (2)    408  : 0.9600 0.0000 0.0000 0.0400
409      409   (2)    409  : 1.0000 0.0000 0.0000 0.0000
410      410   (3)    410  : 0.9950 0.0000 0.0000 0.0050
411      411   (3)    411  : 0.8980 0.0000 0.0000 0.1020
412      412   (3)    412  : 0.9720 0.0000 0.0000 0.0280
413      413   (2)    413  : 1.0000 0.0000 0.0000 0.0000
414      414   (2)    414  : 0.9290 0.0000 0.0000 0.0710
415      415   (1)    415  : 0.9735 0.0000 0.0000 0.0265
416      416   (5)    416  : 0.9942 0.0000 0.0000 0.0058
417      417   (1)    417  : 0.9440 0.0000 0.0000 0.0560
418      418   (2)    418  : 0.9774 0.0000 0.0000 0.0226
419      419   (2)    419  : 1.0000 0.0000 0.0000 0.0000
420      420   (4)    420  : 1.0000 0.0000 0.0000 0.0000
421      421   (3)    421  : 1.0000 0.0000 0.0000 0.0000
422      422   (2)    422  : 1.0000 0.0000 0.0000 0.0000
423      423   (3)    423  : 1.0000 0.0000 0.0000 0.0000
424      424   (2)    424  : 1.0000 0.0000 0.0000 0.0000
425      425   (1)    425  : 1.0000 0.0000 0.0000 0.0000
426      426   (2)    426  : 1.0000 0.0000 0.0000 0.0000
427      427   (6)    427  : 1.0000 0.0000 0.0000 0.0000
428      428   (5)    428  : 0.8860 0.0000 0.0000 0.1140
429      429   (4)    429  : 0.9770 0.0000 0.0000 0.0230
430      430   (3)    430  : 1.0000 0.0000 0.0000 0.0000
431      431   (3)    431  : 1.0000 0.0000 0.0000 0.0000
432      432   (4)    432  : 1.0000 0.0000 0.0000 0.0000
433      433   (3)    433  : 1.0000 0.0000 0.0000 0.0000
434      434   (4)    434  : 0.8693 0.0000 0.0000 0.1307
435      435   (7)    435  : 0.9820 0.0010 0.0000 0.0170
436      436   (7)    436  : 0.9740 0.0000 0.0000 0.0260
437      437   (2)    437  : 1.0000 0.0000 0.0000 0.0000
438      438   (3)    438  : 1.0000 0.0000 0.0000 0.0000
439      439   (5)    439  : 1.0000 0.0000 0.0000 0.0000
440      440   (3)    440  : 0.8628 0.0000 0.0000 0.1372
441      441   (4)    441  : 1.0000 0.0000 0.0000 0.0000
442      442   (3)    442  : 1.0000 0.0000 0.0000 0.0000
443      443   (3)    443  : 1.0000 0.0000 0.0000 0.0000
444      444   (4)    444  : 0.9230 0.0000 0.0000 0.0770
445      445   (4)    445  : 1.0000 0.0000 0.0000 0.0000
446      446   (1)    446  : 0.9980 0.0000 0.0020 0.0000
447      447   (1)    447  : 1.0000 0.0000 0.0000 0.0000
448      448   (7)    448  : 1.0000 0.0000 0.0000 0.0000
449      449   (3)    449  : 0.9980 0.0020 0.0000 0.0000
450      450   (1)    450  : 1.0000 0.0000 0.0000 0.0000
451      451   (3)    451  : 1.0000 0.0000 0.0000 0.0000
452      452   (2)    452  : 1.0000 0.0000 0.0000 0.0000
453      453   (2)    453  : 1.0000 0.0000 0.0000 0.0000
454      454   (2)    454  : 0.9680 0.0000 0.0000 0.0320
455      455   (3)    455  : 0.9160 0.0000 0.0000 0.0840
456      456   (2)    456  : 0.8960 0.0000 0.0000 0.1040
457      457   (8)    457  : 1.0000 0.0000 0.0000 0.0000
458      458   (1)    458  : 1.0000 0.0000 0.0000 0.0000
459      459   (1)    459  : 0.9680 0.0000 0.0000 0.0320
460      460   (3)    460  : 0.9230 0.0000 0.0000 0.0770
461      461   (1)    461  : 0.9570 0.0000 0.0000 0.0430
462      462   (4)    462  : 0.9770 0.0000 0.0160 0.0070
463      463   (4)    463  : 1.0000 0.0000 0.0000 0.0000
464      464   (4)    464  : 1.0000 0.0000 0.0000 0.0000
465      465   (2)    465  : 1.0000 0.0000 0.0000 0.0000
466      466   (3)    466  : 1.0000 0.0000 0.0000 0.0000
467      467   (2)    467  : 1.0000 0.0000 0.0000 0.0000
468      468   (2)    468  : 1.0000 0.0000 0.0000 0.0000
469      469   (5)    469  : 0.9900 0.0000 0.0000 0.0100
470      470   (2)    470  : 1.0000 0.0000 0.0000 0.0000
471      471  (10)    471  : 0.9830 0.0000 0.0000 0.0170
472      472   (1)    472  : 1.0000 0.0000 0.0000 0.0000
473      473   (4)    473  : 1.0000 0.0000 0.0000 0.0000
474      474   (5)    474  : 1.0000 0.0000 0.0000 0.0000
475      475   (1)    475  : 1.0000 0.0000 0.0000 0.0000
476      476   (8)    476  : 1.0000 0.0000 0.0000 0.0000
477      477   (1)    477  : 0.9810 0.0000 0.0000 0.0190
478      478   (1)    478  : 0.9924 0.0000 0.0000 0.0076
479      479   (2)    479  : 1.0000 0.0000 0.0000 0.0000
480      480   (4)    480  : 0.8865 0.0000 0.0000 0.1135
481      481   (2)    481  : 1.0000 0.0000 0.0000 0.0000
482      482   (1)    482  : 1.0000 0.0000 0.0000 0.0000
483      483   (1)    483  : 0.9680 0.0000 0.0000 0.0320
484      484   (2)    484  : 0.9670 0.0000 0.0000 0.0330
485      485   (3)    485  : 1.0000 0.0000 0.0000 0.0000
486      486   (2)    486  : 0.9320 0.0000 0.0000 0.0680
487      487   (7)    487  : 0.9490 0.0000 0.0000 0.0510
488      488   (0)    488  : 1.0000 0.0000 0.0000 0.0000
489      489   (0)    489  : 1.0000 0.0000 0.0000 0.0000
490      490   (1)    490  : 0.9920 0.0000 0.0030 0.0050
491      491   (4)    491  : 0.9608 0.0000 0.0000 0.0392
492      492   (1)    492  : 0.9620 0.0000 0.0000 0.0380
493      493   (0)    493  : 0.9506 0.0000 0.0000 0.0494
494      494  (10)    494  : 1.0000 0.0000 0.0000 0.0000
495      495   (4)    495  : 0.9779 0.0000 0.0021 0.0200
496      496   (4)    496  : 1.0000 0.0000 0.0000 0.0000
497      497   (7)    497  : 1.0000 0.0000 0.0000 0.0000
498      498   (0)    498  : 1.0000 0.0000 0.0000 0.0000
499      499   (0)    499  : 0.8550 0.0000 0.0000 0.1450
500      500   (7)    500  : 0.8402 0.0000 0.0000 0.1598
501      501   (2)    501  : 1.0000 0.0000 0.0000 0.0000
502      502   (7)    502  : 0.9740 0.0000 0.0000 0.0260
503      503   (5)    503  : 1.0000 0.0000 0.0000 0.0000
504      504   (7)    504  : 0.8610 0.0000 0.0000 0.1390
505      505  (10)    505  : 0.9660 0.0000 0.0000 0.0340
506      506   (3)    506  : 0.9920 0.0000 0.0000 0.0080
507      507   (8)    507  : 0.9810 0.0000 0.0000 0.0190
508      508   (9)    508  : 0.9830 0.0000 0.0000 0.0170
509      509   (3)    509  : 0.9860 0.0000 0.0000 0.0140
510      510   (1)    510  : 1.0000 0.0000 0.0000 0.0000
511      511   (0)    511  : 1.0000 0.0000 0.0000 0.0000
512      512   (0)    512  : 1.0000 0.0000 0.0000 0.0000
513      513   (0)    513  : 1.0000 0.0000 0.0000 0.0000
514      514   (0)    514  : 1.0000 0.0000 0.0000 0.0000
515      515   (0)    515  : 0.9990 0.0000 0.0010 0.0000
516      516   (0)    516  : 0.9960 0.0000 0.0040 0.0000
517      517   (0)    517  : 1.0000 0.0000 0.0000 0.0000
518      518   (0)    518  : 1.0000 0.0000 0.0000 0.0000
519      519   (0)    519  : 0.9960 0.0000 0.0040 0.0000
520      520   (0)    520  : 0.9988 0.0000 0.0010 0.0002
521      521   (0)    521  : 0.9910 0.0000 0.0090 0.0000
522      522   (0)    522  : 0.9910 0.0000 0.0090 0.0000
523      523   (0)    523  : 1.0000 0.0000 0.0000 0.0000
524      524   (0)    524  : 1.0000 0.0000 0.0000 0.0000
525      525   (0)    525  : 1.0000 0.0000 0.0000 0.0000
526      526   (0)    526  : 1.0000 0.0000 0.0000 0.0000
527      527   (0)    527  : 1.0000 0.0000 0.0000 0.0000
528      528   (0)    528  : 1.0000 0.0000 0.0000 0.0000
529      529   (0)    529  : 1.0000 0.0000 0.0000 0.0000
530      530   (0)    530  : 0.9800 0.0000 0.0000 0.0200
531      531   (0)    531  : 1.0000 0.0000 0.0000 0.0000
532      532   (0)    532  : 1.0000 0.0000 0.0000 0.0000
533      533   (0)    533  : 1.0000 0.0000 0.0000 0.0000
534      534   (0)    534  : 0.9000 0.0000 0.0000 0.1000
535      535   (0)    535  : 1.0000 0.0000 0.0000 0.0000
536      536   (0)    536  : 1.0000 0.0000 0.0000 0.0000
537      537   (0)    537  : 1.0000 0.0000 0.0000 0.0000
538      538   (0)    538  : 1.0000 0.0000 0.0000 0.0000
539      539   (0)    539  : 1.0000 0.0000 0.0000 0.0000
540      540  (43)    540  : 1.0000 0.0000 0.0000 0.0000
541      541   (0)    541  : 1.0000 0.0000 0.0000 0.0000
542      542  (12)    542  : 1.0000 0.0000 0.0000 0.0000
543      543   (0)    543  : 1.0000 0.0000 0.0000 0.0000
544      544   (0)    544  : 1.0000 0.0000 0.0000 0.0000
545      545   (0)    545  : 1.0000 0.0000 0.0000 0.0000
546      546   (0)    546  : 1.0000 0.0000 0.0000 0.0000
547      547   (0)    547  : 0.1600 0.0000 0.0000 0.8400
548      548   (0)    548  : 0.0018 0.0000 0.9592 0.0390
549      549   (0)    549  : 0.4510 0.0000 0.0000 0.5490
550      550   (0)    550  : 0.1761 0.0000 0.0152 0.8086
551      551   (0)    551  : 0.1420 0.0000 0.0000 0.8580
552      552   (0)    552  : 0.0250 0.0000 0.5194 0.4556
553      553   (0)    553  : 0.0000 0.0000 0.0000 1.0000
554      554   (0)    554  : 0.0000 0.0000 0.0000 1.0000
555      555   (0)    555  : 0.0000 0.0000 1.0000 0.0000
556      556   (0)    556  : 0.0000 0.0000 1.0000 0.0000
557      557   (0)    557  : 0.0000 0.0000 1.0000 0.0000
558      558   (0)    558  : 0.0000 0.0000 0.9860 0.0140
559      559   (0)    559  : 0.0000 0.0000 1.0000 0.0000
560      560   (0)    560  : 0.4274 0.0120 0.5135 0.0471
561      561   (0)    561  : 0.4866 0.0000 0.2967 0.2167
562      562   (0)    562  : 0.0712 0.0190 0.0000 0.9098
563      563   (0)    563  : 0.0014 0.9986 0.0000 0.0000
564      564   (0)    564  : 0.3340 0.0270 0.0490 0.5900
565      565   (0)    565  : 0.0000 0.4136 0.5864 0.0000
566      566   (0)    566  : 0.0000 0.3880 0.6120 0.0000
567      567   (1)    567  : 0.0000 0.0660 0.9340 0.0000
568      568   (0)    568  : 0.0410 0.0040 0.9550 0.0000
569      569   (0)    569  : 0.0000 0.0000 0.0000 1.0000
570      570   (0)    570  : 0.0000 0.9842 0.0150 0.0008
571      571   (0)    571  : 0.0000 1.0000 0.0000 0.0000
572      572   (0)    572  : 0.1849 0.0030 0.0000 0.8121
573      573   (0)    573  : 0.2058 0.0000 0.0160 0.7782
574      574   (0)    574  : 0.0000 0.0000 1.0000 0.0000
575      575   (0)    575  : 0.0000 0.0000 1.0000 0.0000
576      576   (0)    576  : 0.0000 0.0000 0.0000 1.0000
577      577   (0)    577  : 0.0490 0.0000 0.0439 0.9071
578      578   (0)    578  : 0.1838 0.0000 0.0000 0.8162
579      579   (0)    579  : 0.2647 0.0000 0.0332 0.7021
580      580   (0)    580  : 0.0628 0.0000 0.1750 0.7622
581      581   (0)    581  : 0.2769 0.0000 0.3639 0.3591
582      582   (0)    582  : 0.0000 0.9834 0.0166 0.0000
583      583   (0)    583  : 0.0000 0.9750 0.0250 0.0000
584      584   (0)    584  : 0.2470 0.1840 0.0520 0.5170
585      585   (0)    585  : 0.0000 1.0000 0.0000 0.0000
586      586   (0)    586  : 0.2318 0.0000 0.0149 0.7533
587      587   (0)    587  : 0.0005 0.9815 0.0180 0.0000
588      588   (0)    588  : 0.0000 0.9660 0.0340 0.0000
589      589   (0)    589  : 0.0000 1.0000 0.0000 0.0000
590      590   (0)    590  : 0.0210 0.0000 0.0000 0.9790
591      591   (0)    591  : 0.1843 0.3036 0.0381 0.4740
592      592   (0)    592  : 0.0000 0.8610 0.1390 0.0000
593      593   (0)    593  : 0.0608 0.8334 0.0924 0.0133
594      594   (0)    594  : 0.0000 0.0000 1.0000 0.0000
595      595   (0)    595  : 0.0567 0.0000 0.0117 0.9316
596      596   (0)    596  : 0.0643 0.0100 0.2602 0.6655
597      597   (0)    597  : 0.0200 0.6312 0.0032 0.3456
598      598   (0)    598  : 0.0000 1.0000 0.0000 0.0000
599      599   (0)    599  : 0.0000 0.9695 0.0225 0.0080
600      600   (0)    600  : 0.0000 1.0000 0.0000 0.0000
601      601   (0)    601  : 0.0000 0.9840 0.0160 0.0000
602      602   (0)    602  : 0.0110 0.9827 0.0063 0.0000
603      603   (0)    603  : 0.0260 0.9380 0.0348 0.0012
604      604   (0)    604  : 0.0320 0.9644 0.0036 0.0000
605      605   (0)    605  : 0.0000 1.0000 0.0000 0.0000
606      606   (0)    606  : 0.0000 1.0000 0.0000 0.0000
607      607   (0)    607  : 0.0000 1.0000 0.0000 0.0000
608      608   (0)    608  : 0.0000 0.9922 0.0078 0.0000
609      609   (0)    609  : 0.0080 0.9920 0.0000 0.0000
610      610   (0)    610  : 0.0000 1.0000 0.0000 0.0000
611      611   (0)    611  : 0.0856 0.8903 0.0208 0.0033
612      612   (0)    612  : 0.0090 0.9580 0.0330 0.0000
613      613   (0)    613  : 0.0000 1.0000 0.0000 0.0000
614      614   (0)    614  : 0.4328 0.5092 0.0067 0.0513
615      615   (0)    615  : 0.0000 0.9983 0.0000 0.0017
616      616   (0)    616  : 0.0010 0.9990 0.0000 0.0000
617      617   (0)    617  : 0.0120 0.9500 0.0210 0.0170
618      618   (0)    618  : 0.0000 1.0000 0.0000 0.0000
619      619   (0)    619  : 0.0225 0.4765 0.2020 0.2990
620      620   (0)    620  : 0.0033 0.9645 0.0257 0.0065
621      621   (0)    621  : 0.2980 0.4531 0.0142 0.2347
622      622   (0)    622  : 0.4740 0.0250 0.2470 0.2540
623      623   (0)    623  : 0.0000 0.0000 1.0000 0.0000
624      624   (0)    624  : 0.0000 0.9997 0.0003 0.0000
625      625   (0)    625  : 0.0000 1.0000 0.0000 0.0000
626      626   (0)    626  : 0.0000 1.0000 0.0000 0.0000
627      627   (0)    627  : 0.0000 1.0000 0.0000 0.0000
628      628   (0)    628  : 0.0000 0.9944 0.0056 0.0000
629      629   (0)    629  : 0.0000 0.9778 0.0212 0.0010
630      630   (0)    630  : 0.0000 1.0000 0.0000 0.0000
631      631   (0)    631  : 0.0264 0.0000 0.5090 0.4646
632      632   (0)    632  : 0.0000 0.0000 0.9820 0.0180
633      633   (0)    633  : 0.0028 0.0179 0.9677 0.0116
634      634   (0)    634  : 0.0000 0.0820 0.9180 0.0000
635      635   (0)    635  : 0.0042 0.0331 0.9627 0.0000
636      636   (0)    636  : 0.0000 0.0110 0.9611 0.0279
637      637   (0)    637  : 0.0000 0.0000 0.9750 0.0250
638      638   (0)    638  : 0.0085 0.0000 0.8920 0.0995
639      639   (0)    639  : 0.0000 0.0000 1.0000 0.0000
640      640   (0)    640  : 0.0000 0.0000 0.9964 0.0036
641      641   (0)    641  : 0.0000 0.0021 0.9826 0.0153
642      642   (0)    642  : 0.0000 0.0200 0.9686 0.0114
643      643   (0)    643  : 0.0000 0.0037 0.9963 0.0000
644      644   (0)    644  : 0.0000 0.0000 1.0000 0.0000
645      645   (0)    645  : 0.0000 0.4270 0.0000 0.5730
646      646   (0)    646  : 0.4150 0.4780 0.0000 0.1070
647      647   (0)    647  : 0.0011 0.9967 0.0000 0.0022
648      648   (0)    648  : 0.0000 0.9600 0.0400 0.0000
649      649   (0)    649  : 0.0000 0.9820 0.0180 0.0000
650      650   (0)    650  : 0.0000 0.9780 0.0220 0.0000
651      651   (0)    651  : 0.0117 0.9652 0.0226 0.0005
652      652   (0)    652  : 0.0000 0.0000 1.0000 0.0000
653      653   (0)    653  : 0.0000 0.9765 0.0135 0.0100
654      654   (0)    654  : 0.0000 0.0020 0.0000 0.9980
655      655   (0)    655  : 0.0050 0.0010 0.0005 0.9935
656      656   (0)    656  : 0.0000 0.4120 0.0000 0.5880
657      657   (0)    657  : 0.0525 0.8474 0.0829 0.0173
658      658   (0)    658  : 0.0865 0.8120 0.0780 0.0235
659      659   (0)    659  : 0.2466 0.6195 0.0727 0.0612
660      660   (0)    660  : 0.0900 0.8230 0.0578 0.0292
661      661   (0)    661  : 0.1020 0.7700 0.0861 0.0419
662      662   (0)    662  : 0.1505 0.7525 0.0770 0.0200
663      663   (0)    663  : 0.0620 0.8542 0.0766 0.0072
664      664   (0)    664  : 0.3399 0.5291 0.0481 0.0829
665      665   (0)    665  : 0.0190 0.0000 0.9272 0.0538
666      666   (0)    666  : 0.1270 0.0000 0.0000 0.8730
667      667   (0)    667  : 0.1051 0.0100 0.0611 0.8238
668      668   (0)    668  : 0.1122 0.0060 0.0450 0.8368
669      669   (0)    669  : 0.1392 0.0020 0.0558 0.8030
670      670   (0)    670  : 0.1780 0.0000 0.0000 0.8220
671      671   (0)    671  : 0.5053 0.0000 0.0000 0.4947
672      672   (0)    672  : 0.3625 0.0000 0.0000 0.6375
673      673   (0)    673  : 0.0680 0.0062 0.0440 0.8817
674      674   (0)    674  : 0.1700 0.0000 0.0256 0.8044
675      675   (0)    675  : 0.1730 0.0000 0.0000 0.8270
676      676   (0)    676  : 0.1520 0.0000 0.0000 0.8480
677      677   (0)    677  : 0.0907 0.0000 0.4690 0.4403
678      678   (0)    678  : 0.1489 0.0000 0.0000 0.8511
679      679   (0)    679  : 0.0331 0.0000 0.0059 0.9610
680      680   (0)    680  : 0.0000 0.0000 0.0000 1.0000
681      681   (0)    681  : 0.0763 0.0032 0.0391 0.8814
682      682   (0)    682  : 0.0300 0.4520 0.0000 0.5180
683      683   (0)    683  : 0.1337 0.0000 0.0690 0.7973
684      684   (0)    684  : 0.0000 0.0000 1.0000 0.0000
685      685   (0)    685  : 0.1308 0.0000 0.0000 0.8692
686      686   (0)    686  : 0.0000 0.0000 1.0000 0.0000
687      687   (0)    687  : 0.0205 0.0000 0.5801 0.3994
688      688   (0)    688  : 0.0010 0.8626 0.1359 0.0005
689      689   (0)    689  : 0.0380 0.0075 0.8414 0.1130
690      690   (0)    690  : 0.0005 0.9055 0.0000 0.0940
691      691   (0)    691  : 0.0220 0.0100 0.0335 0.9345
692      692   (0)    692  : 0.4860 0.0000 0.0000 0.5140
693      693   (0)    693  : 0.0060 0.9318 0.0000 0.0622
694      694   (0)    694  : 0.0000 0.9170 0.0000 0.0830
695      695   (0)    695  : 0.0000 0.9312 0.0000 0.0688
696      696   (0)    696  : 0.0999 0.0100 0.0292 0.8609
697      697   (0)    697  : 0.1019 0.0120 0.0445 0.8416
698      698   (0)    698  : 0.0000 0.0000 1.0000 0.0000
699      699   (0)    699  : 0.2570 0.0070 0.0000 0.7360
700      700   (0)    700  : 0.0000 1.0000 0.0000 0.0000
701      701   (0)    701  : 0.0545 0.3408 0.5610 0.0437
702      702   (0)    702  : 0.0000 0.9772 0.0228 0.0000
703      703   (0)    703  : 0.0427 0.0000 0.9000 0.0573
704      704   (0)    704  : 0.0000 1.0000 0.0000 0.0000
705      705   (0)    705  : 0.0000 0.9090 0.0000 0.0910
706      706   (0)    706  : 0.0268 0.0000 0.0739 0.8993
707      707   (0)    707  : 0.0560 0.3939 0.0000 0.5501
708      708   (0)    708  : 0.0000 1.0000 0.0000 0.0000
709      709   (0)    709  : 0.0000 0.0000 1.0000 0.0000
710      710   (0)    710  : 0.0420 0.0000 0.8810 0.0770
711      711   (0)    711  : 0.0209 0.0000 0.0000 0.9791
712      712   (0)    712  : 0.0080 0.0000 0.9920 0.0000
713      713   (0)    713  : 0.2338 0.0000 0.0412 0.7250
714      714   (0)    714  : 0.0791 0.1912 0.1791 0.5506
715      715   (0)    715  : 0.0000 1.0000 0.0000 0.0000
716      716   (0)    716  : 0.0018 0.0000 0.0010 0.9972
717      717   (0)    717  : 0.0000 0.8640 0.1360 0.0000
718      718   (0)    718  : 0.3169 0.0000 0.0530 0.6301
719      719   (0)    719  : 0.0268 0.8880 0.0610 0.0242
720      720   (0)    720  : 0.0000 1.0000 0.0000 0.0000
721      721   (0)    721  : 0.0000 0.9700 0.0300 0.0000
722      722   (1)    722  : 0.0000 0.0590 0.9410 0.0000
723      723   (0)    723  : 0.0000 0.9730 0.0270 0.0000
724      724   (0)    724  : 0.0000 1.0000 0.0000 0.0000
725      725   (0)    725  : 0.0254 0.9648 0.0004 0.0094
726      726   (0)    726  : 0.0141 0.8860 0.0760 0.0239
727      727   (0)    727  : 0.0063 0.9889 0.0048 0.0000
728      728   (0)    728  : 0.0548 0.1788 0.0000 0.7665
729      729   (0)    729  : 0.0000 0.9510 0.0490 0.0000
730      730   (0)    730  : 0.0000 0.9420 0.0580 0.0000
731      731   (0)    731  : 0.0050 0.1080 0.8870 0.0000
732      732   (0)    732  : 0.0000 0.0000 1.0000 0.0000
733      733   (0)    733  : 0.0000 1.0000 0.0000 0.0000
734      734   (0)    734  : 0.4990 0.0000 0.4720 0.0290
735      735   (0)    735  : 0.0008 0.9389 0.0591 0.0012
736      736   (4)    736  : 0.1249 0.0000 0.5236 0.3515
737      737   (0)    737  : 0.0000 1.0000 0.0000 0.0000
738      738   (0)    738  : 0.0030 0.9970 0.0000 0.0000
739      739   (1)    739  : 0.0050 0.0530 0.9420 0.0000
740      740   (0)    740  : 0.0000 0.9650 0.0350 0.0000
741      741   (0)    741  : 0.0000 0.9940 0.0060 0.0000
742      742   (0)    742  : 0.0073 0.2786 0.4016 0.3126
743      743   (0)    743  : 0.0000 0.0340 0.3370 0.6290
744      744   (0)    744  : 0.0002 0.0350 0.3379 0.6269
745      745   (0)    745  : 0.0440 0.2141 0.7418 0.0000
746      746   (0)    746  : 0.0005 0.0769 0.8701 0.0525
747      747   (0)    747  : 0.0000 1.0000 0.0000 0.0000
748      748   (0)    748  : 0.0040 0.9960 0.0000 0.0000
749      749   (0)    749  : 0.0900 0.0000 0.0639 0.8462
750      750   (0)    750  : 0.0390 0.0440 0.9160 0.0010
751      751   (0)    751  : 0.3390 0.6540 0.0070 0.0000
752      752   (0)    752  : 0.1100 0.7997 0.0700 0.0204
753      753   (0)    753  : 0.0980 0.7600 0.0965 0.0455
754      754   (0)    754  : 0.9908 0.0000 0.0090 0.0002
755      755   (0)    755  : 0.9836 0.0000 0.0138 0.0026
