1        1   (0)      1  : 0.0641 0.0000 0.0773 0.7527 0.1058 0.0000 0.0000
2        2   (4)      2  : 0.0000 0.0000 0.0000 0.0000 0.0000 1.0000 0.0000
3        3   (2)      3  : 0.0000 0.0000 0.0000 0.0000 0.0000 1.0000 0.0000
4        4   (2)      4  : 0.0000 0.0000 0.0000 0.0000 0.0000 1.0000 0.0000
5        5   (2)      5  : 0.0009 0.0000 0.0000 0.0000 0.0006 0.9961 0.0024
6        6   (0)      6  : 0.2293 0.0000 0.0000 0.0000 0.0030 0.0000 0.7677
7        7   (0)      7  : 0.0000 0.0000 0.0000 0.0000 0.0000 1.0000 0.0000
8        8   (0)      8  : 0.0000 0.0000 0.0000 0.0000 0.0000 1.0000 0.0000
9        9   (0)      9  : 0.0000 0.0000 0.0000 0.0000 0.0000 1.0000 0.0000
10       10   (0)     10  : 0.0000 0.0000 0.0000 0.0000 0.0000 1.0000 0.0000
11       11   (0)     11  : 0.0000 0.2390 0.4089 0.0137 0.0007 0.3377 0.0000
12       12   (0)     12  : 0.0000 0.0787 0.0000 0.0000 0.0000 0.9213 0.0000
13       13   (1)     13  : 0.0000 0.0000 0.0000 0.0000 0.0000 1.0000 0.0000
14       14   (0)     14  : 0.0000 0.0190 0.1560 0.3150 0.0000 0.5100 0.0000
15       15   (0)     15  : 0.0000 0.6500 0.0180 0.0000 0.0000 0.3320 0.0000
16       16   (0)     16  : 0.0000 0.7090 0.0000 0.0000 0.0000 0.2910 0.0000
17       17   (0)     17  : 0.0000 0.5877 0.0000 0.0000 0.0000 0.4123 0.0000
18       18   (0)     18  : 0.0089 0.2113 0.1887 0.1157 0.1344 0.3194 0.0217
19       19   (0)     19  : 0.0000 0.1320 0.0000 0.0000 0.0000 0.8680 0.0000
20       20   (0)     20  : 0.0000 0.0840 0.0474 0.0156 0.0000 0.8530 0.0000
21       21   (5)     21  : 0.6751 0.0000 0.0000 0.0000 0.0000 0.0000 0.3249
22       22   (0)     22  : 0.6982 0.0000 0.0000 0.0000 0.0000 0.0000 0.3018
23       23   (0)     23  : 0.6015 0.0000 0.0000 0.0000 0.0251 0.0000 0.3733
24       24   (0)     24  : 0.5702 0.0000 0.0000 0.0000 0.0887 0.0000 0.3410
25       25   (0)     25  : 0.2872 0.0000 0.0000 0.0000 0.0099 0.0070 0.6960
26       26   (0)     26  : 0.0766 0.0000 0.0570 0.1212 0.6536 0.0000 0.0915
27       27   (0)     27  : 0.0000 0.0000 0.0000 0.0000 0.0000 0.0000 1.0000
28       28   (0)     28  : 0.1765 0.0000 0.0000 0.0000 0.4438 0.0080 0.3717
29       29   (0)     29  : 0.1626 0.0000 0.0000 0.0000 0.4481 0.0190 0.3702
30       30   (1)     30  : 0.0000 0.0000 0.0000 0.0000 0.0216 0.0000 0.9784
31       31   (1)     31  : 0.1973 0.0000 0.0190 0.0004 0.5605 0.0000 0.2228
32       32   (1)     32  : 0.3745 0.0000 0.0000 0.0000 0.0391 0.0000 0.5863
33       33   (0)     33  : 0.1877 0.0000 0.0000 0.0000 0.2223 0.0000 0.5901
34       34   (0)     34  : 0.3454 0.0000 0.0000 0.0220 0.4279 0.0000 0.2047
35       35   (0)     35  : 0.3184 0.0000 0.0000 0.0000 0.3695 0.0160 0.2961
36       36   (0)     36  : 0.1822 0.0000 0.0000 0.0000 0.4529 0.0190 0.3459
37       37   (0)     37  : 0.4230 0.0000 0.0170 0.0000 0.3599 0.0000 0.2001
38       38   (0)     38  : 0.1519 0.0000 0.0000 0.0297 0.0957 0.0000 0.7227
39       39   (0)     39  : 0.5554 0.0000 0.0000 0.0000 0.0000 0.0009 0.4438
40       40   (0)     40  : 0.2721 0.0000 0.0120 0.0111 0.2606 0.0110 0.4331
41       41   (0)     41  : 0.2889 0.0000 0.0080 0.0780 0.0000 0.0000 0.6251
42       42   (0)     42  : 0.2237 0.0000 0.0000 0.0000 0.1101 0.0640 0.6022
43       43   (0)     43  : 0.0063 0.0000 0.0000 0.0000 0.0000 0.0000 0.9937
44       44   (0)     44  : 0.2047 0.0000 0.0000 0.0000 0.0000 0.0000 0.7953
45       45   (0)     45  : 0.2771 0.0000 0.0000 0.0000 0.0000 0.0000 0.7229
46       46   (0)     46  : 0.4088 0.0000 0.0000 0.0000 0.1733 0.0000 0.4179
47       47   (0)     47  : 0.4989 0.0000 0.0000 0.0000 0.0000 0.0000 0.5011
48       48   (0)     48  : 0.1281 0.0000 0.0000 0.0013 0.0798 0.0067 0.7840
49       49   (0)     49  : 0.9800 0.0000 0.0000 0.0000 0.0000 0.0000 0.0200
50       50   (0)     50  : 0.1540 0.0000 0.0000 0.0000 0.1909 0.0000 0.6550
51       51   (0)     51  : 0.4098 0.0000 0.0030 0.0156 0.1081 0.0000 0.4635
52       52   (0)     52  : 0.5145 0.0000 0.0000 0.0000 0.0233 0.0000 0.4622
53       53   (0)     53  : 0.5936 0.0000 0.0000 0.0000 0.0000 0.0000 0.4064
54       54   (0)     54  : 0.0617 0.0000 0.0000 0.0000 0.2063 0.0000 0.7320
55       55   (0)     55  : 0.6146 0.0000 0.0000 0.0000 0.0000 0.0000 0.3854
56       56   (0)     56  : 0.1090 0.0000 0.0000 0.0230 0.6480 0.0000 0.2199
57       57   (0)     57  : 0.2042 0.0000 0.0000 0.0000 0.4820 0.0000 0.3138
58       58   (0)     58  : 0.7300 0.0000 0.0000 0.0000 0.0000 0.0050 0.2650
59       59   (0)     59  : 0.2338 0.0000 0.0090 0.0000 0.1244 0.0000 0.6328
60       60   (0)     60  : 0.1854 0.0000 0.0000 0.0000 0.1861 0.0000 0.6284
61       61   (0)     61  : 0.3157 0.0000 0.0087 0.0700 0.0000 0.0000 0.6055
62       62   (0)     62  : 0.3264 0.0110 0.0110 0.0000 0.0241 0.0000 0.6274
63       63   (0)     63  : 0.5910 0.0000 0.0000 0.0000 0.0000 0.0000 0.4090
64       64   (0)     64  : 0.0339 0.0000 0.0000 0.0000 0.1746 0.0000 0.7916
65       65   (0)     65  : 0.1764 0.0000 0.0000 0.0000 0.0290 0.0010 0.7936
66       66   (0)     66  : 0.1562 0.0000 0.0000 0.0000 0.0954 0.0000 0.7484
67       67   (0)     67  : 0.1707 0.0000 0.0000 0.0000 0.1694 0.0000 0.6600
68       68   (0)     68  : 0.1680 0.0000 0.0040 0.0060 0.1412 0.0000 0.6808
69       69   (0)     69  : 0.3586 0.0000 0.0000 0.0000 0.0847 0.0000 0.5567
70       70   (0)     70  : 0.5985 0.0000 0.0000 0.0000 0.0073 0.0000 0.3942
71       71   (0)     71  : 0.5544 0.0000 0.0000 0.0000 0.0649 0.0010 0.3798
72       72   (0)     72  : 0.1916 0.0000 0.0000 0.0000 0.4427 0.0180 0.3477
73       73   (0)     73  : 0.4230 0.0000 0.0000 0.0000 0.0236 0.0000 0.5534
74       74   (0)     74  : 0.3438 0.0000 0.0000 0.0300 0.1608 0.0000 0.4653
75       75   (0)     75  : 0.3149 0.0000 0.0000 0.0000 0.0000 0.0000 0.6851
76       76   (0)     76  : 0.1093 0.0000 0.0270 0.1360 0.5761 0.0000 0.1516
77       77   (0)     77  : 0.0247 0.0000 0.0000 0.0000 0.0866 0.0000 0.8887
78       78   (0)     78  : 0.2897 0.0000 0.0680 0.0003 0.2879 0.0000 0.3541
79       79   (0)     79  : 0.2071 0.0000 0.0150 0.0123 0.6432 0.0000 0.1225
80       80   (0)     80  : 0.1519 0.0000 0.0000 0.0359 0.6491 0.0000 0.1631
81       81   (0)     81  : 0.3207 0.0000 0.0000 0.0080 0.0623 0.0034 0.6055
82       82   (0)     82  : 0.3030 0.0000 0.0000 0.0000 0.0000 0.0000 0.6970
83       83   (0)     83  : 0.1645 0.0000 0.0000 0.0231 0.3425 0.0000 0.4698
84       84   (0)     84  : 0.2816 0.0000 0.0000 0.0000 0.0569 0.0000 0.6616
85       85   (0)     85  : 0.2510 0.0000 0.0000 0.0000 0.0000 0.0000 0.7490
86       86   (0)     86  : 0.0000 0.0000 0.0000 0.0000 0.5439 0.0000 0.4561
87       87   (0)     87  : 0.0251 0.0000 0.0000 0.0110 0.3627 0.0000 0.6012
88       88   (0)     88  : 0.0949 0.0000 0.0000 0.0280 0.6697 0.0000 0.2074
89       89   (0)     89  : 0.2471 0.0000 0.0000 0.0000 0.0674 0.0000 0.6855
90       90   (0)     90  : 0.0013 0.0000 0.0000 0.0000 0.0000 0.0000 0.9987
91       91   (1)     91  : 0.5069 0.0000 0.0000 0.0020 0.0174 0.0000 0.4737
92       92   (0)     92  : 0.7429 0.0000 0.0000 0.0000 0.0000 0.0000 0.2571
93       93   (0)     93  : 0.5537 0.0000 0.0000 0.0000 0.1009 0.0060 0.3394
94       94   (0)     94  : 0.3547 0.0000 0.0000 0.0000 0.2001 0.0000 0.4452
95       95   (0)     95  : 0.1303 0.0000 0.0000 0.0310 0.5971 0.0000 0.2417
96       96   (0)     96  : 0.1606 0.0000 0.0000 0.0100 0.1488 0.0000 0.6806
97       97   (0)     97  : 0.4619 0.0000 0.0000 0.0000 0.0250 0.0000 0.5131
98       98   (2)     98  : 0.2231 0.0000 0.0000 0.0000 0.3831 0.0050 0.3888
99       99   (0)     99  : 0.4971 0.0000 0.0000 0.0000 0.0000 0.0026 0.5003
100      100   (0)    100  : 0.6300 0.0000 0.0000 0.0000 0.0007 0.0000 0.3693
101      101   (0)    101  : 0.0004 0.5039 0.4566 0.0087 0.0000 0.0214 0.0089
102      102   (1)    102  : 0.0000 0.0000 0.0000 0.0000 0.0000 1.0000 0.0000
103      103   (0)    103  : 0.6680 0.0000 0.0230 0.0000 0.0894 0.0000 0.2196
104      104   (0)    104  : 0.0583 0.0000 0.0000 0.0000 0.0000 0.0000 0.9417
105      105   (0)    105  : 0.0000 0.0000 0.9940 0.0000 0.0000 0.0060 0.0000
106      106   (0)    106  : 0.3926 0.0000 0.0000 0.0040 0.0998 0.0000 0.5036
107      107   (0)    107  : 0.6423 0.0000 0.0000 0.0000 0.0141 0.0000 0.3435
108      108   (0)    108  : 0.0519 0.0000 0.0000 0.0284 0.7184 0.0000 0.2013
109      109   (0)    109  : 0.0933 0.0000 0.0000 0.0150 0.6992 0.0000 0.1925
110      110   (0)    110  : 0.1140 0.0000 0.0000 0.0051 0.6249 0.0000 0.2560
111      111   (0)    111  : 0.1260 0.0000 0.0520 0.0820 0.5456 0.0000 0.1944
112      112   (0)    112  : 0.0076 0.0000 0.0041 0.0513 0.6055 0.0000 0.3315
113      113   (0)    113  : 0.1890 0.0000 0.0083 0.0129 0.5121 0.0000 0.2777
114      114   (0)    114  : 0.1214 0.0000 0.0000 0.0000 0.1546 0.0000 0.7240
115      115   (0)    115  : 0.9790 0.0000 0.0000 0.0000 0.0000 0.0000 0.0210
116      116   (0)    116  : 0.3245 0.0000 0.0000 0.0000 0.2504 0.0000 0.4252
117      117   (0)    117  : 0.1790 0.0000 0.0000 0.0000 0.4280 0.0000 0.3930
118      118   (0)    118  : 0.1976 0.0000 0.0070 0.0177 0.3039 0.0110 0.4629
119      119   (0)    119  : 0.1684 0.0000 0.0000 0.0400 0.1580 0.0000 0.6336
120      120   (0)    120  : 0.1858 0.0000 0.0000 0.0726 0.3093 0.0000 0.4323
121      121   (0)    121  : 0.0772 0.0000 0.0000 0.2610 0.5145 0.0000 0.1473
122      122   (0)    122  : 0.4012 0.0000 0.0000 0.0000 0.2765 0.0000 0.3223
123      123   (0)    123  : 0.3955 0.0000 0.0000 0.0000 0.2029 0.0000 0.4015
124      124   (0)    124  : 0.1951 0.0000 0.0000 0.0000 0.5099 0.0000 0.2950
125      125   (0)    125  : 0.6759 0.0000 0.0000 0.0000 0.0006 0.0000 0.3236
126      126   (0)    126  : 0.2811 0.0000 0.0000 0.0000 0.6156 0.0000 0.1033
127      127   (0)    127  : 0.3907 0.0000 0.0000 0.0000 0.2407 0.0000 0.3686
128      128   (0)    128  : 0.4976 0.0000 0.0000 0.0000 0.1795 0.0000 0.3229
129      129   (0)    129  : 0.1941 0.0000 0.0111 0.0304 0.6350 0.0000 0.1293
130      130   (0)    130  : 0.2480 0.0000 0.0000 0.0023 0.0114 0.0000 0.7382
131      131   (0)    131  : 0.1056 0.0000 0.0000 0.0000 0.4000 0.0000 0.4944
132      132   (0)    132  : 0.2986 0.0000 0.0000 0.0000 0.0000 0.0000 0.7014
133      133   (0)    133  : 0.0959 0.0000 0.0300 0.1091 0.5077 0.0000 0.2573
134      134   (0)    134  : 0.2459 0.0000 0.0000 0.0000 0.2282 0.0000 0.5259
135      135   (0)    135  : 0.1829 0.0000 0.0046 0.1119 0.3813 0.0000 0.3193
136      136   (0)    136  : 0.0007 0.0000 0.0000 0.0069 0.2698 0.0000 0.7226
137      137   (0)    137  : 0.5540 0.0000 0.0000 0.0000 0.0317 0.0000 0.4143
138      138   (0)    138  : 0.1891 0.0000 0.0000 0.0000 0.4682 0.0000 0.3427
139      139   (0)    139  : 0.0389 0.0000 0.0000 0.0000 0.0223 0.0000 0.9389
140      140   (0)    140  : 0.6071 0.0000 0.0000 0.0000 0.0000 0.0000 0.3929
141      141   (0)    141  : 0.1279 0.0000 0.0000 0.0210 0.6834 0.0000 0.1677
142      142   (0)    142  : 0.3235 0.0000 0.0000 0.0000 0.0280 0.0000 0.6485
143      143   (0)    143  : 0.0553 0.0000 0.0000 0.0000 0.7301 0.0000 0.2146
144      144   (0)    144  : 0.1473 0.0000 0.0626 0.1079 0.5238 0.0000 0.1585
145      145   (0)    145  : 0.2496 0.0000 0.0290 0.0821 0.5284 0.0000 0.1109
146      146   (0)    146  : 0.1443 0.0000 0.0150 0.1755 0.4602 0.0000 0.2050
147      147   (0)    147  : 0.0914 0.0000 0.0120 0.0000 0.3754 0.0120 0.5091
148      148   (0)    148  : 0.1916 0.0000 0.0150 0.0000 0.5579 0.0000 0.2356
149      149   (0)    149  : 0.5860 0.0000 0.0084 0.0056 0.1081 0.0000 0.2919
150      150   (0)    150  : 0.2221 0.0000 0.0050 0.0000 0.2268 0.0000 0.5460
151      151   (0)    151  : 0.0000 0.0000 0.0000 0.0000 0.5405 0.0000 0.4595
152      152   (0)    152  : 0.0010 0.0000 0.0000 0.0000 0.2794 0.0000 0.7196
153      153   (0)    153  : 0.0001 0.0000 0.0000 0.0000 0.5577 0.0000 0.4422
154      154   (0)    154  : 0.7925 0.0000 0.0000 0.0000 0.0826 0.0000 0.1250
155      155   (0)    155  : 0.4162 0.0000 0.0000 0.0000 0.2187 0.0000 0.3651
156      156   (0)    156  : 0.5116 0.0000 0.0000 0.0000 0.4026 0.0000 0.0859
157      157   (0)    157  : 0.2889 0.0000 0.0000 0.0371 0.4521 0.0000 0.2219
158      158   (0)    158  : 0.5447 0.0000 0.0000 0.0000 0.2298 0.0000 0.2255
159      159   (0)    159  : 0.5310 0.0000 0.0000 0.0007 0.2043 0.0020 0.2620
160      160   (0)    160  : 0.0151 0.0000 0.0059 0.3338 0.2112 0.0000 0.4341
161      161   (0)    161  : 0.8284 0.0000 0.0000 0.0000 0.0001 0.0000 0.1715
162      162   (0)    162  : 0.4121 0.0000 0.0000 0.0087 0.1637 0.0000 0.4155
163      163   (0)    163  : 0.1877 0.0000 0.0000 0.0000 0.1437 0.0000 0.6685
164      164   (0)    164  : 0.5769 0.0000 0.0000 0.0160 0.1426 0.0020 0.2625
165      165   (0)    165  : 0.3550 0.0000 0.0000 0.0000 0.0644 0.0000 0.5806
166      166   (0)    166  : 0.3313 0.0000 0.0780 0.0004 0.0000 0.0000 0.5902
167      167   (0)    167  : 0.3020 0.0000 0.0000 0.0990 0.0049 0.0000 0.5941
168      168   (0)    168  : 0.0879 0.0000 0.0000 0.0030 0.6539 0.0000 0.2551
169      169   (0)    169  : 0.3311 0.0000 0.0110 0.0000 0.1286 0.0000 0.5294
170      170   (0)    170  : 0.5008 0.0000 0.0160 0.0013 0.2138 0.0027 0.2655
171      171   (0)    171  : 0.0269 0.0044 0.0000 0.0180 0.0091 0.1794 0.7621
172      172   (0)    172  : 0.0013 0.0000 0.0000 0.0000 0.0491 0.0000 0.9496
173      173   (0)    173  : 0.0917 0.0000 0.0000 0.0000 0.1508 0.0040 0.7535
174      174   (0)    174  : 0.4217 0.0000 0.0000 0.1941 0.1887 0.0000 0.1955
175      175   (0)    175  : 0.3847 0.0000 0.0000 0.0000 0.0319 0.0030 0.5805
176      176   (0)    176  : 0.4861 0.0000 0.0000 0.0070 0.0431 0.0153 0.4485
177      177   (0)    177  : 0.1330 0.0000 0.0013 0.0009 0.1339 0.0000 0.7310
178      178   (0)    178  : 0.1780 0.0000 0.0260 0.0083 0.5062 0.0000 0.2815
179      179   (0)    179  : 0.5691 0.0000 0.0000 0.0000 0.0000 0.0000 0.4309
180      180   (0)    180  : 0.1861 0.0000 0.0000 0.0000 0.0614 0.0070 0.7455
181      181   (0)    181  : 0.5174 0.0000 0.0130 0.0000 0.0926 0.0000 0.3771
182      182   (0)    182  : 0.1108 0.0000 0.0000 0.0370 0.7017 0.0020 0.1485
183      183   (0)    183  : 0.0616 0.0000 0.0000 0.0000 0.1534 0.0000 0.7850
184      184   (0)    184  : 0.0453 0.0000 0.0000 0.0000 0.3381 0.0000 0.6166
185      185   (0)    185  : 0.2081 0.0110 0.0330 0.0581 0.1661 0.1239 0.3998
186      186   (0)    186  : 0.0444 0.0000 0.0010 0.0003 0.1294 0.0050 0.8199
187      187   (0)    187  : 0.4141 0.0000 0.0000 0.0319 0.0367 0.0000 0.5174
188      188   (0)    188  : 0.0547 0.0000 0.0000 0.0000 0.0420 0.0000 0.9033
189      189   (0)    189  : 0.0446 0.0000 0.0020 0.0447 0.7487 0.0000 0.1600
190      190   (0)    190  : 0.3041 0.0000 0.0056 0.0000 0.3301 0.0100 0.3502
191      191   (0)    191  : 0.2025 0.0087 0.0243 0.0624 0.3611 0.2040 0.1370
192      192   (0)    192  : 0.1914 0.0000 0.0424 0.0000 0.5423 0.0000 0.2239
193      193   (0)    193  : 0.1643 0.0000 0.0170 0.0000 0.4985 0.0000 0.3202
194      194   (0)    194  : 0.4355 0.0001 0.0009 0.0109 0.2386 0.0000 0.3140
195      195   (0)    195  : 0.0510 0.0000 0.0000 0.0001 0.2168 0.0000 0.7321
196      196   (0)    196  : 0.8428 0.0000 0.0000 0.0000 0.0000 0.0000 0.1572
197      197   (0)    197  : 0.0000 0.0000 0.2478 0.0808 0.4004 0.0000 0.2711
198      198   (0)    198  : 0.6771 0.0000 0.0000 0.0000 0.0000 0.0000 0.3229
199      199   (0)    199  : 0.2950 0.0000 0.0450 0.0652 0.2883 0.0000 0.3065
200      200   (0)    200  : 0.3700 0.0000 0.0080 0.0353 0.1910 0.0020 0.3937
201      201   (0)    201  : 0.0311 0.0000 0.0270 0.0513 0.5906 0.0000 0.3000
202      202   (0)    202  : 0.3295 0.0000 0.0000 0.0000 0.0239 0.0000 0.6466
203      203   (0)    203  : 0.1450 0.0000 0.0244 0.0103 0.6055 0.0000 0.2147
204      204   (0)    204  : 0.4623 0.0000 0.0000 0.0000 0.0217 0.0087 0.5073
205      205   (0)    205  : 0.9210 0.0000 0.0000 0.0000 0.0000 0.0000 0.0790
206      206   (0)    206  : 0.8094 0.0000 0.0000 0.0000 0.0000 0.0000 0.1906
207      207   (0)    207  : 0.2730 0.0000 0.0000 0.0000 0.0640 0.0000 0.6630
208      208   (0)    208  : 0.3505 0.0000 0.0000 0.0000 0.0344 0.0000 0.6151
209      209   (0)    209  : 0.0341 0.0000 0.0000 0.0000 0.0389 0.0000 0.9270
210      210   (1)    210  : 0.0000 0.0000 0.0000 0.0000 0.0000 1.0000 0.0000
211      211   (0)    211  : 0.2595 0.0000 0.0000 0.0000 0.2120 0.0070 0.5215
212      212   (0)    212  : 0.9716 0.0000 0.0000 0.0000 0.0000 0.0000 0.0284
213      213   (0)    213  : 0.6109 0.0000 0.0000 0.0000 0.0000 0.0000 0.3891
214      214   (2)    214  : 0.0010 0.0000 0.0000 0.8161 0.1337 0.0000 0.0491
215      215   (0)    215  : 0.0363 0.0000 0.0000 0.7460 0.1963 0.0000 0.0214
216      216   (0)    216  : 0.2663 0.0000 0.0000 0.0000 0.0626 0.0000 0.6711
217      217   (2)    217  : 0.0406 0.0000 0.0000 0.7381 0.2206 0.0000 0.0007
218      218   (1)    218  : 0.0206 0.0000 0.0179 0.8112 0.1140 0.0357 0.0007
219      219   (2)    219  : 0.0000 0.0000 0.1870 0.0000 0.0000 0.8130 0.0000
220      220   (1)    220  : 0.0000 0.0000 0.0000 1.0000 0.0000 0.0000 0.0000
221      221   (1)    221  : 0.0254 0.0000 0.0174 0.7279 0.1790 0.0000 0.0503
222      222   (0)    222  : 0.0886 0.0000 0.0000 0.4863 0.1798 0.0000 0.2454
223      223   (0)    223  : 0.0344 0.0000 0.0000 0.1833 0.5939 0.0000 0.1883
224      224   (0)    224  : 0.3369 0.0000 0.0000 0.0000 0.2786 0.0000 0.3846
225      225   (0)    225  : 0.1672 0.0000 0.0000 0.0160 0.6312 0.0000 0.1856
226      226   (0)    226  : 0.0667 0.0000 0.0110 0.0000 0.4126 0.0000 0.5096
227      227   (0)    227  : 0.3438 0.0000 0.0004 0.0732 0.0004 0.0000 0.5822
228      228   (0)    228  : 0.5356 0.0000 0.0284 0.1140 0.0865 0.0060 0.2295
229      229   (0)    229  : 0.5369 0.0000 0.0000 0.0000 0.0000 0.0000 0.4631
230      230   (0)    230  : 0.2594 0.0000 0.0000 0.0000 0.1460 0.0000 0.5946
231      231   (0)    231  : 0.6385 0.0000 0.0000 0.0000 0.0000 0.0000 0.3615
232      232   (0)    232  : 0.7220 0.0000 0.0000 0.0000 0.0000 0.0000 0.2780
233      233   (0)    233  : 0.1995 0.0000 0.0000 0.0000 0.0833 0.0000 0.7172
234      234  (21)    234  : 0.5248 0.0000 0.0000 0.0000 0.0389 0.0000 0.4363
235      235  (12)    235  : 0.5480 0.0000 0.0000 0.0000 0.0000 0.0000 0.4520
236      236   (3)    236  : 0.6739 0.0000 0.0000 0.0000 0.2410 0.0000 0.0851
237      237   (7)    237  : 0.9370 0.0000 0.0027 0.0000 0.0584 0.0000 0.0019
238      238   (3)    238  : 0.8496 0.0000 0.0000 0.0000 0.0494 0.0000 0.1010
239      239   (2)    239  : 0.6975 0.0000 0.0000 0.0000 0.1107 0.0000 0.1918
240      240   (3)    240  : 0.8939 0.0000 0.0000 0.0000 0.1056 0.0000 0.0006
241      241   (1)    241  : 0.8716 0.0000 0.0000 0.0000 0.0020 0.0000 0.1264
242      242   (3)    242  : 0.9423 0.0000 0.0030 0.0000 0.0539 0.0000 0.0009
243      243   (2)    243  : 0.5006 0.0000 0.0000 0.0136 0.2633 0.0001 0.2224
244      244   (3)    244  : 0.7670 0.0000 0.0000 0.0000 0.0000 0.0000 0.2330
245      245  (15)    245  : 0.6549 0.0000 0.0000 0.0413 0.3034 0.0000 0.0004
246      246   (3)    246  : 0.8444 0.0000 0.0000 0.0000 0.1556 0.0000 0.0000
247      247   (3)    247  : 0.6119 0.0000 0.0000 0.0000 0.3881 0.0000 0.0000
248      248   (3)    248  : 0.1970 0.0000 0.0066 0.0000 0.6716 0.0000 0.1249
249      249   (3)    249  : 0.4997 0.0000 0.0000 0.0000 0.4073 0.0000 0.0930
250      250   (2)    250  : 0.4544 0.0000 0.0000 0.0000 0.4806 0.0000 0.0650
251      251   (3)    251  : 0.9257 0.0000 0.0000 0.0000 0.0743 0.0000 0.0000
252      252   (4)    252  : 0.8101 0.0000 0.0000 0.0000 0.1300 0.0000 0.0599
253      253   (4)    253  : 0.3531 0.0000 0.0000 0.0000 0.4782 0.0000 0.1687
254      254   (2)    254  : 0.7106 0.0000 0.0000 0.0000 0.1262 0.0000 0.1632
255      255  (13)    255  : 0.5927 0.0000 0.0000 0.0000 0.3655 0.0000 0.0419
256      256   (2)    256  : 0.9991 0.0000 0.0000 0.0000 0.0000 0.0000 0.0009
257      257   (3)    257  : 0.9462 0.0000 0.0000 0.0000 0.0480 0.0000 0.0059
258      258   (4)    258  : 0.9480 0.0000 0.0000 0.0000 0.0000 0.0000 0.0520
259      259   (5)    259  : 0.7157 0.0000 0.0000 0.0000 0.0000 0.0000 0.2843
260      260   (4)    260  : 0.7914 0.0000 0.0000 0.0000 0.0883 0.0000 0.1203
261      261   (3)    261  : 0.6944 0.0000 0.0000 0.0040 0.2389 0.0000 0.0627
262      262   (3)    262  : 0.8122 0.0000 0.0000 0.0000 0.0000 0.0000 0.1878
263      263   (5)    263  : 0.7606 0.0000 0.0000 0.0000 0.2367 0.0000 0.0027
264      264   (7)    264  : 0.7483 0.0000 0.0000 0.0000 0.0756 0.0000 0.1761
265      265   (1)    265  : 0.9179 0.0000 0.0000 0.0000 0.0541 0.0000 0.0280
266      266   (5)    266  : 0.9941 0.0000 0.0000 0.0000 0.0003 0.0000 0.0056
267      267   (1)    267  : 0.8309 0.0000 0.0000 0.0000 0.0000 0.0000 0.1691
268      268   (1)    268  : 0.6649 0.0000 0.0000 0.0000 0.3035 0.0000 0.0316
269      269   (8)    269  : 0.0891 0.0000 0.0000 0.0190 0.6824 0.0000 0.2094
270      270   (4)    270  : 0.2154 0.0000 0.0000 0.0000 0.4633 0.0000 0.3213
271      271   (1)    271  : 0.6900 0.0000 0.0000 0.0000 0.0000 0.0000 0.3100
272      272   (1)    272  : 0.6232 0.0000 0.0000 0.0000 0.3331 0.0000 0.0437
273      273   (4)    273  : 0.4561 0.0000 0.0060 0.0114 0.4279 0.0000 0.0986
274      274   (1)    274  : 0.6289 0.0000 0.0000 0.0003 0.2451 0.0000 0.1257
275      275   (1)    275  : 0.1770 0.0000 0.0000 0.0170 0.6102 0.0000 0.1957
276      276   (3)    276  : 0.1190 0.0000 0.0000 0.0067 0.6303 0.0000 0.2440
277      277   (2)    277  : 0.9601 0.0000 0.0000 0.0000 0.0357 0.0000 0.0041
278      278   (1)    278  : 0.7967 0.0000 0.0000 0.0000 0.0000 0.0000 0.2033
279      279   (3)    279  : 0.4846 0.0000 0.0000 0.0000 0.1132 0.0000 0.4022
280      280   (3)    280  : 0.4846 0.0000 0.0000 0.0000 0.1133 0.0000 0.4021
281      281   (2)    281  : 0.8030 0.0000 0.0000 0.0000 0.1307 0.0000 0.0663
282      282   (2)    282  : 0.7249 0.0000 0.0000 0.0000 0.0003 0.0000 0.2748
283      283   (2)    283  : 0.7591 0.0000 0.0000 0.0000 0.2063 0.0000 0.0346
284      284   (3)    284  : 0.7791 0.0000 0.0000 0.0000 0.0004 0.0000 0.2205
285      285   (4)    285  : 0.9005 0.0000 0.0000 0.0000 0.0739 0.0010 0.0246
286      286   (2)    286  : 0.7704 0.0000 0.0000 0.0000 0.1217 0.0000 0.1079
287      287   (0)    287  : 0.7897 0.0000 0.0000 0.0000 0.0000 0.0000 0.2103
288      288   (1)    288  : 0.9103 0.0000 0.0000 0.0000 0.0000 0.0000 0.0897
289      289   (2)    289  : 0.9047 0.0000 0.0000 0.0000 0.0000 0.0000 0.0953
290      290   (8)    290  : 0.7686 0.0000 0.0000 0.0000 0.0000 0.0000 0.2314
291      291   (2)    291  : 0.9820 0.0000 0.0000 0.0000 0.0180 0.0000 0.0000
292      292   (4)    292  : 0.8284 0.0000 0.0000 0.0000 0.1716 0.0000 0.0000
293      293   (0)    293  : 1.0000 0.0000 0.0000 0.0000 0.0000 0.0000 0.0000
294      294   (3)    294  : 0.9966 0.0000 0.0000 0.0000 0.0000 0.0000 0.0034
295      295   (2)    295  : 0.8614 0.0000 0.0000 0.0000 0.1238 0.0000 0.0147
296      296   (2)    296  : 0.9433 0.0000 0.0000 0.0000 0.0567 0.0000 0.0000
297      297   (4)    297  : 0.9890 0.0000 0.0000 0.0000 0.0110 0.0000 0.0000
298      298   (3)    298  : 0.8609 0.0000 0.0000 0.0000 0.0197 0.0000 0.1194
299      299   (4)    299  : 0.8108 0.0000 0.0000 0.0000 0.1816 0.0000 0.0076
300      300   (2)    300  : 0.9718 0.0000 0.0000 0.0000 0.0282 0.0000 0.0000
301      301   (2)    301  : 0.9080 0.0000 0.0000 0.0000 0.0796 0.0000 0.0124
302      302   (1)    302  : 0.8330 0.0000 0.0000 0.0000 0.0604 0.0000 0.1066
303      303   (0)    303  : 0.8242 0.0000 0.0000 0.0000 0.0743 0.0000 0.1015
304      304   (2)    304  : 0.5643 0.0000 0.0000 0.0000 0.4353 0.0000 0.0004
305      305   (2)    305  : 0.5647 0.0000 0.0000 0.0000 0.4352 0.0000 0.0001
306      306   (1)    306  : 0.3061 0.0000 0.0160 0.0000 0.4446 0.0000 0.2333
307      307   (1)    307  : 0.8367 0.0000 0.0000 0.0000 0.0004 0.0000 0.1629
308      308   (8)    308  : 0.4919 0.0000 0.0000 0.0000 0.4659 0.0000 0.0423
309      309   (3)    309  : 0.7633 0.0000 0.0000 0.0000 0.0723 0.0000 0.1644
310      310   (2)    310  : 0.7026 0.0000 0.0000 0.0000 0.0000 0.0000 0.2974
311      311   (3)    311  : 0.8711 0.0000 0.0000 0.0000 0.0744 0.0000 0.0544
312      312   (2)    312  : 0.9311 0.0000 0.0000 0.0000 0.0689 0.0000 0.0000
313      313   (3)    313  : 0.6846 0.0000 0.0000 0.0000 0.0000 0.0000 0.3154
314      314   (6)    314  : 0.9351 0.0000 0.0000 0.0000 0.0000 0.0000 0.0649
315      315   (5)    315  : 1.0000 0.0000 0.0000 0.0000 0.0000 0.0000 0.0000
316      316   (2)    316  : 0.9223 0.0000 0.0000 0.0000 0.0764 0.0000 0.0013
317      317   (1)    317  : 0.8523 0.0000 0.0000 0.0000 0.1447 0.0030 0.0000
318      318   (1)    318  : 0.9866 0.0000 0.0000 0.0000 0.0000 0.0000 0.0134
319      319   (1)    319  : 0.6120 0.0000 0.0000 0.0000 0.0906 0.0000 0.2974
320      320   (1)    320  : 0.7365 0.0000 0.0000 0.0000 0.0000 0.0000 0.2635
321      321   (3)    321  : 1.0000 0.0000 0.0000 0.0000 0.0000 0.0000 0.0000
322      322   (3)    322  : 0.9487 0.0000 0.0000 0.0000 0.0513 0.0000 0.0000
323      323   (4)    323  : 0.8636 0.0000 0.0000 0.0000 0.0000 0.0000 0.1364
324      324   (5)    324  : 0.3317 0.0000 0.0000 0.0000 0.3783 0.0000 0.2900
325      325   (3)    325  : 0.2390 0.0000 0.0000 0.0000 0.3989 0.0000 0.3621
326      326   (2)    326  : 0.8814 0.0000 0.0000 0.0000 0.1186 0.0000 0.0000
327      327   (2)    327  : 0.6536 0.0000 0.0000 0.0000 0.3464 0.0000 0.0000
328      328   (1)    328  : 0.7015 0.0000 0.0000 0.0000 0.1859 0.0000 0.1126
329      329   (6)    329  : 1.0000 0.0000 0.0000 0.0000 0.0000 0.0000 0.0000
330      330   (4)    330  : 0.8697 0.0000 0.0000 0.0000 0.0000 0.0000 0.1303
331      331   (2)    331  : 0.4802 0.0000 0.0000 0.0000 0.3002 0.0000 0.2195
332      332   (3)    332  : 0.3699 0.0000 0.0000 0.0000 0.4623 0.0000 0.1678
333      333   (1)    333  : 0.8482 0.0000 0.0000 0.0000 0.1518 0.0000 0.0000
334      334   (3)    334  : 0.8599 0.0000 0.0000 0.0000 0.1401 0.0000 0.0000
335      335   (1)    335  : 0.1695 0.0000 0.0000 0.0000 0.7679 0.0000 0.0626
336      336   (6)    336  : 0.8916 0.0000 0.0000 0.0000 0.0637 0.0000 0.0447
337      337   (2)    337  : 0.4270 0.0000 0.0000 0.0000 0.2169 0.0000 0.3561
338      338   (2)    338  : 0.8644 0.0000 0.0000 0.0000 0.0000 0.0000 0.1356
339      339   (4)    339  : 0.4954 0.0000 0.0000 0.0000 0.4801 0.0000 0.0244
340      340   (2)    340  : 0.7224 0.0000 0.0000 0.0000 0.1381 0.0000 0.1394
341      341   (3)    341  : 0.9321 0.0000 0.0000 0.0000 0.0000 0.0000 0.0679
342      342   (3)    342  : 0.8351 0.0000 0.0000 0.0000 0.0954 0.0000 0.0694
343      343   (3)    343  : 0.6775 0.0000 0.0000 0.0000 0.0000 0.0000 0.3225
344      344   (1)    344  : 0.9236 0.0000 0.0000 0.0000 0.0000 0.0000 0.0764
345      345   (3)    345  : 0.3875 0.0000 0.0000 0.0170 0.5211 0.0000 0.0743
346      346   (1)    346  : 0.7814 0.0000 0.0004 0.0034 0.0000 0.0000 0.2147
347      347   (7)    347  : 0.4851 0.0000 0.0000 0.0434 0.3814 0.0000 0.0901
348      348   (5)    348  : 0.6770 0.0000 0.0000 0.0000 0.0306 0.0000 0.2925
349      349   (2)    349  : 0.7302 0.0000 0.0000 0.0120 0.2409 0.0000 0.0169
350      350   (0)    350  : 0.7987 0.0000 0.0000 0.0046 0.1063 0.0000 0.0904
351      351   (2)    351  : 0.1189 0.0000 0.0000 0.0000 0.7670 0.0000 0.1141
352      352   (2)    352  : 0.8680 0.0000 0.0000 0.0000 0.0000 0.0000 0.1320
353      353   (4)    353  : 0.8170 0.0000 0.0000 0.0000 0.0000 0.0000 0.1830
354      354   (4)    354  : 0.5858 0.0000 0.0000 0.0110 0.2777 0.0060 0.1195
355      355   (6)    355  : 0.6584 0.0000 0.0000 0.0080 0.2226 0.0000 0.1110
356      356   (1)    356  : 0.3748 0.0000 0.0000 0.0274 0.5957 0.0000 0.0021
357      357   (1)    357  : 1.0000 0.0000 0.0000 0.0000 0.0000 0.0000 0.0000
358      358   (0)    358  : 0.5425 0.0000 0.0000 0.0000 0.3550 0.0000 0.1025
359      359   (3)    359  : 0.4029 0.0000 0.0000 0.0000 0.4555 0.0000 0.1416
360      360   (1)    360  : 0.8297 0.0000 0.0000 0.0000 0.1690 0.0009 0.0004
361      361   (1)    361  : 0.4537 0.0000 0.0000 0.0000 0.4741 0.0000 0.0721
362      362   (4)    362  : 0.7996 0.0000 0.0000 0.0000 0.0306 0.0000 0.1698
363      363   (2)    363  : 0.8386 0.0000 0.0000 0.0000 0.1103 0.0000 0.0511
364      364   (4)    364  : 0.8078 0.0000 0.0000 0.0000 0.0283 0.0000 0.1639
365      365   (3)    365  : 0.2365 0.0000 0.0000 0.0000 0.6175 0.0000 0.1460
366      366   (4)    366  : 0.3172 0.0000 0.0000 0.0000 0.6068 0.0000 0.0760
367      367   (4)    367  : 0.2823 0.0000 0.0000 0.0000 0.6461 0.0000 0.0716
368      368   (5)    368  : 0.2312 0.0000 0.0000 0.0100 0.6113 0.0000 0.1475
369      369   (3)    369  : 0.8076 0.0000 0.0000 0.0000 0.0000 0.0000 0.1924
370      370   (0)    370  : 0.3589 0.0000 0.0000 0.0000 0.5321 0.0000 0.1089
371      371   (3)    371  : 0.8570 0.0000 0.0000 0.0000 0.0290 0.0000 0.1140
372      372   (2)    372  : 0.4268 0.0000 0.0000 0.0000 0.3001 0.0000 0.2731
373      373   (7)    373  : 0.8817 0.0000 0.0000 0.0000 0.0973 0.0000 0.0210
374      374   (6)    374  : 0.9690 0.0000 0.0000 0.0000 0.0284 0.0000 0.0026
375      375   (1)    375  : 0.8330 0.0000 0.0000 0.0000 0.1299 0.0000 0.0372
376      376   (1)    376  : 0.7123 0.0000 0.0000 0.0000 0.2394 0.0000 0.0483
377      377   (1)    377  : 0.6324 0.0000 0.0000 0.0000 0.2575 0.0000 0.1102
378      378   (1)    378  : 0.7579 0.0000 0.0000 0.0000 0.0785 0.0000 0.1636
379      379   (2)    379  : 0.7866 0.0000 0.0000 0.0000 0.1106 0.0000 0.1028
380      380   (2)    380  : 0.6851 0.0000 0.0000 0.0010 0.0910 0.0000 0.2229
381      381   (6)    381  : 0.8588 0.0000 0.0000 0.0000 0.0410 0.0000 0.1002
382      382   (1)    382  : 0.8707 0.0000 0.0000 0.0000 0.0899 0.0000 0.0394
383      383   (3)    383  : 0.8231 0.0000 0.0000 0.0000 0.0994 0.0000 0.0774
384      384   (5)    384  : 0.7967 0.0000 0.0000 0.0040 0.1993 0.0000 0.0000
385      385   (2)    385  : 0.8350 0.0000 0.0000 0.0000 0.1236 0.0000 0.0414
386      386   (3)    386  : 0.6050 0.0000 0.0000 0.0040 0.2654 0.0000 0.1256
387      387   (3)    387  : 0.7527 0.0000 0.0000 0.0000 0.1069 0.0000 0.1404
388      388   (1)    388  : 0.7651 0.0000 0.0000 0.0000 0.1287 0.0000 0.1061
389      389   (2)    389  : 0.7413 0.0000 0.0000 0.0004 0.0760 0.0000 0.1823
390      390   (3)    390  : 0.8801 0.0000 0.0000 0.0000 0.0476 0.0000 0.0723
391      391   (4)    391  : 0.5266 0.0000 0.0000 0.0000 0.3698 0.0000 0.1036
392      392   (3)    392  : 0.6710 0.0000 0.0000 0.0000 0.2444 0.0000 0.0846
393      393   (6)    393  : 0.8559 0.0000 0.0000 0.0000 0.0000 0.0000 0.1441
394      394   (4)    394  : 0.1037 0.0000 0.0000 0.0000 0.8823 0.0000 0.0140
395      395   (4)    395  : 0.8621 0.0000 0.0000 0.0000 0.1170 0.0000 0.0209
396      396   (6)    396  : 0.9220 0.0000 0.0000 0.0009 0.0731 0.0040 0.0000
397      397   (6)    397  : 0.8953 0.0000 0.0000 0.0000 0.0313 0.0000 0.0734
398      398   (6)    398  : 0.6309 0.0000 0.0000 0.0000 0.3271 0.0000 0.0420
399      399  (10)    399  : 0.3753 0.0000 0.0000 0.0000 0.6189 0.0000 0.0059
400      400   (3)    400  : 0.3345 0.0000 0.0000 0.0000 0.5491 0.0000 0.1164
401      401   (2)    401  : 0.6303 0.0000 0.0000 0.0000 0.3027 0.0000 0.0670
402      402   (3)    402  : 0.5277 0.0000 0.0000 0.0000 0.2609 0.0000 0.2114
403      403   (3)    403  : 0.2092 0.0000 0.0000 0.0000 0.7035 0.0000 0.0873
404      404   (2)    404  : 0.8626 0.0000 0.0000 0.0000 0.1374 0.0000 0.0000
405      405   (5)    405  : 0.6342 0.0000 0.0000 0.0000 0.3658 0.0000 0.0000
406      406   (3)    406  : 0.6927 0.0000 0.0000 0.0000 0.2120 0.0000 0.0953
407      407   (3)    407  : 0.7637 0.0000 0.0000 0.0000 0.0863 0.0000 0.1500
408      408   (2)    408  : 0.5146 0.0000 0.0000 0.0000 0.4759 0.0000 0.0094
409      409   (2)    409  : 0.8921 0.0000 0.0000 0.0000 0.0000 0.0000 0.1079
410      410   (3)    410  : 0.7963 0.0000 0.0000 0.0000 0.1728 0.0000 0.0309
411      411   (3)    411  : 0.1973 0.0000 0.0000 0.0000 0.7043 0.0000 0.0984
412      412   (3)    412  : 0.5694 0.0000 0.0000 0.0000 0.4038 0.0000 0.0269
413      413   (2)    413  : 0.5955 0.0000 0.0000 0.0000 0.0903 0.0000 0.3142
414      414   (2)    414  : 0.2335 0.0000 0.0000 0.0000 0.6918 0.0000 0.0747
415      415   (1)    415  : 0.4841 0.0000 0.0000 0.0000 0.4291 0.0000 0.0867
416      416   (5)    416  : 0.4337 0.0000 0.0000 0.0000 0.4421 0.0000 0.1241
417      417   (1)    417  : 0.3741 0.0000 0.0000 0.0000 0.5520 0.0000 0.0739
418      418   (2)    418  : 0.3416 0.0000 0.0000 0.0000 0.5488 0.0000 0.1096
419      419   (2)    419  : 0.8617 0.0000 0.0000 0.0000 0.0000 0.0000 0.1383
420      420   (4)    420  : 0.9644 0.0000 0.0000 0.0000 0.0303 0.0000 0.0053
421      421   (3)    421  : 0.5773 0.0000 0.0000 0.0000 0.2294 0.0000 0.1933
422      422   (2)    422  : 1.0000 0.0000 0.0000 0.0000 0.0000 0.0000 0.0000
423      423   (3)    423  : 0.9460 0.0000 0.0000 0.0000 0.0501 0.0000 0.0039
424      424   (2)    424  : 0.9473 0.0000 0.0000 0.0000 0.0000 0.0000 0.0527
425      425   (1)    425  : 0.9527 0.0000 0.0000 0.0000 0.0263 0.0000 0.0210
426      426   (2)    426  : 0.9860 0.0000 0.0000 0.0000 0.0000 0.0000 0.0140
427      427   (6)    427  : 0.9740 0.0000 0.0000 0.0000 0.0000 0.0000 0.0260
428      428   (5)    428  : 0.5166 0.0000 0.0000 0.0540 0.4267 0.0000 0.0027
429      429   (4)    429  : 0.7108 0.0000 0.0010 0.0046 0.2434 0.0000 0.0403
430      430   (3)    430  : 0.9016 0.0000 0.0000 0.0000 0.0984 0.0000 0.0000
431      431   (3)    431  : 0.9883 0.0000 0.0000 0.0000 0.0000 0.0000 0.0117
432      432   (4)    432  : 0.8400 0.0000 0.0000 0.0000 0.0942 0.0000 0.0659
433      433   (3)    433  : 0.8536 0.0000 0.0000 0.0000 0.0000 0.0000 0.1464
434      434   (4)    434  : 0.1366 0.0000 0.0000 0.0000 0.7541 0.0000 0.1093
435      435   (7)    435  : 0.6047 0.0000 0.0000 0.0000 0.2419 0.0009 0.1525
436      436   (7)    436  : 0.6088 0.0000 0.0000 0.0000 0.3898 0.0000 0.0014
437      437   (2)    437  : 0.9353 0.0000 0.0000 0.0000 0.0284 0.0000 0.0363
438      438   (3)    438  : 0.6868 0.0000 0.0000 0.0000 0.1460 0.0000 0.1672
439      439   (5)    439  : 0.6540 0.0000 0.0000 0.0000 0.0820 0.0000 0.2640
440      440   (3)    440  : 0.2687 0.0000 0.0000 0.0400 0.5072 0.0000 0.1841
441      441   (4)    441  : 0.9630 0.0000 0.0000 0.0000 0.0370 0.0000 0.0000
442      442   (3)    442  : 0.7239 0.0000 0.0000 0.0000 0.1926 0.0000 0.0836
443      443   (3)    443  : 0.8130 0.0000 0.0000 0.0000 0.0614 0.0000 0.1256
444      444   (4)    444  : 0.1464 0.0000 0.0000 0.0000 0.6603 0.0000 0.1933
445      445   (4)    445  : 0.8803 0.0000 0.0000 0.0000 0.0353 0.0000 0.0844
446      446   (1)    446  : 0.9566 0.0000 0.0000 0.0000 0.0140 0.0020 0.0274
447      447   (1)    447  : 0.8745 0.0000 0.0000 0.0000 0.0567 0.0000 0.0687
448      448   (7)    448  : 0.7593 0.0000 0.0000 0.0000 0.1906 0.0000 0.0501
449      449   (3)    449  : 0.7879 0.0010 0.0000 0.0000 0.1129 0.0000 0.0982
450      450   (1)    450  : 0.7853 0.0000 0.0000 0.0000 0.0000 0.0000 0.2147
451      451   (3)    451  : 0.8302 0.0000 0.0000 0.0000 0.0884 0.0000 0.0814
452      452   (2)    452  : 0.8514 0.0000 0.0000 0.0000 0.0404 0.0000 0.1081
453      453   (2)    453  : 0.9704 0.0000 0.0000 0.0020 0.0276 0.0000 0.0000
454      454   (2)    454  : 0.1674 0.0000 0.0000 0.0000 0.5458 0.0000 0.2868
455      455   (3)    455  : 0.1784 0.0000 0.0000 0.0000 0.6934 0.0000 0.1281
456      456   (2)    456  : 0.1283 0.0000 0.0000 0.0000 0.7261 0.0000 0.1456
457      457   (8)    457  : 0.7392 0.0000 0.0000 0.0000 0.2271 0.0000 0.0337
458      458   (1)    458  : 0.6207 0.0000 0.0000 0.0000 0.3791 0.0000 0.0001
459      459   (1)    459  : 0.3046 0.0000 0.0000 0.0000 0.3636 0.0000 0.3318
460      460   (3)    460  : 0.3111 0.0000 0.0000 0.0000 0.5767 0.0000 0.1122
461      461   (1)    461  : 0.4568 0.0000 0.0000 0.0000 0.5015 0.0000 0.0417
462      462   (4)    462  : 0.7240 0.0000 0.0007 0.0011 0.1484 0.0140 0.1117
463      463   (4)    463  : 0.9057 0.0000 0.0000 0.0000 0.0747 0.0000 0.0196
464      464   (4)    464  : 0.7954 0.0000 0.0000 0.0000 0.2043 0.0000 0.0003
465      465   (2)    465  : 0.9436 0.0000 0.0000 0.0000 0.0564 0.0000 0.0000
466      466   (3)    466  : 0.9903 0.0000 0.0000 0.0000 0.0097 0.0000 0.0000
467      467   (2)    467  : 0.9334 0.0000 0.0000 0.0000 0.0000 0.0000 0.0666
468      468   (2)    468  : 0.8567 0.0000 0.0000 0.0000 0.1134 0.0000 0.0299
469      469   (5)    469  : 0.7093 0.0000 0.0000 0.0000 0.2278 0.0010 0.0619
470      470   (2)    470  : 0.9409 0.0000 0.0000 0.0000 0.0591 0.0000 0.0000
471      471  (10)    471  : 0.6878 0.0000 0.0000 0.0000 0.3122 0.0000 0.0000
472      472   (1)    472  : 0.9663 0.0000 0.0000 0.0000 0.0014 0.0000 0.0323
473      473   (4)    473  : 0.9006 0.0000 0.0000 0.0000 0.0994 0.0000 0.0000
474      474   (5)    474  : 0.6630 0.0000 0.0000 0.0000 0.1936 0.0000 0.1434
475      475   (1)    475  : 0.6694 0.0000 0.0000 0.0000 0.1711 0.0000 0.1594
476      476   (8)    476  : 0.8821 0.0000 0.0000 0.0000 0.1179 0.0000 0.0000
477      477   (1)    477  : 0.5534 0.0000 0.0000 0.0010 0.3326 0.0000 0.1130
478      478   (1)    478  : 0.8134 0.0000 0.0000 0.0000 0.1832 0.0000 0.0034
479      479   (2)    479  : 0.9206 0.0000 0.0000 0.0000 0.0772 0.0000 0.0023
480      480   (4)    480  : 0.0982 0.0000 0.0000 0.0210 0.6751 0.0000 0.2057
481      481   (2)    481  : 0.6888 0.0000 0.0000 0.0000 0.1167 0.0000 0.1945
482      482   (1)    482  : 0.7690 0.0000 0.0000 0.0000 0.2310 0.0000 0.0000
483      483   (1)    483  : 0.4032 0.0000 0.0000 0.0000 0.4921 0.0000 0.1047
484      484   (2)    484  : 0.3753 0.0000 0.0000 0.0000 0.5838 0.0000 0.0410
485      485   (3)    485  : 0.9174 0.0000 0.0000 0.0000 0.0826 0.0000 0.0000
486      486   (2)    486  : 0.2953 0.0000 0.0000 0.0000 0.6582 0.0000 0.0464
487      487   (7)    487  : 0.2839 0.0000 0.0000 0.0000 0.5707 0.0000 0.1454
488      488   (0)    488  : 0.8506 0.0000 0.0000 0.0000 0.0000 0.0000 0.1494
489      489   (0)    489  : 0.8164 0.0000 0.0000 0.0000 0.0000 0.0000 0.1836
490      490   (1)    490  : 0.6087 0.0000 0.0000 0.0000 0.3132 0.0000 0.0782
491      491   (4)    491  : 0.4846 0.0000 0.0060 0.0004 0.2827 0.0000 0.2263
492      492   (1)    492  : 0.4854 0.0000 0.0000 0.0000 0.4577 0.0000 0.0568
493      493   (0)    493  : 0.4606 0.0000 0.0000 0.0000 0.4535 0.0000 0.0859
494      494  (10)    494  : 0.8746 0.0000 0.0000 0.0000 0.0000 0.0000 0.1254
495      495   (4)    495  : 0.6285 0.0000 0.0000 0.0000 0.3224 0.0030 0.0462
496      496   (4)    496  : 0.8644 0.0000 0.0000 0.0000 0.1331 0.0000 0.0024
497      497   (7)    497  : 1.0000 0.0000 0.0000 0.0000 0.0000 0.0000 0.0000
498      498   (0)    498  : 0.9607 0.0000 0.0000 0.0000 0.0000 0.0000 0.0393
499      499   (0)    499  : 0.2031 0.0000 0.0000 0.0000 0.7907 0.0000 0.0063
500      500   (7)    500  : 0.1951 0.0000 0.0000 0.0422 0.6612 0.0000 0.1016
501      501   (2)    501  : 0.7757 0.0000 0.0000 0.0000 0.0009 0.0000 0.2235
502      502   (7)    502  : 0.5113 0.0000 0.0000 0.0041 0.1529 0.0020 0.3297
503      503   (5)    503  : 0.6083 0.0000 0.0000 0.0000 0.0014 0.0000 0.3903
504      504   (7)    504  : 0.2085 0.0000 0.0000 0.0000 0.7903 0.0000 0.0011
505      505  (10)    505  : 0.5526 0.0000 0.0000 0.0120 0.1500 0.0030 0.2824
506      506   (3)    506  : 0.6996 0.0000 0.0000 0.0000 0.1936 0.0000 0.1069
507      507   (8)    507  : 0.6682 0.0000 0.0000 0.0000 0.2788 0.0000 0.0530
508      508   (9)    508  : 0.7445 0.0000 0.0000 0.0000 0.2423 0.0000 0.0133
509      509   (3)    509  : 0.6502 0.0000 0.0000 0.0000 0.2472 0.0000 0.1026
510      510   (1)    510  : 0.8073 0.0000 0.0000 0.0000 0.0393 0.0000 0.1534
511      511   (0)    511  : 0.8376 0.0000 0.0000 0.0000 0.1587 0.0000 0.0037
512      512   (0)    512  : 0.8844 0.0000 0.0000 0.0000 0.0000 0.0000 0.1156
513      513   (0)    513  : 0.7940 0.0000 0.0000 0.0000 0.0000 0.0000 0.2060
514      514   (0)    514  : 0.8783 0.0000 0.0000 0.0000 0.0000 0.0000 0.1217
515      515   (0)    515  : 0.8377 0.0000 0.0000 0.0000 0.0000 0.0010 0.1613
516      516   (0)    516  : 0.7533 0.0000 0.0020 0.0000 0.0750 0.0000 0.1696
517      517   (0)    517  : 0.8481 0.0000 0.0000 0.0000 0.0000 0.0000 0.1519
518      518   (0)    518  : 0.8369 0.0000 0.0000 0.0000 0.1616 0.0000 0.0016
519      519   (0)    519  : 0.6818 0.0000 0.0030 0.0000 0.2138 0.0000 0.1014
520      520   (0)    520  : 0.7734 0.0000 0.0000 0.0000 0.0393 0.0020 0.1853
521      521   (0)    521  : 0.6336 0.0000 0.0060 0.0000 0.2714 0.0000 0.0890
522      522   (0)    522  : 0.7413 0.0000 0.0080 0.0000 0.1515 0.0000 0.0992
523      523   (0)    523  : 0.5330 0.0000 0.0000 0.0000 0.2070 0.0000 0.2600
524      524   (0)    524  : 0.9404 0.0000 0.0000 0.0000 0.0592 0.0000 0.0004
525      525   (0)    525  : 0.8176 0.0000 0.0000 0.0000 0.0294 0.0000 0.1530
526      526   (0)    526  : 1.0000 0.0000 0.0000 0.0000 0.0000 0.0000 0.0000
527      527   (0)    527  : 0.7733 0.0000 0.0000 0.0000 0.0000 0.0000 0.2267
528      528   (0)    528  : 0.9304 0.0000 0.0000 0.0000 0.0380 0.0000 0.0316
529      529   (0)    529  : 0.9029 0.0000 0.0000 0.0000 0.0343 0.0000 0.0629
530      530   (0)    530  : 0.6424 0.0000 0.0000 0.0000 0.2992 0.0000 0.0584
531      531   (0)    531  : 0.8713 0.0000 0.0000 0.0000 0.1100 0.0000 0.0187
532      532   (0)    532  : 0.7470 0.0000 0.0000 0.0000 0.0534 0.0000 0.1996
533      533   (0)    533  : 0.8047 0.0000 0.0000 0.0000 0.0584 0.0000 0.1369
534      534   (0)    534  : 0.2055 0.0000 0.0017 0.0147 0.6053 0.0000 0.1727
535      535   (0)    535  : 0.8980 0.0000 0.0000 0.0000 0.0007 0.0000 0.1013
536      536   (0)    536  : 1.0000 0.0000 0.0000 0.0000 0.0000 0.0000 0.0000
537      537   (0)    537  : 0.6580 0.0000 0.0000 0.0000 0.0310 0.0000 0.3109
538      538   (0)    538  : 1.0000 0.0000 0.0000 0.0000 0.0000 0.0000 0.0000
539      539   (0)    539  : 0.9987 0.0000 0.0000 0.0000 0.0000 0.0000 0.0013
540      540  (43)    540  : 0.9193 0.0000 0.0000 0.0000 0.0000 0.0000 0.0807
541      541   (0)    541  : 0.9956 0.0000 0.0000 0.0000 0.0044 0.0000 0.0000
542      542  (12)    542  : 0.9811 0.0000 0.0000 0.0000 0.0166 0.0000 0.0023
543      543   (0)    543  : 0.8184 0.0000 0.0000 0.0000 0.0000 0.0000 0.1816
544      544   (0)    544  : 0.9643 0.0000 0.0000 0.0000 0.0000 0.0000 0.0357
545      545   (0)    545  : 0.8380 0.0000 0.0000 0.0000 0.0000 0.0000 0.1620
546      546   (0)    546  : 0.9707 0.0000 0.0000 0.0000 0.0000 0.0000 0.0293
547      547   (0)    547  : 0.0011 0.0000 0.0000 0.8002 0.1713 0.0000 0.0274
548      548   (0)    548  : 0.0001 0.0030 0.9509 0.0460 0.0000 0.0000 0.0000
549      549   (0)    549  : 0.0004 0.0000 0.0000 0.5019 0.1148 0.0000 0.3828
550      550   (0)    550  : 0.0201 0.0000 0.0090 0.7785 0.1815 0.0000 0.0109
551      551   (0)    551  : 0.0000 0.0000 0.0000 0.8091 0.1909 0.0000 0.0000
552      552   (0)    552  : 0.0003 0.0000 0.5143 0.4651 0.0036 0.0000 0.0167
553      553   (0)    553  : 0.0000 0.0000 0.0000 1.0000 0.0000 0.0000 0.0000
554      554   (0)    554  : 0.0000 0.0000 0.0000 1.0000 0.0000 0.0000 0.0000
555      555   (0)    555  : 0.0000 0.0000 1.0000 0.0000 0.0000 0.0000 0.0000
556      556   (0)    556  : 0.0000 0.0000 1.0000 0.0000 0.0000 0.0000 0.0000
557      557   (0)    557  : 0.0000 0.0000 1.0000 0.0000 0.0000 0.0000 0.0000
558      558   (0)    558  : 0.0000 0.0000 0.9794 0.0204 0.0001 0.0000 0.0000
559      559   (0)    559  : 0.0000 0.0000 1.0000 0.0000 0.0000 0.0000 0.0000
560      560   (0)    560  : 0.1318 0.0250 0.4859 0.0014 0.2301 0.0181 0.1076
561      561   (0)    561  : 0.1509 0.0000 0.3052 0.1843 0.0917 0.0000 0.2678
562      562   (0)    562  : 0.0010 0.0081 0.0000 0.9162 0.0663 0.0083 0.0000
563      563   (0)    563  : 0.0000 1.0000 0.0000 0.0000 0.0000 0.0000 0.0000
564      564   (0)    564  : 0.1607 0.0170 0.0030 0.5685 0.1032 0.0570 0.0906
565      565   (0)    565  : 0.0000 0.3000 0.0000 0.0000 0.0000 0.7000 0.0000
566      566   (0)    566  : 0.0000 0.2760 0.0000 0.0000 0.0000 0.7240 0.0000
567      567   (1)    567  : 0.0000 0.0000 0.0000 0.0000 0.0000 1.0000 0.0000
568      568   (0)    568  : 0.0060 0.0100 0.9276 0.0000 0.0049 0.0230 0.0286
569      569   (0)    569  : 0.0000 0.0000 0.0061 0.9939 0.0000 0.0000 0.0000
570      570   (0)    570  : 0.0000 0.9740 0.0110 0.0000 0.0000 0.0150 0.0000
571      571   (0)    571  : 0.0000 1.0000 0.0000 0.0000 0.0000 0.0000 0.0000
572      572   (0)    572  : 0.0000 0.0020 0.0000 0.7628 0.1892 0.0000 0.0460
573      573   (0)    573  : 0.0267 0.0000 0.0023 0.7508 0.1747 0.0010 0.0444
574      574   (0)    574  : 0.0000 0.0000 1.0000 0.0000 0.0000 0.0000 0.0000
575      575   (0)    575  : 0.0000 0.0020 0.9980 0.0000 0.0000 0.0000 0.0000
576      576   (0)    576  : 0.0000 0.0000 0.0000 1.0000 0.0000 0.0000 0.0000
577      577   (0)    577  : 0.0100 0.0000 0.0590 0.9007 0.0299 0.0000 0.0004
578      578   (0)    578  : 0.0249 0.0000 0.0000 0.7746 0.2001 0.0000 0.0004
579      579   (0)    579  : 0.0449 0.0000 0.0551 0.6354 0.2124 0.0000 0.0521
580      580   (0)    580  : 0.0462 0.0000 0.1932 0.7605 0.0001 0.0000 0.0000
581      581   (0)    581  : 0.0825 0.0000 0.3732 0.3290 0.1649 0.0000 0.0505
582      582   (0)    582  : 0.0000 0.9696 0.0034 0.0000 0.0000 0.0270 0.0000
583      583   (0)    583  : 0.0000 0.9600 0.0000 0.0000 0.0000 0.0400 0.0000
584      584   (0)    584  : 0.1415 0.1809 0.0457 0.5336 0.0113 0.0023 0.0847
585      585   (0)    585  : 0.0000 0.9960 0.0000 0.0000 0.0000 0.0040 0.0000
586      586   (0)    586  : 0.0332 0.0000 0.0300 0.6809 0.2518 0.0000 0.0041
587      587   (0)    587  : 0.0000 0.9674 0.0000 0.0000 0.0000 0.0326 0.0000
588      588   (0)    588  : 0.0000 0.9349 0.0000 0.0000 0.0000 0.0651 0.0000
589      589   (0)    589  : 0.0000 1.0000 0.0000 0.0000 0.0000 0.0000 0.0000
590      590   (0)    590  : 0.0031 0.0000 0.0291 0.9626 0.0019 0.0000 0.0033
591      591   (0)    591  : 0.0476 0.2579 0.0000 0.4173 0.1281 0.1150 0.0341
592      592   (0)    592  : 0.0000 0.8680 0.1320 0.0000 0.0000 0.0000 0.0000
593      593   (0)    593  : 0.0333 0.8186 0.0550 0.0043 0.0338 0.0550 0.0000
594      594   (0)    594  : 0.0000 0.0000 1.0000 0.0000 0.0000 0.0000 0.0000
595      595   (0)    595  : 0.0000 0.0000 0.0000 0.9591 0.0000 0.0000 0.0409
596      596   (0)    596  : 0.0014 0.0120 0.2351 0.6710 0.0583 0.0221 0.0000
597      597   (0)    597  : 0.0001 0.6093 0.0000 0.3467 0.0000 0.0300 0.0139
598      598   (0)    598  : 0.0000 1.0000 0.0000 0.0000 0.0000 0.0000 0.0000
599      599   (0)    599  : 0.0000 0.9687 0.0217 0.0071 0.0000 0.0024 0.0000
600      600   (0)    600  : 0.0000 0.9997 0.0000 0.0000 0.0000 0.0003 0.0000
601      601   (0)    601  : 0.0000 0.9730 0.0000 0.0000 0.0000 0.0270 0.0000
602      602   (0)    602  : 0.0000 0.9753 0.0047 0.0000 0.0103 0.0097 0.0000
603      603   (0)    603  : 0.0137 0.9271 0.0190 0.0004 0.0097 0.0286 0.0014
604      604   (0)    604  : 0.0000 0.9527 0.0000 0.0000 0.0113 0.0162 0.0199
605      605   (0)    605  : 0.0000 1.0000 0.0000 0.0000 0.0000 0.0000 0.0000
606      606   (0)    606  : 0.0000 0.9906 0.0007 0.0000 0.0000 0.0087 0.0000
607      607   (0)    607  : 0.0000 1.0000 0.0000 0.0000 0.0000 0.0000 0.0000
608      608   (0)    608  : 0.0000 0.9789 0.0009 0.0000 0.0000 0.0203 0.0000
609      609   (0)    609  : 0.0083 0.9866 0.0004 0.0000 0.0000 0.0047 0.0000
610      610   (0)    610  : 0.0000 1.0000 0.0000 0.0000 0.0000 0.0000 0.0000
611      611   (0)    611  : 0.0782 0.8771 0.0016 0.0116 0.0004 0.0311 0.0000
612      612   (0)    612  : 0.0047 0.9529 0.0264 0.0000 0.0000 0.0130 0.0030
613      613   (0)    613  : 0.0000 1.0000 0.0000 0.0000 0.0000 0.0000 0.0000
614      614   (0)    614  : 0.0752 0.4999 0.0020 0.0000 0.2570 0.0161 0.1497
615      615   (0)    615  : 0.0000 0.9974 0.0000 0.0026 0.0000 0.0000 0.0000
616      616   (0)    616  : 0.0000 0.9930 0.0000 0.0000 0.0000 0.0070 0.0000
617      617   (0)    617  : 0.0017 0.9378 0.0100 0.0177 0.0016 0.0241 0.0070
618      618   (0)    618  : 0.0000 1.0000 0.0000 0.0000 0.0000 0.0000 0.0000
619      619   (0)    619  : 0.0031 0.4783 0.1781 0.3082 0.0149 0.0174 0.0000
620      620   (0)    620  : 0.0006 0.9565 0.0222 0.0077 0.0000 0.0130 0.0000
621      621   (0)    621  : 0.2642 0.4361 0.0000 0.2492 0.0107 0.0350 0.0049
622      622   (0)    622  : 0.2092 0.0280 0.2195 0.2672 0.0027 0.0190 0.2545
623      623   (0)    623  : 0.0000 0.0000 1.0000 0.0000 0.0000 0.0000 0.0000
624      624   (0)    624  : 0.0000 0.9840 0.0000 0.0000 0.0000 0.0160 0.0000
625      625   (0)    625  : 0.0000 1.0000 0.0000 0.0000 0.0000 0.0000 0.0000
626      626   (0)    626  : 0.0000 0.9920 0.0080 0.0000 0.0000 0.0000 0.0000
627      627   (0)    627  : 0.0000 0.9930 0.0070 0.0000 0.0000 0.0000 0.0000
628      628   (0)    628  : 0.0000 0.9851 0.0143 0.0000 0.0000 0.0006 0.0000
629      629   (0)    629  : 0.0000 0.9674 0.0163 0.0003 0.0000 0.0160 0.0000
630      630   (0)    630  : 0.0000 0.9981 0.0019 0.0000 0.0000 0.0000 0.0000
631      631   (0)    631  : 0.0000 0.0000 0.5040 0.4514 0.0440 0.0006 0.0000
632      632   (0)    632  : 0.0000 0.0130 0.9400 0.0270 0.0000 0.0200 0.0000
633      633   (0)    633  : 0.0000 0.0342 0.8882 0.0186 0.0000 0.0530 0.0060
634      634   (0)    634  : 0.0000 0.1156 0.8833 0.0000 0.0000 0.0011 0.0000
635      635   (0)    635  : 0.0009 0.0590 0.9213 0.0000 0.0001 0.0147 0.0040
636      636   (0)    636  : 0.0000 0.0000 0.2440 0.0220 0.0004 0.7335 0.0000
637      637   (0)    637  : 0.0003 0.0000 0.9816 0.0080 0.0097 0.0000 0.0004
638      638   (0)    638  : 0.0000 0.0000 0.8909 0.1091 0.0000 0.0000 0.0000
639      639   (0)    639  : 0.0000 0.0000 0.1460 0.0000 0.0000 0.8540 0.0000
640      640   (0)    640  : 0.0000 0.0000 0.1629 0.0000 0.0000 0.8371 0.0000
641      641   (0)    641  : 0.0000 0.0000 0.1981 0.0003 0.0000 0.8016 0.0000
642      642   (0)    642  : 0.0000 0.0040 0.1857 0.0041 0.0000 0.8061 0.0000
643      643   (0)    643  : 0.0000 0.0000 0.2104 0.0000 0.0000 0.7896 0.0000
644      644   (0)    644  : 0.0000 0.0000 0.5817 0.0047 0.0000 0.4136 0.0000
645      645   (0)    645  : 0.0000 0.4147 0.0000 0.5847 0.0000 0.0006 0.0000
646      646   (0)    646  : 0.0356 0.4832 0.0000 0.0031 0.3912 0.0011 0.0857
647      647   (0)    647  : 0.0000 0.9911 0.0000 0.0009 0.0000 0.0080 0.0000
648      648   (0)    648  : 0.0000 0.9411 0.0000 0.0000 0.0000 0.0589 0.0000
649      649   (0)    649  : 0.0000 0.9670 0.0000 0.0000 0.0000 0.0330 0.0000
650      650   (0)    650  : 0.0000 0.9630 0.0000 0.0000 0.0000 0.0370 0.0000
651      651   (0)    651  : 0.0041 0.9520 0.0000 0.0011 0.0007 0.0373 0.0047
652      652   (0)    652  : 0.0000 0.0000 1.0000 0.0000 0.0000 0.0000 0.0000
653      653   (0)    653  : 0.0000 0.9610 0.0000 0.0080 0.0000 0.0310 0.0000
654      654   (0)    654  : 0.0000 0.0001 0.0000 0.9999 0.0000 0.0000 0.0000
655      655   (0)    655  : 0.0000 0.0000 0.0224 0.9776 0.0000 0.0000 0.0000
656      656   (0)    656  : 0.0000 0.4010 0.0000 0.5990 0.0000 0.0000 0.0000
657      657   (0)    657  : 0.0000 0.8281 0.0349 0.0071 0.0013 0.0730 0.0556
658      658   (0)    658  : 0.0401 0.8029 0.0537 0.0104 0.0523 0.0374 0.0031
659      659   (0)    659  : 0.0562 0.6111 0.0403 0.0159 0.1635 0.0459 0.0673
660      660   (0)    660  : 0.0001 0.8083 0.0296 0.0013 0.0700 0.0506 0.0400
661      661   (0)    661  : 0.0333 0.7549 0.0457 0.0369 0.0264 0.0564 0.0464
662      662   (0)    662  : 0.0153 0.7392 0.0353 0.0000 0.1127 0.0540 0.0434
663      663   (0)    663  : 0.0442 0.8352 0.0250 0.0003 0.0213 0.0740 0.0000
664      664   (0)    664  : 0.0317 0.5285 0.0430 0.0200 0.2365 0.0109 0.1295
665      665   (0)    665  : 0.0060 0.0000 0.9217 0.0533 0.0186 0.0000 0.0004
666      666   (0)    666  : 0.0011 0.0000 0.0000 0.8442 0.1545 0.0000 0.0001
667      667   (0)    667  : 0.0266 0.0044 0.0290 0.8204 0.0926 0.0270 0.0000
668      668   (0)    668  : 0.0004 0.0007 0.0296 0.8238 0.1107 0.0141 0.0206
669      669   (0)    669  : 0.0329 0.0000 0.0180 0.7883 0.1246 0.0350 0.0013
670      670   (0)    670  : 0.0004 0.0000 0.0000 0.7675 0.2320 0.0000 0.0000
671      671   (0)    671  : 0.0377 0.0000 0.0000 0.3731 0.4356 0.0000 0.1536
672      672   (0)    672  : 0.0417 0.0000 0.0000 0.5601 0.3093 0.0000 0.0889
673      673   (0)    673  : 0.0000 0.0030 0.0369 0.8800 0.0799 0.0003 0.0000
674      674   (0)    674  : 0.0000 0.0000 0.0239 0.7512 0.1636 0.0000 0.0613
675      675   (0)    675  : 0.0010 0.0000 0.0000 0.7814 0.2176 0.0000 0.0000
676      676   (0)    676  : 0.0000 0.0000 0.0000 0.7967 0.2033 0.0000 0.0000
677      677   (0)    677  : 0.0000 0.0000 0.4820 0.3977 0.1203 0.0000 0.0000
678      678   (0)    678  : 0.0000 0.0000 0.0000 0.7999 0.2001 0.0000 0.0000
679      679   (0)    679  : 0.0081 0.0000 0.0000 0.9919 0.0000 0.0000 0.0000
680      680   (0)    680  : 0.0000 0.0000 0.0000 1.0000 0.0000 0.0000 0.0000
681      681   (0)    681  : 0.0000 0.0000 0.0242 0.8804 0.0881 0.0074 0.0000
682      682   (0)    682  : 0.0000 0.4439 0.0000 0.5234 0.0323 0.0004 0.0000
683      683   (0)    683  : 0.0009 0.0000 0.0270 0.7855 0.1096 0.0330 0.0440
684      684   (0)    684  : 0.0000 0.0000 1.0000 0.0000 0.0000 0.0000 0.0000
685      685   (0)    685  : 0.0000 0.0000 0.0000 0.8210 0.1790 0.0000 0.0000
686      686   (0)    686  : 0.0000 0.0000 1.0000 0.0000 0.0000 0.0000 0.0000
687      687   (0)    687  : 0.0024 0.0000 0.5856 0.4120 0.0000 0.0000 0.0000
688      688   (0)    688  : 0.0000 0.8729 0.1271 0.0000 0.0000 0.0000 0.0000
689      689   (0)    689  : 0.0000 0.0050 0.4815 0.1153 0.0106 0.3591 0.0286
690      690   (0)    690  : 0.0000 0.8991 0.0000 0.1009 0.0000 0.0000 0.0000
691      691   (0)    691  : 0.0011 0.0080 0.0280 0.9628 0.0000 0.0000 0.0000
692      692   (0)    692  : 0.0950 0.0000 0.0000 0.4041 0.4234 0.0000 0.0775
693      693   (0)    693  : 0.0007 0.9273 0.0000 0.0720 0.0000 0.0000 0.0000
694      694   (0)    694  : 0.0000 0.9100 0.0000 0.0900 0.0000 0.0000 0.0000
695      695   (0)    695  : 0.0000 0.9280 0.0000 0.0720 0.0000 0.0000 0.0000
696      696   (0)    696  : 0.0021 0.0051 0.0184 0.8469 0.1174 0.0100 0.0000
697      697   (0)    697  : 0.0290 0.0070 0.0274 0.8455 0.0785 0.0120 0.0006
698      698   (0)    698  : 0.0000 0.0000 1.0000 0.0000 0.0000 0.0000 0.0000
699      699   (0)    699  : 0.0350 0.0001 0.0000 0.6934 0.2019 0.0044 0.0650
700      700   (0)    700  : 0.0000 0.9900 0.0000 0.0000 0.0000 0.0100 0.0000
701      701   (0)    701  : 0.0163 0.3713 0.5395 0.0224 0.0505 0.0000 0.0000
702      702   (0)    702  : 0.0000 0.9680 0.0150 0.0000 0.0000 0.0170 0.0000
703      703   (0)    703  : 0.0127 0.0000 0.9090 0.0523 0.0260 0.0000 0.0000
704      704   (0)    704  : 0.0000 0.9897 0.0024 0.0004 0.0000 0.0074 0.0000
705      705   (0)    705  : 0.0000 0.9029 0.0000 0.0971 0.0000 0.0000 0.0000
706      706   (0)    706  : 0.0024 0.0000 0.1000 0.8967 0.0007 0.0000 0.0001
707      707   (0)    707  : 0.0000 0.3893 0.0000 0.5383 0.0723 0.0000 0.0000
708      708   (0)    708  : 0.0000 1.0000 0.0000 0.0000 0.0000 0.0000 0.0000
709      709   (0)    709  : 0.0000 0.0000 1.0000 0.0000 0.0000 0.0000 0.0000
710      710   (0)    710  : 0.0000 0.0000 0.8916 0.0580 0.0503 0.0000 0.0000
711      711   (0)    711  : 0.0010 0.0000 0.0349 0.9641 0.0000 0.0000 0.0000
712      712   (0)    712  : 0.0080 0.0000 0.9920 0.0000 0.0000 0.0000 0.0000
713      713   (0)    713  : 0.0009 0.0000 0.0607 0.6522 0.2060 0.0000 0.0802
714      714   (0)    714  : 0.0000 0.1354 0.0000 0.5300 0.0530 0.2506 0.0310
715      715   (0)    715  : 0.0000 1.0000 0.0000 0.0000 0.0000 0.0000 0.0000
716      716   (0)    716  : 0.0000 0.0000 0.0337 0.9656 0.0007 0.0000 0.0000
717      717   (0)    717  : 0.0000 0.8700 0.1300 0.0000 0.0000 0.0000 0.0000
718      718   (0)    718  : 0.0240 0.0000 0.0663 0.5359 0.3138 0.0000 0.0600
719      719   (0)    719  : 0.0140 0.8689 0.0179 0.0254 0.0103 0.0630 0.0006
720      720   (0)    720  : 0.0000 1.0000 0.0000 0.0000 0.0000 0.0000 0.0000
721      721   (0)    721  : 0.0000 0.9610 0.0200 0.0000 0.0000 0.0190 0.0000
722      722   (1)    722  : 0.0000 0.0004 0.0000 0.0000 0.0000 0.9996 0.0000
723      723   (0)    723  : 0.0000 0.9583 0.0047 0.0000 0.0000 0.0370 0.0000
724      724   (0)    724  : 0.0000 1.0000 0.0000 0.0000 0.0000 0.0000 0.0000
725      725   (0)    725  : 0.0000 0.9508 0.0000 0.0000 0.0172 0.0210 0.0110
726      726   (0)    726  : 0.0067 0.8688 0.0318 0.0263 0.0000 0.0611 0.0053
727      727   (0)    727  : 0.0007 0.9793 0.0000 0.0000 0.0001 0.0160 0.0039
728      728   (0)    728  : 0.0030 0.1691 0.0000 0.7789 0.0489 0.0000 0.0001
729      729   (0)    729  : 0.0000 0.9540 0.0460 0.0000 0.0000 0.0000 0.0000
730      730   (0)    730  : 0.0000 0.9450 0.0550 0.0000 0.0000 0.0000 0.0000
731      731   (0)    731  : 0.0033 0.0210 0.0000 0.0000 0.0000 0.9717 0.0040
732      732   (0)    732  : 0.0000 0.0000 1.0000 0.0000 0.0000 0.0000 0.0000
733      733   (0)    733  : 0.0000 1.0000 0.0000 0.0000 0.0000 0.0000 0.0000
734      734   (0)    734  : 0.4541 0.0000 0.4890 0.0419 0.0001 0.0000 0.0149
735      735   (0)    735  : 0.0000 0.9423 0.0570 0.0007 0.0000 0.0000 0.0000
736      736   (4)    736  : 0.0479 0.0000 0.0849 0.3454 0.0894 0.4250 0.0074
737      737   (0)    737  : 0.0000 0.9987 0.0000 0.0000 0.0000 0.0013 0.0000
738      738   (0)    738  : 0.0017 0.9970 0.0000 0.0000 0.0013 0.0000 0.0000
739      739   (1)    739  : 0.0036 0.0000 0.0000 0.0000 0.0000 0.9933 0.0031
740      740   (0)    740  : 0.0000 0.9428 0.0000 0.0000 0.0000 0.0572 0.0000
741      741   (0)    741  : 0.0000 0.9860 0.0000 0.0000 0.0000 0.0140 0.0000
742      742   (0)    742  : 0.0006 0.2951 0.3481 0.3274 0.0006 0.0277 0.0004
743      743   (0)    743  : 0.0000 0.0370 0.3091 0.6457 0.0000 0.0081 0.0000
744      744   (0)    744  : 0.0000 0.0383 0.3101 0.6436 0.0000 0.0080 0.0000
745      745   (0)    745  : 0.0010 0.2524 0.7040 0.0000 0.0270 0.0067 0.0089
746      746   (0)    746  : 0.0000 0.0180 0.1030 0.0436 0.0050 0.8304 0.0000
747      747   (0)    747  : 0.0000 0.9840 0.0000 0.0000 0.0000 0.0160 0.0000
748      748   (0)    748  : 0.0009 0.9836 0.0000 0.0000 0.0003 0.0150 0.0003
749      749   (0)    749  : 0.0004 0.0000 0.0363 0.8382 0.0833 0.0210 0.0209
750      750   (0)    750  : 0.0001 0.0611 0.8537 0.0003 0.0000 0.0498 0.0350
751      751   (0)    751  : 0.3333 0.6508 0.0004 0.0000 0.0000 0.0154 0.0000
752      752   (0)    752  : 0.0284 0.7817 0.0257 0.0021 0.0691 0.0658 0.0271
753      753   (0)    753  : 0.0410 0.7479 0.0543 0.0290 0.0676 0.0563 0.0040
754      754   (0)    754  : 0.3686 0.0000 0.0000 0.0000 0.0003 0.0000 0.6311
755      755   (0)    755  : 0.3094 0.0000 0.0000 0.0000 0.0200 0.0000 0.6706
