1        1   (0)      1  : 0.0487 0.0000 0.0792 0.7545 0.0627 0.0000 0.0027 0.0000 0.0523
2        2   (4)      2  : 0.0000 0.0000 0.0000 0.0000 0.0000 0.0000 0.0000 1.0000 0.0000
3        3   (2)      3  : 0.0000 0.0000 0.0000 0.0000 0.0000 0.0000 0.0000 1.0000 0.0000
4        4   (2)      4  : 0.0000 0.0000 0.0000 0.0000 0.0000 0.0000 0.0000 1.0000 0.0000
5        5   (2)      5  : 0.0007 0.0000 0.0000 0.0000 0.0000 0.0000 0.0008 0.9962 0.0023
6        6   (0)      6  : 0.1556 0.0000 0.0000 0.0000 0.0003 0.6960 0.1363 0.0000 0.0118
7        7   (0)      7  : 0.0000 0.0000 0.0000 0.0000 0.0000 0.0000 0.0000 1.0000 0.0000
8        8   (0)      8  : 0.0000 0.0000 0.0000 0.0000 0.0000 0.0000 0.0000 1.0000 0.0000
9        9   (0)      9  : 0.0000 0.0000 0.0000 0.0000 0.0000 0.0000 0.0000 1.0000 0.0000
10       10   (0)     10  : 0.0000 0.0000 0.0000 0.0000 0.0000 0.0000 0.0000 1.0000 0.0000
11       11   (0)     11  : 0.0000 0.2390 0.4084 0.0127 0.0003 0.0000 0.0000 0.3381 0.0015
12       12   (0)     12  : 0.0000 0.0792 0.0000 0.0000 0.0000 0.0000 0.0000 0.9208 0.0000
13       13   (1)     13  : 0.0000 0.0000 0.0000 0.0000 0.0000 0.0000 0.0000 1.0000 0.0000
14       14   (0)     14  : 0.0000 0.0200 0.1560 0.3139 0.0000 0.0000 0.0000 0.5101 0.0000
15       15   (0)     15  : 0.0000 0.6499 0.0182 0.0000 0.0000 0.0000 0.0000 0.3319 0.0000
16       16   (0)     16  : 0.0000 0.7090 0.0000 0.0000 0.0000 0.0000 0.0000 0.2910 0.0000
17       17   (0)     17  : 0.0000 0.5871 0.0000 0.0000 0.0000 0.0000 0.0000 0.4129 0.0000
18       18   (0)     18  : 0.0028 0.2120 0.1875 0.1115 0.0813 0.0085 0.0032 0.3193 0.0739
19       19   (0)     19  : 0.0000 0.1320 0.0000 0.0000 0.0000 0.0000 0.0000 0.8680 0.0000
20       20   (0)     20  : 0.0000 0.0848 0.0480 0.0150 0.0000 0.0000 0.0000 0.8521 0.0000
21       21   (5)     21  : 0.3417 0.0000 0.0000 0.0000 0.0000 0.0640 0.5473 0.0000 0.0470
22       22   (0)     22  : 0.2980 0.0000 0.0000 0.0000 0.0000 0.0007 0.6825 0.0000 0.0188
23       23   (0)     23  : 0.2274 0.0000 0.0000 0.0000 0.0188 0.0813 0.6541 0.0000 0.0183
24       24   (0)     24  : 0.3532 0.0000 0.0000 0.0000 0.0235 0.0155 0.4931 0.0000 0.1147
25       25   (0)     25  : 0.1375 0.0000 0.0000 0.0000 0.0058 0.4317 0.3945 0.0070 0.0235
26       26   (0)     26  : 0.0375 0.0000 0.0512 0.0685 0.3756 0.0010 0.0263 0.0000 0.4399
27       27   (0)     27  : 0.0000 0.0000 0.0000 0.0000 0.0000 0.9995 0.0005 0.0000 0.0000
28       28   (0)     28  : 0.1065 0.0000 0.0000 0.0000 0.1212 0.1627 0.1823 0.0055 0.4217
29       29   (0)     29  : 0.1423 0.0000 0.0000 0.0000 0.2032 0.2930 0.0465 0.0058 0.3092
30       30   (1)     30  : 0.0000 0.0000 0.0000 0.0000 0.0007 0.9975 0.0000 0.0000 0.0018
31       31   (1)     31  : 0.1774 0.0000 0.0035 0.0000 0.2470 0.0002 0.0765 0.0000 0.4954
32       32   (1)     32  : 0.2643 0.0000 0.0000 0.0000 0.0052 0.4761 0.1895 0.0000 0.0650
33       33   (0)     33  : 0.0063 0.0000 0.0000 0.0000 0.0861 0.2001 0.5004 0.0000 0.2071
34       34   (0)     34  : 0.1897 0.0000 0.0000 0.0142 0.2529 0.0462 0.2424 0.0000 0.2547
35       35   (0)     35  : 0.0822 0.0000 0.0000 0.0000 0.2176 0.0348 0.4443 0.0098 0.2113
36       36   (0)     36  : 0.1591 0.0000 0.0000 0.0000 0.2084 0.2851 0.0408 0.0058 0.3006
37       37   (0)     37  : 0.3910 0.0000 0.0030 0.0000 0.1634 0.0168 0.0609 0.0000 0.3648
38       38   (0)     38  : 0.0740 0.0000 0.0000 0.0117 0.0218 0.5547 0.2390 0.0000 0.0988
39       39   (0)     39  : 0.3129 0.0000 0.0000 0.0000 0.0000 0.1156 0.5217 0.0012 0.0487
40       40   (0)     40  : 0.1734 0.0000 0.0095 0.0013 0.0909 0.1690 0.2803 0.0108 0.2648
41       41   (0)     41  : 0.0980 0.0000 0.0078 0.0808 0.0000 0.3410 0.4612 0.0000 0.0112
42       42   (0)     42  : 0.1593 0.0000 0.0000 0.0000 0.0537 0.5238 0.1138 0.0625 0.0868
43       43   (0)     43  : 0.0410 0.0000 0.0000 0.0000 0.0000 0.9588 0.0002 0.0000 0.0000
44       44   (0)     44  : 0.0132 0.0000 0.0000 0.0000 0.0003 0.2278 0.6467 0.0000 0.1120
45       45   (0)     45  : 0.0635 0.0000 0.0000 0.0000 0.0000 0.2134 0.6347 0.0000 0.0883
46       46   (0)     46  : 0.0570 0.0000 0.0000 0.0000 0.0720 0.0197 0.7249 0.0000 0.1264
47       47   (0)     47  : 0.1299 0.0000 0.0000 0.0000 0.0000 0.0702 0.7861 0.0000 0.0138
48       48   (0)     48  : 0.0793 0.0000 0.0000 0.0000 0.0560 0.6745 0.1673 0.0015 0.0213
49       49   (0)     49  : 0.9600 0.0000 0.0000 0.0000 0.0000 0.0000 0.0047 0.0000 0.0353
50       50   (0)     50  : 0.0135 0.0000 0.0000 0.0000 0.0537 0.2791 0.4269 0.0000 0.2269
51       51   (0)     51  : 0.2225 0.0000 0.0025 0.0138 0.0552 0.2250 0.3941 0.0000 0.0868
52       52   (0)     52  : 0.0842 0.0000 0.0000 0.0000 0.0290 0.0668 0.8083 0.0000 0.0117
53       53   (0)     53  : 0.3566 0.0000 0.0000 0.0000 0.0000 0.0357 0.5353 0.0000 0.0723
54       54   (0)     54  : 0.0000 0.0000 0.0000 0.0000 0.1179 0.4223 0.3224 0.0000 0.1374
55       55   (0)     55  : 0.3722 0.0000 0.0000 0.0000 0.0000 0.0329 0.5242 0.0000 0.0708
56       56   (0)     56  : 0.0573 0.0000 0.0000 0.0060 0.4109 0.1058 0.0723 0.0000 0.3476
57       57   (0)     57  : 0.0919 0.0000 0.0000 0.0000 0.1479 0.0779 0.2511 0.0000 0.4311
58       58   (0)     58  : 0.5015 0.0000 0.0000 0.0000 0.0000 0.0578 0.3975 0.0047 0.0385
59       59   (0)     59  : 0.1274 0.0000 0.0038 0.0000 0.0304 0.3473 0.3170 0.0000 0.1741
60       60   (0)     60  : 0.0627 0.0000 0.0000 0.0000 0.1224 0.4278 0.2993 0.0000 0.0879
61       61   (0)     61  : 0.1510 0.0000 0.0087 0.0682 0.0002 0.2877 0.4353 0.0000 0.0489
62       62   (0)     62  : 0.0683 0.0110 0.0110 0.0000 0.0032 0.2621 0.6100 0.0000 0.0345
63       63   (0)     63  : 0.4574 0.0000 0.0000 0.0000 0.0000 0.3016 0.2322 0.0000 0.0088
64       64   (0)     64  : 0.0002 0.0000 0.0000 0.0000 0.1197 0.6534 0.1722 0.0000 0.0545
65       65   (0)     65  : 0.0453 0.0000 0.0000 0.0000 0.0117 0.5049 0.3906 0.0010 0.0465
66       66   (0)     66  : 0.0815 0.0000 0.0000 0.0000 0.0505 0.6279 0.2023 0.0000 0.0378
67       67   (0)     67  : 0.0112 0.0000 0.0000 0.0000 0.0520 0.3123 0.4438 0.0000 0.1808
68       68   (0)     68  : 0.0930 0.0000 0.0032 0.0043 0.0433 0.5211 0.2146 0.0000 0.1205
69       69   (0)     69  : 0.1631 0.0000 0.0000 0.0000 0.0222 0.2651 0.4509 0.0000 0.0987
70       70   (0)     70  : 0.3908 0.0000 0.0000 0.0000 0.0007 0.0507 0.4768 0.0000 0.0811
71       71   (0)     71  : 0.3708 0.0000 0.0000 0.0000 0.0135 0.1509 0.3748 0.0003 0.0897
72       72   (0)     72  : 0.1651 0.0000 0.0000 0.0000 0.2013 0.2830 0.0515 0.0055 0.2937
73       73   (0)     73  : 0.1523 0.0000 0.0000 0.0000 0.0048 0.0873 0.6757 0.0000 0.0798
74       74   (0)     74  : 0.1297 0.0000 0.0000 0.0250 0.0953 0.1928 0.4608 0.0000 0.0963
75       75   (0)     75  : 0.2335 0.0000 0.0000 0.0000 0.0000 0.5634 0.1970 0.0000 0.0060
76       76   (0)     76  : 0.0544 0.0000 0.0257 0.1087 0.3807 0.0300 0.0555 0.0000 0.3451
77       77   (0)     77  : 0.0022 0.0000 0.0000 0.0000 0.0547 0.8769 0.0557 0.0000 0.0105
78       78   (0)     78  : 0.0123 0.0000 0.0658 0.0000 0.2152 0.0878 0.4873 0.0000 0.1315
79       79   (0)     79  : 0.1844 0.0000 0.0053 0.0010 0.3177 0.0007 0.0320 0.0000 0.4589
80       80   (0)     80  : 0.0813 0.0000 0.0000 0.0172 0.4358 0.0022 0.1248 0.0000 0.3387
81       81   (0)     81  : 0.2301 0.0000 0.0000 0.0072 0.0155 0.4933 0.1963 0.0030 0.0547
82       82   (0)     82  : 0.0751 0.0000 0.0000 0.0000 0.0000 0.1530 0.6296 0.0000 0.1423
83       83   (0)     83  : 0.0585 0.0000 0.0000 0.0135 0.2355 0.2705 0.2380 0.0000 0.1841
84       84   (0)     84  : 0.1052 0.0000 0.0000 0.0000 0.0530 0.2487 0.5196 0.0000 0.0735
85       85   (0)     85  : 0.0763 0.0000 0.0000 0.0000 0.0002 0.2661 0.5679 0.0007 0.0888
86       86   (0)     86  : 0.0000 0.0000 0.0000 0.0000 0.5048 0.4952 0.0000 0.0000 0.0000
87       87   (0)     87  : 0.0050 0.0000 0.0000 0.0018 0.2197 0.5053 0.0837 0.0000 0.1845
88       88   (0)     88  : 0.0516 0.0000 0.0000 0.0063 0.4294 0.0680 0.0658 0.0000 0.3788
89       89   (0)     89  : 0.0428 0.0000 0.0000 0.0000 0.0597 0.4555 0.4418 0.0000 0.0002
90       90   (0)     90  : 0.0002 0.0000 0.0000 0.0000 0.0000 0.9715 0.0283 0.0000 0.0000
91       91   (1)     91  : 0.3064 0.0000 0.0000 0.0003 0.0030 0.2770 0.2949 0.0000 0.1184
92       92   (0)     92  : 0.6112 0.0000 0.0000 0.0000 0.0000 0.2644 0.0147 0.0000 0.1097
93       93   (0)     93  : 0.3476 0.0000 0.0000 0.0000 0.0215 0.0631 0.4065 0.0035 0.1578
94       94   (0)     94  : 0.0872 0.0000 0.0000 0.0000 0.0587 0.0675 0.5823 0.0000 0.2044
95       95   (0)     95  : 0.0745 0.0000 0.0000 0.0183 0.3784 0.1050 0.1086 0.0000 0.3151
96       96   (0)     96  : 0.1154 0.0000 0.0000 0.0077 0.0588 0.5290 0.1757 0.0000 0.1134
97       97   (0)     97  : 0.2056 0.0000 0.0000 0.0000 0.0058 0.1051 0.5870 0.0000 0.0965
98       98   (2)     98  : 0.0848 0.0000 0.0000 0.0000 0.1007 0.1010 0.3018 0.0008 0.4108
99       99   (0)     99  : 0.3530 0.0000 0.0000 0.0000 0.0000 0.2536 0.3035 0.0013 0.0887
100      100   (0)    100  : 0.3944 0.0000 0.0000 0.0000 0.0000 0.1679 0.3712 0.0000 0.0665
101      101   (0)    101  : 0.0000 0.5044 0.4554 0.0047 0.0000 0.0002 0.0018 0.0217 0.0118
102      102   (1)    102  : 0.0000 0.0000 0.0000 0.0000 0.0000 0.0000 0.0000 1.0000 0.0000
103      103   (0)    103  : 0.4683 0.0000 0.0222 0.0000 0.0745 0.0772 0.2764 0.0000 0.0815
104      104   (0)    104  : 0.0637 0.0000 0.0000 0.0000 0.0000 0.9363 0.0000 0.0000 0.0000
105      105   (0)    105  : 0.0000 0.0000 0.9940 0.0000 0.0000 0.0000 0.0000 0.0060 0.0000
106      106   (0)    106  : 0.0853 0.0000 0.0000 0.0015 0.0561 0.1538 0.6268 0.0000 0.0765
107      107   (0)    107  : 0.3930 0.0000 0.0000 0.0000 0.0053 0.1634 0.3858 0.0000 0.0525
108      108   (0)    108  : 0.0167 0.0000 0.0000 0.0093 0.5300 0.0852 0.0340 0.0000 0.3248
109      109   (0)    109  : 0.0338 0.0000 0.0000 0.0042 0.5194 0.0553 0.0764 0.0000 0.3108
110      110   (0)    110  : 0.0862 0.0000 0.0000 0.0003 0.4270 0.1935 0.0160 0.0000 0.2770
111      111   (0)    111  : 0.0538 0.0000 0.0482 0.0637 0.3769 0.0062 0.1551 0.0000 0.2961
112      112   (0)    112  : 0.0053 0.0000 0.0007 0.0280 0.3263 0.2692 0.0280 0.0000 0.3424
113      113   (0)    113  : 0.1398 0.0000 0.0010 0.0010 0.2293 0.0225 0.1498 0.0000 0.4565
114      114   (0)    114  : 0.0015 0.0000 0.0000 0.0000 0.0832 0.4561 0.3769 0.0000 0.0823
115      115   (0)    115  : 0.9613 0.0000 0.0000 0.0000 0.0000 0.0000 0.0068 0.0000 0.0318
116      116   (0)    116  : 0.1019 0.0000 0.0000 0.0000 0.2222 0.2247 0.4006 0.0000 0.0505
117      117   (0)    117  : 0.1021 0.0000 0.0000 0.0000 0.2086 0.2198 0.1738 0.0000 0.2956
118      118   (0)    118  : 0.0548 0.0000 0.0055 0.0133 0.0831 0.1439 0.3831 0.0095 0.3067
119      119   (0)    119  : 0.1404 0.0000 0.0000 0.0212 0.0697 0.5440 0.1000 0.0000 0.1247
120      120   (0)    120  : 0.0418 0.0000 0.0000 0.0672 0.2255 0.2912 0.2552 0.0000 0.1192
121      121   (0)    121  : 0.0367 0.0000 0.0000 0.2420 0.3416 0.0898 0.0370 0.0000 0.2529
122      122   (0)    122  : 0.2767 0.0000 0.0000 0.0000 0.0845 0.1497 0.2570 0.0000 0.2320
123      123   (0)    123  : 0.1599 0.0000 0.0000 0.0000 0.0807 0.0889 0.5086 0.0000 0.1619
124      124   (0)    124  : 0.1302 0.0000 0.0000 0.0000 0.3147 0.1335 0.1125 0.0000 0.3092
125      125   (0)    125  : 0.6098 0.0000 0.0000 0.0000 0.0000 0.2855 0.1032 0.0000 0.0015
126      126   (0)    126  : 0.2385 0.0000 0.0000 0.0000 0.2890 0.0000 0.0630 0.0000 0.4095
127      127   (0)    127  : 0.1872 0.0000 0.0000 0.0000 0.1228 0.0878 0.4400 0.0000 0.1622
128      128   (0)    128  : 0.1464 0.0000 0.0000 0.0000 0.1235 0.0115 0.6384 0.0000 0.0802
129      129   (0)    129  : 0.1666 0.0000 0.0033 0.0050 0.2884 0.0000 0.0393 0.0000 0.4973
130      130   (0)    130  : 0.1644 0.0000 0.0000 0.0000 0.0062 0.6041 0.2245 0.0000 0.0008
131      131   (0)    131  : 0.0735 0.0000 0.0000 0.0000 0.2429 0.4338 0.0776 0.0000 0.1722
132      132   (0)    132  : 0.1952 0.0000 0.0000 0.0000 0.0000 0.5453 0.2592 0.0000 0.0003
133      133   (0)    133  : 0.0422 0.0000 0.0265 0.0687 0.2895 0.1095 0.0937 0.0000 0.3701
134      134   (0)    134  : 0.0998 0.0000 0.0000 0.0000 0.1415 0.3667 0.3172 0.0000 0.0747
135      135   (0)    135  : 0.0745 0.0000 0.0010 0.0854 0.2313 0.1039 0.2314 0.0000 0.2725
136      136   (0)    136  : 0.0010 0.0000 0.0000 0.0000 0.1820 0.6886 0.0505 0.0000 0.0778
137      137   (0)    137  : 0.2298 0.0000 0.0000 0.0000 0.0065 0.0423 0.6582 0.0000 0.0631
138      138   (0)    138  : 0.0746 0.0000 0.0000 0.0000 0.2262 0.0391 0.3185 0.0000 0.3416
139      139   (0)    139  : 0.0000 0.0000 0.0000 0.0000 0.0085 0.6940 0.2975 0.0000 0.0000
140      140   (0)    140  : 0.2257 0.0000 0.0000 0.0000 0.0000 0.0017 0.7704 0.0000 0.0022
141      141   (0)    141  : 0.0743 0.0000 0.0000 0.0067 0.4736 0.0550 0.0620 0.0000 0.3284
142      142   (0)    142  : 0.0279 0.0000 0.0000 0.0000 0.0257 0.1546 0.7610 0.0000 0.0308
143      143   (0)    143  : 0.0005 0.0000 0.0000 0.0000 0.5617 0.1154 0.0855 0.0000 0.2369
144      144   (0)    144  : 0.0963 0.0000 0.0575 0.0673 0.3279 0.0222 0.0775 0.0000 0.3514
145      145   (0)    145  : 0.2080 0.0000 0.0250 0.0465 0.3174 0.0382 0.0198 0.0000 0.3450
146      146   (0)    146  : 0.0665 0.0000 0.0122 0.1557 0.2706 0.0779 0.1319 0.0000 0.2852
147      147   (0)    147  : 0.0449 0.0000 0.0023 0.0000 0.1031 0.3276 0.1405 0.0122 0.3695
148      148   (0)    148  : 0.1348 0.0000 0.0100 0.0000 0.2983 0.0028 0.1450 0.0000 0.4091
149      149   (0)    149  : 0.4744 0.0000 0.0053 0.0002 0.0458 0.0368 0.2618 0.0000 0.1757
150      150   (0)    150  : 0.0526 0.0000 0.0025 0.0000 0.1248 0.1859 0.4624 0.0000 0.1717
151      151   (0)    151  : 0.0000 0.0000 0.0000 0.0000 0.5030 0.4970 0.0000 0.0000 0.0000
152      152   (0)    152  : 0.0042 0.0000 0.0000 0.0000 0.2489 0.7466 0.0000 0.0000 0.0003
153      153   (0)    153  : 0.0002 0.0000 0.0000 0.0000 0.5153 0.4845 0.0000 0.0000 0.0000
154      154   (0)    154  : 0.5994 0.0000 0.0000 0.0000 0.0172 0.0083 0.2856 0.0000 0.0895
155      155   (0)    155  : 0.2543 0.0000 0.0000 0.0000 0.2011 0.2141 0.2843 0.0000 0.0462
156      156   (0)    156  : 0.4559 0.0000 0.0000 0.0000 0.3929 0.1354 0.0000 0.0000 0.0158
157      157   (0)    157  : 0.1908 0.0000 0.0000 0.0227 0.3469 0.1288 0.1375 0.0000 0.1734
158      158   (0)    158  : 0.3647 0.0000 0.0000 0.0000 0.1169 0.0869 0.3065 0.0000 0.1250
159      159   (0)    159  : 0.3426 0.0000 0.0000 0.0000 0.1039 0.0942 0.3315 0.0010 0.1269
160      160   (0)    160  : 0.0252 0.0000 0.0070 0.3316 0.1178 0.4192 0.0027 0.0000 0.0966
161      161   (0)    161  : 0.5879 0.0000 0.0000 0.0000 0.0008 0.0005 0.3380 0.0000 0.0727
162      162   (0)    162  : 0.1652 0.0000 0.0000 0.0050 0.0793 0.1452 0.4794 0.0000 0.1259
163      163   (0)    163  : 0.0000 0.0000 0.0000 0.0000 0.0483 0.1841 0.6059 0.0000 0.1617
164      164   (0)    164  : 0.3590 0.0000 0.0000 0.0107 0.0633 0.0500 0.3901 0.0010 0.1258
165      165   (0)    165  : 0.0696 0.0000 0.0000 0.0000 0.0142 0.1248 0.6900 0.0000 0.1014
166      166   (0)    166  : 0.1169 0.0000 0.0757 0.0000 0.0000 0.1229 0.5782 0.0000 0.1064
167      167   (0)    167  : 0.1424 0.0000 0.0000 0.0971 0.0000 0.4335 0.3102 0.0000 0.0168
168      168   (0)    168  : 0.0393 0.0000 0.0000 0.0005 0.5467 0.1535 0.0817 0.0000 0.1782
169      169   (0)    169  : 0.1711 0.0000 0.0017 0.0000 0.0300 0.2339 0.3990 0.0000 0.1644
170      170   (0)    170  : 0.3668 0.0000 0.0025 0.0000 0.0546 0.0088 0.2809 0.0005 0.2858
171      171   (0)    171  : 0.0172 0.0048 0.0000 0.0108 0.0003 0.7089 0.0527 0.1802 0.0250
172      172   (0)    172  : 0.0018 0.0000 0.0000 0.0000 0.0073 0.9292 0.0542 0.0000 0.0075
173      173   (0)    173  : 0.0002 0.0000 0.0000 0.0000 0.1171 0.4997 0.3167 0.0040 0.0624
174      174   (0)    174  : 0.3286 0.0000 0.0000 0.1796 0.0917 0.1244 0.0905 0.0000 0.1852
175      175   (0)    175  : 0.1285 0.0000 0.0000 0.0000 0.0088 0.1410 0.6184 0.0030 0.1002
176      176   (0)    176  : 0.2805 0.0000 0.0000 0.0007 0.0048 0.3168 0.3317 0.0148 0.0507
177      177   (0)    177  : 0.0557 0.0000 0.0000 0.0000 0.0279 0.4840 0.2407 0.0000 0.1918
178      178   (0)    178  : 0.1408 0.0000 0.0165 0.0008 0.1979 0.0449 0.1237 0.0000 0.4753
179      179   (0)    179  : 0.1954 0.0000 0.0000 0.0000 0.0000 0.0072 0.7722 0.0000 0.0252
180      180   (0)    180  : 0.0495 0.0000 0.0005 0.0000 0.0368 0.3891 0.4359 0.0058 0.0825
181      181   (0)    181  : 0.3158 0.0000 0.0120 0.0000 0.0603 0.1390 0.3817 0.0000 0.0912
182      182   (0)    182  : 0.0742 0.0000 0.0000 0.0222 0.5091 0.0697 0.0202 0.0020 0.3026
183      183   (0)    183  : 0.0330 0.0000 0.0000 0.0000 0.0853 0.6974 0.0796 0.0000 0.1046
184      184   (0)    184  : 0.0552 0.0000 0.0000 0.0000 0.1991 0.5949 0.0147 0.0000 0.1361
185      185   (0)    185  : 0.0656 0.0108 0.0307 0.0452 0.0948 0.0933 0.3502 0.1245 0.1850
186      186   (0)    186  : 0.0002 0.0000 0.0008 0.0002 0.0785 0.5723 0.2679 0.0040 0.0762
187      187   (0)    187  : 0.2350 0.0000 0.0000 0.0212 0.0017 0.3173 0.3105 0.0000 0.1143
188      188   (0)    188  : 0.0018 0.0000 0.0000 0.0000 0.0098 0.7731 0.2018 0.0000 0.0135
189      189   (0)    189  : 0.0003 0.0000 0.0000 0.0267 0.5519 0.0338 0.0640 0.0000 0.3232
190      190   (0)    190  : 0.1826 0.0000 0.0058 0.0000 0.3083 0.2863 0.1455 0.0102 0.0614
191      191   (0)    191  : 0.0932 0.0085 0.0210 0.0415 0.2164 0.0182 0.1662 0.2047 0.2303
192      192   (0)    192  : 0.1352 0.0000 0.0210 0.0000 0.2272 0.0100 0.1203 0.0000 0.4863
193      193   (0)    193  : 0.0882 0.0000 0.0068 0.0000 0.2619 0.1167 0.1739 0.0000 0.3525
194      194   (0)    194  : 0.3337 0.0000 0.0003 0.0073 0.1330 0.2263 0.1675 0.0000 0.1318
195      195   (0)    195  : 0.0105 0.0000 0.0000 0.0000 0.1503 0.6377 0.1268 0.0000 0.0747
196      196   (0)    196  : 0.6162 0.0000 0.0000 0.0000 0.0000 0.0457 0.3110 0.0000 0.0272
197      197   (0)    197  : 0.0000 0.0000 0.2518 0.0770 0.3547 0.3165 0.0000 0.0000 0.0000
198      198   (0)    198  : 0.2295 0.0000 0.0000 0.0000 0.0000 0.0000 0.7692 0.0000 0.0013
199      199   (0)    199  : 0.1110 0.0000 0.0433 0.0525 0.1995 0.0730 0.3342 0.0000 0.1864
200      200   (0)    200  : 0.2495 0.0000 0.0078 0.0235 0.1015 0.2280 0.2542 0.0020 0.1335
201      201   (0)    201  : 0.0027 0.0000 0.0248 0.0437 0.4507 0.2262 0.0355 0.0000 0.2165
202      202   (0)    202  : 0.1130 0.0000 0.0000 0.0000 0.0180 0.2985 0.5010 0.0000 0.0695
203      203   (0)    203  : 0.1185 0.0000 0.0142 0.0000 0.2651 0.0002 0.0750 0.0000 0.5271
204      204   (0)    204  : 0.2809 0.0000 0.0000 0.0000 0.0052 0.1785 0.4263 0.0072 0.1020
205      205   (0)    205  : 0.6215 0.0000 0.0000 0.0000 0.0000 0.0000 0.3481 0.0000 0.0304
206      206   (0)    206  : 0.4837 0.0000 0.0000 0.0000 0.0000 0.0012 0.4858 0.0000 0.0293
207      207   (0)    207  : 0.1137 0.0000 0.0000 0.0000 0.0103 0.3709 0.4192 0.0000 0.0859
208      208   (0)    208  : 0.0530 0.0000 0.0000 0.0000 0.0062 0.1414 0.6941 0.0000 0.1054
209      209   (0)    209  : 0.0388 0.0000 0.0000 0.0000 0.0293 0.9312 0.0007 0.0000 0.0000
210      210   (1)    210  : 0.0000 0.0000 0.0000 0.0000 0.0000 0.0000 0.0000 1.0000 0.0000
211      211   (0)    211  : 0.0227 0.0000 0.0000 0.0000 0.0566 0.0951 0.5664 0.0032 0.2560
212      212   (0)    212  : 0.5994 0.0000 0.0000 0.0000 0.0000 0.0000 0.3820 0.0000 0.0186
213      213   (0)    213  : 0.3540 0.0000 0.0000 0.0000 0.0000 0.2273 0.3847 0.0000 0.0340
214      214   (2)    214  : 0.0012 0.0000 0.0002 0.8149 0.0750 0.0232 0.0045 0.0000 0.0810
215      215   (0)    215  : 0.0018 0.0000 0.0000 0.7440 0.1057 0.0138 0.0242 0.0000 0.1105
216      216   (0)    216  : 0.1210 0.0000 0.0000 0.0000 0.0647 0.4262 0.3577 0.0000 0.0305
217      217   (2)    217  : 0.0092 0.0000 0.0000 0.7413 0.1359 0.0202 0.0068 0.0000 0.0866
218      218   (1)    218  : 0.0130 0.0000 0.0192 0.8104 0.0445 0.0010 0.0002 0.0362 0.0756
219      219   (2)    219  : 0.0000 0.0000 0.1880 0.0000 0.0000 0.0000 0.0000 0.8120 0.0000
220      220   (1)    220  : 0.0000 0.0000 0.0000 1.0000 0.0000 0.0000 0.0000 0.0000 0.0000
221      221   (1)    221  : 0.0030 0.0000 0.0192 0.7250 0.1038 0.0008 0.0497 0.0000 0.0985
222      222   (0)    222  : 0.0150 0.0000 0.0000 0.4821 0.1158 0.0946 0.1768 0.0000 0.1156
223      223   (0)    223  : 0.0015 0.0000 0.0000 0.1500 0.3832 0.0749 0.0565 0.0000 0.3338
224      224   (0)    224  : 0.2737 0.0000 0.0000 0.0000 0.1464 0.2990 0.1275 0.0000 0.1535
225      225   (0)    225  : 0.1142 0.0000 0.0000 0.0022 0.4253 0.0490 0.0916 0.0000 0.3178
226      226   (0)    226  : 0.0498 0.0000 0.0018 0.0000 0.1521 0.3465 0.1090 0.0000 0.3407
227      227   (0)    227  : 0.1874 0.0000 0.0022 0.0703 0.0003 0.3153 0.3806 0.0000 0.0438
228      228   (0)    228  : 0.3811 0.0000 0.0282 0.1118 0.0340 0.1276 0.1933 0.0058 0.1183
229      229   (0)    229  : 0.3158 0.0000 0.0000 0.0000 0.0000 0.1584 0.4399 0.0000 0.0859
230      230   (0)    230  : 0.1413 0.0000 0.0000 0.0000 0.1140 0.4471 0.2797 0.0000 0.0178
231      231   (0)    231  : 0.2484 0.0000 0.0000 0.0000 0.0000 0.0122 0.7373 0.0000 0.0022
232      232   (0)    232  : 0.4464 0.0000 0.0000 0.0000 0.0000 0.0495 0.4496 0.0000 0.0545
233      233   (0)    233  : 0.0913 0.0000 0.0000 0.0000 0.0502 0.5266 0.2936 0.0000 0.0383
234      234  (21)    234  : 0.4095 0.0000 0.0000 0.0000 0.0243 0.3890 0.1742 0.0000 0.0030
235      235  (12)    235  : 0.4408 0.0000 0.0000 0.0000 0.0000 0.3959 0.1629 0.0000 0.0003
236      236   (3)    236  : 0.5265 0.0000 0.0000 0.0000 0.1754 0.0355 0.1949 0.0000 0.0677
237      237   (7)    237  : 0.7486 0.0000 0.0003 0.0000 0.0523 0.0003 0.1977 0.0007 0.0000
238      238   (3)    238  : 0.7353 0.0000 0.0000 0.0000 0.0055 0.0223 0.1885 0.0000 0.0483
239      239   (2)    239  : 0.5832 0.0000 0.0000 0.0000 0.0853 0.1210 0.1695 0.0000 0.0410
240      240   (3)    240  : 0.7990 0.0000 0.0000 0.0000 0.1036 0.0003 0.0804 0.0000 0.0167
241      241   (1)    241  : 0.7147 0.0000 0.0000 0.0000 0.0032 0.0917 0.1468 0.0000 0.0437
242      242   (3)    242  : 0.7591 0.0000 0.0007 0.0000 0.0495 0.0005 0.1896 0.0007 0.0000
243      243   (2)    243  : 0.3983 0.0002 0.0000 0.0082 0.2206 0.0362 0.2203 0.0000 0.1162
244      244   (3)    244  : 0.6402 0.0000 0.0000 0.0000 0.0000 0.0404 0.2781 0.0000 0.0413
245      245  (15)    245  : 0.5677 0.0000 0.0000 0.0390 0.2505 0.0007 0.0543 0.0000 0.0878
246      246   (3)    246  : 0.8321 0.0000 0.0000 0.0000 0.1559 0.0000 0.0000 0.0000 0.0120
247      247   (3)    247  : 0.4950 0.0000 0.0000 0.0000 0.4362 0.0337 0.0352 0.0000 0.0000
248      248   (3)    248  : 0.0704 0.0000 0.0008 0.0000 0.6319 0.0105 0.1567 0.0000 0.1297
249      249   (3)    249  : 0.3885 0.0000 0.0000 0.0000 0.4562 0.1318 0.0235 0.0000 0.0000
250      250   (2)    250  : 0.3495 0.0000 0.0000 0.0000 0.5043 0.1267 0.0033 0.0000 0.0162
251      251   (3)    251  : 0.9148 0.0000 0.0000 0.0000 0.0213 0.0072 0.0102 0.0000 0.0465
252      252   (4)    252  : 0.6222 0.0000 0.0000 0.0000 0.1613 0.0178 0.1987 0.0000 0.0000
253      253   (4)    253  : 0.2008 0.0000 0.0000 0.0000 0.4778 0.1460 0.1253 0.0000 0.0502
254      254   (2)    254  : 0.3827 0.0000 0.0000 0.0000 0.1482 0.0143 0.4544 0.0000 0.0003
255      255  (13)    255  : 0.3948 0.0000 0.0000 0.0000 0.3490 0.0183 0.1934 0.0000 0.0445
256      256   (2)    256  : 0.8281 0.0000 0.0000 0.0000 0.0000 0.0003 0.1240 0.0000 0.0475
257      257   (3)    257  : 0.7091 0.0000 0.0000 0.0000 0.0040 0.0000 0.2788 0.0000 0.0082
258      258   (4)    258  : 0.7239 0.0000 0.0000 0.0000 0.0137 0.0083 0.2433 0.0000 0.0108
259      259   (5)    259  : 0.4564 0.0000 0.0000 0.0000 0.0000 0.0318 0.4673 0.0000 0.0445
260      260   (4)    260  : 0.5758 0.0000 0.0000 0.0000 0.1047 0.0053 0.3007 0.0000 0.0135
261      261   (3)    261  : 0.5561 0.0000 0.0000 0.0012 0.2736 0.0540 0.1032 0.0000 0.0118
262      262   (3)    262  : 0.5930 0.0000 0.0000 0.0000 0.0000 0.1346 0.1969 0.0000 0.0755
263      263   (5)    263  : 0.5614 0.0000 0.0000 0.0000 0.2118 0.0077 0.2015 0.0000 0.0177
264      264   (7)    264  : 0.5847 0.0000 0.0000 0.0000 0.0680 0.1119 0.1408 0.0000 0.0946
265      265   (1)    265  : 0.7631 0.0000 0.0000 0.0000 0.0544 0.0003 0.1820 0.0000 0.0002
266      266   (5)    266  : 0.9133 0.0000 0.0000 0.0000 0.0005 0.0023 0.0785 0.0000 0.0053
267      267   (1)    267  : 0.6722 0.0000 0.0000 0.0000 0.0007 0.1287 0.1609 0.0000 0.0376
268      268   (1)    268  : 0.4592 0.0000 0.0000 0.0000 0.3444 0.0125 0.1839 0.0000 0.0000
269      269   (8)    269  : 0.0123 0.0000 0.0000 0.0170 0.7123 0.2518 0.0065 0.0000 0.0000
270      270   (4)    270  : 0.1707 0.0000 0.0000 0.0000 0.3986 0.3519 0.0362 0.0000 0.0427
271      271   (1)    271  : 0.4156 0.0000 0.0000 0.0000 0.0000 0.0245 0.5147 0.0000 0.0452
272      272   (1)    272  : 0.4755 0.0000 0.0000 0.0000 0.3539 0.0832 0.0874 0.0000 0.0000
273      273   (4)    273  : 0.3155 0.0000 0.0062 0.0112 0.4508 0.1173 0.0992 0.0000 0.0000
274      274   (1)    274  : 0.3695 0.0000 0.0000 0.0002 0.1852 0.0075 0.3679 0.0000 0.0697
275      275   (1)    275  : 0.1201 0.0000 0.0000 0.0037 0.5181 0.2301 0.0235 0.0000 0.1046
276      276   (3)    276  : 0.0482 0.0000 0.0000 0.0058 0.6063 0.3225 0.0000 0.0000 0.0172
277      277   (2)    277  : 0.8533 0.0000 0.0000 0.0000 0.0010 0.0000 0.1235 0.0000 0.0222
278      278   (1)    278  : 0.6141 0.0000 0.0000 0.0000 0.0000 0.0733 0.2394 0.0000 0.0732
279      279   (3)    279  : 0.1091 0.0000 0.0000 0.0000 0.0869 0.0240 0.7311 0.0000 0.0489
280      280   (3)    280  : 0.1097 0.0000 0.0000 0.0000 0.0883 0.0230 0.7306 0.0000 0.0483
281      281   (2)    281  : 0.6961 0.0000 0.0000 0.0000 0.0652 0.0110 0.1370 0.0000 0.0907
282      282   (2)    282  : 0.6025 0.0000 0.0000 0.0000 0.0000 0.0483 0.2770 0.0000 0.0722
283      283   (2)    283  : 0.6056 0.0000 0.0000 0.0000 0.2282 0.0020 0.1490 0.0000 0.0152
284      284   (3)    284  : 0.6473 0.0000 0.0000 0.0000 0.0003 0.1522 0.1237 0.0000 0.0765
285      285   (4)    285  : 0.6810 0.0000 0.0000 0.0000 0.0602 0.0000 0.2135 0.0010 0.0443
286      286   (2)    286  : 0.5230 0.0000 0.0000 0.0000 0.1305 0.0003 0.3448 0.0000 0.0013
287      287   (0)    287  : 0.6566 0.0000 0.0000 0.0000 0.0000 0.0352 0.2554 0.0000 0.0528
288      288   (1)    288  : 0.7504 0.0000 0.0000 0.0000 0.0000 0.0130 0.2214 0.0000 0.0152
289      289   (2)    289  : 0.7527 0.0000 0.0000 0.0000 0.0000 0.0140 0.2162 0.0000 0.0170
290      290   (8)    290  : 0.6365 0.0000 0.0000 0.0000 0.0000 0.0398 0.2748 0.0000 0.0488
291      291   (2)    291  : 0.9440 0.0000 0.0000 0.0000 0.0032 0.0005 0.0428 0.0000 0.0095
292      292   (4)    292  : 0.8181 0.0000 0.0000 0.0000 0.1634 0.0002 0.0000 0.0000 0.0183
293      293   (0)    293  : 0.7810 0.0000 0.0000 0.0000 0.0000 0.0000 0.2190 0.0000 0.0000
294      294   (3)    294  : 0.7652 0.0000 0.0000 0.0000 0.0000 0.0000 0.2348 0.0000 0.0000
295      295   (2)    295  : 0.8087 0.0000 0.0000 0.0000 0.1175 0.0372 0.0250 0.0000 0.0117
296      296   (2)    296  : 0.7030 0.0000 0.0000 0.0000 0.0305 0.0000 0.2611 0.0000 0.0053
297      297   (4)    297  : 0.7373 0.0000 0.0000 0.0000 0.0000 0.0000 0.2543 0.0000 0.0083
298      298   (3)    298  : 0.7053 0.0000 0.0000 0.0000 0.0143 0.0145 0.2494 0.0000 0.0165
299      299   (4)    299  : 0.6423 0.0000 0.0000 0.0000 0.1665 0.0072 0.1605 0.0000 0.0235
300      300   (2)    300  : 0.8281 0.0000 0.0000 0.0000 0.0370 0.0030 0.1319 0.0000 0.0000
301      301   (2)    301  : 0.7731 0.0000 0.0000 0.0000 0.0842 0.0040 0.1074 0.0000 0.0313
302      302   (1)    302  : 0.5588 0.0000 0.0000 0.0000 0.0537 0.0000 0.3875 0.0000 0.0000
303      303   (0)    303  : 0.6095 0.0000 0.0000 0.0000 0.0908 0.0142 0.2855 0.0000 0.0000
304      304   (2)    304  : 0.4264 0.0000 0.0000 0.0000 0.3795 0.0050 0.1246 0.0000 0.0645
305      305   (2)    305  : 0.4262 0.0000 0.0000 0.0000 0.3790 0.0052 0.1245 0.0000 0.0652
306      306   (1)    306  : 0.2313 0.0000 0.0037 0.0000 0.2570 0.0953 0.1285 0.0000 0.2841
307      307   (1)    307  : 0.6599 0.0000 0.0000 0.0000 0.0007 0.0303 0.2783 0.0000 0.0309
308      308   (8)    308  : 0.2397 0.0000 0.0000 0.0000 0.4960 0.0058 0.2585 0.0000 0.0000
309      309   (3)    309  : 0.5907 0.0000 0.0000 0.0000 0.0884 0.0980 0.2229 0.0000 0.0000
310      310   (2)    310  : 0.4334 0.0000 0.0000 0.0000 0.0000 0.0248 0.4921 0.0000 0.0497
311      311   (3)    311  : 0.7149 0.0000 0.0000 0.0000 0.0670 0.0499 0.1435 0.0000 0.0247
312      312   (2)    312  : 0.9201 0.0000 0.0000 0.0000 0.0352 0.0085 0.0000 0.0000 0.0362
313      313   (3)    313  : 0.2039 0.0000 0.0000 0.0000 0.0015 0.0000 0.7946 0.0000 0.0000
314      314   (6)    314  : 0.8087 0.0000 0.0000 0.0000 0.0000 0.0615 0.0905 0.0000 0.0393
315      315   (5)    315  : 0.9815 0.0000 0.0000 0.0000 0.0000 0.0000 0.0000 0.0000 0.0185
316      316   (2)    316  : 0.7521 0.0000 0.0000 0.0000 0.0412 0.0000 0.1813 0.0000 0.0255
317      317   (1)    317  : 0.8186 0.0000 0.0000 0.0000 0.1609 0.0003 0.0047 0.0030 0.0125
318      318   (1)    318  : 0.8545 0.0000 0.0000 0.0000 0.0000 0.0057 0.1269 0.0000 0.0130
319      319   (1)    319  : 0.3887 0.0000 0.0000 0.0000 0.0967 0.1063 0.3582 0.0000 0.0500
320      320   (1)    320  : 0.5629 0.0000 0.0000 0.0000 0.0000 0.1285 0.1982 0.0000 0.1104
321      321   (3)    321  : 0.8323 0.0000 0.0000 0.0000 0.0000 0.0000 0.1185 0.0000 0.0492
322      322   (3)    322  : 0.9066 0.0000 0.0000 0.0000 0.0262 0.0000 0.0417 0.0000 0.0255
323      323   (4)    323  : 0.5966 0.0000 0.0000 0.0000 0.0000 0.1125 0.1242 0.0000 0.1667
324      324   (5)    324  : 0.1219 0.0000 0.0000 0.0000 0.3605 0.1557 0.3194 0.0000 0.0425
325      325   (3)    325  : 0.1462 0.0000 0.0000 0.0000 0.3883 0.3451 0.1182 0.0000 0.0022
326      326   (2)    326  : 0.7335 0.0000 0.0000 0.0000 0.1626 0.0023 0.1016 0.0000 0.0000
327      327   (2)    327  : 0.5180 0.0000 0.0000 0.0000 0.4328 0.0023 0.0469 0.0000 0.0000
328      328   (1)    328  : 0.5697 0.0000 0.0000 0.0000 0.1947 0.1100 0.1072 0.0000 0.0185
329      329   (6)    329  : 1.0000 0.0000 0.0000 0.0000 0.0000 0.0000 0.0000 0.0000 0.0000
330      330   (4)    330  : 0.6047 0.0000 0.0000 0.0000 0.0000 0.1112 0.1175 0.0000 0.1667
331      331   (2)    331  : 0.3306 0.0000 0.0000 0.0000 0.3654 0.0553 0.2322 0.0000 0.0165
332      332   (3)    332  : 0.2282 0.0000 0.0000 0.0000 0.4494 0.1170 0.1627 0.0000 0.0427
333      333   (1)    333  : 0.6959 0.0000 0.0000 0.0000 0.1941 0.0000 0.1100 0.0000 0.0000
334      334   (3)    334  : 0.7081 0.0000 0.0000 0.0000 0.1877 0.0000 0.1042 0.0000 0.0000
335      335   (1)    335  : 0.0965 0.0000 0.0000 0.0000 0.6882 0.0700 0.0173 0.0000 0.1280
336      336   (6)    336  : 0.7624 0.0000 0.0000 0.0000 0.0392 0.0545 0.1379 0.0000 0.0060
337      337   (2)    337  : 0.3171 0.0000 0.0000 0.0000 0.2136 0.2907 0.1634 0.0000 0.0152
338      338   (2)    338  : 0.6924 0.0000 0.0000 0.0000 0.0000 0.0960 0.1458 0.0000 0.0657
339      339   (4)    339  : 0.2988 0.0000 0.0000 0.0000 0.4547 0.0170 0.1807 0.0000 0.0488
340      340   (2)    340  : 0.3867 0.0000 0.0000 0.0000 0.1603 0.0000 0.4530 0.0000 0.0000
341      341   (3)    341  : 0.5743 0.0000 0.0000 0.0000 0.0000 0.0000 0.4250 0.0000 0.0007
342      342   (3)    342  : 0.5806 0.0000 0.0000 0.0000 0.0745 0.0000 0.3312 0.0000 0.0137
343      343   (3)    343  : 0.4234 0.0000 0.0000 0.0000 0.0000 0.0523 0.4381 0.0000 0.0862
344      344   (1)    344  : 0.7882 0.0000 0.0000 0.0000 0.0000 0.0215 0.1420 0.0000 0.0483
345      345   (3)    345  : 0.3133 0.0000 0.0000 0.0103 0.4184 0.0919 0.0260 0.0000 0.1401
346      346   (1)    346  : 0.5902 0.0000 0.0008 0.0013 0.0000 0.0832 0.2530 0.0000 0.0715
347      347   (7)    347  : 0.2839 0.0000 0.0000 0.0332 0.2594 0.0002 0.2684 0.0000 0.1550
348      348   (5)    348  : 0.2093 0.0000 0.0000 0.0000 0.0547 0.0077 0.7284 0.0000 0.0000
349      349   (2)    349  : 0.6578 0.0000 0.0000 0.0075 0.1852 0.0275 0.0285 0.0000 0.0935
350      350   (0)    350  : 0.6197 0.0000 0.0000 0.0043 0.0777 0.0350 0.2338 0.0000 0.0295
351      351   (2)    351  : 0.0676 0.0000 0.0000 0.0000 0.6483 0.1436 0.0002 0.0000 0.1402
352      352   (2)    352  : 0.5608 0.0000 0.0000 0.0000 0.0000 0.0087 0.3485 0.0000 0.0820
353      353   (4)    353  : 0.6282 0.0000 0.0000 0.0000 0.0000 0.0697 0.2300 0.0000 0.0722
354      354   (4)    354  : 0.3840 0.0000 0.0000 0.0080 0.2092 0.0125 0.2890 0.0060 0.0913
355      355   (6)    355  : 0.4464 0.0000 0.0000 0.0087 0.1864 0.0485 0.2635 0.0000 0.0465
356      356   (1)    356  : 0.2676 0.0000 0.0000 0.0165 0.4303 0.0000 0.0709 0.0000 0.2148
357      357   (1)    357  : 0.9167 0.0000 0.0000 0.0000 0.0000 0.0000 0.0833 0.0000 0.0000
358      358   (0)    358  : 0.3788 0.0000 0.0000 0.0000 0.3276 0.0057 0.2164 0.0000 0.0715
359      359   (3)    359  : 0.3256 0.0000 0.0000 0.0000 0.2651 0.1330 0.0735 0.0000 0.2028
360      360   (1)    360  : 0.6577 0.0000 0.0000 0.0000 0.1764 0.0033 0.1619 0.0007 0.0000
361      361   (1)    361  : 0.2960 0.0000 0.0000 0.0000 0.3782 0.0147 0.1969 0.0000 0.1142
362      362   (4)    362  : 0.6141 0.0000 0.0000 0.0000 0.0373 0.0733 0.2697 0.0000 0.0055
363      363   (2)    363  : 0.6289 0.0000 0.0000 0.0000 0.1002 0.0437 0.2138 0.0000 0.0135
364      364   (4)    364  : 0.6739 0.0000 0.0000 0.0000 0.0332 0.0580 0.2051 0.0000 0.0298
365      365   (3)    365  : 0.1713 0.0000 0.0000 0.0000 0.5301 0.1416 0.0442 0.0000 0.1128
366      366   (4)    366  : 0.2185 0.0000 0.0000 0.0000 0.6116 0.1694 0.0005 0.0000 0.0000
367      367   (4)    367  : 0.1483 0.0000 0.0000 0.0000 0.6212 0.0517 0.1067 0.0000 0.0722
368      368   (5)    368  : 0.1480 0.0000 0.0000 0.0010 0.4254 0.0830 0.0948 0.0000 0.2478
369      369   (3)    369  : 0.5462 0.0000 0.0000 0.0000 0.0000 0.0553 0.2791 0.0000 0.1193
370      370   (0)    370  : 0.2697 0.0000 0.0000 0.0000 0.5275 0.1770 0.0108 0.0000 0.0150
371      371   (3)    371  : 0.7334 0.0000 0.0000 0.0000 0.0067 0.1457 0.0328 0.0000 0.0814
372      372   (2)    372  : 0.1846 0.0000 0.0000 0.0000 0.2589 0.0803 0.4075 0.0000 0.0687
373      373   (7)    373  : 0.7419 0.0000 0.0000 0.0000 0.0920 0.0000 0.1488 0.0000 0.0173
374      374   (6)    374  : 0.7565 0.0000 0.0000 0.0000 0.0033 0.0000 0.2402 0.0000 0.0000
375      375   (1)    375  : 0.7197 0.0000 0.0000 0.0000 0.0900 0.0002 0.1300 0.0000 0.0600
376      376   (1)    376  : 0.5754 0.0000 0.0000 0.0000 0.1777 0.0399 0.1347 0.0000 0.0724
377      377   (1)    377  : 0.4526 0.0000 0.0000 0.0000 0.1801 0.0497 0.2270 0.0000 0.0906
378      378   (1)    378  : 0.5412 0.0000 0.0000 0.0000 0.0637 0.1185 0.2100 0.0000 0.0666
379      379   (2)    379  : 0.5950 0.0000 0.0000 0.0000 0.1042 0.0920 0.1067 0.0000 0.1022
380      380   (2)    380  : 0.4892 0.0000 0.0000 0.0000 0.0796 0.0604 0.3049 0.0000 0.0659
381      381   (6)    381  : 0.6593 0.0000 0.0000 0.0000 0.0455 0.0325 0.2167 0.0000 0.0460
382      382   (1)    382  : 0.7416 0.0000 0.0000 0.0000 0.0835 0.0000 0.1523 0.0000 0.0225
383      383   (3)    383  : 0.6592 0.0000 0.0000 0.0000 0.0845 0.0002 0.2173 0.0000 0.0388
384      384   (5)    384  : 0.7505 0.0000 0.0000 0.0003 0.1078 0.0268 0.0075 0.0000 0.1070
385      385   (2)    385  : 0.6545 0.0000 0.0000 0.0000 0.0885 0.0100 0.2134 0.0000 0.0337
386      386   (3)    386  : 0.4170 0.0000 0.0000 0.0012 0.1831 0.0402 0.2513 0.0000 0.1074
387      387   (3)    387  : 0.5429 0.0000 0.0000 0.0000 0.0881 0.1058 0.2014 0.0000 0.0618
388      388   (1)    388  : 0.5840 0.0000 0.0000 0.0000 0.1180 0.0985 0.1032 0.0000 0.0962
389      389   (2)    389  : 0.5419 0.0000 0.0000 0.0000 0.0637 0.0604 0.2765 0.0000 0.0575
390      390   (3)    390  : 0.6682 0.0000 0.0000 0.0000 0.0520 0.0092 0.2311 0.0000 0.0396
391      391   (4)    391  : 0.3425 0.0000 0.0000 0.0000 0.4113 0.0950 0.1512 0.0000 0.0000
392      392   (3)    392  : 0.4755 0.0000 0.0000 0.0000 0.2536 0.0270 0.2419 0.0000 0.0020
393      393   (6)    393  : 0.6062 0.0000 0.0000 0.0000 0.0000 0.1314 0.0957 0.0000 0.1667
394      394   (4)    394  : 0.0268 0.0000 0.0000 0.0000 0.7376 0.0180 0.0186 0.0000 0.1989
395      395   (4)    395  : 0.6739 0.0000 0.0000 0.0000 0.1100 0.0037 0.2122 0.0000 0.0002
396      396   (6)    396  : 0.8253 0.0000 0.0000 0.0000 0.0532 0.0000 0.0853 0.0032 0.0330
397      397   (6)    397  : 0.5996 0.0000 0.0000 0.0000 0.0115 0.0000 0.3883 0.0000 0.0007
398      398   (6)    398  : 0.4426 0.0000 0.0000 0.0000 0.3069 0.0113 0.2049 0.0000 0.0342
399      399  (10)    399  : 0.2016 0.0000 0.0000 0.0000 0.6191 0.0002 0.1376 0.0000 0.0415
400      400   (3)    400  : 0.2133 0.0000 0.0000 0.0000 0.5172 0.1365 0.0717 0.0000 0.0613
401      401   (2)    401  : 0.4667 0.0000 0.0000 0.0000 0.3267 0.0508 0.1533 0.0000 0.0025
402      402   (3)    402  : 0.3220 0.0000 0.0000 0.0000 0.3069 0.0268 0.3311 0.0000 0.0132
403      403   (3)    403  : 0.0998 0.0000 0.0000 0.0000 0.6792 0.0685 0.0765 0.0000 0.0759
404      404   (2)    404  : 0.6808 0.0000 0.0000 0.0000 0.1660 0.0037 0.1337 0.0000 0.0158
405      405   (5)    405  : 0.4995 0.0000 0.0000 0.0000 0.4062 0.0652 0.0290 0.0000 0.0002
406      406   (3)    406  : 0.5003 0.0000 0.0000 0.0000 0.1845 0.0160 0.2395 0.0000 0.0597
407      407   (3)    407  : 0.5679 0.0000 0.0000 0.0000 0.1098 0.0448 0.2494 0.0000 0.0280
408      408   (2)    408  : 0.3090 0.0000 0.0000 0.0000 0.4186 0.0000 0.2005 0.0000 0.0718
409      409   (2)    409  : 0.7538 0.0000 0.0000 0.0000 0.0000 0.0707 0.1379 0.0000 0.0377
410      410   (3)    410  : 0.6673 0.0000 0.0000 0.0000 0.1617 0.0183 0.1357 0.0000 0.0168
411      411   (3)    411  : 0.1452 0.0000 0.0000 0.0000 0.6060 0.1097 0.0013 0.0000 0.1377
412      412   (3)    412  : 0.3528 0.0000 0.0000 0.0000 0.3551 0.0002 0.2356 0.0000 0.0563
413      413   (2)    413  : 0.3429 0.0000 0.0000 0.0000 0.1063 0.0637 0.4677 0.0000 0.0193
414      414   (2)    414  : 0.0948 0.0000 0.0000 0.0000 0.6403 0.0637 0.1215 0.0000 0.0796
415      415   (1)    415  : 0.3576 0.0000 0.0000 0.0000 0.4477 0.1460 0.0368 0.0000 0.0118
416      416   (5)    416  : 0.3350 0.0000 0.0000 0.0000 0.4619 0.1883 0.0043 0.0000 0.0105
417      417   (1)    417  : 0.3227 0.0000 0.0000 0.0000 0.4304 0.0317 0.0410 0.0000 0.1742
418      418   (2)    418  : 0.2271 0.0000 0.0000 0.0000 0.5500 0.1732 0.0497 0.0000 0.0000
419      419   (2)    419  : 0.6206 0.0000 0.0000 0.0000 0.0000 0.1214 0.0914 0.0000 0.1667
420      420   (4)    420  : 0.7788 0.0000 0.0000 0.0000 0.0077 0.0000 0.1920 0.0000 0.0215
421      421   (3)    421  : 0.4393 0.0000 0.0000 0.0000 0.2263 0.1142 0.2088 0.0000 0.0113
422      422   (2)    422  : 0.9103 0.0000 0.0000 0.0000 0.0000 0.0000 0.0897 0.0000 0.0000
423      423   (3)    423  : 0.7423 0.0000 0.0000 0.0000 0.0155 0.0108 0.1136 0.0000 0.1178
424      424   (2)    424  : 0.8068 0.0000 0.0000 0.0000 0.0000 0.0822 0.0332 0.0000 0.0778
425      425   (1)    425  : 0.7993 0.0000 0.0000 0.0000 0.0032 0.0085 0.1006 0.0000 0.0884
426      426   (2)    426  : 0.7792 0.0000 0.0000 0.0000 0.0000 0.0002 0.1560 0.0000 0.0647
427      427   (6)    427  : 0.7724 0.0000 0.0000 0.0000 0.0000 0.0113 0.1384 0.0000 0.0779
428      428   (5)    428  : 0.3663 0.0000 0.0000 0.0413 0.2969 0.0002 0.1304 0.0000 0.1649
429      429   (4)    429  : 0.6349 0.0000 0.0003 0.0003 0.1284 0.0250 0.0742 0.0000 0.1369
430      430   (3)    430  : 0.8968 0.0000 0.0000 0.0000 0.0515 0.0000 0.0000 0.0000 0.0517
431      431   (3)    431  : 0.8280 0.0000 0.0000 0.0000 0.0000 0.0000 0.1549 0.0000 0.0172
432      432   (4)    432  : 0.5866 0.0000 0.0000 0.0000 0.0726 0.0000 0.3266 0.0000 0.0142
433      433   (3)    433  : 0.6178 0.0000 0.0000 0.0000 0.0000 0.1307 0.0848 0.0000 0.1667
434      434   (4)    434  : 0.0850 0.0000 0.0000 0.0000 0.6154 0.1564 0.0000 0.0000 0.1432
435      435   (7)    435  : 0.4346 0.0000 0.0000 0.0000 0.2361 0.0767 0.2301 0.0002 0.0223
436      436   (7)    436  : 0.4801 0.0000 0.0000 0.0000 0.3891 0.0555 0.0448 0.0000 0.0305
437      437   (2)    437  : 0.7657 0.0000 0.0000 0.0000 0.0362 0.0233 0.1435 0.0000 0.0313
438      438   (3)    438  : 0.5081 0.0000 0.0000 0.0000 0.1634 0.0740 0.2529 0.0000 0.0017
439      439   (5)    439  : 0.6274 0.0000 0.0000 0.0000 0.0632 0.3079 0.0007 0.0000 0.0008
440      440   (3)    440  : 0.1029 0.0000 0.0000 0.0302 0.3716 0.0675 0.2227 0.0000 0.2051
441      441   (4)    441  : 0.9660 0.0000 0.0000 0.0000 0.0070 0.0000 0.0000 0.0000 0.0270
442      442   (3)    442  : 0.5757 0.0000 0.0000 0.0000 0.1951 0.0590 0.1624 0.0000 0.0078
443      443   (3)    443  : 0.5592 0.0000 0.0000 0.0000 0.0508 0.0080 0.3769 0.0000 0.0050
444      444   (4)    444  : 0.0633 0.0000 0.0000 0.0000 0.6037 0.2122 0.0417 0.0000 0.0792
445      445   (4)    445  : 0.6849 0.0000 0.0000 0.0000 0.0172 0.0533 0.2340 0.0000 0.0107
446      446   (1)    446  : 0.7531 0.0000 0.0002 0.0002 0.0007 0.0028 0.2407 0.0018 0.0005
447      447   (1)    447  : 0.6865 0.0000 0.0000 0.0000 0.0522 0.0233 0.2228 0.0000 0.0152
448      448   (7)    448  : 0.6141 0.0000 0.0000 0.0000 0.2029 0.0241 0.1342 0.0000 0.0247
449      449   (3)    449  : 0.5164 0.0002 0.0010 0.0000 0.1166 0.0000 0.3450 0.0000 0.0209
450      450   (1)    450  : 0.6150 0.0000 0.0000 0.0000 0.0000 0.1143 0.1859 0.0000 0.0848
451      451   (3)    451  : 0.6321 0.0000 0.0000 0.0000 0.0853 0.0077 0.2517 0.0000 0.0232
452      452   (2)    452  : 0.6947 0.0000 0.0000 0.0000 0.0220 0.0090 0.2365 0.0000 0.0378
453      453   (2)    453  : 0.9548 0.0000 0.0000 0.0002 0.0083 0.0000 0.0048 0.0000 0.0318
454      454   (2)    454  : 0.1129 0.0000 0.0000 0.0000 0.5214 0.3083 0.0140 0.0000 0.0434
455      455   (3)    455  : 0.0950 0.0000 0.0000 0.0000 0.6712 0.1673 0.0165 0.0000 0.0500
456      456   (2)    456  : 0.0675 0.0000 0.0000 0.0000 0.6783 0.1857 0.0052 0.0000 0.0634
457      457   (8)    457  : 0.5374 0.0000 0.0000 0.0000 0.2719 0.0197 0.1710 0.0000 0.0000
458      458   (1)    458  : 0.4836 0.0000 0.0000 0.0000 0.4171 0.0714 0.0279 0.0000 0.0000
459      459   (1)    459  : 0.2114 0.0000 0.0000 0.0000 0.3882 0.3586 0.0418 0.0000 0.0000
460      460   (3)    460  : 0.1903 0.0000 0.0000 0.0000 0.6142 0.1562 0.0328 0.0000 0.0065
461      461   (1)    461  : 0.3348 0.0000 0.0000 0.0000 0.5425 0.1043 0.0182 0.0000 0.0002
462      462   (4)    462  : 0.5122 0.0000 0.0005 0.0038 0.1622 0.0308 0.2576 0.0133 0.0195
463      463   (4)    463  : 0.7508 0.0000 0.0000 0.0000 0.0950 0.0128 0.1413 0.0000 0.0000
464      464   (4)    464  : 0.5418 0.0000 0.0000 0.0000 0.2165 0.0000 0.2366 0.0000 0.0052
465      465   (2)    465  : 0.7097 0.0000 0.0000 0.0000 0.0325 0.0000 0.2544 0.0000 0.0033
466      466   (3)    466  : 0.9612 0.0000 0.0000 0.0000 0.0057 0.0020 0.0237 0.0000 0.0075
467      467   (2)    467  : 0.7182 0.0000 0.0000 0.0000 0.0002 0.0608 0.1388 0.0000 0.0820
468      468   (2)    468  : 0.6962 0.0000 0.0000 0.0000 0.0700 0.0012 0.1977 0.0000 0.0348
469      469   (5)    469  : 0.5732 0.0000 0.0000 0.0000 0.2348 0.0148 0.1441 0.0002 0.0328
470      470   (2)    470  : 0.9365 0.0000 0.0000 0.0000 0.0177 0.0065 0.0052 0.0000 0.0342
471      471  (10)    471  : 0.4787 0.0000 0.0000 0.0000 0.2785 0.0000 0.2110 0.0000 0.0318
472      472   (1)    472  : 0.7381 0.0000 0.0000 0.0000 0.0000 0.0000 0.2439 0.0000 0.0180
473      473   (4)    473  : 0.8018 0.0000 0.0000 0.0000 0.1127 0.0000 0.0855 0.0000 0.0000
474      474   (5)    474  : 0.5069 0.0000 0.0000 0.0000 0.1760 0.0951 0.1611 0.0000 0.0608
475      475   (1)    475  : 0.5127 0.0000 0.0000 0.0000 0.1593 0.1457 0.1778 0.0000 0.0045
476      476   (8)    476  : 0.7043 0.0000 0.0000 0.0000 0.1071 0.0000 0.1751 0.0000 0.0135
477      477   (1)    477  : 0.4184 0.0000 0.0000 0.0008 0.3019 0.0908 0.1431 0.0000 0.0450
478      478   (1)    478  : 0.5934 0.0000 0.0000 0.0017 0.1801 0.0000 0.1993 0.0000 0.0255
479      479   (2)    479  : 0.7876 0.0000 0.0000 0.0000 0.0455 0.0508 0.0694 0.0000 0.0467
480      480   (4)    480  : 0.0162 0.0000 0.0000 0.0197 0.7117 0.2433 0.0092 0.0000 0.0000
481      481   (2)    481  : 0.5239 0.0000 0.0000 0.0000 0.1390 0.0402 0.2778 0.0000 0.0192
482      482   (1)    482  : 0.6525 0.0000 0.0000 0.0000 0.2814 0.0000 0.0660 0.0000 0.0000
483      483   (1)    483  : 0.2924 0.0000 0.0000 0.0000 0.5212 0.1403 0.0454 0.0000 0.0008
484      484   (2)    484  : 0.2768 0.0000 0.0000 0.0000 0.6049 0.1027 0.0012 0.0000 0.0145
485      485   (3)    485  : 0.7717 0.0000 0.0000 0.0000 0.0823 0.0000 0.0862 0.0000 0.0598
486      486   (2)    486  : 0.1995 0.0000 0.0000 0.0000 0.6710 0.1275 0.0020 0.0000 0.0000
487      487   (7)    487  : 0.1950 0.0000 0.0000 0.0000 0.5926 0.1969 0.0150 0.0000 0.0005
488      488   (0)    488  : 0.6213 0.0000 0.0000 0.0000 0.0000 0.1272 0.0849 0.0000 0.1667
489      489   (0)    489  : 0.6378 0.0000 0.0000 0.0000 0.0000 0.0455 0.2920 0.0000 0.0247
490      490   (1)    490  : 0.4519 0.0000 0.0000 0.0000 0.3323 0.0962 0.1184 0.0000 0.0012
491      491   (4)    491  : 0.3249 0.0000 0.0060 0.0000 0.2826 0.1977 0.1619 0.0000 0.0268
492      492   (1)    492  : 0.3730 0.0000 0.0000 0.0000 0.4878 0.1274 0.0118 0.0000 0.0000
493      493   (0)    493  : 0.3449 0.0000 0.0000 0.0015 0.4777 0.1537 0.0220 0.0000 0.0002
494      494  (10)    494  : 0.6527 0.0000 0.0000 0.0000 0.0002 0.0917 0.1811 0.0000 0.0742
495      495   (4)    495  : 0.4601 0.0000 0.0000 0.0000 0.3443 0.0601 0.1245 0.0030 0.0080
496      496   (4)    496  : 0.8230 0.0000 0.0000 0.0000 0.0563 0.0500 0.0000 0.0000 0.0707
497      497   (7)    497  : 0.7445 0.0000 0.0000 0.0000 0.0000 0.0000 0.2555 0.0000 0.0000
498      498   (0)    498  : 0.7566 0.0000 0.0000 0.0000 0.0000 0.0007 0.2428 0.0000 0.0000
499      499   (0)    499  : 0.0912 0.0000 0.0000 0.0000 0.6293 0.0002 0.0582 0.0000 0.2212
500      500   (7)    500  : 0.1443 0.0000 0.0000 0.0308 0.4626 0.0814 0.0247 0.0000 0.2563
501      501   (2)    501  : 0.4485 0.0000 0.0000 0.0000 0.0000 0.0465 0.4445 0.0000 0.0605
502      502   (7)    502  : 0.3229 0.0000 0.0000 0.0020 0.0724 0.2402 0.2832 0.0000 0.0794
503      503   (5)    503  : 0.1617 0.0000 0.0000 0.0000 0.0000 0.0000 0.8383 0.0000 0.0000
504      504   (7)    504  : 0.0943 0.0000 0.0000 0.0000 0.6321 0.0000 0.0565 0.0000 0.2171
505      505  (10)    505  : 0.3519 0.0000 0.0000 0.0088 0.0722 0.1944 0.2854 0.0020 0.0853
506      506   (3)    506  : 0.3369 0.0000 0.0000 0.0000 0.1549 0.0000 0.5068 0.0000 0.0015
507      507   (8)    507  : 0.3152 0.0000 0.0000 0.0000 0.2663 0.0000 0.4175 0.0000 0.0010
508      508   (9)    508  : 0.4321 0.0000 0.0000 0.0000 0.2236 0.0000 0.3423 0.0000 0.0020
509      509   (3)    509  : 0.3379 0.0000 0.0000 0.0000 0.2293 0.0000 0.4310 0.0000 0.0018
510      510   (1)    510  : 0.5883 0.0000 0.0000 0.0000 0.0433 0.0811 0.1924 0.0000 0.0948
511      511   (0)    511  : 0.6572 0.0000 0.0000 0.0000 0.1943 0.0023 0.1460 0.0000 0.0002
512      512   (0)    512  : 0.7578 0.0000 0.0000 0.0000 0.0000 0.1078 0.0618 0.0000 0.0725
513      513   (0)    513  : 0.6203 0.0000 0.0000 0.0000 0.0000 0.1020 0.2210 0.0000 0.0567
514      514   (0)    514  : 0.6912 0.0000 0.0000 0.0000 0.0000 0.0742 0.1448 0.0000 0.0898
515      515   (0)    515  : 0.6490 0.0000 0.0000 0.0000 0.0000 0.0643 0.2103 0.0007 0.0757
516      516   (0)    516  : 0.5316 0.0000 0.0020 0.0008 0.0833 0.0797 0.2636 0.0000 0.0390
517      517   (0)    517  : 0.6114 0.0000 0.0000 0.0000 0.0000 0.1252 0.0967 0.0000 0.1667
518      518   (0)    518  : 0.6517 0.0000 0.0000 0.0000 0.1939 0.0013 0.1520 0.0000 0.0010
519      519   (0)    519  : 0.4559 0.0000 0.0028 0.0000 0.2291 0.0475 0.2338 0.0000 0.0308
520      520   (0)    520  : 0.5358 0.0000 0.0000 0.0000 0.0314 0.0644 0.2952 0.0010 0.0723
521      521   (0)    521  : 0.4150 0.0000 0.0060 0.0000 0.2922 0.0343 0.2335 0.0000 0.0190
522      522   (0)    522  : 0.5788 0.0000 0.0087 0.0000 0.1554 0.0277 0.1910 0.0000 0.0385
523      523   (0)    523  : 0.3261 0.0000 0.0000 0.0000 0.2513 0.0493 0.3433 0.0000 0.0300
524      524   (0)    524  : 0.7673 0.0000 0.0000 0.0000 0.0458 0.0000 0.1860 0.0000 0.0008
525      525   (0)    525  : 0.4465 0.0000 0.0000 0.0000 0.0373 0.0072 0.4988 0.0000 0.0102
526      526   (0)    526  : 0.8807 0.0000 0.0000 0.0000 0.0023 0.0000 0.1170 0.0000 0.0000
527      527   (0)    527  : 0.5610 0.0000 0.0000 0.0000 0.0000 0.0788 0.2808 0.0000 0.0794
528      528   (0)    528  : 0.7766 0.0000 0.0000 0.0000 0.0402 0.0000 0.1647 0.0000 0.0185
529      529   (0)    529  : 0.6930 0.0000 0.0000 0.0000 0.0030 0.0002 0.2827 0.0000 0.0212
530      530   (0)    530  : 0.4775 0.0000 0.0000 0.0000 0.1454 0.0000 0.2169 0.0000 0.1602
531      531   (0)    531  : 0.7412 0.0000 0.0000 0.0000 0.0375 0.0000 0.1461 0.0000 0.0752
532      532   (0)    532  : 0.6178 0.0000 0.0000 0.0000 0.0312 0.0310 0.2545 0.0000 0.0655
533      533   (0)    533  : 0.5899 0.0000 0.0000 0.0000 0.0658 0.0352 0.3088 0.0000 0.0003
534      534   (0)    534  : 0.1343 0.0000 0.0010 0.0168 0.6130 0.2044 0.0292 0.0000 0.0013
535      535   (0)    535  : 0.7796 0.0000 0.0000 0.0000 0.0000 0.0372 0.1652 0.0000 0.0180
536      536   (0)    536  : 0.9985 0.0000 0.0000 0.0000 0.0000 0.0000 0.0000 0.0000 0.0015
537      537   (0)    537  : 0.1166 0.0000 0.0000 0.0000 0.0470 0.0058 0.8306 0.0000 0.0000
538      538   (0)    538  : 0.8970 0.0000 0.0000 0.0000 0.0000 0.0000 0.1030 0.0000 0.0000
539      539   (0)    539  : 0.9355 0.0000 0.0000 0.0000 0.0000 0.0080 0.0563 0.0000 0.0002
540      540  (43)    540  : 0.7702 0.0000 0.0000 0.0000 0.0000 0.0137 0.1980 0.0000 0.0182
541      541   (0)    541  : 0.7954 0.0000 0.0000 0.0000 0.0040 0.0000 0.1953 0.0000 0.0053
542      542  (12)    542  : 0.8183 0.0000 0.0000 0.0000 0.0143 0.0000 0.1519 0.0000 0.0155
543      543   (0)    543  : 0.4996 0.0000 0.0000 0.0000 0.0000 0.0027 0.4509 0.0000 0.0468
544      544   (0)    544  : 0.6483 0.0000 0.0000 0.0000 0.0000 0.0000 0.3177 0.0000 0.0340
545      545   (0)    545  : 0.6059 0.0000 0.0000 0.0000 0.0000 0.0002 0.3876 0.0000 0.0063
546      546   (0)    546  : 0.5927 0.0000 0.0000 0.0000 0.0000 0.0000 0.3887 0.0000 0.0187
547      547   (0)    547  : 0.0005 0.0000 0.0000 0.8000 0.0869 0.0067 0.0007 0.0000 0.1052
548      548   (0)    548  : 0.0000 0.0030 0.9510 0.0460 0.0000 0.0000 0.0000 0.0000 0.0000
549      549   (0)    549  : 0.0038 0.0000 0.0000 0.5098 0.0707 0.4043 0.0000 0.0000 0.0113
550      550   (0)    550  : 0.0008 0.0000 0.0118 0.7696 0.0947 0.0000 0.0238 0.0000 0.0992
551      551   (0)    551  : 0.0000 0.0000 0.0000 0.7998 0.0569 0.0000 0.0002 0.0000 0.1431
552      552   (0)    552  : 0.0000 0.0000 0.5153 0.4664 0.0002 0.0180 0.0000 0.0000 0.0002
553      553   (0)    553  : 0.0000 0.0000 0.0000 1.0000 0.0000 0.0000 0.0000 0.0000 0.0000
554      554   (0)    554  : 0.0000 0.0000 0.0000 1.0000 0.0000 0.0000 0.0000 0.0000 0.0000
555      555   (0)    555  : 0.0000 0.0000 1.0000 0.0000 0.0000 0.0000 0.0000 0.0000 0.0000
556      556   (0)    556  : 0.0000 0.0000 1.0000 0.0000 0.0000 0.0000 0.0000 0.0000 0.0000
557      557   (0)    557  : 0.0000 0.0000 1.0000 0.0000 0.0000 0.0000 0.0000 0.0000 0.0000
558      558   (0)    558  : 0.0000 0.0000 0.9798 0.0202 0.0000 0.0000 0.0000 0.0000 0.0000
559      559   (0)    559  : 0.0000 0.0000 1.0000 0.0000 0.0000 0.0000 0.0000 0.0000 0.0000
560      560   (0)    560  : 0.1086 0.0258 0.4811 0.0002 0.1128 0.0788 0.0145 0.0163 0.1619
561      561   (0)    561  : 0.0015 0.0000 0.3056 0.1807 0.0795 0.0403 0.3212 0.0000 0.0712
562      562   (0)    562  : 0.0005 0.0093 0.0000 0.9154 0.0230 0.0000 0.0007 0.0103 0.0408
563      563   (0)    563  : 0.0000 1.0000 0.0000 0.0000 0.0000 0.0000 0.0000 0.0000 0.0000
564      564   (0)    564  : 0.1058 0.0170 0.0035 0.5595 0.0290 0.0422 0.0708 0.0570 0.1152
565      565   (0)    565  : 0.0000 0.3000 0.0000 0.0000 0.0000 0.0000 0.0000 0.7000 0.0000
566      566   (0)    566  : 0.0000 0.2760 0.0000 0.0000 0.0000 0.0000 0.0000 0.7240 0.0000
567      567   (1)    567  : 0.0000 0.0000 0.0000 0.0000 0.0000 0.0000 0.0000 1.0000 0.0000
568      568   (0)    568  : 0.0000 0.0100 0.9240 0.0000 0.0003 0.0023 0.0122 0.0220 0.0292
569      569   (0)    569  : 0.0000 0.0000 0.0077 0.9923 0.0000 0.0000 0.0000 0.0000 0.0000
570      570   (0)    570  : 0.0000 0.9730 0.0110 0.0002 0.0000 0.0000 0.0000 0.0158 0.0000
571      571   (0)    571  : 0.0000 1.0000 0.0000 0.0000 0.0000 0.0000 0.0000 0.0000 0.0000
572      572   (0)    572  : 0.0000 0.0020 0.0000 0.7615 0.0851 0.0425 0.0008 0.0000 0.1080
573      573   (0)    573  : 0.0045 0.0000 0.0028 0.7441 0.0735 0.0412 0.0028 0.0018 0.1292
574      574   (0)    574  : 0.0000 0.0000 1.0000 0.0000 0.0000 0.0000 0.0000 0.0000 0.0000
575      575   (0)    575  : 0.0000 0.0020 0.9980 0.0000 0.0000 0.0000 0.0000 0.0000 0.0000
576      576   (0)    576  : 0.0000 0.0000 0.0000 1.0000 0.0000 0.0000 0.0000 0.0000 0.0000
577      577   (0)    577  : 0.0007 0.0000 0.0617 0.9076 0.0138 0.0000 0.0103 0.0000 0.0058
578      578   (0)    578  : 0.0010 0.0000 0.0000 0.7720 0.1081 0.0000 0.0020 0.0000 0.1169
579      579   (0)    579  : 0.0027 0.0000 0.0560 0.6322 0.1592 0.0003 0.0599 0.0000 0.0897
580      580   (0)    580  : 0.0278 0.0000 0.1961 0.7639 0.0002 0.0000 0.0052 0.0000 0.0068
581      581   (0)    581  : 0.0188 0.0000 0.3716 0.3206 0.0685 0.0000 0.0749 0.0000 0.1455
582      582   (0)    582  : 0.0000 0.9682 0.0040 0.0000 0.0000 0.0000 0.0000 0.0278 0.0000
583      583   (0)    583  : 0.0000 0.9590 0.0000 0.0000 0.0000 0.0000 0.0000 0.0410 0.0000
584      584   (0)    584  : 0.1093 0.1810 0.0463 0.5315 0.0008 0.0828 0.0052 0.0020 0.0410
585      585   (0)    585  : 0.0000 0.9952 0.0000 0.0000 0.0000 0.0000 0.0000 0.0048 0.0000
586      586   (0)    586  : 0.0000 0.0000 0.0308 0.6733 0.1335 0.0000 0.0277 0.0000 0.1347
587      587   (0)    587  : 0.0000 0.9666 0.0003 0.0000 0.0000 0.0000 0.0000 0.0330 0.0000
588      588   (0)    588  : 0.0000 0.9340 0.0000 0.0000 0.0000 0.0000 0.0000 0.0658 0.0002
589      589   (0)    589  : 0.0000 1.0000 0.0000 0.0000 0.0000 0.0000 0.0000 0.0000 0.0000
590      590   (0)    590  : 0.0010 0.0000 0.0313 0.9658 0.0002 0.0000 0.0013 0.0000 0.0003
591      591   (0)    591  : 0.0027 0.2581 0.0000 0.4147 0.0573 0.0070 0.0607 0.1151 0.0844
592      592   (0)    592  : 0.0000 0.8670 0.1330 0.0000 0.0000 0.0000 0.0000 0.0000 0.0000
593      593   (0)    593  : 0.0294 0.8185 0.0559 0.0078 0.0330 0.0000 0.0000 0.0552 0.0002
594      594   (0)    594  : 0.0000 0.0000 1.0000 0.0000 0.0000 0.0000 0.0000 0.0000 0.0000
595      595   (0)    595  : 0.0000 0.0000 0.0000 0.9646 0.0000 0.0077 0.0227 0.0000 0.0050
596      596   (0)    596  : 0.0000 0.0123 0.2367 0.6737 0.0499 0.0005 0.0000 0.0230 0.0038
597      597   (0)    597  : 0.0000 0.6093 0.0000 0.3495 0.0000 0.0015 0.0092 0.0305 0.0000
598      598   (0)    598  : 0.0000 1.0000 0.0000 0.0000 0.0000 0.0000 0.0000 0.0000 0.0000
599      599   (0)    599  : 0.0000 0.9672 0.0220 0.0067 0.0000 0.0000 0.0000 0.0042 0.0000
600      600   (0)    600  : 0.0000 0.9980 0.0000 0.0000 0.0000 0.0000 0.0000 0.0020 0.0000
601      601   (0)    601  : 0.0000 0.9726 0.0000 0.0000 0.0000 0.0000 0.0000 0.0274 0.0000
602      602   (0)    602  : 0.0000 0.9742 0.0060 0.0000 0.0053 0.0000 0.0003 0.0100 0.0042
603      603   (0)    603  : 0.0000 0.9271 0.0173 0.0000 0.0020 0.0000 0.0040 0.0282 0.0213
604      604   (0)    604  : 0.0000 0.9512 0.0000 0.0000 0.0115 0.0193 0.0000 0.0180 0.0000
605      605   (0)    605  : 0.0000 1.0000 0.0000 0.0000 0.0000 0.0000 0.0000 0.0000 0.0000
606      606   (0)    606  : 0.0000 0.9895 0.0008 0.0000 0.0000 0.0000 0.0000 0.0097 0.0000
607      607   (0)    607  : 0.0000 0.9998 0.0000 0.0000 0.0000 0.0000 0.0000 0.0002 0.0000
608      608   (0)    608  : 0.0000 0.9772 0.0020 0.0000 0.0000 0.0000 0.0000 0.0208 0.0000
609      609   (0)    609  : 0.0077 0.9858 0.0008 0.0000 0.0000 0.0000 0.0002 0.0055 0.0000
610      610   (0)    610  : 0.0000 1.0000 0.0000 0.0000 0.0000 0.0000 0.0000 0.0000 0.0000
611      611   (0)    611  : 0.0540 0.8751 0.0025 0.0120 0.0023 0.0000 0.0221 0.0318 0.0002
612      612   (0)    612  : 0.0005 0.9535 0.0250 0.0000 0.0000 0.0000 0.0007 0.0122 0.0082
613      613   (0)    613  : 0.0000 1.0000 0.0000 0.0000 0.0000 0.0000 0.0000 0.0000 0.0000
614      614   (0)    614  : 0.0591 0.4980 0.0003 0.0000 0.1023 0.0940 0.0360 0.0130 0.1972
615      615   (0)    615  : 0.0000 0.9970 0.0000 0.0030 0.0000 0.0000 0.0000 0.0000 0.0000
616      616   (0)    616  : 0.0000 0.9923 0.0000 0.0000 0.0000 0.0000 0.0000 0.0077 0.0000
617      617   (0)    617  : 0.0012 0.9365 0.0110 0.0173 0.0002 0.0068 0.0003 0.0250 0.0017
618      618   (0)    618  : 0.0000 1.0000 0.0000 0.0000 0.0000 0.0000 0.0000 0.0000 0.0000
619      619   (0)    619  : 0.0008 0.4781 0.1787 0.3042 0.0047 0.0000 0.0003 0.0180 0.0152
620      620   (0)    620  : 0.0005 0.9563 0.0224 0.0068 0.0000 0.0000 0.0000 0.0139 0.0002
621      621   (0)    621  : 0.1798 0.4357 0.0000 0.2444 0.0008 0.0007 0.0733 0.0353 0.0300
622      622   (0)    622  : 0.0440 0.0280 0.2201 0.2674 0.0057 0.0277 0.3593 0.0205 0.0275
623      623   (0)    623  : 0.0000 0.0000 1.0000 0.0000 0.0000 0.0000 0.0000 0.0000 0.0000
624      624   (0)    624  : 0.0000 0.9830 0.0000 0.0000 0.0000 0.0000 0.0000 0.0170 0.0000
625      625   (0)    625  : 0.0000 0.9983 0.0000 0.0000 0.0000 0.0000 0.0000 0.0017 0.0000
626      626   (0)    626  : 0.0000 0.9908 0.0090 0.0002 0.0000 0.0000 0.0000 0.0000 0.0000
627      627   (0)    627  : 0.0000 0.9920 0.0080 0.0000 0.0000 0.0000 0.0000 0.0000 0.0000
628      628   (0)    628  : 0.0000 0.9840 0.0150 0.0000 0.0000 0.0000 0.0000 0.0010 0.0000
629      629   (0)    629  : 0.0000 0.9662 0.0170 0.0005 0.0000 0.0000 0.0000 0.0163 0.0000
630      630   (0)    630  : 0.0000 0.9952 0.0048 0.0000 0.0000 0.0000 0.0000 0.0000 0.0000
631      631   (0)    631  : 0.0000 0.0000 0.5042 0.4552 0.0170 0.0000 0.0000 0.0013 0.0223
632      632   (0)    632  : 0.0000 0.0140 0.9390 0.0260 0.0000 0.0000 0.0000 0.0210 0.0000
633      633   (0)    633  : 0.0000 0.0357 0.8876 0.0162 0.0002 0.0000 0.0058 0.0540 0.0005
634      634   (0)    634  : 0.0000 0.1155 0.8828 0.0000 0.0000 0.0000 0.0000 0.0017 0.0000
635      635   (0)    635  : 0.0003 0.0592 0.9209 0.0000 0.0002 0.0038 0.0000 0.0150 0.0005
636      636   (0)    636  : 0.0000 0.0000 0.2442 0.0222 0.0000 0.0000 0.0000 0.7332 0.0003
637      637   (0)    637  : 0.0000 0.0000 0.9822 0.0098 0.0025 0.0000 0.0015 0.0000 0.0040
638      638   (0)    638  : 0.0000 0.0000 0.8910 0.1085 0.0000 0.0000 0.0000 0.0000 0.0005
639      639   (0)    639  : 0.0000 0.0000 0.1470 0.0000 0.0000 0.0000 0.0000 0.8530 0.0000
640      640   (0)    640  : 0.0000 0.0000 0.1633 0.0000 0.0000 0.0000 0.0000 0.8367 0.0000
641      641   (0)    641  : 0.0000 0.0000 0.1991 0.0005 0.0000 0.0000 0.0000 0.8004 0.0000
642      642   (0)    642  : 0.0000 0.0050 0.1866 0.0033 0.0000 0.0000 0.0000 0.8051 0.0000
643      643   (0)    643  : 0.0000 0.0000 0.2110 0.0000 0.0000 0.0000 0.0000 0.7890 0.0000
644      644   (0)    644  : 0.0000 0.0000 0.5815 0.0050 0.0000 0.0000 0.0000 0.4135 0.0000
645      645   (0)    645  : 0.0000 0.4143 0.0000 0.5847 0.0000 0.0000 0.0000 0.0010 0.0000
646      646   (0)    646  : 0.0080 0.4818 0.0000 0.0017 0.2977 0.0675 0.0152 0.0013 0.1268
647      647   (0)    647  : 0.0000 0.9905 0.0000 0.0005 0.0000 0.0000 0.0000 0.0090 0.0000
648      648   (0)    648  : 0.0000 0.9410 0.0000 0.0000 0.0000 0.0000 0.0000 0.0590 0.0000
649      649   (0)    649  : 0.0000 0.9670 0.0000 0.0000 0.0000 0.0000 0.0000 0.0330 0.0000
650      650   (0)    650  : 0.0000 0.9630 0.0000 0.0000 0.0000 0.0000 0.0000 0.0370 0.0000
651      651   (0)    651  : 0.0017 0.9518 0.0000 0.0013 0.0013 0.0048 0.0005 0.0380 0.0005
652      652   (0)    652  : 0.0000 0.0000 1.0000 0.0000 0.0000 0.0000 0.0000 0.0000 0.0000
653      653   (0)    653  : 0.0000 0.9600 0.0000 0.0080 0.0000 0.0000 0.0000 0.0320 0.0000
654      654   (0)    654  : 0.0000 0.0010 0.0000 0.9990 0.0000 0.0000 0.0000 0.0000 0.0000
655      655   (0)    655  : 0.0000 0.0000 0.0243 0.9757 0.0000 0.0000 0.0000 0.0000 0.0000
656      656   (0)    656  : 0.0000 0.4007 0.0000 0.5993 0.0000 0.0000 0.0000 0.0000 0.0000
657      657   (0)    657  : 0.0000 0.8280 0.0338 0.0057 0.0008 0.0013 0.0387 0.0745 0.0172
658      658   (0)    658  : 0.0118 0.8015 0.0550 0.0065 0.0481 0.0010 0.0250 0.0385 0.0127
659      659   (0)    659  : 0.0420 0.6111 0.0400 0.0085 0.1061 0.0327 0.0222 0.0462 0.0913
660      660   (0)    660  : 0.0000 0.8071 0.0293 0.0003 0.0430 0.0233 0.0052 0.0510 0.0407
661      661   (0)    661  : 0.0375 0.7543 0.0460 0.0413 0.0068 0.0398 0.0047 0.0565 0.0130
662      662   (0)    662  : 0.0005 0.7390 0.0350 0.0000 0.0750 0.0002 0.0383 0.0540 0.0580
663      663   (0)    663  : 0.0158 0.8353 0.0245 0.0007 0.0052 0.0000 0.0217 0.0730 0.0238
664      664   (0)    664  : 0.0005 0.5283 0.0420 0.0062 0.1414 0.0592 0.0572 0.0125 0.1527
665      665   (0)    665  : 0.0027 0.0000 0.9213 0.0565 0.0160 0.0000 0.0022 0.0000 0.0013
666      666   (0)    666  : 0.0007 0.0000 0.0000 0.8422 0.0462 0.0030 0.0000 0.0000 0.1080
667      667   (0)    667  : 0.0320 0.0053 0.0304 0.8252 0.0335 0.0000 0.0000 0.0270 0.0465
668      668   (0)    668  : 0.0003 0.0013 0.0303 0.8213 0.0418 0.0005 0.0070 0.0148 0.0825
669      669   (0)    669  : 0.0090 0.0000 0.0193 0.7874 0.0382 0.0374 0.0000 0.0352 0.0735
670      670   (0)    670  : 0.0003 0.0000 0.0000 0.7614 0.0905 0.0022 0.0000 0.0000 0.1456
671      671   (0)    671  : 0.0045 0.0000 0.0000 0.3399 0.2319 0.0646 0.0420 0.0000 0.3170
672      672   (0)    672  : 0.0230 0.0000 0.0000 0.5414 0.1704 0.0087 0.0346 0.0000 0.2219
673      673   (0)    673  : 0.0000 0.0037 0.0383 0.8851 0.0400 0.0000 0.0000 0.0010 0.0318
674      674   (0)    674  : 0.0000 0.0000 0.0230 0.7368 0.0606 0.0002 0.0227 0.0002 0.1565
675      675   (0)    675  : 0.0003 0.0000 0.0000 0.7731 0.1035 0.0000 0.0000 0.0000 0.1230
676      676   (0)    676  : 0.0000 0.0000 0.0000 0.7889 0.0622 0.0002 0.0000 0.0000 0.1488
677      677   (0)    677  : 0.0000 0.0000 0.4814 0.3900 0.0337 0.0000 0.0000 0.0000 0.0949
678      678   (0)    678  : 0.0000 0.0000 0.0000 0.7905 0.0580 0.0000 0.0002 0.0000 0.1513
679      679   (0)    679  : 0.0003 0.0000 0.0000 0.9995 0.0000 0.0000 0.0000 0.0000 0.0002
680      680   (0)    680  : 0.0000 0.0000 0.0000 1.0000 0.0000 0.0000 0.0000 0.0000 0.0000
681      681   (0)    681  : 0.0002 0.0000 0.0260 0.8850 0.0524 0.0008 0.0002 0.0097 0.0258
682      682   (0)    682  : 0.0000 0.4439 0.0000 0.5294 0.0102 0.0012 0.0000 0.0010 0.0143
683      683   (0)    683  : 0.0007 0.0000 0.0282 0.7833 0.0345 0.0218 0.0080 0.0342 0.0893
684      684   (0)    684  : 0.0000 0.0000 1.0000 0.0000 0.0000 0.0000 0.0000 0.0000 0.0000
685      685   (0)    685  : 0.0000 0.0000 0.0000 0.8149 0.0529 0.0000 0.0000 0.0000 0.1322
686      686   (0)    686  : 0.0000 0.0000 1.0000 0.0000 0.0000 0.0000 0.0000 0.0000 0.0000
687      687   (0)    687  : 0.0007 0.0000 0.5866 0.4126 0.0000 0.0000 0.0000 0.0000 0.0002
688      688   (0)    688  : 0.0000 0.8726 0.1274 0.0000 0.0000 0.0000 0.0000 0.0000 0.0000
689      689   (0)    689  : 0.0000 0.0050 0.4803 0.1097 0.0025 0.0000 0.0053 0.3595 0.0377
690      690   (0)    690  : 0.0000 0.8990 0.0000 0.1010 0.0000 0.0000 0.0000 0.0000 0.0000
691      691   (0)    691  : 0.0000 0.0087 0.0298 0.9611 0.0000 0.0000 0.0000 0.0003 0.0000
692      692   (0)    692  : 0.0225 0.0000 0.0000 0.3758 0.2183 0.0048 0.0842 0.0000 0.2944
693      693   (0)    693  : 0.0000 0.9273 0.0000 0.0720 0.0000 0.0000 0.0007 0.0000 0.0000
694      694   (0)    694  : 0.0000 0.9093 0.0000 0.0900 0.0000 0.0000 0.0000 0.0007 0.0000
695      695   (0)    695  : 0.0000 0.9282 0.0000 0.0718 0.0000 0.0000 0.0000 0.0000 0.0000
696      696   (0)    696  : 0.0048 0.0060 0.0198 0.8500 0.0584 0.0000 0.0000 0.0105 0.0505
697      697   (0)    697  : 0.0227 0.0075 0.0290 0.8538 0.0562 0.0010 0.0005 0.0120 0.0173
698      698   (0)    698  : 0.0000 0.0000 1.0000 0.0000 0.0000 0.0000 0.0000 0.0000 0.0000
699      699   (0)    699  : 0.0013 0.0017 0.0000 0.6867 0.1139 0.0058 0.0674 0.0045 0.1187
700      700   (0)    700  : 0.0000 0.9890 0.0000 0.0000 0.0000 0.0000 0.0000 0.0110 0.0000
701      701   (0)    701  : 0.0085 0.3712 0.5394 0.0217 0.0307 0.0000 0.0018 0.0000 0.0267
702      702   (0)    702  : 0.0000 0.9665 0.0160 0.0000 0.0000 0.0000 0.0000 0.0175 0.0000
703      703   (0)    703  : 0.0032 0.0000 0.9089 0.0504 0.0095 0.0000 0.0015 0.0000 0.0265
704      704   (0)    704  : 0.0000 0.9875 0.0047 0.0000 0.0000 0.0000 0.0000 0.0078 0.0000
705      705   (0)    705  : 0.0000 0.9020 0.0000 0.0977 0.0000 0.0000 0.0000 0.0003 0.0000
706      706   (0)    706  : 0.0000 0.0000 0.1022 0.8978 0.0000 0.0000 0.0000 0.0000 0.0000
707      707   (0)    707  : 0.0000 0.3899 0.0000 0.5363 0.0208 0.0017 0.0000 0.0000 0.0513
708      708   (0)    708  : 0.0000 1.0000 0.0000 0.0000 0.0000 0.0000 0.0000 0.0000 0.0000
709      709   (0)    709  : 0.0000 0.0000 1.0000 0.0000 0.0000 0.0000 0.0000 0.0000 0.0000
710      710   (0)    710  : 0.0000 0.0000 0.8910 0.0592 0.0198 0.0000 0.0000 0.0000 0.0300
711      711   (0)    711  : 0.0000 0.0000 0.0365 0.9635 0.0000 0.0000 0.0000 0.0000 0.0000
712      712   (0)    712  : 0.0045 0.0000 0.9930 0.0000 0.0000 0.0000 0.0020 0.0000 0.0005
713      713   (0)    713  : 0.0000 0.0000 0.0612 0.6444 0.1098 0.0170 0.0378 0.0000 0.1297
714      714   (0)    714  : 0.0000 0.1359 0.0000 0.5286 0.0112 0.0315 0.0000 0.2510 0.0419
715      715   (0)    715  : 0.0000 1.0000 0.0000 0.0000 0.0000 0.0000 0.0000 0.0000 0.0000
716      716   (0)    716  : 0.0000 0.0000 0.0354 0.9646 0.0000 0.0000 0.0000 0.0000 0.0000
717      717   (0)    717  : 0.0000 0.8698 0.1302 0.0000 0.0000 0.0000 0.0000 0.0000 0.0000
718      718   (0)    718  : 0.0000 0.0000 0.0662 0.5238 0.1985 0.0010 0.0377 0.0000 0.1729
719      719   (0)    719  : 0.0127 0.8692 0.0183 0.0262 0.0093 0.0000 0.0003 0.0631 0.0008
720      720   (0)    720  : 0.0000 1.0000 0.0000 0.0000 0.0000 0.0000 0.0000 0.0000 0.0000
721      721   (0)    721  : 0.0000 0.9600 0.0200 0.0000 0.0000 0.0000 0.0000 0.0200 0.0000
722      722   (1)    722  : 0.0000 0.0010 0.0000 0.0000 0.0000 0.0000 0.0000 0.9990 0.0000
723      723   (0)    723  : 0.0000 0.9580 0.0050 0.0000 0.0000 0.0000 0.0000 0.0370 0.0000
724      724   (0)    724  : 0.0000 1.0000 0.0000 0.0000 0.0000 0.0000 0.0000 0.0000 0.0000
725      725   (0)    725  : 0.0000 0.9500 0.0000 0.0000 0.0053 0.0000 0.0005 0.0215 0.0227
726      726   (0)    726  : 0.0003 0.8686 0.0320 0.0243 0.0000 0.0127 0.0000 0.0617 0.0003
727      727   (0)    727  : 0.0000 0.9792 0.0000 0.0000 0.0007 0.0000 0.0028 0.0170 0.0003
728      728   (0)    728  : 0.0040 0.1694 0.0000 0.7878 0.0212 0.0000 0.0003 0.0000 0.0173
729      729   (0)    729  : 0.0000 0.9540 0.0460 0.0000 0.0000 0.0000 0.0000 0.0000 0.0000
730      730   (0)    730  : 0.0000 0.9450 0.0550 0.0000 0.0000 0.0000 0.0000 0.0000 0.0000
731      731   (0)    731  : 0.0035 0.0220 0.0000 0.0000 0.0000 0.0013 0.0007 0.9718 0.0007
732      732   (0)    732  : 0.0000 0.0000 1.0000 0.0000 0.0000 0.0000 0.0000 0.0000 0.0000
733      733   (0)    733  : 0.0000 1.0000 0.0000 0.0000 0.0000 0.0000 0.0000 0.0000 0.0000
734      734   (0)    734  : 0.3804 0.0000 0.4867 0.0360 0.0002 0.0170 0.0328 0.0000 0.0470
735      735   (0)    735  : 0.0000 0.9426 0.0570 0.0003 0.0000 0.0000 0.0000 0.0000 0.0000
736      736   (4)    736  : 0.0267 0.0000 0.0852 0.3425 0.0318 0.0060 0.0120 0.4253 0.0705
737      737   (0)    737  : 0.0000 0.9973 0.0000 0.0000 0.0000 0.0000 0.0000 0.0027 0.0000
738      738   (0)    738  : 0.0010 0.9972 0.0000 0.0002 0.0003 0.0000 0.0000 0.0000 0.0013
739      739   (1)    739  : 0.0008 0.0000 0.0000 0.0000 0.0000 0.0018 0.0030 0.9940 0.0003
740      740   (0)    740  : 0.0000 0.9420 0.0000 0.0000 0.0000 0.0000 0.0000 0.0580 0.0000
741      741   (0)    741  : 0.0000 0.9850 0.0000 0.0000 0.0000 0.0000 0.0000 0.0150 0.0000
742      742   (0)    742  : 0.0000 0.2958 0.3490 0.3220 0.0003 0.0000 0.0000 0.0282 0.0047
743      743   (0)    743  : 0.0000 0.0373 0.3101 0.6425 0.0000 0.0000 0.0000 0.0100 0.0000
744      744   (0)    744  : 0.0000 0.0385 0.3111 0.6409 0.0000 0.0000 0.0000 0.0095 0.0000
745      745   (0)    745  : 0.0000 0.2538 0.7019 0.0000 0.0060 0.0000 0.0003 0.0043 0.0337
746      746   (0)    746  : 0.0000 0.0190 0.1041 0.0459 0.0012 0.0000 0.0000 0.8296 0.0003
747      747   (0)    747  : 0.0000 0.9830 0.0000 0.0000 0.0000 0.0000 0.0000 0.0170 0.0000
748      748   (0)    748  : 0.0000 0.9837 0.0000 0.0000 0.0000 0.0000 0.0003 0.0160 0.0000
749      749   (0)    749  : 0.0005 0.0000 0.0380 0.8359 0.0260 0.0130 0.0028 0.0214 0.0624
750      750   (0)    750  : 0.0000 0.0612 0.8507 0.0005 0.0002 0.0003 0.0080 0.0490 0.0300
751      751   (0)    751  : 0.2247 0.6490 0.0005 0.0000 0.0000 0.0000 0.1056 0.0152 0.0050
752      752   (0)    752  : 0.0085 0.7813 0.0253 0.0020 0.0460 0.0250 0.0152 0.0659 0.0308
753      753   (0)    753  : 0.0368 0.7471 0.0543 0.0263 0.0373 0.0110 0.0000 0.0570 0.0302
754      754   (0)    754  : 0.1361 0.0000 0.0000 0.0000 0.0007 0.1220 0.6711 0.0000 0.0702
755      755   (0)    755  : 0.0977 0.0000 0.0000 0.0000 0.0038 0.1336 0.6399 0.0000 0.1250
