1        1   (0)      1  : 0.0501 0.0000 0.0631 0.6276 0.0430 0.0000 0.0000 0.0000 0.0571 0.1592
2        2   (4)      2  : 0.0000 0.0000 0.0000 0.0000 0.0000 0.0000 0.0000 1.0000 0.0000 0.0000
3        3   (2)      3  : 0.0000 0.0000 0.0000 0.0000 0.0000 0.0000 0.0000 1.0000 0.0000 0.0000
4        4   (2)      4  : 0.0000 0.0000 0.0000 0.0000 0.0000 0.0000 0.0000 1.0000 0.0000 0.0000
5        5   (2)      5  : 0.0000 0.0000 0.0000 0.0000 0.0000 0.0000 0.0010 0.9960 0.0030 0.0000
6        6   (0)      6  : 0.1630 0.0000 0.0000 0.0000 0.0000 0.6980 0.1390 0.0000 0.0000 0.0000
7        7   (0)      7  : 0.0000 0.0000 0.0000 0.0000 0.0000 0.0000 0.0000 1.0000 0.0000 0.0000
8        8   (0)      8  : 0.0000 0.0000 0.0000 0.0000 0.0000 0.0000 0.0000 1.0000 0.0000 0.0000
9        9   (0)      9  : 0.0000 0.0000 0.0000 0.0000 0.0000 0.0000 0.0000 1.0000 0.0000 0.0000
10       10   (0)     10  : 0.0000 0.0000 0.0000 0.0000 0.0000 0.0000 0.0000 1.0000 0.0000 0.0000
11       11   (0)     11  : 0.0000 0.2390 0.4090 0.0010 0.0000 0.0000 0.0000 0.3370 0.0000 0.0140
12       12   (0)     12  : 0.0000 0.0800 0.0000 0.0000 0.0000 0.0000 0.0000 0.9200 0.0000 0.0000
13       13   (1)     13  : 0.0000 0.0000 0.0000 0.0000 0.0000 0.0000 0.0000 1.0000 0.0000 0.0000
14       14   (0)     14  : 0.0000 0.0190 0.1600 0.0710 0.0000 0.0000 0.0000 0.5100 0.0000 0.2400
15       15   (0)     15  : 0.0000 0.6494 0.0190 0.0000 0.0000 0.0000 0.0000 0.3317 0.0000 0.0000
16       16   (0)     16  : 0.0000 0.7090 0.0000 0.0000 0.0000 0.0000 0.0000 0.2910 0.0000 0.0000
17       17   (0)     17  : 0.0000 0.5870 0.0000 0.0000 0.0000 0.0000 0.0000 0.4130 0.0000 0.0000
18       18   (0)     18  : 0.0020 0.2122 0.1892 0.0280 0.0591 0.0040 0.0000 0.3193 0.0951 0.0911
19       19   (0)     19  : 0.0000 0.1320 0.0000 0.0000 0.0000 0.0000 0.0000 0.8680 0.0000 0.0000
20       20   (0)     20  : 0.0000 0.0851 0.0480 0.0140 0.0000 0.0000 0.0000 0.8529 0.0000 0.0000
21       21   (5)     21  : 0.3930 0.0000 0.0000 0.0000 0.0000 0.0710 0.5360 0.0000 0.0000 0.0000
22       22   (0)     22  : 0.3120 0.0000 0.0000 0.0000 0.0000 0.0000 0.6700 0.0000 0.0180 0.0000
23       23   (0)     23  : 0.2370 0.0000 0.0000 0.0000 0.0140 0.0770 0.6600 0.0000 0.0120 0.0000
24       24   (0)     24  : 0.3626 0.0000 0.0000 0.0000 0.0010 0.0030 0.5045 0.0000 0.1289 0.0000
25       25   (0)     25  : 0.1460 0.0000 0.0000 0.0010 0.0090 0.4280 0.4060 0.0070 0.0030 0.0000
26       26   (0)     26  : 0.0390 0.0000 0.0490 0.0250 0.2713 0.0000 0.0000 0.0000 0.5706 0.0450
27       27   (0)     27  : 0.0000 0.0000 0.0000 0.0000 0.0000 1.0000 0.0000 0.0000 0.0000 0.0000
28       28   (0)     28  : 0.1470 0.0000 0.0000 0.0000 0.0000 0.1850 0.1240 0.0050 0.5390 0.0000
29       29   (0)     29  : 0.1470 0.0000 0.0000 0.0000 0.1300 0.2940 0.0090 0.0000 0.4200 0.0000
30       30   (1)     30  : 0.0000 0.0000 0.0000 0.0000 0.0000 1.0000 0.0000 0.0000 0.0000 0.0000
31       31   (1)     31  : 0.2210 0.0000 0.0000 0.0000 0.1250 0.0000 0.0000 0.0000 0.6540 0.0000
32       32   (1)     32  : 0.2947 0.0000 0.0000 0.0000 0.0010 0.4825 0.1788 0.0000 0.0430 0.0000
33       33   (0)     33  : 0.0140 0.0000 0.0000 0.0000 0.0370 0.2110 0.4720 0.0000 0.2660 0.0000
34       34   (0)     34  : 0.2160 0.0000 0.0000 0.0070 0.1940 0.0550 0.2040 0.0000 0.3170 0.0070
35       35   (0)     35  : 0.0921 0.0000 0.0000 0.0000 0.1662 0.0370 0.4104 0.0070 0.2873 0.0000
36       36   (0)     36  : 0.1662 0.0000 0.0000 0.0000 0.1371 0.2873 0.0000 0.0000 0.4094 0.0000
37       37   (0)     37  : 0.4290 0.0000 0.0000 0.0000 0.0750 0.0330 0.0010 0.0000 0.4620 0.0000
38       38   (0)     38  : 0.0791 0.0000 0.0000 0.0000 0.0000 0.5455 0.2402 0.0000 0.1111 0.0240
39       39   (0)     39  : 0.3170 0.0000 0.0000 0.0000 0.0000 0.0900 0.5750 0.0010 0.0170 0.0000
40       40   (0)     40  : 0.1702 0.0000 0.0090 0.0000 0.0330 0.1491 0.3113 0.0110 0.3163 0.0000
41       41   (0)     41  : 0.0941 0.0000 0.0030 0.0801 0.0000 0.3323 0.4855 0.0000 0.0000 0.0050
42       42   (0)     42  : 0.1768 0.0000 0.0000 0.0000 0.0410 0.5335 0.1059 0.0619 0.0809 0.0000
43       43   (0)     43  : 0.0340 0.0000 0.0000 0.0000 0.0000 0.9660 0.0000 0.0000 0.0000 0.0000
44       44   (0)     44  : 0.0010 0.0000 0.0000 0.0000 0.0000 0.1670 0.7650 0.0000 0.0670 0.0000
45       45   (0)     45  : 0.0470 0.0000 0.0000 0.0000 0.0000 0.1572 0.7407 0.0000 0.0551 0.0000
46       46   (0)     46  : 0.0750 0.0000 0.0000 0.0000 0.0390 0.0070 0.7120 0.0000 0.1670 0.0000
47       47   (0)     47  : 0.1390 0.0000 0.0000 0.0000 0.0000 0.0760 0.7850 0.0000 0.0000 0.0000
48       48   (0)     48  : 0.0790 0.0000 0.0000 0.0000 0.0450 0.6700 0.1710 0.0020 0.0330 0.0000
49       49   (0)     49  : 0.9640 0.0000 0.0000 0.0000 0.0000 0.0000 0.0000 0.0000 0.0360 0.0000
50       50   (0)     50  : 0.0250 0.0000 0.0000 0.0000 0.0010 0.2860 0.4030 0.0000 0.2850 0.0000
51       51   (0)     51  : 0.2352 0.0000 0.0000 0.0180 0.0390 0.2252 0.3994 0.0000 0.0831 0.0000
52       52   (0)     52  : 0.0691 0.0000 0.0000 0.0000 0.0380 0.0531 0.8328 0.0000 0.0070 0.0000
53       53   (0)     53  : 0.3674 0.0000 0.0000 0.0000 0.0000 0.0000 0.6326 0.0000 0.0000 0.0000
54       54   (0)     54  : 0.0000 0.0000 0.0000 0.0000 0.0940 0.4160 0.3250 0.0000 0.1650 0.0000
55       55   (0)     55  : 0.3820 0.0000 0.0000 0.0000 0.0000 0.0000 0.6180 0.0000 0.0000 0.0000
56       56   (0)     56  : 0.0640 0.0000 0.0000 0.0000 0.3300 0.1110 0.0520 0.0000 0.4390 0.0040
57       57   (0)     57  : 0.1371 0.0000 0.0000 0.0000 0.0030 0.1171 0.1802 0.0000 0.5626 0.0000
58       58   (0)     58  : 0.5255 0.0000 0.0000 0.0000 0.0000 0.0571 0.4124 0.0050 0.0000 0.0000
59       59   (0)     59  : 0.1200 0.0000 0.0050 0.0000 0.0000 0.3070 0.4030 0.0000 0.1650 0.0000
60       60   (0)     60  : 0.0640 0.0000 0.0000 0.0000 0.1110 0.4210 0.2950 0.0000 0.1090 0.0000
61       61   (0)     61  : 0.1440 0.0000 0.0000 0.0840 0.0000 0.2620 0.4720 0.0000 0.0380 0.0000
62       62   (0)     62  : 0.0799 0.0110 0.0100 0.0000 0.0010 0.2607 0.6024 0.0000 0.0350 0.0000
63       63   (0)     63  : 0.4720 0.0000 0.0000 0.0000 0.0000 0.3010 0.2270 0.0000 0.0000 0.0000
64       64   (0)     64  : 0.0000 0.0000 0.0000 0.0000 0.1130 0.6460 0.1770 0.0000 0.0640 0.0000
65       65   (0)     65  : 0.0380 0.0000 0.0000 0.0000 0.0140 0.4730 0.4640 0.0010 0.0100 0.0000
66       66   (0)     66  : 0.0900 0.0000 0.0000 0.0000 0.0420 0.6330 0.1940 0.0000 0.0410 0.0000
67       67   (0)     67  : 0.0090 0.0000 0.0000 0.0000 0.0120 0.3260 0.4260 0.0000 0.2270 0.0000
68       68   (0)     68  : 0.1060 0.0000 0.0010 0.0070 0.0040 0.5320 0.1850 0.0000 0.1650 0.0000
69       69   (0)     69  : 0.1862 0.0000 0.0000 0.0000 0.0000 0.2673 0.4294 0.0000 0.1171 0.0000
70       70   (0)     70  : 0.3864 0.0000 0.0000 0.0000 0.0000 0.0210 0.5506 0.0000 0.0420 0.0000
71       71   (0)     71  : 0.3904 0.0000 0.0000 0.0000 0.0000 0.1451 0.3534 0.0000 0.1111 0.0000
72       72   (0)     72  : 0.1742 0.0000 0.0000 0.0000 0.1331 0.2883 0.0030 0.0000 0.4014 0.0000
73       73   (0)     73  : 0.1700 0.0000 0.0000 0.0000 0.0000 0.0810 0.6510 0.0000 0.0980 0.0000
74       74   (0)     74  : 0.1290 0.0000 0.0000 0.0100 0.0800 0.1830 0.4680 0.0000 0.1140 0.0160
75       75   (0)     75  : 0.2420 0.0000 0.0000 0.0000 0.0000 0.5620 0.1960 0.0000 0.0000 0.0000
76       76   (0)     76  : 0.0740 0.0000 0.0260 0.0160 0.3140 0.0430 0.0020 0.0000 0.4210 0.1040
77       77   (0)     77  : 0.0000 0.0000 0.0000 0.0000 0.0531 0.8859 0.0611 0.0000 0.0000 0.0000
78       78   (0)     78  : 0.0010 0.0000 0.0649 0.0000 0.1968 0.0889 0.4915 0.0000 0.1568 0.0000
79       79   (0)     79  : 0.1922 0.0000 0.0010 0.0000 0.1822 0.0000 0.0000 0.0000 0.6246 0.0000
80       80   (0)     80  : 0.0910 0.0000 0.0000 0.0000 0.3630 0.0000 0.0950 0.0000 0.4290 0.0220
81       81   (0)     81  : 0.2510 0.0000 0.0000 0.0080 0.0000 0.4940 0.2030 0.0040 0.0400 0.0000
82       82   (0)     82  : 0.0691 0.0000 0.0000 0.0000 0.0000 0.0991 0.7327 0.0000 0.0991 0.0000
83       83   (0)     83  : 0.0690 0.0000 0.0000 0.0090 0.2130 0.2670 0.2280 0.0000 0.2120 0.0020
84       84   (0)     84  : 0.0920 0.0000 0.0000 0.0000 0.0650 0.2000 0.6180 0.0000 0.0250 0.0000
85       85   (0)     85  : 0.0771 0.0000 0.0000 0.0000 0.0000 0.2152 0.6727 0.0020 0.0330 0.0000
86       86   (0)     86  : 0.0000 0.0000 0.0000 0.0000 0.5230 0.4770 0.0000 0.0000 0.0000 0.0000
87       87   (0)     87  : 0.0070 0.0000 0.0000 0.0000 0.1708 0.5145 0.0579 0.0000 0.2498 0.0000
88       88   (0)     88  : 0.0670 0.0000 0.0000 0.0000 0.3410 0.0690 0.0340 0.0000 0.4790 0.0100
89       89   (0)     89  : 0.0400 0.0000 0.0000 0.0000 0.0619 0.4486 0.4496 0.0000 0.0000 0.0000
90       90   (0)     90  : 0.0000 0.0000 0.0000 0.0000 0.0000 0.9740 0.0260 0.0000 0.0000 0.0000
91       91   (1)     91  : 0.3696 0.0000 0.0000 0.0000 0.0000 0.3047 0.2597 0.0000 0.0649 0.0010
92       92   (0)     92  : 0.7010 0.0000 0.0000 0.0000 0.0000 0.2990 0.0000 0.0000 0.0000 0.0000
93       93   (0)     93  : 0.3814 0.0000 0.0000 0.0000 0.0000 0.0591 0.3784 0.0030 0.1782 0.0000
94       94   (0)     94  : 0.1140 0.0000 0.0000 0.0000 0.0010 0.0840 0.5540 0.0000 0.2470 0.0000
95       95   (0)     95  : 0.0850 0.0000 0.0000 0.0000 0.3020 0.1130 0.0720 0.0000 0.4110 0.0170
96       96   (0)     96  : 0.1140 0.0000 0.0000 0.0000 0.0380 0.5200 0.1910 0.0000 0.1230 0.0140
97       97   (0)     97  : 0.2268 0.0000 0.0000 0.0000 0.0000 0.1039 0.5624 0.0000 0.1069 0.0000
98       98   (2)     98  : 0.1311 0.0000 0.0000 0.0000 0.0000 0.1261 0.2182 0.0000 0.5245 0.0000
99       99   (0)     99  : 0.3700 0.0000 0.0000 0.0000 0.0000 0.2290 0.3720 0.0020 0.0270 0.0000
100      100   (0)    100  : 0.4220 0.0000 0.0000 0.0000 0.0000 0.1590 0.4050 0.0000 0.0140 0.0000
101      101   (0)    101  : 0.0000 0.5045 0.4555 0.0030 0.0000 0.0000 0.0000 0.0220 0.0140 0.0010
102      102   (1)    102  : 0.0000 0.0000 0.0000 0.0000 0.0000 0.0000 0.0000 1.0000 0.0000 0.0000
103      103   (0)    103  : 0.5015 0.0000 0.0220 0.0000 0.0721 0.0851 0.2813 0.0000 0.0380 0.0000
104      104   (0)    104  : 0.0570 0.0000 0.0000 0.0000 0.0000 0.9430 0.0000 0.0000 0.0000 0.0000
105      105   (0)    105  : 0.0000 0.0000 0.9940 0.0000 0.0000 0.0000 0.0000 0.0060 0.0000 0.0000
106      106   (0)    106  : 0.1080 0.0000 0.0000 0.0010 0.0330 0.1590 0.6120 0.0000 0.0870 0.0000
107      107   (0)    107  : 0.4330 0.0000 0.0000 0.0000 0.0050 0.1670 0.3860 0.0000 0.0090 0.0000
108      108   (0)    108  : 0.0210 0.0000 0.0000 0.0070 0.4600 0.0880 0.0020 0.0000 0.4220 0.0000
109      109   (0)    109  : 0.0430 0.0000 0.0000 0.0000 0.4570 0.0600 0.0440 0.0000 0.3920 0.0040
110      110   (0)    110  : 0.0870 0.0000 0.0000 0.0000 0.3590 0.1940 0.0000 0.0000 0.3600 0.0000
111      111   (0)    111  : 0.0540 0.0000 0.0480 0.0080 0.3250 0.0010 0.1410 0.0000 0.3580 0.0650
112      112   (0)    112  : 0.0030 0.0000 0.0000 0.0000 0.2382 0.2673 0.0010 0.0000 0.4555 0.0350
113      113   (0)    113  : 0.1439 0.0000 0.0000 0.0000 0.1149 0.0000 0.1528 0.0000 0.5884 0.0000
114      114   (0)    114  : 0.0020 0.0000 0.0000 0.0000 0.0621 0.4625 0.3794 0.0000 0.0941 0.0000
115      115   (0)    115  : 0.9640 0.0000 0.0000 0.0000 0.0000 0.0000 0.0000 0.0000 0.0360 0.0000
116      116   (0)    116  : 0.1010 0.0000 0.0000 0.0000 0.2380 0.2110 0.3940 0.0000 0.0560 0.0000
117      117   (0)    117  : 0.1240 0.0000 0.0000 0.0000 0.1320 0.2330 0.1480 0.0000 0.3630 0.0000
118      118   (0)    118  : 0.0861 0.0000 0.0010 0.0200 0.0000 0.1552 0.3293 0.0080 0.4004 0.0000
119      119   (0)    119  : 0.1491 0.0000 0.0000 0.0000 0.0470 0.5365 0.0901 0.0000 0.1451 0.0320
120      120   (0)    120  : 0.0430 0.0000 0.0000 0.0140 0.2138 0.2847 0.2478 0.0000 0.1349 0.0619
121      121   (0)    121  : 0.0470 0.0000 0.0000 0.0040 0.2820 0.0970 0.0020 0.0000 0.2810 0.2870
122      122   (0)    122  : 0.3160 0.0000 0.0000 0.0000 0.0120 0.1640 0.2230 0.0000 0.2850 0.0000
123      123   (0)    123  : 0.1732 0.0000 0.0000 0.0000 0.0400 0.0851 0.4865 0.0000 0.2152 0.0000
124      124   (0)    124  : 0.1560 0.0000 0.0000 0.0000 0.2390 0.1490 0.0670 0.0000 0.3890 0.0000
125      125   (0)    125  : 0.6146 0.0000 0.0000 0.0000 0.0000 0.2883 0.0971 0.0000 0.0000 0.0000
126      126   (0)    126  : 0.2770 0.0000 0.0000 0.0000 0.1740 0.0000 0.0030 0.0000 0.5460 0.0000
127      127   (0)    127  : 0.2060 0.0000 0.0000 0.0000 0.0750 0.0910 0.4000 0.0000 0.2280 0.0000
128      128   (0)    128  : 0.1570 0.0000 0.0000 0.0000 0.1120 0.0010 0.6260 0.0000 0.1040 0.0000
129      129   (0)    129  : 0.1770 0.0000 0.0000 0.0000 0.1460 0.0000 0.0000 0.0000 0.6770 0.0000
130      130   (0)    130  : 0.1660 0.0000 0.0000 0.0000 0.0000 0.6020 0.2320 0.0000 0.0000 0.0000
131      131   (0)    131  : 0.0751 0.0000 0.0000 0.0000 0.2082 0.4294 0.0711 0.0000 0.2162 0.0000
132      132   (0)    132  : 0.1980 0.0000 0.0000 0.0000 0.0000 0.5400 0.2620 0.0000 0.0000 0.0000
133      133   (0)    133  : 0.0509 0.0000 0.0259 0.0010 0.2096 0.1158 0.0739 0.0000 0.4491 0.0739
134      134   (0)    134  : 0.1169 0.0000 0.0000 0.0000 0.1039 0.3776 0.2777 0.0000 0.1239 0.0000
135      135   (0)    135  : 0.0759 0.0000 0.0000 0.0460 0.1868 0.0929 0.2228 0.0000 0.3317 0.0440
136      136   (0)    136  : 0.0000 0.0000 0.0000 0.0000 0.1700 0.6830 0.0500 0.0000 0.0970 0.0000
137      137   (0)    137  : 0.2527 0.0000 0.0000 0.0000 0.0000 0.0460 0.6484 0.0000 0.0529 0.0000
138      138   (0)    138  : 0.0951 0.0000 0.0000 0.0000 0.1281 0.0450 0.2653 0.0000 0.4665 0.0000
139      139   (0)    139  : 0.0000 0.0000 0.0000 0.0000 0.0010 0.6890 0.3100 0.0000 0.0000 0.0000
140      140   (0)    140  : 0.2310 0.0000 0.0000 0.0000 0.0000 0.0000 0.7690 0.0000 0.0000 0.0000
141      141   (0)    141  : 0.0850 0.0000 0.0000 0.0000 0.4060 0.0630 0.0090 0.0000 0.4250 0.0120
142      142   (0)    142  : 0.0150 0.0000 0.0000 0.0000 0.0330 0.1361 0.7948 0.0000 0.0210 0.0000
143      143   (0)    143  : 0.0000 0.0000 0.0000 0.0000 0.5185 0.1181 0.0470 0.0000 0.3163 0.0000
144      144   (0)    144  : 0.1049 0.0000 0.0579 0.0010 0.2607 0.0120 0.0470 0.0000 0.4426 0.0739
145      145   (0)    145  : 0.2180 0.0000 0.0260 0.0010 0.2440 0.0390 0.0000 0.0000 0.4240 0.0480
146      146   (0)    146  : 0.0788 0.0000 0.0110 0.0629 0.2026 0.0918 0.0968 0.0000 0.3483 0.1078
147      147   (0)    147  : 0.0621 0.0000 0.0000 0.0000 0.0000 0.3483 0.1031 0.0120 0.4745 0.0000
148      148   (0)    148  : 0.1570 0.0000 0.0090 0.0000 0.1940 0.0100 0.0980 0.0000 0.5320 0.0000
149      149   (0)    149  : 0.4795 0.0000 0.0040 0.0010 0.0220 0.0010 0.2953 0.0000 0.1972 0.0000
150      150   (0)    150  : 0.0540 0.0000 0.0020 0.0000 0.0920 0.1800 0.4780 0.0000 0.1940 0.0000
151      151   (0)    151  : 0.0000 0.0000 0.0000 0.0000 0.5210 0.4790 0.0000 0.0000 0.0000 0.0000
152      152   (0)    152  : 0.0010 0.0000 0.0000 0.0000 0.2523 0.7457 0.0000 0.0000 0.0010 0.0000
153      153   (0)    153  : 0.0000 0.0000 0.0000 0.0000 0.5250 0.4750 0.0000 0.0000 0.0000 0.0000
154      154   (0)    154  : 0.6280 0.0000 0.0000 0.0000 0.0000 0.0070 0.2630 0.0000 0.1020 0.0000
155      155   (0)    155  : 0.2553 0.0000 0.0000 0.0000 0.2032 0.2092 0.2803 0.0000 0.0521 0.0000
156      156   (0)    156  : 0.4370 0.0000 0.0000 0.0000 0.4100 0.1320 0.0000 0.0000 0.0210 0.0000
157      157   (0)    157  : 0.1940 0.0000 0.0000 0.0010 0.3230 0.1330 0.1040 0.0000 0.2220 0.0230
158      158   (0)    158  : 0.3750 0.0000 0.0000 0.0000 0.0850 0.0910 0.2850 0.0000 0.1640 0.0000
159      159   (0)    159  : 0.3530 0.0000 0.0000 0.0000 0.0740 0.0980 0.3100 0.0010 0.1640 0.0000
160      160   (0)    160  : 0.0311 0.0000 0.0020 0.1603 0.0872 0.4198 0.0000 0.0000 0.0972 0.2024
161      161   (0)    161  : 0.6390 0.0000 0.0000 0.0000 0.0000 0.0000 0.3250 0.0000 0.0360 0.0000
162      162   (0)    162  : 0.1782 0.0000 0.0000 0.0000 0.0521 0.1441 0.4785 0.0000 0.1381 0.0090
163      163   (0)    163  : 0.0000 0.0000 0.0000 0.0000 0.0100 0.1882 0.6036 0.0000 0.1982 0.0000
164      164   (0)    164  : 0.3776 0.0000 0.0000 0.0090 0.0390 0.0430 0.3876 0.0010 0.1429 0.0000
165      165   (0)    165  : 0.0830 0.0000 0.0000 0.0000 0.0000 0.1210 0.6700 0.0000 0.1260 0.0000
166      166   (0)    166  : 0.1130 0.0000 0.0770 0.0000 0.0000 0.0820 0.6640 0.0000 0.0640 0.0000
167      167   (0)    167  : 0.1600 0.0000 0.0000 0.0980 0.0000 0.4410 0.2990 0.0000 0.0020 0.0000
168      168   (0)    168  : 0.0350 0.0000 0.0000 0.0000 0.5245 0.1471 0.0611 0.0000 0.2282 0.0040
169      169   (0)    169  : 0.1710 0.0000 0.0000 0.0000 0.0000 0.2250 0.4070 0.0000 0.1970 0.0000
170      170   (0)    170  : 0.3866 0.0000 0.0000 0.0000 0.0000 0.0010 0.2577 0.0000 0.3546 0.0000
171      171   (0)    171  : 0.0100 0.0040 0.0000 0.0000 0.0000 0.7113 0.0619 0.1798 0.0150 0.0180
172      172   (0)    172  : 0.0110 0.0000 0.0000 0.0000 0.0010 0.9361 0.0509 0.0000 0.0010 0.0000
173      173   (0)    173  : 0.0000 0.0000 0.0000 0.0000 0.1120 0.5020 0.3200 0.0040 0.0620 0.0000
174      174   (0)    174  : 0.3560 0.0000 0.0000 0.0000 0.0540 0.1270 0.1080 0.0000 0.1370 0.2180
175      175   (0)    175  : 0.1491 0.0000 0.0000 0.0000 0.0000 0.1351 0.6086 0.0030 0.1041 0.0000
176      176   (0)    176  : 0.2933 0.0000 0.0000 0.0000 0.0000 0.3163 0.3073 0.0150 0.0681 0.0000
177      177   (0)    177  : 0.0630 0.0000 0.0000 0.0000 0.0000 0.4730 0.2570 0.0000 0.2070 0.0000
178      178   (0)    178  : 0.1578 0.0000 0.0150 0.0000 0.0669 0.0410 0.1119 0.0000 0.6074 0.0000
179      179   (0)    179  : 0.2082 0.0000 0.0000 0.0000 0.0000 0.0000 0.7728 0.0000 0.0190 0.0000
180      180   (0)    180  : 0.0461 0.0000 0.0000 0.0000 0.0371 0.3457 0.5040 0.0060 0.0611 0.0000
181      181   (0)    181  : 0.3333 0.0000 0.0120 0.0000 0.0509 0.1387 0.3872 0.0000 0.0778 0.0000
182      182   (0)    182  : 0.0681 0.0000 0.0000 0.0010 0.4454 0.0681 0.0000 0.0020 0.3914 0.0240
183      183   (0)    183  : 0.0370 0.0000 0.0000 0.0000 0.0630 0.7110 0.0770 0.0000 0.1120 0.0000
184      184   (0)    184  : 0.0540 0.0000 0.0000 0.0000 0.1580 0.6000 0.0010 0.0000 0.1870 0.0000
185      185   (0)    185  : 0.0590 0.0100 0.0300 0.0000 0.0710 0.0650 0.4010 0.1230 0.1800 0.0610
186      186   (0)    186  : 0.0000 0.0000 0.0000 0.0040 0.0690 0.5370 0.3220 0.0040 0.0640 0.0000
187      187   (0)    187  : 0.2683 0.0000 0.0000 0.0190 0.0000 0.3153 0.2923 0.0000 0.1051 0.0000
188      188   (0)    188  : 0.0000 0.0000 0.0000 0.0000 0.0000 0.7760 0.2060 0.0000 0.0180 0.0000
189      189   (0)    189  : 0.0000 0.0000 0.0000 0.0070 0.4910 0.0250 0.0350 0.0000 0.4250 0.0170
190      190   (0)    190  : 0.2032 0.0000 0.0050 0.0000 0.3073 0.2923 0.1321 0.0100 0.0501 0.0000
191      191   (0)    191  : 0.1020 0.0080 0.0200 0.0000 0.1670 0.0190 0.1500 0.2010 0.2720 0.0610
192      192   (0)    192  : 0.1698 0.0000 0.0160 0.0000 0.0939 0.0260 0.0639 0.0000 0.6304 0.0000
193      193   (0)    193  : 0.1001 0.0000 0.0050 0.0000 0.1682 0.1041 0.1672 0.0000 0.4555 0.0000
194      194   (0)    194  : 0.3433 0.0000 0.0000 0.0060 0.0991 0.2322 0.1451 0.0000 0.1742 0.0000
195      195   (0)    195  : 0.0170 0.0000 0.0000 0.0000 0.1401 0.6346 0.1251 0.0000 0.0821 0.0010
196      196   (0)    196  : 0.6450 0.0000 0.0000 0.0000 0.0000 0.0490 0.2850 0.0000 0.0210 0.0000
197      197   (0)    197  : 0.0000 0.0000 0.2520 0.0440 0.3610 0.3060 0.0000 0.0000 0.0000 0.0370
198      198   (0)    198  : 0.2270 0.0000 0.0000 0.0000 0.0000 0.0000 0.7730 0.0000 0.0000 0.0000
199      199   (0)    199  : 0.1251 0.0000 0.0420 0.0150 0.1702 0.0761 0.3153 0.0000 0.2132 0.0430
200      200   (0)    200  : 0.2540 0.0000 0.0080 0.0000 0.0760 0.2190 0.2580 0.0010 0.1540 0.0300
201      201   (0)    201  : 0.0050 0.0000 0.0240 0.0320 0.4110 0.2240 0.0140 0.0000 0.2780 0.0120
202      202   (0)    202  : 0.1160 0.0000 0.0000 0.0000 0.0180 0.2690 0.5750 0.0000 0.0220 0.0000
203      203   (0)    203  : 0.1570 0.0000 0.0120 0.0000 0.1370 0.0000 0.0060 0.0000 0.6880 0.0000
204      204   (0)    204  : 0.2806 0.0000 0.0000 0.0000 0.0000 0.1503 0.4840 0.0070 0.0782 0.0000
205      205   (0)    205  : 0.6620 0.0000 0.0000 0.0000 0.0000 0.0000 0.3380 0.0000 0.0000 0.0000
206      206   (0)    206  : 0.5175 0.0000 0.0000 0.0000 0.0000 0.0000 0.4825 0.0000 0.0000 0.0000
207      207   (0)    207  : 0.1130 0.0000 0.0000 0.0000 0.0000 0.3500 0.4550 0.0000 0.0820 0.0000
208      208   (0)    208  : 0.0731 0.0000 0.0000 0.0000 0.0000 0.1411 0.6687 0.0000 0.1171 0.0000
209      209   (0)    209  : 0.0380 0.0000 0.0000 0.0000 0.0320 0.9291 0.0010 0.0000 0.0000 0.0000
210      210   (1)    210  : 0.0000 0.0000 0.0000 0.0000 0.0000 0.0000 0.0000 1.0000 0.0000 0.0000
211      211   (0)    211  : 0.0531 0.0000 0.0000 0.0000 0.0000 0.0881 0.5516 0.0030 0.3043 0.0000
212      212   (0)    212  : 0.6390 0.0000 0.0000 0.0000 0.0000 0.0000 0.3610 0.0000 0.0000 0.0000
213      213   (0)    213  : 0.3870 0.0000 0.0000 0.0000 0.0000 0.2300 0.3830 0.0000 0.0000 0.0000
214      214   (2)    214  : 0.0000 0.0000 0.0000 0.6316 0.0450 0.0290 0.0010 0.0000 0.0921 0.2012
215      215   (0)    215  : 0.0160 0.0000 0.0000 0.1040 0.0620 0.0090 0.0080 0.0000 0.0390 0.7620
216      216   (0)    216  : 0.1121 0.0000 0.0000 0.0000 0.0771 0.3904 0.4204 0.0000 0.0000 0.0000
217      217   (2)    217  : 0.0260 0.0000 0.0000 0.0000 0.0880 0.0040 0.0000 0.0000 0.0000 0.8820
218      218   (1)    218  : 0.0170 0.0000 0.0180 0.2897 0.0020 0.0010 0.0000 0.0320 0.0460 0.5944
219      219   (2)    219  : 0.0000 0.0000 0.1890 0.0000 0.0000 0.0000 0.0000 0.8110 0.0000 0.0000
220      220   (1)    220  : 0.0000 0.0000 0.0000 1.0000 0.0000 0.0000 0.0000 0.0000 0.0000 0.0000
221      221   (1)    221  : 0.0030 0.0000 0.0160 0.2657 0.0669 0.0010 0.0450 0.0000 0.0749 0.5275
222      222   (0)    222  : 0.0020 0.0000 0.0000 0.0000 0.0820 0.0890 0.1950 0.0000 0.0580 0.5740
223      223   (0)    223  : 0.0000 0.0000 0.0000 0.0660 0.3150 0.0820 0.0220 0.0000 0.4200 0.0950
224      224   (0)    224  : 0.2810 0.0000 0.0000 0.0000 0.1130 0.3020 0.1120 0.0000 0.1920 0.0000
225      225   (0)    225  : 0.1251 0.0000 0.0000 0.0000 0.3584 0.0541 0.0541 0.0000 0.4084 0.0000
226      226   (0)    226  : 0.0660 0.0000 0.0000 0.0000 0.0580 0.3590 0.0750 0.0000 0.4420 0.0000
227      227   (0)    227  : 0.1902 0.0000 0.0000 0.0761 0.0000 0.3033 0.4024 0.0000 0.0280 0.0000
228      228   (0)    228  : 0.4380 0.0000 0.0300 0.0110 0.0030 0.1490 0.1780 0.0030 0.0680 0.1200
229      229   (0)    229  : 0.3463 0.0000 0.0000 0.0000 0.0000 0.1401 0.4895 0.0000 0.0240 0.0000
230      230   (0)    230  : 0.1548 0.0000 0.0000 0.0000 0.1099 0.4515 0.2657 0.0000 0.0180 0.0000
231      231   (0)    231  : 0.2633 0.0000 0.0000 0.0000 0.0000 0.0100 0.7267 0.0000 0.0000 0.0000
232      232   (0)    232  : 0.4820 0.0000 0.0000 0.0000 0.0000 0.0390 0.4790 0.0000 0.0000 0.0000
233      233   (0)    233  : 0.0930 0.0000 0.0000 0.0000 0.0480 0.5140 0.3170 0.0000 0.0280 0.0000
234      234  (21)    234  : 0.4166 0.0000 0.0000 0.0000 0.0220 0.3886 0.1728 0.0000 0.0000 0.0000
235      235  (12)    235  : 0.4480 0.0000 0.0000 0.0000 0.0000 0.3960 0.1560 0.0000 0.0000 0.0000
236      236   (3)    236  : 0.5345 0.0000 0.0000 0.0000 0.1622 0.0320 0.1822 0.0000 0.0891 0.0000
237      237   (7)    237  : 0.7658 0.0000 0.0000 0.0000 0.0601 0.0000 0.1722 0.0020 0.0000 0.0000
238      238   (3)    238  : 0.7433 0.0000 0.0000 0.0000 0.0000 0.0190 0.1878 0.0000 0.0500 0.0000
239      239   (2)    239  : 0.6004 0.0000 0.0000 0.0000 0.0749 0.1279 0.1389 0.0000 0.0579 0.0000
240      240   (3)    240  : 0.8010 0.0000 0.0000 0.0000 0.1110 0.0000 0.0730 0.0000 0.0150 0.0000
241      241   (1)    241  : 0.7620 0.0000 0.0000 0.0000 0.0050 0.1000 0.1330 0.0000 0.0000 0.0000
242      242   (3)    242  : 0.7740 0.0000 0.0000 0.0000 0.0570 0.0000 0.1670 0.0020 0.0000 0.0000
243      243   (2)    243  : 0.3820 0.0000 0.0000 0.0000 0.2120 0.0000 0.2850 0.0000 0.1040 0.0170
244      244   (3)    244  : 0.6286 0.0000 0.0000 0.0000 0.0000 0.0000 0.3714 0.0000 0.0000 0.0000
245      245  (15)    245  : 0.5810 0.0000 0.0000 0.0000 0.2400 0.0000 0.0140 0.0000 0.1220 0.0430
246      246   (3)    246  : 0.8242 0.0000 0.0000 0.0000 0.1618 0.0000 0.0000 0.0000 0.0140 0.0000
247      247   (3)    247  : 0.4915 0.0000 0.0000 0.0000 0.4735 0.0350 0.0000 0.0000 0.0000 0.0000
248      248   (3)    248  : 0.0501 0.0000 0.0000 0.0000 0.6286 0.0000 0.1592 0.0000 0.1622 0.0000
249      249   (3)    249  : 0.3810 0.0000 0.0000 0.0000 0.4960 0.1230 0.0000 0.0000 0.0000 0.0000
250      250   (2)    250  : 0.3430 0.0000 0.0000 0.0000 0.5240 0.1330 0.0000 0.0000 0.0000 0.0000
251      251   (3)    251  : 0.9249 0.0000 0.0000 0.0000 0.0000 0.0140 0.0000 0.0000 0.0611 0.0000
252      252   (4)    252  : 0.6260 0.0000 0.0000 0.0000 0.1840 0.0000 0.1900 0.0000 0.0000 0.0000
253      253   (4)    253  : 0.2030 0.0000 0.0000 0.0000 0.4930 0.1400 0.1110 0.0000 0.0530 0.0000
254      254   (2)    254  : 0.3900 0.0000 0.0000 0.0000 0.1700 0.0020 0.4380 0.0000 0.0000 0.0000
255      255  (13)    255  : 0.4104 0.0000 0.0000 0.0000 0.3614 0.0070 0.1732 0.0000 0.0480 0.0000
256      256   (2)    256  : 0.9070 0.0000 0.0000 0.0000 0.0000 0.0010 0.0920 0.0000 0.0000 0.0000
257      257   (3)    257  : 0.7270 0.0000 0.0000 0.0000 0.0000 0.0000 0.2600 0.0000 0.0130 0.0000
258      258   (4)    258  : 0.7518 0.0000 0.0000 0.0000 0.0210 0.0010 0.2262 0.0000 0.0000 0.0000
259      259   (5)    259  : 0.4830 0.0000 0.0000 0.0000 0.0000 0.0030 0.5130 0.0000 0.0010 0.0000
260      260   (4)    260  : 0.5776 0.0000 0.0000 0.0000 0.1211 0.0000 0.3013 0.0000 0.0000 0.0000
261      261   (3)    261  : 0.5656 0.0000 0.0000 0.0000 0.2913 0.0551 0.0871 0.0000 0.0000 0.0010
262      262   (3)    262  : 0.6590 0.0000 0.0000 0.0000 0.0000 0.1590 0.1820 0.0000 0.0000 0.0000
263      263   (5)    263  : 0.5716 0.0000 0.0000 0.0000 0.2262 0.0010 0.1822 0.0000 0.0190 0.0000
264      264   (7)    264  : 0.6300 0.0000 0.0000 0.0000 0.0690 0.1270 0.1580 0.0000 0.0160 0.0000
265      265   (1)    265  : 0.7770 0.0000 0.0000 0.0000 0.0640 0.0000 0.1590 0.0000 0.0000 0.0000
266      266   (5)    266  : 0.9680 0.0000 0.0000 0.0000 0.0000 0.0020 0.0300 0.0000 0.0000 0.0000
267      267   (1)    267  : 0.7130 0.0000 0.0000 0.0000 0.0000 0.1370 0.1500 0.0000 0.0000 0.0000
268      268   (1)    268  : 0.4490 0.0000 0.0000 0.0000 0.3830 0.0000 0.1680 0.0000 0.0000 0.0000
269      269   (8)    269  : 0.0000 0.0000 0.0000 0.0190 0.7380 0.2430 0.0000 0.0000 0.0000 0.0000
270      270   (4)    270  : 0.1740 0.0000 0.0000 0.0000 0.3850 0.3560 0.0160 0.0000 0.0690 0.0000
271      271   (1)    271  : 0.4070 0.0000 0.0000 0.0000 0.0000 0.0000 0.5930 0.0000 0.0000 0.0000
272      272   (1)    272  : 0.4795 0.0000 0.0000 0.0000 0.3864 0.0771 0.0571 0.0000 0.0000 0.0000
273      273   (4)    273  : 0.3200 0.0000 0.0020 0.0180 0.4740 0.1120 0.0730 0.0000 0.0010 0.0000
274      274   (1)    274  : 0.3740 0.0000 0.0000 0.0000 0.1790 0.0010 0.3530 0.0000 0.0930 0.0000
275      275   (1)    275  : 0.1341 0.0000 0.0000 0.0000 0.5045 0.2112 0.0000 0.0000 0.1321 0.0180
276      276   (3)    276  : 0.0490 0.0000 0.0000 0.0150 0.6060 0.3160 0.0000 0.0000 0.0140 0.0000
277      277   (2)    277  : 0.8660 0.0000 0.0000 0.0000 0.0020 0.0000 0.1300 0.0000 0.0020 0.0000
278      278   (1)    278  : 0.6540 0.0000 0.0000 0.0000 0.0000 0.0680 0.2780 0.0000 0.0000 0.0000
279      279   (3)    279  : 0.1249 0.0000 0.0000 0.0000 0.0709 0.0250 0.7043 0.0000 0.0749 0.0000
280      280   (3)    280  : 0.1239 0.0000 0.0000 0.0000 0.0719 0.0260 0.7043 0.0000 0.0739 0.0000
281      281   (2)    281  : 0.6947 0.0000 0.0000 0.0000 0.0611 0.0000 0.1702 0.0000 0.0741 0.0000
282      282   (2)    282  : 0.5880 0.0000 0.0000 0.0000 0.0000 0.0000 0.3840 0.0000 0.0280 0.0000
283      283   (2)    283  : 0.5790 0.0000 0.0000 0.0000 0.2490 0.0000 0.1720 0.0000 0.0000 0.0000
284      284   (3)    284  : 0.6827 0.0000 0.0000 0.0000 0.0000 0.1592 0.1582 0.0000 0.0000 0.0000
285      285   (4)    285  : 0.7220 0.0000 0.0000 0.0000 0.0740 0.0000 0.1980 0.0020 0.0040 0.0000
286      286   (2)    286  : 0.5140 0.0000 0.0000 0.0000 0.1460 0.0000 0.3400 0.0000 0.0000 0.0000
287      287   (0)    287  : 0.6430 0.0000 0.0000 0.0000 0.0000 0.0000 0.3510 0.0000 0.0060 0.0000
288      288   (1)    288  : 0.7530 0.0000 0.0000 0.0000 0.0000 0.0000 0.2470 0.0000 0.0000 0.0000
289      289   (2)    289  : 0.7580 0.0000 0.0000 0.0000 0.0000 0.0000 0.2420 0.0000 0.0000 0.0000
290      290   (8)    290  : 0.6170 0.0000 0.0000 0.0000 0.0000 0.0000 0.3830 0.0000 0.0000 0.0000
291      291   (2)    291  : 0.9600 0.0000 0.0000 0.0000 0.0000 0.0000 0.0260 0.0000 0.0140 0.0000
292      292   (4)    292  : 0.8110 0.0000 0.0000 0.0000 0.1690 0.0000 0.0000 0.0000 0.0200 0.0000
293      293   (0)    293  : 0.7950 0.0000 0.0000 0.0000 0.0000 0.0000 0.2050 0.0000 0.0000 0.0000
294      294   (3)    294  : 0.7810 0.0000 0.0000 0.0000 0.0000 0.0000 0.2190 0.0000 0.0000 0.0000
295      295   (2)    295  : 0.8098 0.0000 0.0000 0.0000 0.1221 0.0380 0.0160 0.0000 0.0140 0.0000
296      296   (2)    296  : 0.7180 0.0000 0.0000 0.0000 0.0400 0.0000 0.2410 0.0000 0.0010 0.0000
297      297   (4)    297  : 0.7620 0.0000 0.0000 0.0000 0.0000 0.0000 0.2380 0.0000 0.0000 0.0000
298      298   (3)    298  : 0.6990 0.0000 0.0000 0.0000 0.0270 0.0010 0.2730 0.0000 0.0000 0.0000
299      299   (4)    299  : 0.6610 0.0000 0.0000 0.0000 0.1830 0.0060 0.1410 0.0000 0.0090 0.0000
300      300   (2)    300  : 0.8590 0.0000 0.0000 0.0000 0.0470 0.0000 0.0940 0.0000 0.0000 0.0000
301      301   (2)    301  : 0.8050 0.0000 0.0000 0.0000 0.0910 0.0080 0.0960 0.0000 0.0000 0.0000
302      302   (1)    302  : 0.5610 0.0000 0.0000 0.0000 0.0600 0.0000 0.3790 0.0000 0.0000 0.0000
303      303   (0)    303  : 0.6090 0.0000 0.0000 0.0000 0.1060 0.0050 0.2800 0.0000 0.0000 0.0000
304      304   (2)    304  : 0.4294 0.0000 0.0000 0.0000 0.3774 0.0000 0.0931 0.0000 0.1001 0.0000
305      305   (2)    305  : 0.4290 0.0000 0.0000 0.0000 0.3770 0.0000 0.0930 0.0000 0.1010 0.0000
306      306   (1)    306  : 0.2472 0.0000 0.0000 0.0000 0.1832 0.1031 0.0961 0.0000 0.3704 0.0000
307      307   (1)    307  : 0.6570 0.0000 0.0000 0.0000 0.0070 0.0070 0.3290 0.0000 0.0000 0.0000
308      308   (8)    308  : 0.2210 0.0000 0.0000 0.0000 0.5340 0.0000 0.2450 0.0000 0.0000 0.0000
309      309   (3)    309  : 0.5940 0.0000 0.0000 0.0000 0.1030 0.0900 0.2130 0.0000 0.0000 0.0000
310      310   (2)    310  : 0.4284 0.0000 0.0000 0.0000 0.0000 0.0000 0.5716 0.0000 0.0000 0.0000
311      311   (3)    311  : 0.7493 0.0000 0.0000 0.0000 0.0709 0.0529 0.1269 0.0000 0.0000 0.0000
312      312   (2)    312  : 0.9260 0.0000 0.0000 0.0000 0.0270 0.0130 0.0000 0.0000 0.0340 0.0000
313      313   (3)    313  : 0.2002 0.0000 0.0000 0.0000 0.0000 0.0000 0.7998 0.0000 0.0000 0.0000
314      314   (6)    314  : 0.8520 0.0000 0.0000 0.0000 0.0000 0.0650 0.0830 0.0000 0.0000 0.0000
315      315   (5)    315  : 1.0000 0.0000 0.0000 0.0000 0.0000 0.0000 0.0000 0.0000 0.0000 0.0000
316      316   (2)    316  : 0.7650 0.0000 0.0000 0.0000 0.0390 0.0000 0.1750 0.0000 0.0210 0.0000
317      317   (1)    317  : 0.8118 0.0000 0.0000 0.0000 0.1692 0.0000 0.0000 0.0030 0.0160 0.0000
318      318   (1)    318  : 0.8971 0.0000 0.0000 0.0000 0.0000 0.0100 0.0929 0.0000 0.0000 0.0000
319      319   (1)    319  : 0.3930 0.0000 0.0000 0.0000 0.1010 0.1120 0.3750 0.0000 0.0190 0.0000
320      320   (1)    320  : 0.6146 0.0000 0.0000 0.0000 0.0000 0.1281 0.2573 0.0000 0.0000 0.0000
321      321   (3)    321  : 0.9160 0.0000 0.0000 0.0000 0.0000 0.0010 0.0830 0.0000 0.0000 0.0000
322      322   (3)    322  : 0.9240 0.0000 0.0000 0.0000 0.0170 0.0000 0.0190 0.0000 0.0400 0.0000
323      323   (4)    323  : 0.7300 0.0000 0.0000 0.0000 0.0000 0.1430 0.1270 0.0000 0.0000 0.0000
324      324   (5)    324  : 0.1229 0.0000 0.0000 0.0000 0.3816 0.1409 0.3077 0.0000 0.0470 0.0000
325      325   (3)    325  : 0.1542 0.0000 0.0000 0.0000 0.3964 0.3403 0.0981 0.0000 0.0110 0.0000
326      326   (2)    326  : 0.7310 0.0000 0.0000 0.0000 0.1940 0.0000 0.0750 0.0000 0.0000 0.0000
327      327   (2)    327  : 0.5060 0.0000 0.0000 0.0000 0.4880 0.0000 0.0060 0.0000 0.0000 0.0000
328      328   (1)    328  : 0.5824 0.0000 0.0000 0.0000 0.2058 0.1099 0.1009 0.0000 0.0010 0.0000
329      329   (6)    329  : 1.0000 0.0000 0.0000 0.0000 0.0000 0.0000 0.0000 0.0000 0.0000 0.0000
330      330   (4)    330  : 0.7380 0.0000 0.0000 0.0000 0.0000 0.1420 0.1200 0.0000 0.0000 0.0000
331      331   (2)    331  : 0.2950 0.0000 0.0000 0.0000 0.4080 0.0100 0.2870 0.0000 0.0000 0.0000
332      332   (3)    332  : 0.2170 0.0000 0.0000 0.0000 0.4620 0.1040 0.1560 0.0000 0.0610 0.0000
333      333   (1)    333  : 0.6967 0.0000 0.0000 0.0000 0.2212 0.0000 0.0821 0.0000 0.0000 0.0000
334      334   (3)    334  : 0.7130 0.0000 0.0000 0.0000 0.2170 0.0000 0.0700 0.0000 0.0000 0.0000
335      335   (1)    335  : 0.0840 0.0000 0.0000 0.0000 0.6820 0.0600 0.0000 0.0000 0.1740 0.0000
336      336   (6)    336  : 0.7658 0.0000 0.0000 0.0000 0.0350 0.0531 0.1411 0.0000 0.0050 0.0000
337      337   (2)    337  : 0.3110 0.0000 0.0000 0.0000 0.2290 0.2810 0.1760 0.0000 0.0030 0.0000
338      338   (2)    338  : 0.7540 0.0000 0.0000 0.0000 0.0000 0.1180 0.1280 0.0000 0.0000 0.0000
339      339   (4)    339  : 0.2920 0.0000 0.0000 0.0000 0.4770 0.0020 0.1650 0.0000 0.0640 0.0000
340      340   (2)    340  : 0.3784 0.0000 0.0000 0.0000 0.1792 0.0000 0.4424 0.0000 0.0000 0.0000
341      341   (3)    341  : 0.5926 0.0000 0.0000 0.0000 0.0000 0.0000 0.4074 0.0000 0.0000 0.0000
342      342   (3)    342  : 0.5976 0.0000 0.0000 0.0000 0.0791 0.0000 0.3223 0.0000 0.0010 0.0000
343      343   (3)    343  : 0.4460 0.0000 0.0000 0.0000 0.0000 0.0360 0.5180 0.0000 0.0000 0.0000
344      344   (1)    344  : 0.8250 0.0000 0.0000 0.0000 0.0000 0.0230 0.1520 0.0000 0.0000 0.0000
345      345   (3)    345  : 0.3180 0.0000 0.0000 0.0000 0.4000 0.0860 0.0010 0.0000 0.1780 0.0170
346      346   (1)    346  : 0.6280 0.0000 0.0000 0.0000 0.0000 0.0840 0.2840 0.0000 0.0000 0.0040
347      347   (7)    347  : 0.2820 0.0000 0.0000 0.0000 0.2280 0.0000 0.2540 0.0000 0.1990 0.0370
348      348   (5)    348  : 0.2030 0.0000 0.0000 0.0000 0.0680 0.0000 0.7290 0.0000 0.0000 0.0000
349      349   (2)    349  : 0.6820 0.0000 0.0000 0.0000 0.1630 0.0380 0.0010 0.0000 0.0990 0.0170
350      350   (0)    350  : 0.6470 0.0000 0.0000 0.0000 0.0690 0.0410 0.2010 0.0000 0.0370 0.0050
351      351   (2)    351  : 0.0500 0.0000 0.0000 0.0000 0.6250 0.1300 0.0000 0.0000 0.1950 0.0000
352      352   (2)    352  : 0.6440 0.0000 0.0000 0.0000 0.0000 0.0130 0.3430 0.0000 0.0000 0.0000
353      353   (4)    353  : 0.6730 0.0000 0.0000 0.0000 0.0000 0.0810 0.2420 0.0000 0.0040 0.0000
354      354   (4)    354  : 0.3850 0.0000 0.0000 0.0000 0.2030 0.0070 0.2770 0.0060 0.1130 0.0090
355      355   (6)    355  : 0.4620 0.0000 0.0000 0.0000 0.1840 0.0570 0.2380 0.0000 0.0500 0.0090
356      356   (1)    356  : 0.2700 0.0000 0.0000 0.0000 0.3860 0.0000 0.0410 0.0000 0.2790 0.0240
357      357   (1)    357  : 0.9750 0.0000 0.0000 0.0000 0.0000 0.0000 0.0250 0.0000 0.0000 0.0000
358      358   (0)    358  : 0.3696 0.0000 0.0000 0.0000 0.3307 0.0000 0.2138 0.0000 0.0859 0.0000
359      359   (3)    359  : 0.3470 0.0000 0.0000 0.0000 0.1930 0.1470 0.0310 0.0000 0.2820 0.0000
360      360   (1)    360  : 0.6677 0.0000 0.0000 0.0000 0.1942 0.0000 0.1381 0.0000 0.0000 0.0000
361      361   (1)    361  : 0.3070 0.0000 0.0000 0.0000 0.3660 0.0000 0.1670 0.0000 0.1600 0.0000
362      362   (4)    362  : 0.6076 0.0000 0.0000 0.0000 0.0460 0.0651 0.2813 0.0000 0.0000 0.0000
363      363   (2)    363  : 0.6370 0.0000 0.0000 0.0000 0.1010 0.0560 0.2010 0.0000 0.0050 0.0000
364      364   (4)    364  : 0.6827 0.0000 0.0000 0.0000 0.0390 0.0430 0.2322 0.0000 0.0030 0.0000
365      365   (3)    365  : 0.1800 0.0000 0.0000 0.0000 0.5180 0.1370 0.0020 0.0000 0.1630 0.0000
366      366   (4)    366  : 0.2030 0.0000 0.0000 0.0000 0.6360 0.1610 0.0000 0.0000 0.0000 0.0000
367      367   (4)    367  : 0.1301 0.0000 0.0000 0.0000 0.6466 0.0420 0.0911 0.0000 0.0901 0.0000
368      368   (5)    368  : 0.1480 0.0000 0.0000 0.0000 0.3670 0.0870 0.0640 0.0000 0.3340 0.0000
369      369   (3)    369  : 0.6210 0.0000 0.0000 0.0000 0.0000 0.0570 0.3220 0.0000 0.0000 0.0000
370      370   (0)    370  : 0.2580 0.0000 0.0000 0.0000 0.5400 0.1800 0.0000 0.0000 0.0220 0.0000
371      371   (3)    371  : 0.8110 0.0000 0.0000 0.0000 0.0000 0.1810 0.0080 0.0000 0.0000 0.0000
372      372   (2)    372  : 0.1890 0.0000 0.0000 0.0000 0.2610 0.0750 0.3950 0.0000 0.0800 0.0000
373      373   (7)    373  : 0.7447 0.0000 0.0000 0.0000 0.0951 0.0000 0.1471 0.0000 0.0130 0.0000
374      374   (6)    374  : 0.7788 0.0000 0.0000 0.0000 0.0040 0.0000 0.2172 0.0000 0.0000 0.0000
375      375   (1)    375  : 0.7297 0.0000 0.0000 0.0000 0.0811 0.0000 0.1311 0.0000 0.0581 0.0000
376      376   (1)    376  : 0.5930 0.0000 0.0000 0.0000 0.1630 0.0540 0.1100 0.0000 0.0800 0.0000
377      377   (1)    377  : 0.4660 0.0000 0.0000 0.0000 0.1640 0.0500 0.2110 0.0000 0.1090 0.0000
378      378   (1)    378  : 0.5884 0.0000 0.0000 0.0000 0.0609 0.1389 0.2038 0.0000 0.0080 0.0000
379      379   (2)    379  : 0.6720 0.0000 0.0000 0.0000 0.1010 0.1160 0.0980 0.0000 0.0130 0.0000
380      380   (2)    380  : 0.5010 0.0000 0.0000 0.0000 0.0830 0.0520 0.3240 0.0000 0.0390 0.0010
381      381   (6)    381  : 0.6903 0.0000 0.0000 0.0000 0.0509 0.0400 0.2188 0.0000 0.0000 0.0000
382      382   (1)    382  : 0.7430 0.0000 0.0000 0.0000 0.0840 0.0000 0.1520 0.0000 0.0210 0.0000
383      383   (3)    383  : 0.6647 0.0000 0.0000 0.0000 0.0841 0.0000 0.2242 0.0000 0.0270 0.0000
384      384   (5)    384  : 0.7580 0.0000 0.0000 0.0000 0.0710 0.0390 0.0000 0.0000 0.1320 0.0000
385      385   (2)    385  : 0.6747 0.0000 0.0000 0.0000 0.0821 0.0170 0.1912 0.0000 0.0350 0.0000
386      386   (3)    386  : 0.4314 0.0000 0.0000 0.0010 0.1632 0.0420 0.2312 0.0000 0.1311 0.0000
387      387   (3)    387  : 0.5830 0.0000 0.0000 0.0000 0.0830 0.1270 0.1930 0.0000 0.0140 0.0000
388      388   (1)    388  : 0.6553 0.0000 0.0000 0.0000 0.1139 0.1219 0.0899 0.0000 0.0190 0.0000
389      389   (2)    389  : 0.5590 0.0000 0.0000 0.0000 0.0660 0.0620 0.2870 0.0000 0.0250 0.0010
390      390   (3)    390  : 0.6970 0.0000 0.0000 0.0000 0.0590 0.0120 0.2320 0.0000 0.0000 0.0000
391      391   (4)    391  : 0.3270 0.0000 0.0000 0.0000 0.4510 0.0840 0.1380 0.0000 0.0000 0.0000
392      392   (3)    392  : 0.4750 0.0000 0.0000 0.0000 0.2700 0.0220 0.2310 0.0000 0.0020 0.0000
393      393   (6)    393  : 0.7450 0.0000 0.0000 0.0000 0.0000 0.1690 0.0860 0.0000 0.0000 0.0000
394      394   (4)    394  : 0.0190 0.0000 0.0000 0.0000 0.7067 0.0010 0.0010 0.0000 0.2723 0.0000
395      395   (4)    395  : 0.6740 0.0000 0.0000 0.0000 0.1210 0.0000 0.2050 0.0000 0.0000 0.0000
396      396   (6)    396  : 0.8410 0.0000 0.0000 0.0000 0.0480 0.0000 0.0730 0.0000 0.0290 0.0090
397      397   (6)    397  : 0.6176 0.0000 0.0000 0.0000 0.0100 0.0000 0.3724 0.0000 0.0000 0.0000
398      398   (6)    398  : 0.4520 0.0000 0.0000 0.0000 0.3190 0.0000 0.1830 0.0000 0.0460 0.0000
399      399  (10)    399  : 0.1800 0.0000 0.0000 0.0000 0.6490 0.0000 0.1180 0.0000 0.0530 0.0000
400      400   (3)    400  : 0.2180 0.0000 0.0000 0.0000 0.5240 0.1410 0.0460 0.0000 0.0710 0.0000
401      401   (2)    401  : 0.4655 0.0000 0.0000 0.0000 0.3516 0.0450 0.1369 0.0000 0.0010 0.0000
402      402   (3)    402  : 0.3050 0.0000 0.0000 0.0000 0.3380 0.0000 0.3570 0.0000 0.0000 0.0000
403      403   (3)    403  : 0.0830 0.0000 0.0000 0.0000 0.6930 0.0610 0.0600 0.0000 0.1030 0.0000
404      404   (2)    404  : 0.6880 0.0000 0.0000 0.0000 0.1920 0.0000 0.1200 0.0000 0.0000 0.0000
405      405   (5)    405  : 0.4920 0.0000 0.0000 0.0000 0.4380 0.0690 0.0010 0.0000 0.0000 0.0000
406      406   (3)    406  : 0.5200 0.0000 0.0000 0.0000 0.1810 0.0210 0.2260 0.0000 0.0520 0.0000
407      407   (3)    407  : 0.5720 0.0000 0.0000 0.0000 0.1220 0.0430 0.2630 0.0000 0.0000 0.0000
408      408   (2)    408  : 0.3060 0.0000 0.0000 0.0000 0.4240 0.0000 0.1750 0.0000 0.0950 0.0000
409      409   (2)    409  : 0.8060 0.0000 0.0000 0.0000 0.0000 0.0780 0.1160 0.0000 0.0000 0.0000
410      410   (3)    410  : 0.6790 0.0000 0.0000 0.0000 0.1650 0.0170 0.1140 0.0000 0.0250 0.0000
411      411   (3)    411  : 0.1290 0.0000 0.0000 0.0000 0.5810 0.0960 0.0000 0.0000 0.1940 0.0000
412      412   (3)    412  : 0.3574 0.0000 0.0000 0.0000 0.3614 0.0000 0.2012 0.0000 0.0801 0.0000
413      413   (2)    413  : 0.3343 0.0000 0.0000 0.0000 0.1221 0.0380 0.5055 0.0000 0.0000 0.0000
414      414   (2)    414  : 0.0839 0.0000 0.0000 0.0000 0.6454 0.0629 0.1029 0.0000 0.1049 0.0000
415      415   (1)    415  : 0.3550 0.0000 0.0000 0.0000 0.4690 0.1580 0.0180 0.0000 0.0000 0.0000
416      416   (5)    416  : 0.3270 0.0000 0.0000 0.0000 0.4830 0.1900 0.0000 0.0000 0.0000 0.0000
417      417   (1)    417  : 0.3313 0.0000 0.0000 0.0000 0.3944 0.0370 0.0000 0.0000 0.2372 0.0000
418      418   (2)    418  : 0.2270 0.0000 0.0000 0.0000 0.5780 0.1760 0.0190 0.0000 0.0000 0.0000
419      419   (2)    419  : 0.7600 0.0000 0.0000 0.0000 0.0000 0.1540 0.0860 0.0000 0.0000 0.0000
420      420   (4)    420  : 0.8252 0.0000 0.0000 0.0000 0.0060 0.0010 0.1678 0.0000 0.0000 0.0000
421      421   (3)    421  : 0.4354 0.0000 0.0000 0.0000 0.2462 0.0871 0.2312 0.0000 0.0000 0.0000
422      422   (2)    422  : 0.9760 0.0000 0.0000 0.0000 0.0000 0.0000 0.0240 0.0000 0.0000 0.0000
423      423   (3)    423  : 0.8480 0.0000 0.0000 0.0000 0.0010 0.0250 0.0920 0.0000 0.0340 0.0000
424      424   (2)    424  : 0.8910 0.0000 0.0000 0.0000 0.0000 0.1090 0.0000 0.0000 0.0000 0.0000
425      425   (1)    425  : 0.8880 0.0000 0.0000 0.0000 0.0000 0.0190 0.0660 0.0000 0.0270 0.0000
426      426   (2)    426  : 0.8670 0.0000 0.0000 0.0000 0.0000 0.0010 0.1320 0.0000 0.0000 0.0000
427      427   (6)    427  : 0.8630 0.0000 0.0000 0.0000 0.0000 0.0200 0.1170 0.0000 0.0000 0.0000
428      428   (5)    428  : 0.3740 0.0000 0.0000 0.0040 0.2690 0.0000 0.1100 0.0000 0.2020 0.0410
429      429   (4)    429  : 0.6464 0.0000 0.0000 0.0000 0.0869 0.0290 0.0549 0.0000 0.1818 0.0010
430      430   (3)    430  : 0.8960 0.0000 0.0000 0.0000 0.0380 0.0000 0.0000 0.0000 0.0660 0.0000
431      431   (3)    431  : 0.8488 0.0000 0.0000 0.0000 0.0000 0.0000 0.1512 0.0000 0.0000 0.0000
432      432   (4)    432  : 0.6040 0.0000 0.0000 0.0000 0.0780 0.0000 0.3180 0.0000 0.0000 0.0000
433      433   (3)    433  : 0.7550 0.0000 0.0000 0.0000 0.0000 0.1660 0.0790 0.0000 0.0000 0.0000
434      434   (4)    434  : 0.0670 0.0000 0.0000 0.0000 0.5820 0.1580 0.0000 0.0000 0.1930 0.0000
435      435   (7)    435  : 0.4354 0.0000 0.0000 0.0000 0.2482 0.0701 0.2192 0.0000 0.0270 0.0000
436      436   (7)    436  : 0.4945 0.0000 0.0000 0.0000 0.4074 0.0741 0.0040 0.0000 0.0200 0.0000
437      437   (2)    437  : 0.7930 0.0000 0.0000 0.0000 0.0400 0.0320 0.1350 0.0000 0.0000 0.0000
438      438   (3)    438  : 0.5075 0.0000 0.0000 0.0000 0.1802 0.0651 0.2472 0.0000 0.0000 0.0000
439      439   (5)    439  : 0.6260 0.0000 0.0000 0.0000 0.0540 0.3100 0.0000 0.0000 0.0100 0.0000
440      440   (3)    440  : 0.1111 0.0000 0.0000 0.0050 0.3343 0.0741 0.1972 0.0000 0.2523 0.0260
441      441   (4)    441  : 0.9650 0.0000 0.0000 0.0000 0.0000 0.0000 0.0000 0.0000 0.0350 0.0000
442      442   (3)    442  : 0.5840 0.0000 0.0000 0.0000 0.2080 0.0560 0.1520 0.0000 0.0000 0.0000
443      443   (3)    443  : 0.5646 0.0000 0.0000 0.0000 0.0571 0.0000 0.3774 0.0000 0.0010 0.0000
444      444   (4)    444  : 0.0790 0.0000 0.0000 0.0000 0.6050 0.2160 0.0050 0.0000 0.0950 0.0000
445      445   (4)    445  : 0.6993 0.0000 0.0000 0.0000 0.0240 0.0519 0.2248 0.0000 0.0000 0.0000
446      446   (1)    446  : 0.7718 0.0000 0.0000 0.0000 0.0010 0.0020 0.2232 0.0020 0.0000 0.0000
447      447   (1)    447  : 0.7023 0.0000 0.0000 0.0000 0.0589 0.0330 0.2058 0.0000 0.0000 0.0000
448      448   (7)    448  : 0.6106 0.0000 0.0000 0.0000 0.2072 0.0390 0.1411 0.0000 0.0020 0.0000
449      449   (3)    449  : 0.5320 0.0010 0.0010 0.0000 0.1250 0.0000 0.3410 0.0000 0.0000 0.0000
450      450   (1)    450  : 0.6580 0.0000 0.0000 0.0000 0.0000 0.1160 0.2260 0.0000 0.0000 0.0000
451      451   (3)    451  : 0.6420 0.0000 0.0000 0.0000 0.0970 0.0040 0.2570 0.0000 0.0000 0.0000
452      452   (2)    452  : 0.7070 0.0000 0.0000 0.0000 0.0290 0.0000 0.2370 0.0000 0.0270 0.0000
453      453   (2)    453  : 0.9600 0.0000 0.0000 0.0000 0.0000 0.0000 0.0000 0.0000 0.0400 0.0000
454      454   (2)    454  : 0.1129 0.0000 0.0000 0.0000 0.5225 0.3047 0.0010 0.0000 0.0589 0.0000
455      455   (3)    455  : 0.0831 0.0000 0.0000 0.0000 0.6887 0.1642 0.0000 0.0000 0.0641 0.0000
456      456   (2)    456  : 0.0590 0.0000 0.0000 0.0000 0.6800 0.1750 0.0000 0.0000 0.0860 0.0000
457      457   (8)    457  : 0.5330 0.0000 0.0000 0.0000 0.3110 0.0010 0.1550 0.0000 0.0000 0.0000
458      458   (1)    458  : 0.4745 0.0000 0.0000 0.0000 0.4496 0.0759 0.0000 0.0000 0.0000 0.0000
459      459   (1)    459  : 0.2200 0.0000 0.0000 0.0000 0.4150 0.3600 0.0050 0.0000 0.0000 0.0000
460      460   (3)    460  : 0.1962 0.0000 0.0000 0.0000 0.6537 0.1502 0.0000 0.0000 0.0000 0.0000
461      461   (1)    461  : 0.3280 0.0000 0.0000 0.0000 0.5760 0.0960 0.0000 0.0000 0.0000 0.0000
462      462   (4)    462  : 0.5355 0.0000 0.0000 0.0000 0.1742 0.0250 0.2452 0.0130 0.0000 0.0070
463      463   (4)    463  : 0.7562 0.0000 0.0000 0.0000 0.1129 0.0030 0.1279 0.0000 0.0000 0.0000
464      464   (4)    464  : 0.5420 0.0000 0.0000 0.0000 0.2420 0.0000 0.2160 0.0000 0.0000 0.0000
465      465   (2)    465  : 0.7237 0.0000 0.0000 0.0000 0.0430 0.0000 0.2332 0.0000 0.0000 0.0000
466      466   (3)    466  : 0.9820 0.0000 0.0000 0.0000 0.0000 0.0010 0.0020 0.0000 0.0150 0.0000
467      467   (2)    467  : 0.7940 0.0000 0.0000 0.0000 0.0000 0.0820 0.1240 0.0000 0.0000 0.0000
468      468   (2)    468  : 0.7150 0.0000 0.0000 0.0000 0.0620 0.0010 0.1790 0.0000 0.0430 0.0000
469      469   (5)    469  : 0.5730 0.0000 0.0000 0.0000 0.2480 0.0000 0.1380 0.0000 0.0400 0.0010
470      470   (2)    470  : 0.9399 0.0000 0.0000 0.0000 0.0000 0.0160 0.0000 0.0000 0.0440 0.0000
471      471  (10)    471  : 0.4735 0.0000 0.0000 0.0000 0.2983 0.0000 0.1902 0.0000 0.0380 0.0000
472      472   (1)    472  : 0.7848 0.0000 0.0000 0.0000 0.0000 0.0000 0.2152 0.0000 0.0000 0.0000
473      473   (4)    473  : 0.8108 0.0000 0.0000 0.0000 0.1231 0.0000 0.0661 0.0000 0.0000 0.0000
474      474   (5)    474  : 0.5090 0.0000 0.0000 0.0000 0.1740 0.1040 0.1690 0.0000 0.0440 0.0000
475      475   (1)    475  : 0.5190 0.0000 0.0000 0.0000 0.1710 0.1390 0.1710 0.0000 0.0000 0.0000
476      476   (8)    476  : 0.7247 0.0000 0.0000 0.0000 0.1171 0.0000 0.1582 0.0000 0.0000 0.0000
477      477   (1)    477  : 0.4224 0.0000 0.0000 0.0010 0.3063 0.0871 0.1211 0.0000 0.0621 0.0000
478      478   (1)    478  : 0.6050 0.0000 0.0000 0.0040 0.1990 0.0000 0.1910 0.0000 0.0000 0.0010
479      479   (2)    479  : 0.8400 0.0000 0.0000 0.0000 0.0300 0.0740 0.0400 0.0000 0.0160 0.0000
480      480   (4)    480  : 0.0010 0.0000 0.0000 0.0220 0.7403 0.2368 0.0000 0.0000 0.0000 0.0000
481      481   (2)    481  : 0.5180 0.0000 0.0000 0.0000 0.1550 0.0130 0.3120 0.0000 0.0020 0.0000
482      482   (1)    482  : 0.6460 0.0000 0.0000 0.0000 0.3070 0.0000 0.0470 0.0000 0.0000 0.0000
483      483   (1)    483  : 0.2870 0.0000 0.0000 0.0000 0.5540 0.1420 0.0170 0.0000 0.0000 0.0000
484      484   (2)    484  : 0.2530 0.0000 0.0000 0.0000 0.6270 0.0980 0.0000 0.0000 0.0220 0.0000
485      485   (3)    485  : 0.8350 0.0000 0.0000 0.0000 0.0880 0.0000 0.0770 0.0000 0.0000 0.0000
486      486   (2)    486  : 0.1818 0.0000 0.0000 0.0000 0.6943 0.1239 0.0000 0.0000 0.0000 0.0000
487      487   (7)    487  : 0.1920 0.0000 0.0000 0.0000 0.6130 0.1910 0.0040 0.0000 0.0000 0.0000
488      488   (0)    488  : 0.7562 0.0000 0.0000 0.0000 0.0000 0.1608 0.0829 0.0000 0.0000 0.0000
489      489   (0)    489  : 0.6326 0.0000 0.0000 0.0000 0.0000 0.0320 0.3353 0.0000 0.0000 0.0000
490      490   (1)    490  : 0.4580 0.0000 0.0000 0.0000 0.3500 0.1050 0.0870 0.0000 0.0000 0.0000
491      491   (4)    491  : 0.3493 0.0000 0.0010 0.0100 0.2923 0.1972 0.1502 0.0000 0.0000 0.0000
492      492   (1)    492  : 0.3610 0.0000 0.0000 0.0000 0.5200 0.1190 0.0000 0.0000 0.0000 0.0000
493      493   (0)    493  : 0.3370 0.0000 0.0000 0.0000 0.5160 0.1470 0.0000 0.0000 0.0000 0.0000
494      494  (10)    494  : 0.7200 0.0000 0.0000 0.0000 0.0010 0.1140 0.1650 0.0000 0.0000 0.0000
495      495   (4)    495  : 0.4650 0.0000 0.0000 0.0000 0.3720 0.0480 0.1120 0.0030 0.0000 0.0000
496      496   (4)    496  : 0.8340 0.0000 0.0000 0.0000 0.0360 0.0710 0.0000 0.0000 0.0590 0.0000
497      497   (7)    497  : 0.7640 0.0000 0.0000 0.0000 0.0000 0.0000 0.2360 0.0000 0.0000 0.0000
498      498   (0)    498  : 0.7690 0.0000 0.0000 0.0000 0.0000 0.0000 0.2310 0.0000 0.0000 0.0000
499      499   (0)    499  : 0.0941 0.0000 0.0000 0.0000 0.6126 0.0000 0.0000 0.0000 0.2933 0.0000
500      500   (7)    500  : 0.1420 0.0000 0.0000 0.0270 0.3940 0.0840 0.0010 0.0000 0.3520 0.0000
501      501   (2)    501  : 0.4865 0.0000 0.0000 0.0000 0.0000 0.0529 0.4605 0.0000 0.0000 0.0000
502      502   (7)    502  : 0.3470 0.0000 0.0000 0.0000 0.0450 0.2480 0.2560 0.0000 0.1040 0.0000
503      503   (5)    503  : 0.1461 0.0000 0.0000 0.0000 0.0000 0.0000 0.8539 0.0000 0.0000 0.0000
504      504   (7)    504  : 0.0921 0.0000 0.0000 0.0000 0.6176 0.0000 0.0040 0.0000 0.2863 0.0000
505      505  (10)    505  : 0.3824 0.0000 0.0000 0.0020 0.0460 0.1982 0.2603 0.0030 0.1041 0.0040
506      506   (3)    506  : 0.3400 0.0000 0.0000 0.0000 0.1710 0.0000 0.4890 0.0000 0.0000 0.0000
507      507   (8)    507  : 0.3140 0.0000 0.0000 0.0000 0.2930 0.0000 0.3930 0.0000 0.0000 0.0000
508      508   (9)    508  : 0.4290 0.0000 0.0000 0.0000 0.2470 0.0000 0.3240 0.0000 0.0000 0.0000
509      509   (3)    509  : 0.3433 0.0000 0.0000 0.0000 0.2492 0.0000 0.4074 0.0000 0.0000 0.0000
510      510   (1)    510  : 0.6660 0.0000 0.0000 0.0000 0.0470 0.1050 0.1820 0.0000 0.0000 0.0000
511      511   (0)    511  : 0.6680 0.0000 0.0000 0.0000 0.2180 0.0000 0.1140 0.0000 0.0000 0.0000
512      512   (0)    512  : 0.8250 0.0000 0.0000 0.0000 0.0000 0.1310 0.0440 0.0000 0.0000 0.0000
513      513   (0)    513  : 0.6490 0.0000 0.0000 0.0000 0.0000 0.1020 0.2490 0.0000 0.0000 0.0000
514      514   (0)    514  : 0.7528 0.0000 0.0000 0.0000 0.0000 0.0941 0.1532 0.0000 0.0000 0.0000
515      515   (0)    515  : 0.7100 0.0000 0.0000 0.0000 0.0000 0.0840 0.2050 0.0010 0.0000 0.0000
516      516   (0)    516  : 0.5610 0.0000 0.0020 0.0010 0.0890 0.0910 0.2560 0.0000 0.0000 0.0000
517      517   (0)    517  : 0.7500 0.0000 0.0000 0.0000 0.0000 0.1590 0.0910 0.0000 0.0000 0.0000
518      518   (0)    518  : 0.6620 0.0000 0.0000 0.0000 0.2160 0.0000 0.1220 0.0000 0.0000 0.0000
519      519   (0)    519  : 0.4785 0.0000 0.0030 0.0000 0.2412 0.0621 0.2152 0.0000 0.0000 0.0000
520      520   (0)    520  : 0.5960 0.0000 0.0000 0.0000 0.0260 0.0800 0.2810 0.0010 0.0140 0.0020
521      521   (0)    521  : 0.4200 0.0000 0.0060 0.0000 0.3100 0.0500 0.2140 0.0000 0.0000 0.0000
522      522   (0)    522  : 0.6100 0.0000 0.0080 0.0000 0.1580 0.0450 0.1630 0.0000 0.0160 0.0000
523      523   (0)    523  : 0.3163 0.0000 0.0000 0.0000 0.2763 0.0230 0.3844 0.0000 0.0000 0.0000
524      524   (0)    524  : 0.7900 0.0000 0.0000 0.0000 0.0490 0.0000 0.1590 0.0000 0.0020 0.0000
525      525   (0)    525  : 0.4635 0.0000 0.0000 0.0000 0.0480 0.0000 0.4885 0.0000 0.0000 0.0000
526      526   (0)    526  : 0.9240 0.0000 0.0000 0.0000 0.0040 0.0000 0.0720 0.0000 0.0000 0.0000
527      527   (0)    527  : 0.6110 0.0000 0.0000 0.0000 0.0000 0.0910 0.2980 0.0000 0.0000 0.0000
528      528   (0)    528  : 0.8110 0.0000 0.0000 0.0000 0.0430 0.0000 0.1460 0.0000 0.0000 0.0000
529      529   (0)    529  : 0.7180 0.0000 0.0000 0.0000 0.0000 0.0000 0.2640 0.0000 0.0180 0.0000
530      530   (0)    530  : 0.5040 0.0000 0.0000 0.0000 0.0980 0.0000 0.1840 0.0000 0.2140 0.0000
531      531   (0)    531  : 0.7650 0.0000 0.0000 0.0000 0.0130 0.0010 0.1330 0.0000 0.0880 0.0000
532      532   (0)    532  : 0.6104 0.0000 0.0000 0.0000 0.0400 0.0010 0.3007 0.0000 0.0480 0.0000
533      533   (0)    533  : 0.5956 0.0000 0.0000 0.0000 0.0731 0.0350 0.2963 0.0000 0.0000 0.0000
534      534   (0)    534  : 0.1380 0.0000 0.0000 0.0230 0.6250 0.2040 0.0010 0.0000 0.0090 0.0000
535      535   (0)    535  : 0.7890 0.0000 0.0000 0.0000 0.0000 0.0400 0.1620 0.0000 0.0090 0.0000
536      536   (0)    536  : 1.0000 0.0000 0.0000 0.0000 0.0000 0.0000 0.0000 0.0000 0.0000 0.0000
537      537   (0)    537  : 0.1110 0.0000 0.0000 0.0000 0.0620 0.0000 0.8270 0.0000 0.0000 0.0000
538      538   (0)    538  : 0.9490 0.0000 0.0000 0.0000 0.0000 0.0000 0.0510 0.0000 0.0000 0.0000
539      539   (0)    539  : 0.9510 0.0000 0.0000 0.0000 0.0000 0.0070 0.0420 0.0000 0.0000 0.0000
540      540  (43)    540  : 0.7610 0.0000 0.0000 0.0000 0.0000 0.0000 0.2390 0.0000 0.0000 0.0000
541      541   (0)    541  : 0.8300 0.0000 0.0000 0.0000 0.0060 0.0000 0.1640 0.0000 0.0000 0.0000
542      542  (12)    542  : 0.8560 0.0000 0.0000 0.0000 0.0170 0.0000 0.1270 0.0000 0.0000 0.0000
543      543   (0)    543  : 0.5480 0.0000 0.0000 0.0000 0.0000 0.0010 0.4510 0.0000 0.0000 0.0000
544      544   (0)    544  : 0.6920 0.0000 0.0000 0.0000 0.0000 0.0000 0.3080 0.0000 0.0000 0.0000
545      545   (0)    545  : 0.6166 0.0000 0.0000 0.0000 0.0000 0.0000 0.3834 0.0000 0.0000 0.0000
546      546   (0)    546  : 0.6320 0.0000 0.0000 0.0000 0.0000 0.0000 0.3680 0.0000 0.0000 0.0000
547      547   (0)    547  : 0.0000 0.0000 0.0000 0.0520 0.0230 0.0160 0.0010 0.0000 0.0170 0.8910
548      548   (0)    548  : 0.0000 0.0030 0.9510 0.0230 0.0000 0.0000 0.0000 0.0000 0.0000 0.0230
549      549   (0)    549  : 0.0010 0.0000 0.0000 0.1460 0.0520 0.3950 0.0000 0.0000 0.0000 0.4060
550      550   (0)    550  : 0.0000 0.0000 0.0050 0.3003 0.0531 0.0000 0.0180 0.0000 0.0811 0.5425
551      551   (0)    551  : 0.0000 0.0000 0.0000 0.0010 0.0000 0.0000 0.0000 0.0000 0.0500 0.9490
552      552   (0)    552  : 0.0000 0.0000 0.5150 0.1910 0.0000 0.0010 0.0000 0.0000 0.0000 0.2930
553      553   (0)    553  : 0.0000 0.0000 0.0000 1.0000 0.0000 0.0000 0.0000 0.0000 0.0000 0.0000
554      554   (0)    554  : 0.0000 0.0000 0.0000 0.9130 0.0000 0.0000 0.0000 0.0000 0.0000 0.0870
555      555   (0)    555  : 0.0000 0.0000 1.0000 0.0000 0.0000 0.0000 0.0000 0.0000 0.0000 0.0000
556      556   (0)    556  : 0.0000 0.0000 1.0000 0.0000 0.0000 0.0000 0.0000 0.0000 0.0000 0.0000
557      557   (0)    557  : 0.0000 0.0000 1.0000 0.0000 0.0000 0.0000 0.0000 0.0000 0.0000 0.0000
558      558   (0)    558  : 0.0000 0.0000 0.9790 0.0200 0.0000 0.0000 0.0000 0.0000 0.0010 0.0000
559      559   (0)    559  : 0.0000 0.0000 1.0000 0.0000 0.0000 0.0000 0.0000 0.0000 0.0000 0.0000
560      560   (0)    560  : 0.1179 0.0260 0.4795 0.0000 0.0659 0.0849 0.0000 0.0160 0.2098 0.0000
561      561   (0)    561  : 0.0000 0.0000 0.2994 0.1647 0.0749 0.0349 0.3293 0.0000 0.0719 0.0250
562      562   (0)    562  : 0.0000 0.0020 0.0000 0.1860 0.0000 0.0000 0.0000 0.0010 0.0000 0.8110
563      563   (0)    563  : 0.0000 1.0000 0.0000 0.0000 0.0000 0.0000 0.0000 0.0000 0.0000 0.0000
564      564   (0)    564  : 0.1219 0.0160 0.0060 0.0569 0.0000 0.0430 0.0569 0.0500 0.0490 0.6004
565      565   (0)    565  : 0.0000 0.3000 0.0000 0.0000 0.0000 0.0000 0.0000 0.7000 0.0000 0.0000
566      566   (0)    566  : 0.0000 0.2760 0.0000 0.0000 0.0000 0.0000 0.0000 0.7240 0.0000 0.0000
567      567   (1)    567  : 0.0000 0.0000 0.0000 0.0000 0.0000 0.0000 0.0000 1.0000 0.0000 0.0000
568      568   (0)    568  : 0.0000 0.0100 0.9249 0.0000 0.0000 0.0000 0.0160 0.0220 0.0270 0.0000
569      569   (0)    569  : 0.0000 0.0000 0.0000 1.0000 0.0000 0.0000 0.0000 0.0000 0.0000 0.0000
570      570   (0)    570  : 0.0000 0.9730 0.0110 0.0000 0.0000 0.0000 0.0000 0.0160 0.0000 0.0000
571      571   (0)    571  : 0.0000 1.0000 0.0000 0.0000 0.0000 0.0000 0.0000 0.0000 0.0000 0.0000
572      572   (0)    572  : 0.0000 0.0000 0.0000 0.0010 0.0360 0.0380 0.0000 0.0000 0.0280 0.8970
573      573   (0)    573  : 0.0300 0.0000 0.0000 0.0550 0.0030 0.0510 0.0000 0.0000 0.0340 0.8270
574      574   (0)    574  : 0.0000 0.0000 1.0000 0.0000 0.0000 0.0000 0.0000 0.0000 0.0000 0.0000
575      575   (0)    575  : 0.0000 0.0020 0.9980 0.0000 0.0000 0.0000 0.0000 0.0000 0.0000 0.0000
576      576   (0)    576  : 0.0000 0.0000 0.0000 1.0000 0.0000 0.0000 0.0000 0.0000 0.0000 0.0000
577      577   (0)    577  : 0.0000 0.0000 0.0440 0.7157 0.0020 0.0000 0.0140 0.0000 0.0000 0.2242
578      578   (0)    578  : 0.0010 0.0000 0.0000 0.1249 0.0589 0.0010 0.0050 0.0000 0.0410 0.7682
579      579   (0)    579  : 0.0020 0.0000 0.0450 0.4494 0.1341 0.0000 0.0631 0.0000 0.0871 0.2192
580      580   (0)    580  : 0.0350 0.0000 0.1678 0.7493 0.0010 0.0000 0.0000 0.0000 0.0010 0.0460
581      581   (0)    581  : 0.0480 0.0000 0.3564 0.3383 0.0280 0.0010 0.0360 0.0000 0.1922 0.0000
582      582   (0)    582  : 0.0000 0.9680 0.0040 0.0000 0.0000 0.0000 0.0000 0.0280 0.0000 0.0000
583      583   (0)    583  : 0.0000 0.9600 0.0000 0.0000 0.0000 0.0000 0.0000 0.0400 0.0000 0.0000
584      584   (0)    584  : 0.1190 0.1810 0.0460 0.2400 0.0000 0.0850 0.0000 0.0020 0.0040 0.3230
585      585   (0)    585  : 0.0000 0.9950 0.0000 0.0000 0.0000 0.0000 0.0000 0.0050 0.0000 0.0000
586      586   (0)    586  : 0.0000 0.0000 0.0220 0.4380 0.0970 0.0000 0.0080 0.0000 0.1560 0.2790
587      587   (0)    587  : 0.0000 0.9660 0.0010 0.0000 0.0000 0.0000 0.0000 0.0330 0.0000 0.0000
588      588   (0)    588  : 0.0000 0.9340 0.0000 0.0000 0.0000 0.0000 0.0000 0.0660 0.0000 0.0000
589      589   (0)    589  : 0.0000 1.0000 0.0000 0.0000 0.0000 0.0000 0.0000 0.0000 0.0000 0.0000
590      590   (0)    590  : 0.0000 0.0000 0.0000 1.0000 0.0000 0.0000 0.0000 0.0000 0.0000 0.0000
591      591   (0)    591  : 0.0020 0.2603 0.0000 0.1071 0.0330 0.0030 0.0511 0.1121 0.0781 0.3534
592      592   (0)    592  : 0.0000 0.8670 0.1330 0.0000 0.0000 0.0000 0.0000 0.0000 0.0000 0.0000
593      593   (0)    593  : 0.0290 0.8188 0.0571 0.0000 0.0340 0.0000 0.0000 0.0551 0.0000 0.0060
594      594   (0)    594  : 0.0000 0.0000 1.0000 0.0000 0.0000 0.0000 0.0000 0.0000 0.0000 0.0000
595      595   (0)    595  : 0.0000 0.0000 0.0000 0.3320 0.0000 0.0000 0.0000 0.0000 0.0000 0.6680
596      596   (0)    596  : 0.0000 0.0130 0.2170 0.5740 0.0460 0.0000 0.0000 0.0270 0.0000 0.1230
597      597   (0)    597  : 0.0000 0.6110 0.0000 0.0640 0.0000 0.0000 0.0000 0.0290 0.0000 0.2960
598      598   (0)    598  : 0.0000 1.0000 0.0000 0.0000 0.0000 0.0000 0.0000 0.0000 0.0000 0.0000
599      599   (0)    599  : 0.0000 0.9680 0.0210 0.0000 0.0000 0.0000 0.0000 0.0040 0.0000 0.0070
600      600   (0)    600  : 0.0000 0.9970 0.0000 0.0000 0.0000 0.0000 0.0000 0.0030 0.0000 0.0000
601      601   (0)    601  : 0.0000 0.9720 0.0000 0.0000 0.0000 0.0000 0.0000 0.0280 0.0000 0.0000
602      602   (0)    602  : 0.0000 0.9740 0.0050 0.0020 0.0040 0.0000 0.0000 0.0100 0.0050 0.0000
603      603   (0)    603  : 0.0000 0.9260 0.0170 0.0000 0.0000 0.0000 0.0010 0.0280 0.0280 0.0000
604      604   (0)    604  : 0.0000 0.9510 0.0000 0.0000 0.0120 0.0180 0.0010 0.0180 0.0000 0.0000
605      605   (0)    605  : 0.0000 1.0000 0.0000 0.0000 0.0000 0.0000 0.0000 0.0000 0.0000 0.0000
606      606   (0)    606  : 0.0000 0.9900 0.0010 0.0000 0.0000 0.0000 0.0000 0.0090 0.0000 0.0000
607      607   (0)    607  : 0.0000 1.0000 0.0000 0.0000 0.0000 0.0000 0.0000 0.0000 0.0000 0.0000
608      608   (0)    608  : 0.0000 0.9770 0.0020 0.0000 0.0000 0.0000 0.0000 0.0210 0.0000 0.0000
609      609   (0)    609  : 0.0080 0.9850 0.0010 0.0000 0.0000 0.0000 0.0000 0.0060 0.0000 0.0000
610      610   (0)    610  : 0.0000 1.0000 0.0000 0.0000 0.0000 0.0000 0.0000 0.0000 0.0000 0.0000
611      611   (0)    611  : 0.0519 0.8741 0.0050 0.0000 0.0020 0.0000 0.0230 0.0310 0.0000 0.0130
612      612   (0)    612  : 0.0000 0.9540 0.0250 0.0000 0.0000 0.0000 0.0000 0.0110 0.0100 0.0000
613      613   (0)    613  : 0.0000 1.0000 0.0000 0.0000 0.0000 0.0000 0.0000 0.0000 0.0000 0.0000
614      614   (0)    614  : 0.0610 0.4970 0.0000 0.0000 0.0430 0.0910 0.0290 0.0130 0.2660 0.0000
615      615   (0)    615  : 0.0000 0.9970 0.0000 0.0000 0.0000 0.0000 0.0000 0.0000 0.0000 0.0030
616      616   (0)    616  : 0.0000 0.9920 0.0000 0.0000 0.0000 0.0000 0.0000 0.0080 0.0000 0.0000
617      617   (0)    617  : 0.0010 0.9360 0.0120 0.0130 0.0000 0.0020 0.0000 0.0260 0.0090 0.0010
618      618   (0)    618  : 0.0000 1.0000 0.0000 0.0000 0.0000 0.0000 0.0000 0.0000 0.0000 0.0000
619      619   (0)    619  : 0.0000 0.4805 0.1802 0.0971 0.0000 0.0000 0.0000 0.0140 0.0000 0.2282
620      620   (0)    620  : 0.0020 0.9560 0.0230 0.0030 0.0000 0.0000 0.0000 0.0140 0.0010 0.0010
621      621   (0)    621  : 0.1960 0.4350 0.0000 0.0010 0.0000 0.0010 0.0520 0.0340 0.0000 0.2810
622      622   (0)    622  : 0.0561 0.0270 0.2222 0.0841 0.0000 0.0260 0.3544 0.0190 0.0040 0.2072
623      623   (0)    623  : 0.0000 0.0000 1.0000 0.0000 0.0000 0.0000 0.0000 0.0000 0.0000 0.0000
624      624   (0)    624  : 0.0000 0.9830 0.0000 0.0000 0.0000 0.0000 0.0000 0.0170 0.0000 0.0000
625      625   (0)    625  : 0.0000 0.9990 0.0000 0.0000 0.0000 0.0000 0.0000 0.0010 0.0000 0.0000
626      626   (0)    626  : 0.0000 0.9910 0.0090 0.0000 0.0000 0.0000 0.0000 0.0000 0.0000 0.0000
627      627   (0)    627  : 0.0000 0.9920 0.0080 0.0000 0.0000 0.0000 0.0000 0.0000 0.0000 0.0000
628      628   (0)    628  : 0.0000 0.9830 0.0150 0.0000 0.0000 0.0000 0.0000 0.0020 0.0000 0.0000
629      629   (0)    629  : 0.0000 0.9660 0.0170 0.0000 0.0000 0.0000 0.0000 0.0170 0.0000 0.0000
630      630   (0)    630  : 0.0000 0.9950 0.0050 0.0000 0.0000 0.0000 0.0000 0.0000 0.0000 0.0000
631      631   (0)    631  : 0.0010 0.0000 0.4980 0.2930 0.0050 0.0000 0.0000 0.0000 0.0080 0.1950
632      632   (0)    632  : 0.0000 0.0150 0.9380 0.0250 0.0000 0.0000 0.0000 0.0220 0.0000 0.0000
633      633   (0)    633  : 0.0000 0.0340 0.8839 0.0310 0.0000 0.0000 0.0010 0.0501 0.0000 0.0000
634      634   (0)    634  : 0.0000 0.1160 0.8830 0.0000 0.0000 0.0000 0.0000 0.0010 0.0000 0.0000
635      635   (0)    635  : 0.0010 0.0600 0.9200 0.0000 0.0000 0.0040 0.0000 0.0150 0.0000 0.0000
636      636   (0)    636  : 0.0000 0.0000 0.2452 0.0000 0.0000 0.0000 0.0000 0.7327 0.0000 0.0220
637      637   (0)    637  : 0.0000 0.0000 0.9830 0.0000 0.0000 0.0000 0.0020 0.0000 0.0010 0.0140
638      638   (0)    638  : 0.0000 0.0000 0.8888 0.1112 0.0000 0.0000 0.0000 0.0000 0.0000 0.0000
639      639   (0)    639  : 0.0000 0.0000 0.1480 0.0000 0.0000 0.0000 0.0000 0.8520 0.0000 0.0000
640      640   (0)    640  : 0.0000 0.0000 0.1640 0.0000 0.0000 0.0000 0.0000 0.8360 0.0000 0.0000
641      641   (0)    641  : 0.0000 0.0000 0.1992 0.0000 0.0000 0.0000 0.0000 0.8008 0.0000 0.0000
642      642   (0)    642  : 0.0000 0.0050 0.1862 0.0000 0.0000 0.0000 0.0000 0.8048 0.0000 0.0040
643      643   (0)    643  : 0.0000 0.0000 0.2112 0.0000 0.0000 0.0000 0.0000 0.7888 0.0000 0.0000
644      644   (0)    644  : 0.0000 0.0000 0.5810 0.0060 0.0000 0.0000 0.0000 0.4130 0.0000 0.0000
645      645   (0)    645  : 0.0000 0.4170 0.0000 0.1090 0.0000 0.0000 0.0000 0.0000 0.0000 0.4740
646      646   (0)    646  : 0.0020 0.4810 0.0000 0.0010 0.2695 0.0689 0.0030 0.0010 0.1707 0.0030
647      647   (0)    647  : 0.0000 0.9910 0.0000 0.0000 0.0000 0.0000 0.0000 0.0080 0.0000 0.0010
648      648   (0)    648  : 0.0000 0.9410 0.0000 0.0000 0.0000 0.0000 0.0000 0.0590 0.0000 0.0000
649      649   (0)    649  : 0.0000 0.9670 0.0000 0.0000 0.0000 0.0000 0.0000 0.0330 0.0000 0.0000
650      650   (0)    650  : 0.0000 0.9630 0.0000 0.0000 0.0000 0.0000 0.0000 0.0370 0.0000 0.0000
651      651   (0)    651  : 0.0010 0.9510 0.0000 0.0010 0.0020 0.0040 0.0010 0.0380 0.0000 0.0020
652      652   (0)    652  : 0.0000 0.0000 1.0000 0.0000 0.0000 0.0000 0.0000 0.0000 0.0000 0.0000
653      653   (0)    653  : 0.0000 0.9590 0.0000 0.0090 0.0000 0.0000 0.0000 0.0320 0.0000 0.0000
654      654   (0)    654  : 0.0000 0.0000 0.0000 1.0000 0.0000 0.0000 0.0000 0.0000 0.0000 0.0000
655      655   (0)    655  : 0.0000 0.0000 0.0000 1.0000 0.0000 0.0000 0.0000 0.0000 0.0000 0.0000
656      656   (0)    656  : 0.0000 0.4030 0.0000 0.1350 0.0000 0.0000 0.0000 0.0000 0.0000 0.4620
657      657   (0)    657  : 0.0000 0.8288 0.0330 0.0010 0.0000 0.0010 0.0400 0.0741 0.0190 0.0030
658      658   (0)    658  : 0.0170 0.8010 0.0520 0.0200 0.0450 0.0010 0.0090 0.0360 0.0190 0.0000
659      659   (0)    659  : 0.0390 0.6104 0.0400 0.0070 0.0909 0.0310 0.0190 0.0470 0.1159 0.0000
660      660   (0)    660  : 0.0000 0.8070 0.0290 0.0000 0.0340 0.0260 0.0010 0.0510 0.0520 0.0000
661      661   (0)    661  : 0.0400 0.7540 0.0450 0.0250 0.0010 0.0400 0.0040 0.0570 0.0140 0.0200
662      662   (0)    662  : 0.0000 0.7390 0.0350 0.0000 0.0650 0.0000 0.0370 0.0540 0.0700 0.0000
663      663   (0)    663  : 0.0160 0.8350 0.0250 0.0000 0.0000 0.0000 0.0210 0.0720 0.0300 0.0010
664      664   (0)    664  : 0.0010 0.5280 0.0410 0.0000 0.1080 0.0660 0.0500 0.0110 0.1800 0.0150
665      665   (0)    665  : 0.0010 0.0000 0.9259 0.0010 0.0150 0.0000 0.0010 0.0000 0.0000 0.0561
666      666   (0)    666  : 0.0000 0.0000 0.0000 0.0560 0.0000 0.0000 0.0000 0.0000 0.0000 0.9440
667      667   (0)    667  : 0.0310 0.0050 0.0270 0.4066 0.0070 0.0000 0.0000 0.0270 0.0170 0.4795
668      668   (0)    668  : 0.0010 0.0000 0.0300 0.3227 0.0020 0.0010 0.0000 0.0120 0.0649 0.5664
669      669   (0)    669  : 0.0010 0.0000 0.0190 0.2737 0.0000 0.0380 0.0000 0.0280 0.0420 0.5984
670      670   (0)    670  : 0.0000 0.0000 0.0000 0.0000 0.0020 0.0030 0.0000 0.0000 0.0270 0.9680
671      671   (0)    671  : 0.0000 0.0000 0.0000 0.0490 0.1620 0.0720 0.0270 0.0000 0.3440 0.3460
672      672   (0)    672  : 0.0350 0.0000 0.0000 0.0280 0.1159 0.0010 0.0150 0.0000 0.2018 0.6034
673      673   (0)    673  : 0.0000 0.0030 0.0351 0.4008 0.0110 0.0000 0.0000 0.0000 0.0010 0.5491
674      674   (0)    674  : 0.0000 0.0000 0.0190 0.2710 0.0000 0.0000 0.0240 0.0000 0.1500 0.5360
675      675   (0)    675  : 0.0000 0.0000 0.0000 0.0000 0.0370 0.0000 0.0000 0.0000 0.0000 0.9630
676      676   (0)    676  : 0.0000 0.0000 0.0000 0.0000 0.0000 0.0000 0.0000 0.0000 0.0090 0.9910
677      677   (0)    677  : 0.0000 0.0000 0.4925 0.0070 0.0000 0.0000 0.0000 0.0000 0.0531 0.4474
678      678   (0)    678  : 0.0000 0.0000 0.0000 0.0000 0.0000 0.0000 0.0000 0.0000 0.0260 0.9740
679      679   (0)    679  : 0.0000 0.0000 0.0000 0.3260 0.0000 0.0000 0.0000 0.0000 0.0000 0.6740
680      680   (0)    680  : 0.0000 0.0000 0.0000 1.0000 0.0000 0.0000 0.0000 0.0000 0.0000 0.0000
681      681   (0)    681  : 0.0000 0.0000 0.0230 0.3840 0.0160 0.0000 0.0000 0.0060 0.0010 0.5700
682      682   (0)    682  : 0.0000 0.4449 0.0000 0.2124 0.0000 0.0000 0.0000 0.0000 0.0000 0.3427
683      683   (0)    683  : 0.0000 0.0000 0.0271 0.3226 0.0030 0.0170 0.0000 0.0311 0.0711 0.5281
684      684   (0)    684  : 0.0000 0.0000 1.0000 0.0000 0.0000 0.0000 0.0000 0.0000 0.0000 0.0000
685      685   (0)    685  : 0.0000 0.0000 0.0000 0.0000 0.0000 0.0000 0.0000 0.0000 0.0010 0.9990
686      686   (0)    686  : 0.0000 0.0000 1.0000 0.0000 0.0000 0.0000 0.0000 0.0000 0.0000 0.0000
687      687   (0)    687  : 0.0000 0.0000 0.5700 0.4060 0.0000 0.0000 0.0000 0.0000 0.0000 0.0240
688      688   (0)    688  : 0.0000 0.8729 0.1271 0.0000 0.0000 0.0000 0.0000 0.0000 0.0000 0.0000
689      689   (0)    689  : 0.0000 0.0040 0.4835 0.0000 0.0000 0.0000 0.0000 0.3554 0.0190 0.1381
690      690   (0)    690  : 0.0000 0.9000 0.0000 0.0280 0.0000 0.0000 0.0000 0.0000 0.0000 0.0720
691      691   (0)    691  : 0.0000 0.0090 0.0050 0.8330 0.0000 0.0000 0.0000 0.0080 0.0000 0.1450
692      692   (0)    692  : 0.0270 0.0000 0.0000 0.0841 0.1431 0.0010 0.0811 0.0000 0.3223 0.3413
693      693   (0)    693  : 0.0000 0.9270 0.0000 0.0170 0.0000 0.0000 0.0000 0.0000 0.0000 0.0560
694      694   (0)    694  : 0.0000 0.9119 0.0000 0.0200 0.0000 0.0000 0.0000 0.0000 0.0000 0.0681
695      695   (0)    695  : 0.0000 0.9290 0.0000 0.0130 0.0000 0.0000 0.0000 0.0000 0.0000 0.0580
696      696   (0)    696  : 0.0100 0.0040 0.0180 0.3844 0.0180 0.0000 0.0000 0.0080 0.0260 0.5315
697      697   (0)    697  : 0.0220 0.0070 0.0251 0.4118 0.0190 0.0000 0.0010 0.0100 0.0000 0.5040
698      698   (0)    698  : 0.0000 0.0000 1.0000 0.0000 0.0000 0.0000 0.0000 0.0000 0.0000 0.0000
699      699   (0)    699  : 0.0000 0.0000 0.0000 0.1692 0.0821 0.0010 0.0591 0.0000 0.0831 0.6056
700      700   (0)    700  : 0.0000 0.9890 0.0000 0.0000 0.0000 0.0000 0.0000 0.0110 0.0000 0.0000
701      701   (0)    701  : 0.0120 0.3727 0.5411 0.0010 0.0210 0.0000 0.0000 0.0000 0.0361 0.0160
702      702   (0)    702  : 0.0000 0.9670 0.0160 0.0000 0.0000 0.0000 0.0000 0.0170 0.0000 0.0000
703      703   (0)    703  : 0.0040 0.0000 0.9080 0.0160 0.0000 0.0000 0.0010 0.0000 0.0340 0.0370
704      704   (0)    704  : 0.0000 0.9880 0.0050 0.0000 0.0000 0.0000 0.0000 0.0070 0.0000 0.0000
705      705   (0)    705  : 0.0000 0.9040 0.0000 0.0200 0.0000 0.0000 0.0000 0.0010 0.0000 0.0750
706      706   (0)    706  : 0.0000 0.0000 0.0660 0.9340 0.0000 0.0000 0.0000 0.0000 0.0000 0.0000
707      707   (0)    707  : 0.0000 0.3910 0.0000 0.0010 0.0000 0.0000 0.0000 0.0000 0.0000 0.6080
708      708   (0)    708  : 0.0000 1.0000 0.0000 0.0000 0.0000 0.0000 0.0000 0.0000 0.0000 0.0000
709      709   (0)    709  : 0.0000 0.0000 1.0000 0.0000 0.0000 0.0000 0.0000 0.0000 0.0000 0.0000
710      710   (0)    710  : 0.0000 0.0000 0.8939 0.0000 0.0060 0.0000 0.0000 0.0000 0.0340 0.0661
711      711   (0)    711  : 0.0000 0.0000 0.0000 1.0000 0.0000 0.0000 0.0000 0.0000 0.0000 0.0000
712      712   (0)    712  : 0.0070 0.0000 0.9930 0.0000 0.0000 0.0000 0.0000 0.0000 0.0000 0.0000
713      713   (0)    713  : 0.0000 0.0000 0.0501 0.4364 0.0701 0.0140 0.0430 0.0000 0.1341 0.2523
714      714   (0)    714  : 0.0000 0.1351 0.0000 0.1161 0.0000 0.0080 0.0000 0.2482 0.0190 0.4735
715      715   (0)    715  : 0.0000 1.0000 0.0000 0.0000 0.0000 0.0000 0.0000 0.0000 0.0000 0.0000
716      716   (0)    716  : 0.0000 0.0000 0.0000 1.0000 0.0000 0.0000 0.0000 0.0000 0.0000 0.0000
717      717   (0)    717  : 0.0000 0.8700 0.1300 0.0000 0.0000 0.0000 0.0000 0.0000 0.0000 0.0000
718      718   (0)    718  : 0.0000 0.0000 0.0611 0.2563 0.1652 0.0000 0.0200 0.0000 0.1792 0.3183
719      719   (0)    719  : 0.0130 0.8690 0.0190 0.0060 0.0110 0.0000 0.0000 0.0640 0.0010 0.0170
720      720   (0)    720  : 0.0000 1.0000 0.0000 0.0000 0.0000 0.0000 0.0000 0.0000 0.0000 0.0000
721      721   (0)    721  : 0.0000 0.9600 0.0200 0.0000 0.0000 0.0000 0.0000 0.0200 0.0000 0.0000
722      722   (1)    722  : 0.0000 0.0020 0.0000 0.0000 0.0000 0.0000 0.0000 0.9980 0.0000 0.0000
723      723   (0)    723  : 0.0000 0.9580 0.0050 0.0000 0.0000 0.0000 0.0000 0.0370 0.0000 0.0000
724      724   (0)    724  : 0.0000 1.0000 0.0000 0.0000 0.0000 0.0000 0.0000 0.0000 0.0000 0.0000
725      725   (0)    725  : 0.0000 0.9490 0.0000 0.0000 0.0000 0.0000 0.0000 0.0220 0.0290 0.0000
726      726   (0)    726  : 0.0020 0.8689 0.0310 0.0240 0.0000 0.0110 0.0000 0.0621 0.0000 0.0010
727      727   (0)    727  : 0.0000 0.9780 0.0000 0.0000 0.0030 0.0000 0.0020 0.0170 0.0000 0.0000
728      728   (0)    728  : 0.0000 0.1690 0.0000 0.2550 0.0000 0.0000 0.0000 0.0000 0.0000 0.5760
729      729   (0)    729  : 0.0000 0.9540 0.0460 0.0000 0.0000 0.0000 0.0000 0.0000 0.0000 0.0000
730      730   (0)    730  : 0.0000 0.9440 0.0560 0.0000 0.0000 0.0000 0.0000 0.0000 0.0000 0.0000
731      731   (0)    731  : 0.0050 0.0220 0.0000 0.0000 0.0000 0.0010 0.0000 0.9720 0.0000 0.0000
732      732   (0)    732  : 0.0000 0.0000 1.0000 0.0000 0.0000 0.0000 0.0000 0.0000 0.0000 0.0000
733      733   (0)    733  : 0.0000 1.0000 0.0000 0.0000 0.0000 0.0000 0.0000 0.0000 0.0000 0.0000
734      734   (0)    734  : 0.4056 0.0000 0.4845 0.0200 0.0000 0.0310 0.0010 0.0000 0.0420 0.0160
735      735   (0)    735  : 0.0000 0.9429 0.0571 0.0000 0.0000 0.0000 0.0000 0.0000 0.0000 0.0000
736      736   (4)    736  : 0.0381 0.0000 0.0942 0.0010 0.0020 0.0150 0.0030 0.4198 0.0210 0.4058
737      737   (0)    737  : 0.0000 0.9970 0.0000 0.0000 0.0000 0.0000 0.0000 0.0030 0.0000 0.0000
738      738   (0)    738  : 0.0010 0.9960 0.0000 0.0000 0.0000 0.0000 0.0000 0.0000 0.0010 0.0020
739      739   (1)    739  : 0.0020 0.0000 0.0000 0.0000 0.0000 0.0030 0.0020 0.9930 0.0000 0.0000
740      740   (0)    740  : 0.0000 0.9420 0.0000 0.0000 0.0000 0.0000 0.0000 0.0580 0.0000 0.0000
741      741   (0)    741  : 0.0000 0.9850 0.0000 0.0000 0.0000 0.0000 0.0000 0.0150 0.0000 0.0000
742      742   (0)    742  : 0.0000 0.2960 0.3510 0.0880 0.0000 0.0000 0.0000 0.0270 0.0000 0.2380
743      743   (0)    743  : 0.0000 0.0370 0.3160 0.1530 0.0000 0.0000 0.0000 0.0020 0.0000 0.4920
744      744   (0)    744  : 0.0000 0.0380 0.3173 0.1532 0.0000 0.0000 0.0000 0.0010 0.0000 0.4905
745      745   (0)    745  : 0.0000 0.2550 0.7020 0.0000 0.0000 0.0000 0.0000 0.0030 0.0400 0.0000
746      746   (0)    746  : 0.0000 0.0190 0.1050 0.0130 0.0000 0.0000 0.0000 0.8290 0.0010 0.0330
747      747   (0)    747  : 0.0000 0.9830 0.0000 0.0000 0.0000 0.0000 0.0000 0.0170 0.0000 0.0000
748      748   (0)    748  : 0.0000 0.9840 0.0000 0.0000 0.0000 0.0000 0.0000 0.0160 0.0000 0.0000
749      749   (0)    749  : 0.0000 0.0000 0.0330 0.4630 0.0000 0.0180 0.0000 0.0220 0.0400 0.4240
750      750   (0)    750  : 0.0000 0.0611 0.8519 0.0000 0.0000 0.0000 0.0020 0.0480 0.0340 0.0030
751      751   (0)    751  : 0.2372 0.6486 0.0000 0.0000 0.0000 0.0000 0.0981 0.0160 0.0000 0.0000
752      752   (0)    752  : 0.0110 0.7802 0.0250 0.0050 0.0440 0.0240 0.0100 0.0659 0.0350 0.0000
753      753   (0)    753  : 0.0360 0.7487 0.0551 0.0000 0.0260 0.0110 0.0000 0.0561 0.0380 0.0290
754      754   (0)    754  : 0.1230 0.0000 0.0000 0.0000 0.0000 0.0610 0.7870 0.0000 0.0290 0.0000
755      755   (0)    755  : 0.0889 0.0000 0.0000 0.0000 0.0000 0.0709 0.7532 0.0000 0.0869 0.0000
