1        1   (0)      1  : 0.0723 0.0000 0.0440 0.7884 0.0953
2        2   (4)      2  : 0.0008 0.2150 0.7840 0.0002 0.0000
3        3   (2)      3  : 0.0000 0.2250 0.7750 0.0000 0.0000
4        4   (2)      4  : 0.0000 0.2270 0.7720 0.0010 0.0000
5        5   (2)      5  : 0.0008 0.2250 0.7672 0.0028 0.0042
6        6   (0)      6  : 0.4330 0.0000 0.0000 0.0000 0.5670
7        7   (0)      7  : 0.0000 0.0192 0.9808 0.0000 0.0000
8        8   (0)      8  : 0.0000 0.0212 0.9788 0.0000 0.0000
9        9   (0)      9  : 0.0000 0.0182 0.9818 0.0000 0.0000
10       10   (0)     10  : 0.0000 0.0174 0.9826 0.0000 0.0000
11       11   (0)     11  : 0.0000 0.2620 0.7250 0.0128 0.0002
12       12   (0)     12  : 0.0000 0.1872 0.8128 0.0000 0.0000
13       13   (1)     13  : 0.0000 0.0460 0.9540 0.0000 0.0000
14       14   (0)     14  : 0.0000 0.0490 0.6373 0.3137 0.0000
15       15   (0)     15  : 0.0000 0.7070 0.2930 0.0000 0.0000
16       16   (0)     16  : 0.0000 0.7810 0.2190 0.0000 0.0000
17       17   (0)     17  : 0.0000 0.6790 0.3210 0.0000 0.0000
18       18   (0)     18  : 0.0182 0.2470 0.4730 0.1200 0.1418
19       19   (0)     19  : 0.0000 0.2450 0.7550 0.0000 0.0000
20       20   (0)     20  : 0.0000 0.1840 0.8030 0.0130 0.0000
21       21   (5)     21  : 0.8660 0.0000 0.0000 0.0000 0.1340
22       22   (0)     22  : 0.8618 0.0000 0.0000 0.0000 0.1382
23       23   (0)     23  : 0.7776 0.0000 0.0000 0.0000 0.2224
24       24   (0)     24  : 0.7186 0.0000 0.0000 0.0000 0.2814
25       25   (0)     25  : 0.5289 0.0000 0.0070 0.0000 0.4641
26       26   (0)     26  : 0.1298 0.0000 0.0430 0.1660 0.6612
27       27   (0)     27  : 0.2334 0.0000 0.0000 0.0000 0.7666
28       28   (0)     28  : 0.2899 0.0010 0.0088 0.0000 0.7003
29       29   (0)     29  : 0.2559 0.0000 0.0210 0.0000 0.7231
30       30   (1)     30  : 0.2088 0.0000 0.0000 0.0000 0.7912
31       31   (1)     31  : 0.2836 0.0000 0.0160 0.0138 0.6867
32       32   (1)     32  : 0.5518 0.0000 0.0000 0.0000 0.4482
33       33   (0)     33  : 0.3516 0.0000 0.0000 0.0000 0.6484
34       34   (0)     34  : 0.4165 0.0000 0.0000 0.0270 0.5566
35       35   (0)     35  : 0.4078 0.0000 0.0160 0.0000 0.5762
36       36   (0)     36  : 0.2698 0.0000 0.0210 0.0000 0.7092
37       37   (0)     37  : 0.5046 0.0000 0.0158 0.0054 0.4742
38       38   (0)     38  : 0.3550 0.0000 0.0000 0.0420 0.6030
39       39   (0)     39  : 0.7988 0.0000 0.0040 0.0000 0.1972
40       40   (0)     40  : 0.4382 0.0000 0.0250 0.0122 0.5246
41       41   (0)     41  : 0.5409 0.0000 0.0000 0.0900 0.3691
42       42   (0)     42  : 0.3886 0.0120 0.0490 0.0000 0.5504
43       43   (0)     43  : 0.3078 0.0000 0.0000 0.0000 0.6922
44       44   (0)     44  : 0.5306 0.0000 0.0000 0.0000 0.4694
45       45   (0)     45  : 0.6088 0.0000 0.0050 0.0000 0.3862
46       46   (0)     46  : 0.5590 0.0000 0.0000 0.0000 0.4410
47       47   (0)     47  : 0.7338 0.0000 0.0000 0.0000 0.2662
48       48   (0)     48  : 0.3588 0.0000 0.0000 0.0310 0.6102
49       49   (0)     49  : 1.0000 0.0000 0.0000 0.0000 0.0000
50       50   (0)     50  : 0.3318 0.0000 0.0000 0.0000 0.6682
51       51   (0)     51  : 0.5701 0.0000 0.0000 0.0180 0.4119
52       52   (0)     52  : 0.7168 0.0000 0.0000 0.0000 0.2832
53       53   (0)     53  : 0.8710 0.0000 0.0000 0.0000 0.1290
54       54   (0)     54  : 0.2756 0.0000 0.0000 0.0000 0.7244
55       55   (0)     55  : 0.8867 0.0000 0.0000 0.0000 0.1133
56       56   (0)     56  : 0.1995 0.0000 0.0000 0.0360 0.7645
57       57   (0)     57  : 0.2996 0.0000 0.0000 0.0000 0.7004
58       58   (0)     58  : 0.8896 0.0010 0.0012 0.0070 0.1012
59       59   (0)     59  : 0.5034 0.0000 0.0080 0.0000 0.4886
60       60   (0)     60  : 0.3788 0.0000 0.0000 0.0000 0.6212
61       61   (0)     61  : 0.5408 0.0000 0.0000 0.0760 0.3832
62       62   (0)     62  : 0.5568 0.0130 0.0080 0.0000 0.4222
63       63   (0)     63  : 0.7670 0.0000 0.0000 0.0000 0.2330
64       64   (0)     64  : 0.2310 0.0000 0.0000 0.0000 0.7690
65       65   (0)     65  : 0.4702 0.0000 0.0010 0.0000 0.5288
66       66   (0)     66  : 0.3700 0.0000 0.0000 0.0000 0.6300
67       67   (0)     67  : 0.3668 0.0000 0.0000 0.0000 0.6332
68       68   (0)     68  : 0.3527 0.0000 0.0030 0.0070 0.6373
69       69   (0)     69  : 0.5598 0.0000 0.0000 0.0000 0.4402
70       70   (0)     70  : 0.8100 0.0000 0.0000 0.0000 0.1900
71       71   (0)     71  : 0.6997 0.0000 0.0000 0.0000 0.3003
72       72   (0)     72  : 0.2800 0.0000 0.0200 0.0000 0.7000
73       73   (0)     73  : 0.6266 0.0000 0.0000 0.0000 0.3734
74       74   (0)     74  : 0.5144 0.0000 0.0000 0.0310 0.4546
75       75   (0)     75  : 0.5818 0.0000 0.0000 0.0000 0.4182
76       76   (0)     76  : 0.1688 0.0000 0.0220 0.1600 0.6491
77       77   (0)     77  : 0.2088 0.0000 0.0000 0.0000 0.7912
78       78   (0)     78  : 0.4107 0.0000 0.0592 0.0106 0.5195
79       79   (0)     79  : 0.2620 0.0000 0.0120 0.0262 0.6998
80       80   (0)     80  : 0.2250 0.0000 0.0000 0.0550 0.7200
81       81   (0)     81  : 0.5138 0.0000 0.0060 0.0000 0.4802
82       82   (0)     82  : 0.6375 0.0000 0.0050 0.0000 0.3575
83       83   (0)     83  : 0.3096 0.0000 0.0000 0.0250 0.6655
84       84   (0)     84  : 0.5727 0.0000 0.0000 0.0000 0.4273
85       85   (0)     85  : 0.5763 0.0010 0.0000 0.0000 0.4227
86       86   (0)     86  : 0.0726 0.0000 0.0000 0.0000 0.9274
87       87   (0)     87  : 0.1856 0.0000 0.0000 0.0110 0.8034
88       88   (0)     88  : 0.1776 0.0000 0.0000 0.0400 0.7824
89       89   (0)     89  : 0.4918 0.0000 0.0000 0.0000 0.5082
90       90   (0)     90  : 0.2628 0.0000 0.0000 0.0000 0.7372
91       91   (1)     91  : 0.6783 0.0000 0.0010 0.0018 0.3189
92       92   (0)     92  : 0.8928 0.0000 0.0000 0.0000 0.1072
93       93   (0)     93  : 0.6825 0.0000 0.0050 0.0000 0.3124
94       94   (0)     94  : 0.5088 0.0000 0.0000 0.0000 0.4912
95       95   (0)     95  : 0.2140 0.0000 0.0000 0.0440 0.7421
96       96   (0)     96  : 0.3308 0.0000 0.0000 0.0070 0.6622
97       97   (0)     97  : 0.6440 0.0000 0.0000 0.0000 0.3560
98       98   (2)     98  : 0.3429 0.0000 0.0060 0.0000 0.6511
99       99   (0)     99  : 0.7622 0.0000 0.0040 0.0000 0.2338
100      100   (0)    100  : 0.8228 0.0000 0.0000 0.0000 0.1772
101      101   (0)    101  : 0.0002 0.4824 0.5014 0.0012 0.0148
102      102   (1)    102  : 0.0000 0.0540 0.9460 0.0000 0.0000
103      103   (0)    103  : 0.7878 0.0000 0.0230 0.0000 0.1892
104      104   (0)    104  : 0.3426 0.0000 0.0000 0.0000 0.6574
105      105   (0)    105  : 0.0000 0.0000 1.0000 0.0000 0.0000
106      106   (0)    106  : 0.5706 0.0000 0.0000 0.0040 0.4254
107      107   (0)    107  : 0.7946 0.0000 0.0000 0.0000 0.2054
108      108   (0)    108  : 0.1214 0.0000 0.0000 0.0410 0.8376
109      109   (0)    109  : 0.1660 0.0000 0.0000 0.0310 0.8030
110      110   (0)    110  : 0.1888 0.0000 0.0000 0.0100 0.8012
111      111   (0)    111  : 0.1974 0.0000 0.0480 0.1029 0.6517
112      112   (0)    112  : 0.1336 0.0000 0.0040 0.0680 0.7944
113      113   (0)    113  : 0.3128 0.0000 0.0060 0.0260 0.6552
114      114   (0)    114  : 0.3430 0.0000 0.0000 0.0000 0.6570
115      115   (0)    115  : 1.0000 0.0000 0.0000 0.0000 0.0000
116      116   (0)    116  : 0.4660 0.0000 0.0000 0.0000 0.5340
117      117   (0)    117  : 0.3128 0.0000 0.0000 0.0010 0.6862
118      118   (0)    118  : 0.3395 0.0000 0.0180 0.0190 0.6236
119      119   (0)    119  : 0.3348 0.0000 0.0000 0.0500 0.6152
120      120   (0)    120  : 0.3129 0.0000 0.0000 0.0720 0.6151
121      121   (0)    121  : 0.1286 0.0000 0.0000 0.2742 0.5972
122      122   (0)    122  : 0.5162 0.0000 0.0000 0.0010 0.4828
123      123   (0)    123  : 0.5308 0.0000 0.0000 0.0000 0.4692
124      124   (0)    124  : 0.2890 0.0000 0.0000 0.0000 0.7110
125      125   (0)    125  : 0.8050 0.0000 0.0000 0.0000 0.1950
126      126   (0)    126  : 0.3257 0.0000 0.0000 0.0070 0.6673
127      127   (0)    127  : 0.5158 0.0000 0.0000 0.0000 0.4842
128      128   (0)    128  : 0.6238 0.0000 0.0000 0.0000 0.3762
129      129   (0)    129  : 0.2586 0.0000 0.0120 0.0440 0.6854
130      130   (0)    130  : 0.5112 0.0000 0.0000 0.0260 0.4628
131      131   (0)    131  : 0.2496 0.0000 0.0000 0.0000 0.7504
132      132   (0)    132  : 0.6028 0.0000 0.0000 0.0260 0.3712
133      133   (0)    133  : 0.1904 0.0000 0.0200 0.1379 0.6517
134      134   (0)    134  : 0.4106 0.0000 0.0000 0.0000 0.5894
135      135   (0)    135  : 0.2898 0.0000 0.0000 0.1260 0.5842
136      136   (0)    136  : 0.1720 0.0000 0.0000 0.0280 0.8000
137      137   (0)    137  : 0.7412 0.0000 0.0000 0.0000 0.2588
138      138   (0)    138  : 0.2976 0.0000 0.0000 0.0000 0.7024
139      139   (0)    139  : 0.3270 0.0000 0.0000 0.0000 0.6730
140      140   (0)    140  : 0.8158 0.0000 0.0000 0.0000 0.1842
141      141   (0)    141  : 0.1954 0.0000 0.0000 0.0340 0.7706
142      142   (0)    142  : 0.5788 0.0000 0.0000 0.0000 0.4212
143      143   (0)    143  : 0.1311 0.0000 0.0012 0.0048 0.8629
144      144   (0)    144  : 0.2100 0.0000 0.0552 0.1348 0.6000
145      145   (0)    145  : 0.2946 0.0000 0.0190 0.1132 0.5732
146      146   (0)    146  : 0.2080 0.0000 0.0070 0.1942 0.5909
147      147   (0)    147  : 0.2318 0.0000 0.0242 0.0000 0.7441
148      148   (0)    148  : 0.2772 0.0000 0.0168 0.0000 0.7060
149      149   (0)    149  : 0.7319 0.0000 0.0040 0.0142 0.2500
150      150   (0)    150  : 0.4206 0.0000 0.0040 0.0000 0.5754
151      151   (0)    151  : 0.0776 0.0000 0.0000 0.0000 0.9224
152      152   (0)    152  : 0.1718 0.0000 0.0000 0.0000 0.8282
153      153   (0)    153  : 0.1096 0.0000 0.0000 0.0000 0.8904
154      154   (0)    154  : 0.8550 0.0000 0.0000 0.0000 0.1450
155      155   (0)    155  : 0.5488 0.0000 0.0000 0.0000 0.4512
156      156   (0)    156  : 0.5388 0.0000 0.0000 0.0000 0.4612
157      157   (0)    157  : 0.3695 0.0000 0.0000 0.0460 0.5845
158      158   (0)    158  : 0.6220 0.0000 0.0000 0.0000 0.3780
159      159   (0)    159  : 0.6259 0.0000 0.0020 0.0008 0.3713
160      160   (0)    160  : 0.1418 0.0000 0.0000 0.3320 0.5262
161      161   (0)    161  : 0.9410 0.0000 0.0000 0.0000 0.0590
162      162   (0)    162  : 0.5594 0.0000 0.0000 0.0090 0.4317
163      163   (0)    163  : 0.4088 0.0000 0.0000 0.0000 0.5912
164      164   (0)    164  : 0.6834 0.0002 0.0010 0.0180 0.2974
165      165   (0)    165  : 0.5618 0.0000 0.0000 0.0000 0.4382
166      166   (0)    166  : 0.5936 0.0000 0.0820 0.0000 0.3244
167      167   (0)    167  : 0.4886 0.0000 0.0000 0.0890 0.4224
168      168   (0)    168  : 0.1518 0.0000 0.0000 0.0140 0.8342
169      169   (0)    169  : 0.5221 0.0000 0.0100 0.0000 0.4679
170      170   (0)    170  : 0.5948 0.0000 0.0198 0.0002 0.3852
171      171   (0)    171  : 0.2660 0.0390 0.1521 0.0000 0.5428
172      172   (0)    172  : 0.2456 0.0000 0.0000 0.0000 0.7544
173      173   (0)    173  : 0.3257 0.0008 0.0040 0.0000 0.6695
174      174   (0)    174  : 0.5142 0.0000 0.0000 0.1982 0.2876
175      175   (0)    175  : 0.6098 0.0000 0.0030 0.0000 0.3872
176      176   (0)    176  : 0.6300 0.0040 0.0100 0.0022 0.3538
177      177   (0)    177  : 0.3668 0.0000 0.0010 0.0000 0.6322
178      178   (0)    178  : 0.3080 0.0000 0.0250 0.0202 0.6467
179      179   (0)    179  : 0.7830 0.0000 0.0000 0.0000 0.2170
180      180   (0)    180  : 0.4757 0.0010 0.0080 0.0000 0.5153
181      181   (0)    181  : 0.6703 0.0000 0.0120 0.0000 0.3177
182      182   (0)    182  : 0.1558 0.0000 0.0030 0.0530 0.7882
183      183   (0)    183  : 0.2688 0.0000 0.0000 0.0000 0.7312
184      184   (0)    184  : 0.2076 0.0000 0.0000 0.0000 0.7924
185      185   (0)    185  : 0.3856 0.0310 0.1410 0.0622 0.3802
186      186   (0)    186  : 0.2866 0.0000 0.0070 0.0000 0.7064
187      187   (0)    187  : 0.5770 0.0000 0.0000 0.0260 0.3970
188      188   (0)    188  : 0.3076 0.0000 0.0000 0.0000 0.6924
189      189   (0)    189  : 0.1087 0.0000 0.0020 0.0719 0.8173
190      190   (0)    190  : 0.4207 0.0000 0.0170 0.0000 0.5623
191      191   (0)    191  : 0.2580 0.0460 0.1900 0.0830 0.4230
192      192   (0)    192  : 0.2898 0.0000 0.0430 0.0000 0.6672
193      193   (0)    193  : 0.2814 0.0000 0.0088 0.0240 0.6859
194      194   (0)    194  : 0.5338 0.0010 0.0000 0.0110 0.4542
195      195   (0)    195  : 0.2446 0.0000 0.0000 0.0008 0.7546
196      196   (0)    196  : 0.9208 0.0000 0.0000 0.0000 0.0792
197      197   (0)    197  : 0.0008 0.0000 0.2470 0.0772 0.6750
198      198   (0)    198  : 0.8838 0.0000 0.0000 0.0000 0.1162
199      199   (0)    199  : 0.4078 0.0000 0.0430 0.0700 0.4792
200      200   (0)    200  : 0.5148 0.0000 0.0090 0.0380 0.4382
201      201   (0)    201  : 0.1106 0.0000 0.0250 0.0642 0.8002
202      202   (0)    202  : 0.6250 0.0000 0.0000 0.0000 0.3750
203      203   (0)    203  : 0.2380 0.0000 0.0208 0.0312 0.7099
204      204   (0)    204  : 0.6338 0.0000 0.0100 0.0000 0.3562
205      205   (0)    205  : 0.9920 0.0000 0.0000 0.0000 0.0080
206      206   (0)    206  : 0.9180 0.0000 0.0000 0.0000 0.0820
207      207   (0)    207  : 0.5037 0.0000 0.0000 0.0000 0.4963
208      208   (0)    208  : 0.5759 0.0000 0.0000 0.0000 0.4241
209      209   (0)    209  : 0.2634 0.0000 0.0000 0.0000 0.7366
210      210   (1)    210  : 0.0000 0.2270 0.7720 0.0010 0.0000
211      211   (0)    211  : 0.4402 0.0000 0.0080 0.0000 0.5518
212      212   (0)    212  : 1.0000 0.0000 0.0000 0.0000 0.0000
213      213   (0)    213  : 0.8000 0.0000 0.0000 0.0000 0.2000
214      214   (2)    214  : 0.0060 0.0000 0.0000 0.8170 0.1770
215      215   (0)    215  : 0.0508 0.0000 0.0000 0.7494 0.1998
216      216   (0)    216  : 0.5368 0.0000 0.0000 0.0000 0.4632
217      217   (2)    217  : 0.0522 0.0000 0.0000 0.7480 0.1998
218      218   (1)    218  : 0.0238 0.0000 0.0498 0.8162 0.1102
219      219   (2)    219  : 0.0000 0.0000 1.0000 0.0000 0.0000
220      220   (1)    220  : 0.0000 0.0000 0.0000 1.0000 0.0000
221      221   (1)    221  : 0.0502 0.0000 0.0062 0.7444 0.1991
222      222   (0)    222  : 0.1791 0.0000 0.0000 0.4866 0.3343
223      223   (0)    223  : 0.1026 0.0000 0.0000 0.2050 0.6924
224      224   (0)    224  : 0.4620 0.0000 0.0000 0.0000 0.5380
225      225   (0)    225  : 0.2468 0.0000 0.0000 0.0302 0.7231
226      226   (0)    226  : 0.2126 0.0000 0.0120 0.0000 0.7754
227      227   (0)    227  : 0.5502 0.0000 0.0000 0.0689 0.3808
228      228   (0)    228  : 0.6411 0.0000 0.0340 0.1110 0.2138
229      229   (0)    229  : 0.7998 0.0000 0.0000 0.0000 0.2002
230      230   (0)    230  : 0.4370 0.0000 0.0000 0.0000 0.5630
231      231   (0)    231  : 0.8398 0.0000 0.0000 0.0000 0.1602
232      232   (0)    232  : 0.8948 0.0000 0.0000 0.0000 0.1052
233      233   (0)    233  : 0.4246 0.0000 0.0000 0.0000 0.5754
234      234  (21)    234  : 0.6929 0.0000 0.0000 0.0050 0.3021
235      235  (12)    235  : 0.7470 0.0000 0.0000 0.0070 0.2460
236      236   (3)    236  : 0.7118 0.0000 0.0000 0.0000 0.2882
237      237   (7)    237  : 0.9598 0.0000 0.0040 0.0000 0.0362
238      238   (3)    238  : 0.9070 0.0000 0.0000 0.0000 0.0930
239      239   (2)    239  : 0.7656 0.0000 0.0000 0.0000 0.2344
240      240   (3)    240  : 0.9028 0.0000 0.0000 0.0000 0.0972
241      241   (1)    241  : 0.9420 0.0000 0.0000 0.0000 0.0580
242      242   (3)    242  : 0.9620 0.0000 0.0040 0.0000 0.0340
243      243   (2)    243  : 0.6525 0.0000 0.0000 0.0210 0.3265
244      244   (3)    244  : 0.9498 0.0000 0.0000 0.0000 0.0502
245      245  (15)    245  : 0.6775 0.0000 0.0000 0.0490 0.2734
246      246   (3)    246  : 0.8610 0.0000 0.0000 0.0000 0.1390
247      247   (3)    247  : 0.6190 0.0000 0.0000 0.0000 0.3810
248      248   (3)    248  : 0.2708 0.0000 0.0000 0.0160 0.7132
249      249   (3)    249  : 0.5248 0.0000 0.0000 0.0000 0.4752
250      250   (2)    250  : 0.4748 0.0000 0.0000 0.0000 0.5252
251      251   (3)    251  : 0.9350 0.0000 0.0000 0.0000 0.0650
252      252   (4)    252  : 0.8410 0.0000 0.0000 0.0000 0.1590
253      253   (4)    253  : 0.4028 0.0000 0.0000 0.0000 0.5972
254      254   (2)    254  : 0.7930 0.0000 0.0000 0.0000 0.2070
255      255  (13)    255  : 0.6026 0.0000 0.0000 0.0000 0.3974
256      256   (2)    256  : 1.0000 0.0000 0.0000 0.0000 0.0000
257      257   (3)    257  : 0.9670 0.0000 0.0000 0.0000 0.0330
258      258   (4)    258  : 0.9870 0.0000 0.0000 0.0000 0.0130
259      259   (5)    259  : 0.9020 0.0000 0.0000 0.0000 0.0980
260      260   (4)    260  : 0.8550 0.0000 0.0000 0.0000 0.1450
261      261   (3)    261  : 0.7300 0.0000 0.0000 0.0100 0.2600
262      262   (3)    262  : 0.9170 0.0000 0.0000 0.0000 0.0830
263      263   (5)    263  : 0.7688 0.0000 0.0000 0.0000 0.2312
264      264   (7)    264  : 0.8588 0.0000 0.0000 0.0000 0.1412
265      265   (1)    265  : 0.9370 0.0000 0.0000 0.0000 0.0630
266      266   (5)    266  : 0.9970 0.0000 0.0000 0.0000 0.0030
267      267   (1)    267  : 0.9020 0.0000 0.0000 0.0000 0.0980
268      268   (1)    268  : 0.6758 0.0000 0.0000 0.0000 0.3242
269      269   (8)    269  : 0.1322 0.0000 0.0000 0.0240 0.8438
270      270   (4)    270  : 0.3076 0.0000 0.0000 0.0000 0.6924
271      271   (1)    271  : 0.9438 0.0000 0.0000 0.0000 0.0562
272      272   (1)    272  : 0.6400 0.0000 0.0010 0.0018 0.3572
273      273   (4)    273  : 0.4824 0.0000 0.0050 0.0222 0.4904
274      274   (1)    274  : 0.6948 0.0000 0.0000 0.0100 0.2952
275      275   (1)    275  : 0.2494 0.0000 0.0000 0.0300 0.7206
276      276   (3)    276  : 0.1847 0.0000 0.0000 0.0200 0.7954
277      277   (2)    277  : 0.9818 0.0000 0.0000 0.0000 0.0182
278      278   (1)    278  : 0.9620 0.0000 0.0000 0.0000 0.0380
279      279   (3)    279  : 0.6430 0.0000 0.0000 0.0000 0.3570
280      280   (3)    280  : 0.6438 0.0000 0.0000 0.0000 0.3562
281      281   (2)    281  : 0.8578 0.0000 0.0000 0.0000 0.1422
282      282   (2)    282  : 0.9018 0.0000 0.0000 0.0000 0.0982
283      283   (2)    283  : 0.7938 0.0000 0.0000 0.0000 0.2062
284      284   (3)    284  : 0.9108 0.0000 0.0000 0.0000 0.0892
285      285   (4)    285  : 0.9300 0.0000 0.0020 0.0000 0.0680
286      286   (2)    286  : 0.8238 0.0000 0.0000 0.0000 0.1762
287      287   (0)    287  : 0.9300 0.0000 0.0000 0.0000 0.0700
288      288   (1)    288  : 1.0000 0.0000 0.0000 0.0000 0.0000
289      289   (2)    289  : 1.0000 0.0000 0.0000 0.0000 0.0000
290      290   (8)    290  : 0.9418 0.0000 0.0000 0.0000 0.0582
291      291   (2)    291  : 0.9858 0.0000 0.0000 0.0000 0.0142
292      292   (4)    292  : 0.8480 0.0000 0.0000 0.0000 0.1520
293      293   (0)    293  : 1.0000 0.0000 0.0000 0.0000 0.0000
294      294   (3)    294  : 1.0000 0.0000 0.0000 0.0000 0.0000
295      295   (2)    295  : 0.8740 0.0000 0.0000 0.0000 0.1260
296      296   (2)    296  : 0.9530 0.0000 0.0000 0.0000 0.0470
297      297   (4)    297  : 1.0000 0.0000 0.0000 0.0000 0.0000
298      298   (3)    298  : 0.9388 0.0000 0.0000 0.0000 0.0612
299      299   (4)    299  : 0.8350 0.0000 0.0000 0.0000 0.1650
300      300   (2)    300  : 0.9770 0.0000 0.0000 0.0000 0.0230
301      301   (2)    301  : 0.9388 0.0000 0.0000 0.0000 0.0612
302      302   (1)    302  : 0.8988 0.0000 0.0000 0.0000 0.1012
303      303   (0)    303  : 0.8808 0.0000 0.0000 0.0000 0.1192
304      304   (2)    304  : 0.5712 0.0000 0.0000 0.0000 0.4288
305      305   (2)    305  : 0.5720 0.0000 0.0000 0.0000 0.4280
306      306   (1)    306  : 0.3856 0.0000 0.0150 0.0030 0.5964
307      307   (1)    307  : 0.9410 0.0000 0.0000 0.0000 0.0590
308      308   (8)    308  : 0.5049 0.0000 0.0000 0.0000 0.4951
309      309   (3)    309  : 0.8318 0.0000 0.0000 0.0000 0.1682
310      310   (2)    310  : 0.9430 0.0000 0.0000 0.0000 0.0570
311      311   (3)    311  : 0.9008 0.0000 0.0000 0.0000 0.0992
312      312   (2)    312  : 0.9598 0.0000 0.0020 0.0010 0.0372
313      313   (3)    313  : 0.8690 0.0000 0.0000 0.0000 0.1310
314      314   (6)    314  : 0.9810 0.0000 0.0000 0.0000 0.0190
315      315   (5)    315  : 1.0000 0.0000 0.0000 0.0000 0.0000
316      316   (2)    316  : 0.9420 0.0000 0.0000 0.0000 0.0580
317      317   (1)    317  : 0.8740 0.0010 0.0030 0.0000 0.1220
318      318   (1)    318  : 1.0000 0.0000 0.0000 0.0000 0.0000
319      319   (1)    319  : 0.7468 0.0000 0.0000 0.0000 0.2532
320      320   (1)    320  : 0.9630 0.0000 0.0000 0.0000 0.0370
321      321   (3)    321  : 1.0000 0.0000 0.0000 0.0000 0.0000
322      322   (3)    322  : 0.9560 0.0000 0.0000 0.0000 0.0440
323      323   (4)    323  : 1.0000 0.0000 0.0000 0.0000 0.0000
324      324   (5)    324  : 0.4318 0.0000 0.0000 0.0000 0.5682
325      325   (3)    325  : 0.3450 0.0000 0.0000 0.0000 0.6550
326      326   (2)    326  : 0.8788 0.0000 0.0000 0.0000 0.1212
327      327   (2)    327  : 0.6618 0.0000 0.0000 0.0000 0.3382
328      328   (1)    328  : 0.7488 0.0000 0.0000 0.0000 0.2512
329      329   (6)    329  : 1.0000 0.0000 0.0000 0.0000 0.0000
330      330   (4)    330  : 1.0000 0.0000 0.0000 0.0000 0.0000
331      331   (2)    331  : 0.5948 0.0000 0.0000 0.0000 0.4052
332      332   (3)    332  : 0.4206 0.0000 0.0000 0.0000 0.5794
333      333   (1)    333  : 0.8610 0.0000 0.0000 0.0000 0.1390
334      334   (3)    334  : 0.8740 0.0000 0.0000 0.0000 0.1260
335      335   (1)    335  : 0.1948 0.0000 0.0000 0.0070 0.7982
336      336   (6)    336  : 0.9258 0.0000 0.0000 0.0000 0.0742
337      337   (2)    337  : 0.5560 0.0000 0.0000 0.0000 0.4440
338      338   (2)    338  : 0.9560 0.0000 0.0000 0.0000 0.0440
339      339   (4)    339  : 0.5048 0.0000 0.0000 0.0000 0.4952
340      340   (2)    340  : 0.8058 0.0000 0.0000 0.0000 0.1942
341      341   (3)    341  : 0.9902 0.0000 0.0000 0.0000 0.0098
342      342   (3)    342  : 0.8868 0.0000 0.0000 0.0000 0.1132
343      343   (3)    343  : 0.9290 0.0000 0.0000 0.0000 0.0710
344      344   (1)    344  : 0.9936 0.0000 0.0000 0.0000 0.0064
345      345   (3)    345  : 0.4206 0.0000 0.0000 0.0270 0.5524
346      346   (1)    346  : 0.9380 0.0000 0.0000 0.0050 0.0570
347      347   (7)    347  : 0.5354 0.0000 0.0000 0.0580 0.4065
348      348   (5)    348  : 0.8130 0.0000 0.0000 0.0000 0.1870
349      349   (2)    349  : 0.7470 0.0000 0.0000 0.0180 0.2350
350      350   (0)    350  : 0.8417 0.0000 0.0000 0.0050 0.1533
351      351   (2)    351  : 0.1428 0.0000 0.0000 0.0070 0.8502
352      352   (2)    352  : 0.9822 0.0000 0.0000 0.0000 0.0178
353      353   (4)    353  : 0.9270 0.0000 0.0000 0.0000 0.0730
354      354   (4)    354  : 0.6348 0.0000 0.0070 0.0140 0.3442
355      355   (6)    355  : 0.7132 0.0000 0.0000 0.0110 0.2758
356      356   (1)    356  : 0.3887 0.0000 0.0000 0.0462 0.5651
357      357   (1)    357  : 1.0000 0.0000 0.0000 0.0000 0.0000
358      358   (0)    358  : 0.5927 0.0000 0.0000 0.0000 0.4073
359      359   (3)    359  : 0.4560 0.0000 0.0000 0.0000 0.5440
360      360   (1)    360  : 0.8420 0.0000 0.0000 0.0000 0.1580
361      361   (1)    361  : 0.4768 0.0000 0.0000 0.0000 0.5232
362      362   (4)    362  : 0.8848 0.0000 0.0000 0.0000 0.1152
363      363   (2)    363  : 0.8690 0.0000 0.0000 0.0000 0.1310
364      364   (4)    364  : 0.9130 0.0000 0.0000 0.0000 0.0870
365      365   (3)    365  : 0.2858 0.0000 0.0000 0.0000 0.7142
366      366   (4)    366  : 0.3330 0.0000 0.0000 0.0000 0.6670
367      367   (4)    367  : 0.3106 0.0000 0.0000 0.0000 0.6894
368      368   (5)    368  : 0.2738 0.0000 0.0000 0.0220 0.7042
369      369   (3)    369  : 0.9870 0.0000 0.0000 0.0000 0.0130
370      370   (0)    370  : 0.3934 0.0000 0.0000 0.0000 0.6066
371      371   (3)    371  : 0.9330 0.0000 0.0000 0.0000 0.0670
372      372   (2)    372  : 0.5300 0.0000 0.0000 0.0000 0.4700
373      373   (7)    373  : 0.9058 0.0000 0.0000 0.0000 0.0942
374      374   (6)    374  : 0.9882 0.0000 0.0000 0.0000 0.0118
375      375   (1)    375  : 0.8730 0.0000 0.0000 0.0000 0.1270
376      376   (1)    376  : 0.7448 0.0000 0.0000 0.0000 0.2552
377      377   (1)    377  : 0.6812 0.0000 0.0000 0.0040 0.3148
378      378   (1)    378  : 0.8468 0.0000 0.0000 0.0000 0.1532
379      379   (2)    379  : 0.8558 0.0000 0.0000 0.0000 0.1442
380      380   (2)    380  : 0.8158 0.0000 0.0000 0.0042 0.1800
381      381   (6)    381  : 0.9318 0.0000 0.0000 0.0000 0.0682
382      382   (1)    382  : 0.9020 0.0000 0.0000 0.0000 0.0980
383      383   (3)    383  : 0.8798 0.0000 0.0000 0.0000 0.1202
384      384   (5)    384  : 0.8208 0.0000 0.0000 0.0080 0.1712
385      385   (2)    385  : 0.8700 0.0000 0.0000 0.0000 0.1300
386      386   (3)    386  : 0.6598 0.0000 0.0000 0.0100 0.3302
387      387   (3)    387  : 0.8268 0.0000 0.0000 0.0000 0.1732
388      388   (1)    388  : 0.8300 0.0000 0.0000 0.0000 0.1700
389      389   (2)    389  : 0.8520 0.0000 0.0000 0.0030 0.1450
390      390   (3)    390  : 0.9408 0.0000 0.0000 0.0000 0.0592
391      391   (4)    391  : 0.5580 0.0000 0.0000 0.0000 0.4420
392      392   (3)    392  : 0.7150 0.0000 0.0000 0.0000 0.2850
393      393   (6)    393  : 1.0000 0.0000 0.0000 0.0000 0.0000
394      394   (4)    394  : 0.1217 0.0000 0.0000 0.0150 0.8633
395      395   (4)    395  : 0.8840 0.0000 0.0000 0.0000 0.1160
396      396   (6)    396  : 0.9347 0.0000 0.0022 0.0068 0.0562
397      397   (6)    397  : 0.9478 0.0000 0.0000 0.0000 0.0522
398      398   (6)    398  : 0.6480 0.0000 0.0000 0.0000 0.3520
399      399  (10)    399  : 0.3838 0.0000 0.0000 0.0000 0.6162
400      400   (3)    400  : 0.3678 0.0000 0.0000 0.0000 0.6322
401      401   (2)    401  : 0.6548 0.0000 0.0000 0.0000 0.3452
402      402   (3)    402  : 0.6348 0.0000 0.0000 0.0000 0.3652
403      403   (3)    403  : 0.2418 0.0000 0.0000 0.0000 0.7582
404      404   (2)    404  : 0.8828 0.0000 0.0000 0.0000 0.1172
405      405   (5)    405  : 0.6330 0.0000 0.0000 0.0000 0.3670
406      406   (3)    406  : 0.7446 0.0000 0.0000 0.0000 0.2554
407      407   (3)    407  : 0.8420 0.0000 0.0000 0.0000 0.1580
408      408   (2)    408  : 0.5120 0.0000 0.0000 0.0000 0.4880
409      409   (2)    409  : 0.9610 0.0000 0.0000 0.0000 0.0390
410      410   (3)    410  : 0.8228 0.0000 0.0000 0.0000 0.1772
411      411   (3)    411  : 0.2398 0.0000 0.0000 0.0000 0.7602
412      412   (3)    412  : 0.5849 0.0000 0.0000 0.0002 0.4149
413      413   (2)    413  : 0.7588 0.0000 0.0000 0.0000 0.2412
414      414   (2)    414  : 0.2486 0.0000 0.0000 0.0000 0.7514
415      415   (1)    415  : 0.5090 0.0000 0.0000 0.0000 0.4910
416      416   (5)    416  : 0.4708 0.0000 0.0000 0.0000 0.5292
417      417   (1)    417  : 0.4018 0.0000 0.0000 0.0052 0.5930
418      418   (2)    418  : 0.3698 0.0000 0.0000 0.0000 0.6302
419      419   (2)    419  : 1.0000 0.0000 0.0000 0.0000 0.0000
420      420   (4)    420  : 0.9810 0.0000 0.0000 0.0000 0.0190
421      421   (3)    421  : 0.6688 0.0000 0.0000 0.0000 0.3312
422      422   (2)    422  : 1.0000 0.0000 0.0000 0.0000 0.0000
423      423   (3)    423  : 0.9530 0.0000 0.0000 0.0000 0.0470
424      424   (2)    424  : 1.0000 0.0000 0.0000 0.0000 0.0000
425      425   (1)    425  : 0.9672 0.0000 0.0000 0.0000 0.0328
426      426   (2)    426  : 1.0000 0.0000 0.0000 0.0000 0.0000
427      427   (6)    427  : 1.0000 0.0000 0.0000 0.0000 0.0000
428      428   (5)    428  : 0.5318 0.0000 0.0000 0.0670 0.4012
429      429   (4)    429  : 0.7419 0.0000 0.0000 0.0110 0.2472
430      430   (3)    430  : 0.9238 0.0000 0.0000 0.0000 0.0762
431      431   (3)    431  : 1.0000 0.0000 0.0000 0.0000 0.0000
432      432   (4)    432  : 0.8900 0.0000 0.0000 0.0000 0.1100
433      433   (3)    433  : 0.9990 0.0000 0.0000 0.0000 0.0010
434      434   (4)    434  : 0.1690 0.0000 0.0000 0.0000 0.8310
435      435   (7)    435  : 0.6673 0.0010 0.0000 0.0000 0.3317
436      436   (7)    436  : 0.6155 0.0000 0.0000 0.0000 0.3845
437      437   (2)    437  : 0.9698 0.0000 0.0000 0.0000 0.0302
438      438   (3)    438  : 0.7650 0.0000 0.0000 0.0000 0.2350
439      439   (5)    439  : 0.7428 0.0000 0.0000 0.0000 0.2572
440      440   (3)    440  : 0.3437 0.0000 0.0000 0.0572 0.5991
441      441   (4)    441  : 0.9740 0.0000 0.0000 0.0000 0.0260
442      442   (3)    442  : 0.7696 0.0000 0.0000 0.0000 0.2304
443      443   (3)    443  : 0.8800 0.0000 0.0000 0.0000 0.1200
444      444   (4)    444  : 0.2008 0.0000 0.0000 0.0000 0.7992
445      445   (4)    445  : 0.9330 0.0000 0.0000 0.0000 0.0670
446      446   (1)    446  : 0.9848 0.0000 0.0020 0.0000 0.0132
447      447   (1)    447  : 0.9320 0.0000 0.0000 0.0000 0.0680
448      448   (7)    448  : 0.7960 0.0000 0.0000 0.0000 0.2040
449      449   (3)    449  : 0.8458 0.0020 0.0000 0.0000 0.1522
450      450   (1)    450  : 0.9570 0.0000 0.0000 0.0000 0.0430
451      451   (3)    451  : 0.8886 0.0000 0.0000 0.0000 0.1114
452      452   (2)    452  : 0.9202 0.0000 0.0000 0.0010 0.0788
453      453   (2)    453  : 0.9922 0.0000 0.0000 0.0030 0.0048
454      454   (2)    454  : 0.2558 0.0000 0.0000 0.0000 0.7442
455      455   (3)    455  : 0.2078 0.0000 0.0000 0.0000 0.7922
456      456   (2)    456  : 0.1668 0.0000 0.0000 0.0000 0.8332
457      457   (8)    457  : 0.7498 0.0000 0.0000 0.0000 0.2502
458      458   (1)    458  : 0.6180 0.0000 0.0000 0.0000 0.3820
459      459   (1)    459  : 0.3968 0.0000 0.0000 0.0000 0.6032
460      460   (3)    460  : 0.3346 0.0000 0.0000 0.0000 0.6654
461      461   (1)    461  : 0.4680 0.0000 0.0000 0.0000 0.5320
462      462   (4)    462  : 0.7820 0.0000 0.0180 0.0000 0.2000
463      463   (4)    463  : 0.9310 0.0000 0.0000 0.0000 0.0690
464      464   (4)    464  : 0.8158 0.0000 0.0000 0.0000 0.1842
465      465   (2)    465  : 0.9548 0.0000 0.0000 0.0000 0.0452
466      466   (3)    466  : 1.0000 0.0000 0.0000 0.0000 0.0000
467      467   (2)    467  : 0.9880 0.0000 0.0000 0.0000 0.0120
468      468   (2)    468  : 0.8888 0.0000 0.0000 0.0000 0.1112
469      469   (5)    469  : 0.7488 0.0000 0.0000 0.0060 0.2452
470      470   (2)    470  : 0.9520 0.0000 0.0000 0.0000 0.0480
471      471  (10)    471  : 0.6942 0.0000 0.0000 0.0010 0.3048
472      472   (1)    472  : 0.9990 0.0000 0.0000 0.0000 0.0010
473      473   (4)    473  : 0.9170 0.0000 0.0000 0.0000 0.0830
474      474   (5)    474  : 0.7358 0.0000 0.0000 0.0000 0.2642
475      475   (1)    475  : 0.7348 0.0000 0.0000 0.0000 0.2652
476      476   (8)    476  : 0.9038 0.0000 0.0000 0.0000 0.0962
477      477   (1)    477  : 0.5959 0.0000 0.0000 0.0020 0.4021
478      478   (1)    478  : 0.8341 0.0000 0.0000 0.0060 0.1599
479      479   (2)    479  : 0.9308 0.0000 0.0000 0.0000 0.0692
480      480   (4)    480  : 0.1445 0.0000 0.0000 0.0270 0.8285
481      481   (2)    481  : 0.8088 0.0000 0.0000 0.0000 0.1912
482      482   (1)    482  : 0.7918 0.0000 0.0000 0.0000 0.2082
483      483   (1)    483  : 0.4338 0.0000 0.0000 0.0000 0.5662
484      484   (2)    484  : 0.3888 0.0000 0.0000 0.0000 0.6112
485      485   (3)    485  : 0.9400 0.0000 0.0000 0.0000 0.0600
486      486   (2)    486  : 0.2998 0.0000 0.0000 0.0000 0.7002
487      487   (7)    487  : 0.3275 0.0000 0.0000 0.0010 0.6715
488      488   (0)    488  : 1.0000 0.0000 0.0000 0.0000 0.0000
489      489   (0)    489  : 0.9180 0.0000 0.0000 0.0000 0.0820
490      490   (1)    490  : 0.6388 0.0000 0.0010 0.0000 0.3602
491      491   (4)    491  : 0.5663 0.0000 0.0070 0.0002 0.4265
492      492   (1)    492  : 0.5058 0.0000 0.0000 0.0010 0.4932
493      493   (0)    493  : 0.4967 0.0000 0.0000 0.0130 0.4903
494      494  (10)    494  : 0.9448 0.0000 0.0000 0.0000 0.0552
495      495   (4)    495  : 0.6407 0.0000 0.0030 0.0010 0.3553
496      496   (4)    496  : 0.8958 0.0000 0.0000 0.0000 0.1042
497      497   (7)    497  : 1.0000 0.0000 0.0000 0.0000 0.0000
498      498   (0)    498  : 0.9890 0.0000 0.0000 0.0000 0.0110
499      499   (0)    499  : 0.2308 0.0000 0.0000 0.0310 0.7382
500      500   (7)    500  : 0.2400 0.0000 0.0000 0.0580 0.7021
501      501   (2)    501  : 0.9140 0.0000 0.0000 0.0000 0.0860
502      502   (7)    502  : 0.6303 0.0000 0.0000 0.0090 0.3607
503      503   (5)    503  : 0.8258 0.0000 0.0000 0.0000 0.1742
504      504   (7)    504  : 0.2376 0.0000 0.0000 0.0260 0.7364
505      505  (10)    505  : 0.6580 0.0000 0.0000 0.0180 0.3240
506      506   (3)    506  : 0.7538 0.0000 0.0000 0.0000 0.2462
507      507   (8)    507  : 0.6938 0.0000 0.0000 0.0000 0.3062
508      508   (9)    508  : 0.7556 0.0000 0.0000 0.0010 0.2434
509      509   (3)    509  : 0.6990 0.0000 0.0000 0.0000 0.3010
510      510   (1)    510  : 0.9048 0.0000 0.0000 0.0000 0.0952
511      511   (0)    511  : 0.8432 0.0000 0.0000 0.0000 0.1568
512      512   (0)    512  : 0.9730 0.0000 0.0000 0.0000 0.0270
513      513   (0)    513  : 0.9360 0.0000 0.0000 0.0000 0.0640
514      514   (0)    514  : 0.9918 0.0000 0.0000 0.0000 0.0082
515      515   (0)    515  : 0.9530 0.0000 0.0010 0.0000 0.0460
516      516   (0)    516  : 0.8478 0.0000 0.0030 0.0000 0.1492
517      517   (0)    517  : 1.0000 0.0000 0.0000 0.0000 0.0000
518      518   (0)    518  : 0.8408 0.0000 0.0000 0.0000 0.1592
519      519   (0)    519  : 0.7262 0.0000 0.0030 0.0000 0.2708
520      520   (0)    520  : 0.8887 0.0000 0.0000 0.0022 0.1091
521      521   (0)    521  : 0.6720 0.0000 0.0060 0.0000 0.3220
522      522   (0)    522  : 0.7938 0.0000 0.0090 0.0000 0.1972
523      523   (0)    523  : 0.6708 0.0000 0.0000 0.0000 0.3292
524      524   (0)    524  : 0.9540 0.0000 0.0000 0.0000 0.0460
525      525   (0)    525  : 0.9128 0.0000 0.0000 0.0000 0.0872
526      526   (0)    526  : 1.0000 0.0000 0.0000 0.0000 0.0000
527      527   (0)    527  : 0.9480 0.0000 0.0000 0.0000 0.0520
528      528   (0)    528  : 0.9610 0.0000 0.0000 0.0000 0.0390
529      529   (0)    529  : 0.9580 0.0000 0.0000 0.0000 0.0420
530      530   (0)    530  : 0.6668 0.0000 0.0000 0.0000 0.3332
531      531   (0)    531  : 0.9030 0.0000 0.0000 0.0000 0.0970
532      532   (0)    532  : 0.8727 0.0000 0.0000 0.0000 0.1273
533      533   (0)    533  : 0.8758 0.0000 0.0000 0.0000 0.1242
534      534   (0)    534  : 0.2540 0.0000 0.0000 0.0300 0.7160
535      535   (0)    535  : 0.9568 0.0000 0.0000 0.0000 0.0432
536      536   (0)    536  : 1.0000 0.0000 0.0000 0.0000 0.0000
537      537   (0)    537  : 0.8092 0.0000 0.0000 0.0000 0.1908
538      538   (0)    538  : 1.0000 0.0000 0.0000 0.0000 0.0000
539      539   (0)    539  : 1.0000 0.0000 0.0000 0.0000 0.0000
540      540  (43)    540  : 1.0000 0.0000 0.0000 0.0000 0.0000
541      541   (0)    541  : 1.0000 0.0000 0.0000 0.0000 0.0000
542      542  (12)    542  : 0.9920 0.0000 0.0000 0.0000 0.0080
543      543   (0)    543  : 0.9350 0.0000 0.0000 0.0000 0.0650
544      544   (0)    544  : 1.0000 0.0000 0.0000 0.0000 0.0000
545      545   (0)    545  : 0.9510 0.0000 0.0000 0.0000 0.0490
546      546   (0)    546  : 1.0000 0.0000 0.0000 0.0000 0.0000
547      547   (0)    547  : 0.0114 0.0000 0.0000 0.8052 0.1834
548      548   (0)    548  : 0.0002 0.0000 0.9588 0.0410 0.0000
549      549   (0)    549  : 0.0906 0.0000 0.0000 0.4840 0.4254
550      550   (0)    550  : 0.0268 0.0000 0.0002 0.7906 0.1823
551      551   (0)    551  : 0.0000 0.0000 0.0000 0.8122 0.1878
552      552   (0)    552  : 0.0008 0.0000 0.5150 0.4560 0.0282
553      553   (0)    553  : 0.0000 0.0000 0.0000 1.0000 0.0000
554      554   (0)    554  : 0.0000 0.0000 0.0000 1.0000 0.0000
555      555   (0)    555  : 0.0000 0.0000 1.0000 0.0000 0.0000
556      556   (0)    556  : 0.0000 0.0000 1.0000 0.0000 0.0000
557      557   (0)    557  : 0.0000 0.0000 1.0000 0.0000 0.0000
558      558   (0)    558  : 0.0000 0.0000 0.9890 0.0110 0.0000
559      559   (0)    559  : 0.0000 0.0000 1.0000 0.0000 0.0000
560      560   (0)    560  : 0.1730 0.0160 0.5145 0.0010 0.2955
561      561   (0)    561  : 0.2428 0.0000 0.2971 0.1828 0.2773
562      562   (0)    562  : 0.0156 0.0110 0.0000 0.9199 0.0534
563      563   (0)    563  : 0.0002 0.9990 0.0000 0.0000 0.0008
564      564   (0)    564  : 0.1958 0.0250 0.0460 0.5730 0.1602
565      565   (0)    565  : 0.0000 0.4170 0.5830 0.0000 0.0000
566      566   (0)    566  : 0.0000 0.3920 0.6080 0.0000 0.0000
567      567   (1)    567  : 0.0000 0.0730 0.9270 0.0000 0.0000
568      568   (0)    568  : 0.0362 0.0050 0.9570 0.0000 0.0018
569      569   (0)    569  : 0.0000 0.0000 0.0000 1.0000 0.0000
570      570   (0)    570  : 0.0000 0.9838 0.0160 0.0002 0.0000
571      571   (0)    571  : 0.0000 1.0000 0.0000 0.0000 0.0000
572      572   (0)    572  : 0.0010 0.0020 0.0000 0.7674 0.2296
573      573   (0)    573  : 0.0438 0.0000 0.0026 0.7548 0.1988
574      574   (0)    574  : 0.0000 0.0000 1.0000 0.0000 0.0000
575      575   (0)    575  : 0.0000 0.0000 1.0000 0.0000 0.0000
576      576   (0)    576  : 0.0000 0.0000 0.0000 1.0000 0.0000
577      577   (0)    577  : 0.0114 0.0000 0.0330 0.9250 0.0306
578      578   (0)    578  : 0.0238 0.0000 0.0000 0.7780 0.1982
579      579   (0)    579  : 0.0687 0.0000 0.0270 0.6705 0.2338
580      580   (0)    580  : 0.0460 0.0000 0.1583 0.7956 0.0000
581      581   (0)    581  : 0.1082 0.0000 0.3600 0.3370 0.1948
582      582   (0)    582  : 0.0000 0.9830 0.0170 0.0000 0.0000
583      583   (0)    583  : 0.0000 0.9740 0.0260 0.0000 0.0000
584      584   (0)    584  : 0.1642 0.1810 0.0450 0.5260 0.0838
585      585   (0)    585  : 0.0000 1.0000 0.0000 0.0000 0.0000
586      586   (0)    586  : 0.0364 0.0000 0.0110 0.7062 0.2464
587      587   (0)    587  : 0.0000 0.9820 0.0180 0.0000 0.0000
588      588   (0)    588  : 0.0000 0.9660 0.0340 0.0000 0.0000
589      589   (0)    589  : 0.0000 1.0000 0.0000 0.0000 0.0000
590      590   (0)    590  : 0.0096 0.0000 0.0000 0.9880 0.0024
591      591   (0)    591  : 0.0558 0.3009 0.0350 0.4531 0.1552
592      592   (0)    592  : 0.0000 0.8610 0.1390 0.0000 0.0000
593      593   (0)    593  : 0.0382 0.8330 0.0932 0.0122 0.0234
594      594   (0)    594  : 0.0000 0.0000 1.0000 0.0000 0.0000
595      595   (0)    595  : 0.0390 0.0000 0.0000 0.9610 0.0000
596      596   (0)    596  : 0.0118 0.0070 0.2498 0.6835 0.0480
597      597   (0)    597  : 0.0078 0.6259 0.0030 0.3561 0.0072
598      598   (0)    598  : 0.0000 1.0000 0.0000 0.0000 0.0000
599      599   (0)    599  : 0.0000 0.9698 0.0232 0.0070 0.0000
600      600   (0)    600  : 0.0000 1.0000 0.0000 0.0000 0.0000
601      601   (0)    601  : 0.0000 0.9840 0.0160 0.0000 0.0000
602      602   (0)    602  : 0.0000 0.9820 0.0070 0.0000 0.0110
603      603   (0)    603  : 0.0120 0.9380 0.0350 0.0000 0.0150
604      604   (0)    604  : 0.0000 0.9638 0.0022 0.0000 0.0340
605      605   (0)    605  : 0.0000 1.0000 0.0000 0.0000 0.0000
606      606   (0)    606  : 0.0000 0.9990 0.0010 0.0000 0.0000
607      607   (0)    607  : 0.0000 1.0000 0.0000 0.0000 0.0000
608      608   (0)    608  : 0.0000 0.9910 0.0090 0.0000 0.0000
609      609   (0)    609  : 0.0080 0.9920 0.0000 0.0000 0.0000
610      610   (0)    610  : 0.0000 1.0000 0.0000 0.0000 0.0000
611      611   (0)    611  : 0.0792 0.8897 0.0210 0.0100 0.0000
612      612   (0)    612  : 0.0080 0.9570 0.0350 0.0000 0.0000
613      613   (0)    613  : 0.0000 1.0000 0.0000 0.0000 0.0000
614      614   (0)    614  : 0.1210 0.5060 0.0132 0.0000 0.3598
615      615   (0)    615  : 0.0000 0.9990 0.0000 0.0010 0.0000
616      616   (0)    616  : 0.0010 0.9990 0.0000 0.0000 0.0000
617      617   (0)    617  : 0.0018 0.9488 0.0220 0.0162 0.0112
618      618   (0)    618  : 0.0000 1.0000 0.0000 0.0000 0.0000
619      619   (0)    619  : 0.0190 0.4750 0.2000 0.3040 0.0020
620      620   (0)    620  : 0.0012 0.9640 0.0260 0.0088 0.0000
621      621   (0)    621  : 0.2712 0.4500 0.0120 0.2546 0.0122
622      622   (0)    622  : 0.3108 0.0240 0.2440 0.2468 0.1744
623      623   (0)    623  : 0.0000 0.0000 1.0000 0.0000 0.0000
624      624   (0)    624  : 0.0000 0.9982 0.0018 0.0000 0.0000
625      625   (0)    625  : 0.0000 1.0000 0.0000 0.0000 0.0000
626      626   (0)    626  : 0.0000 0.9990 0.0010 0.0000 0.0000
627      627   (0)    627  : 0.0000 1.0000 0.0000 0.0000 0.0000
628      628   (0)    628  : 0.0000 0.9910 0.0090 0.0000 0.0000
629      629   (0)    629  : 0.0000 0.9768 0.0222 0.0010 0.0000
630      630   (0)    630  : 0.0000 1.0000 0.0000 0.0000 0.0000
631      631   (0)    631  : 0.0000 0.0000 0.5069 0.4551 0.0380
632      632   (0)    632  : 0.0000 0.0000 0.9840 0.0160 0.0000
633      633   (0)    633  : 0.0016 0.0200 0.9668 0.0116 0.0000
634      634   (0)    634  : 0.0000 0.0833 0.9167 0.0000 0.0000
635      635   (0)    635  : 0.0010 0.0360 0.9620 0.0000 0.0010
636      636   (0)    636  : 0.0000 0.0150 0.9582 0.0268 0.0000
637      637   (0)    637  : 0.0000 0.0000 0.9770 0.0220 0.0010
638      638   (0)    638  : 0.0056 0.0000 0.8923 0.1013 0.0008
639      639   (0)    639  : 0.0000 0.0000 1.0000 0.0000 0.0000
640      640   (0)    640  : 0.0000 0.0000 0.9952 0.0048 0.0000
641      641   (0)    641  : 0.0000 0.0072 0.9786 0.0142 0.0000
642      642   (0)    642  : 0.0000 0.0232 0.9680 0.0088 0.0000
643      643   (0)    643  : 0.0000 0.0080 0.9920 0.0000 0.0000
644      644   (0)    644  : 0.0000 0.0000 1.0000 0.0000 0.0000
645      645   (0)    645  : 0.0000 0.4189 0.0000 0.5811 0.0000
646      646   (0)    646  : 0.0669 0.4846 0.0000 0.0186 0.4299
647      647   (0)    647  : 0.0000 0.9972 0.0000 0.0010 0.0018
648      648   (0)    648  : 0.0000 0.9600 0.0400 0.0000 0.0000
649      649   (0)    649  : 0.0000 0.9810 0.0190 0.0000 0.0000
650      650   (0)    650  : 0.0000 0.9770 0.0230 0.0000 0.0000
651      651   (0)    651  : 0.0008 0.9660 0.0230 0.0000 0.0102
652      652   (0)    652  : 0.0000 0.0000 1.0000 0.0000 0.0000
653      653   (0)    653  : 0.0000 0.9768 0.0142 0.0090 0.0000
654      654   (0)    654  : 0.0000 0.0000 0.0000 1.0000 0.0000
655      655   (0)    655  : 0.0000 0.0000 0.0000 1.0000 0.0000
656      656   (0)    656  : 0.0000 0.4040 0.0000 0.5960 0.0000
657      657   (0)    657  : 0.0132 0.8480 0.0846 0.0060 0.0482
658      658   (0)    658  : 0.0376 0.8122 0.0798 0.0132 0.0572
659      659   (0)    659  : 0.0788 0.6211 0.0740 0.0240 0.2020
660      660   (0)    660  : 0.0012 0.8228 0.0630 0.0022 0.1108
661      661   (0)    661  : 0.0584 0.7696 0.0863 0.0388 0.0468
662      662   (0)    662  : 0.0378 0.7532 0.0759 0.0000 0.1331
663      663   (0)    663  : 0.0440 0.8547 0.0783 0.0010 0.0220
664      664   (0)    664  : 0.0799 0.5314 0.0522 0.0228 0.3137
665      665   (0)    665  : 0.0074 0.0000 0.9301 0.0486 0.0140
666      666   (0)    666  : 0.0026 0.0000 0.0000 0.8440 0.1534
667      667   (0)    667  : 0.0500 0.0060 0.0528 0.8310 0.0602
668      668   (0)    668  : 0.0002 0.0010 0.0370 0.8287 0.1331
669      669   (0)    669  : 0.0318 0.0000 0.0450 0.7942 0.1290
670      670   (0)    670  : 0.0000 0.0000 0.0000 0.7748 0.2252
671      671   (0)    671  : 0.0850 0.0000 0.0000 0.3871 0.5279
672      672   (0)    672  : 0.0713 0.0000 0.0000 0.5685 0.3603
673      673   (0)    673  : 0.0018 0.0022 0.0320 0.8902 0.0738
674      674   (0)    674  : 0.0000 0.0000 0.0138 0.7622 0.2240
675      675   (0)    675  : 0.0006 0.0000 0.0000 0.7870 0.2124
676      676   (0)    676  : 0.0000 0.0000 0.0000 0.7988 0.2012
677      677   (0)    677  : 0.0000 0.0000 0.4701 0.4081 0.1218
678      678   (0)    678  : 0.0000 0.0000 0.0000 0.8082 0.1918
679      679   (0)    679  : 0.0160 0.0000 0.0000 0.9840 0.0000
680      680   (0)    680  : 0.0000 0.0000 0.0000 1.0000 0.0000
681      681   (0)    681  : 0.0000 0.0000 0.0250 0.8862 0.0888
682      682   (0)    682  : 0.0000 0.4460 0.0000 0.5200 0.0340
683      683   (0)    683  : 0.0088 0.0000 0.0570 0.7882 0.1460
684      684   (0)    684  : 0.0000 0.0000 1.0000 0.0000 0.0000
685      685   (0)    685  : 0.0000 0.0000 0.0000 0.8260 0.1740
686      686   (0)    686  : 0.0000 0.0000 1.0000 0.0000 0.0000
687      687   (0)    687  : 0.0128 0.0000 0.5755 0.4117 0.0000
688      688   (0)    688  : 0.0000 0.8629 0.1371 0.0000 0.0000
689      689   (0)    689  : 0.0020 0.0080 0.8393 0.1109 0.0398
690      690   (0)    690  : 0.0000 0.9039 0.0000 0.0961 0.0000
691      691   (0)    691  : 0.0028 0.0080 0.0198 0.9694 0.0000
692      692   (0)    692  : 0.1160 0.0000 0.0000 0.4170 0.4670
693      693   (0)    693  : 0.0022 0.9309 0.0000 0.0669 0.0000
694      694   (0)    694  : 0.0000 0.9140 0.0000 0.0860 0.0000
695      695   (0)    695  : 0.0000 0.9302 0.0000 0.0698 0.0000
696      696   (0)    696  : 0.0222 0.0060 0.0220 0.8590 0.0908
697      697   (0)    697  : 0.0296 0.0080 0.0310 0.8522 0.0792
698      698   (0)    698  : 0.0000 0.0000 1.0000 0.0000 0.0000
699      699   (0)    699  : 0.0617 0.0010 0.0000 0.6989 0.2384
700      700   (0)    700  : 0.0000 1.0000 0.0000 0.0000 0.0000
701      701   (0)    701  : 0.0228 0.3420 0.5630 0.0340 0.0382
702      702   (0)    702  : 0.0000 0.9770 0.0230 0.0000 0.0000
703      703   (0)    703  : 0.0332 0.0000 0.9030 0.0548 0.0090
704      704   (0)    704  : 0.0000 0.9988 0.0012 0.0000 0.0000
705      705   (0)    705  : 0.0000 0.9070 0.0000 0.0930 0.0000
706      706   (0)    706  : 0.0056 0.0000 0.0572 0.9361 0.0010
707      707   (0)    707  : 0.0000 0.3900 0.0000 0.5340 0.0760
708      708   (0)    708  : 0.0000 1.0000 0.0000 0.0000 0.0000
709      709   (0)    709  : 0.0000 0.0000 1.0000 0.0000 0.0000
710      710   (0)    710  : 0.0000 0.0000 0.8840 0.0650 0.0510
711      711   (0)    711  : 0.0018 0.0000 0.0000 0.9982 0.0000
712      712   (0)    712  : 0.0070 0.0000 0.9930 0.0000 0.0000
713      713   (0)    713  : 0.0200 0.0000 0.0352 0.6820 0.2628
714      714   (0)    714  : 0.0000 0.1892 0.1713 0.5474 0.0921
715      715   (0)    715  : 0.0000 1.0000 0.0000 0.0000 0.0000
716      716   (0)    716  : 0.0000 0.0000 0.0000 0.9906 0.0094
717      717   (0)    717  : 0.0000 0.8640 0.1360 0.0000 0.0000
718      718   (0)    718  : 0.0374 0.0000 0.0520 0.5580 0.3526
719      719   (0)    719  : 0.0160 0.8870 0.0610 0.0272 0.0088
720      720   (0)    720  : 0.0000 1.0000 0.0000 0.0000 0.0000
721      721   (0)    721  : 0.0000 0.9700 0.0300 0.0000 0.0000
722      722   (1)    722  : 0.0000 0.0668 0.9332 0.0000 0.0000
723      723   (0)    723  : 0.0000 0.9720 0.0280 0.0000 0.0000
724      724   (0)    724  : 0.0000 1.0000 0.0000 0.0000 0.0000
725      725   (0)    725  : 0.0000 0.9660 0.0020 0.0010 0.0310
726      726   (0)    726  : 0.0024 0.8857 0.0751 0.0262 0.0106
727      727   (0)    727  : 0.0002 0.9878 0.0062 0.0000 0.0058
728      728   (0)    728  : 0.0128 0.1698 0.0000 0.7764 0.0410
729      729   (0)    729  : 0.0000 0.9500 0.0500 0.0000 0.0000
730      730   (0)    730  : 0.0000 0.9410 0.0590 0.0000 0.0000
731      731   (0)    731  : 0.0040 0.1150 0.8810 0.0000 0.0000
732      732   (0)    732  : 0.0000 0.0000 1.0000 0.0000 0.0000
733      733   (0)    733  : 0.0000 1.0000 0.0000 0.0000 0.0000
734      734   (0)    734  : 0.4703 0.0000 0.4771 0.0428 0.0098
735      735   (0)    735  : 0.0000 0.9388 0.0602 0.0010 0.0000
736      736   (4)    736  : 0.0586 0.0000 0.5198 0.3442 0.0774
737      737   (0)    737  : 0.0000 1.0000 0.0000 0.0000 0.0000
738      738   (0)    738  : 0.0020 0.9980 0.0000 0.0000 0.0000
739      739   (1)    739  : 0.0040 0.0602 0.9350 0.0000 0.0008
740      740   (0)    740  : 0.0000 0.9650 0.0350 0.0000 0.0000
741      741   (0)    741  : 0.0000 0.9940 0.0060 0.0000 0.0000
742      742   (0)    742  : 0.0002 0.2771 0.3991 0.3209 0.0028
743      743   (0)    743  : 0.0000 0.0298 0.3311 0.6391 0.0000
744      744   (0)    744  : 0.0000 0.0310 0.3317 0.6373 0.0000
745      745   (0)    745  : 0.0036 0.2150 0.7410 0.0000 0.0404
746      746   (0)    746  : 0.0000 0.0821 0.8647 0.0444 0.0088
747      747   (0)    747  : 0.0000 1.0000 0.0000 0.0000 0.0000
748      748   (0)    748  : 0.0020 0.9958 0.0010 0.0000 0.0012
749      749   (0)    749  : 0.0010 0.0000 0.0490 0.8440 0.1060
750      750   (0)    750  : 0.0296 0.0450 0.9165 0.0034 0.0056
751      751   (0)    751  : 0.3343 0.6557 0.0100 0.0000 0.0000
752      752   (0)    752  : 0.0392 0.7994 0.0721 0.0042 0.0851
753      753   (0)    753  : 0.0452 0.7600 0.0980 0.0340 0.0628
754      754   (0)    754  : 0.6830 0.0000 0.0050 0.0000 0.3120
755      755   (0)    755  : 0.6226 0.0000 0.0050 0.0000 0.3724
