1        1   (0)      1  : 0.0749 0.0000 0.0779 0.7552 0.0919 0.0000
2        2   (4)      2  : 0.0000 0.0000 0.0000 0.0000 0.0000 1.0000
3        3   (2)      3  : 0.0000 0.0000 0.0000 0.0000 0.0000 1.0000
4        4   (2)      4  : 0.0000 0.0000 0.0000 0.0000 0.0000 1.0000
5        5   (2)      5  : 0.0030 0.0000 0.0000 0.0000 0.0010 0.9960
6        6   (0)      6  : 0.4340 0.0000 0.0000 0.0000 0.5660 0.0000
7        7   (0)      7  : 0.0000 0.0000 0.0000 0.0000 0.0000 1.0000
8        8   (0)      8  : 0.0000 0.0000 0.0000 0.0000 0.0000 1.0000
9        9   (0)      9  : 0.0000 0.0000 0.0000 0.0000 0.0000 1.0000
10       10   (0)     10  : 0.0000 0.0000 0.0000 0.0000 0.0000 1.0000
11       11   (0)     11  : 0.0000 0.2388 0.4076 0.0150 0.0010 0.3377
12       12   (0)     12  : 0.0000 0.0780 0.0000 0.0000 0.0000 0.9220
13       13   (1)     13  : 0.0000 0.0000 0.0000 0.0000 0.0000 1.0000
14       14   (0)     14  : 0.0000 0.0190 0.1550 0.3160 0.0000 0.5100
15       15   (0)     15  : 0.0000 0.6500 0.0180 0.0000 0.0000 0.3320
16       16   (0)     16  : 0.0000 0.7090 0.0000 0.0000 0.0000 0.2910
17       17   (0)     17  : 0.0000 0.5870 0.0000 0.0000 0.0000 0.4130
18       18   (0)     18  : 0.0170 0.2110 0.1890 0.1190 0.1450 0.3190
19       19   (0)     19  : 0.0000 0.1310 0.0000 0.0000 0.0000 0.8690
20       20   (0)     20  : 0.0000 0.0840 0.0470 0.0160 0.0000 0.8530
21       21   (5)     21  : 0.8650 0.0000 0.0000 0.0000 0.1350 0.0000
22       22   (0)     22  : 0.8610 0.0000 0.0000 0.0000 0.1390 0.0000
23       23   (0)     23  : 0.7770 0.0000 0.0000 0.0000 0.2230 0.0000
24       24   (0)     24  : 0.7180 0.0000 0.0000 0.0000 0.2820 0.0000
25       25   (0)     25  : 0.5330 0.0000 0.0000 0.0000 0.4600 0.0070
26       26   (0)     26  : 0.1300 0.0000 0.0590 0.1470 0.6640 0.0000
27       27   (0)     27  : 0.2330 0.0000 0.0000 0.0000 0.7670 0.0000
28       28   (0)     28  : 0.2900 0.0000 0.0000 0.0000 0.7000 0.0100
29       29   (0)     29  : 0.2583 0.0000 0.0000 0.0000 0.7217 0.0200
30       30   (1)     30  : 0.2110 0.0000 0.0000 0.0000 0.7890 0.0000
31       31   (1)     31  : 0.2843 0.0000 0.0210 0.0060 0.6887 0.0000
32       32   (1)     32  : 0.5510 0.0000 0.0000 0.0000 0.4490 0.0000
33       33   (0)     33  : 0.3500 0.0000 0.0000 0.0000 0.6500 0.0000
34       34   (0)     34  : 0.4170 0.0000 0.0000 0.0270 0.5560 0.0000
35       35   (0)     35  : 0.4110 0.0000 0.0000 0.0000 0.5720 0.0170
36       36   (0)     36  : 0.2710 0.0000 0.0000 0.0000 0.7090 0.0200
37       37   (0)     37  : 0.5030 0.0000 0.0180 0.0010 0.4780 0.0000
38       38   (0)     38  : 0.3560 0.0000 0.0000 0.0420 0.6020 0.0000
39       39   (0)     39  : 0.8008 0.0000 0.0000 0.0000 0.1952 0.0040
40       40   (0)     40  : 0.4386 0.0000 0.0130 0.0130 0.5235 0.0120
41       41   (0)     41  : 0.5430 0.0000 0.0080 0.0780 0.3710 0.0000
42       42   (0)     42  : 0.3910 0.0000 0.0000 0.0000 0.5460 0.0630
43       43   (0)     43  : 0.3070 0.0000 0.0000 0.0000 0.6930 0.0000
44       44   (0)     44  : 0.5375 0.0000 0.0000 0.0000 0.4555 0.0070
45       45   (0)     45  : 0.6090 0.0000 0.0000 0.0000 0.3860 0.0050
46       46   (0)     46  : 0.5580 0.0000 0.0000 0.0000 0.4420 0.0000
47       47   (0)     47  : 0.7320 0.0000 0.0000 0.0000 0.2680 0.0000
48       48   (0)     48  : 0.3644 0.0000 0.0000 0.0230 0.6066 0.0060
49       49   (0)     49  : 1.0000 0.0000 0.0000 0.0000 0.0000 0.0000
50       50   (0)     50  : 0.3320 0.0000 0.0000 0.0000 0.6680 0.0000
51       51   (0)     51  : 0.5710 0.0000 0.0030 0.0140 0.4120 0.0000
52       52   (0)     52  : 0.7160 0.0000 0.0000 0.0000 0.2840 0.0000
53       53   (0)     53  : 0.8710 0.0000 0.0000 0.0000 0.1290 0.0000
54       54   (0)     54  : 0.2760 0.0000 0.0000 0.0000 0.7240 0.0000
55       55   (0)     55  : 0.8860 0.0000 0.0000 0.0000 0.1140 0.0000
56       56   (0)     56  : 0.1992 0.0000 0.0000 0.0360 0.7648 0.0000
57       57   (0)     57  : 0.2990 0.0000 0.0000 0.0000 0.7010 0.0000
58       58   (0)     58  : 0.8881 0.0000 0.0000 0.0000 0.1059 0.0060
59       59   (0)     59  : 0.5060 0.0000 0.0100 0.0000 0.4840 0.0000
60       60   (0)     60  : 0.3800 0.0000 0.0000 0.0000 0.6200 0.0000
61       61   (0)     61  : 0.5435 0.0000 0.0080 0.0641 0.3844 0.0000
62       62   (0)     62  : 0.5560 0.0110 0.0100 0.0000 0.4230 0.0000
63       63   (0)     63  : 0.7670 0.0000 0.0000 0.0000 0.2330 0.0000
64       64   (0)     64  : 0.2320 0.0000 0.0000 0.0000 0.7680 0.0000
65       65   (0)     65  : 0.4705 0.0000 0.0000 0.0000 0.5275 0.0020
66       66   (0)     66  : 0.3700 0.0000 0.0000 0.0000 0.6300 0.0000
67       67   (0)     67  : 0.3670 0.0000 0.0000 0.0000 0.6330 0.0000
68       68   (0)     68  : 0.3530 0.0000 0.0040 0.0050 0.6380 0.0000
69       69   (0)     69  : 0.5580 0.0000 0.0000 0.0000 0.4420 0.0000
70       70   (0)     70  : 0.8100 0.0000 0.0000 0.0000 0.1900 0.0000
71       71   (0)     71  : 0.7000 0.0000 0.0000 0.0000 0.2990 0.0010
72       72   (0)     72  : 0.2830 0.0000 0.0000 0.0000 0.6980 0.0190
73       73   (0)     73  : 0.6260 0.0000 0.0000 0.0000 0.3740 0.0000
74       74   (0)     74  : 0.5140 0.0000 0.0000 0.0300 0.4560 0.0000
75       75   (0)     75  : 0.5810 0.0000 0.0000 0.0000 0.4190 0.0000
76       76   (0)     76  : 0.1680 0.0000 0.0280 0.1530 0.6510 0.0000
77       77   (0)     77  : 0.2100 0.0000 0.0000 0.0000 0.7900 0.0000
78       78   (0)     78  : 0.4124 0.0000 0.0691 0.0000 0.5185 0.0000
79       79   (0)     79  : 0.2610 0.0000 0.0170 0.0210 0.7010 0.0000
80       80   (0)     80  : 0.2250 0.0000 0.0000 0.0550 0.7200 0.0000
81       81   (0)     81  : 0.5145 0.0000 0.0000 0.0000 0.4795 0.0060
82       82   (0)     82  : 0.6450 0.0000 0.0000 0.0000 0.3460 0.0090
83       83   (0)     83  : 0.3100 0.0000 0.0000 0.0250 0.6650 0.0000
84       84   (0)     84  : 0.5730 0.0000 0.0000 0.0000 0.4270 0.0000
85       85   (0)     85  : 0.5770 0.0000 0.0000 0.0000 0.4210 0.0020
86       86   (0)     86  : 0.0710 0.0000 0.0000 0.0000 0.9290 0.0000
87       87   (0)     87  : 0.1850 0.0000 0.0000 0.0110 0.8040 0.0000
88       88   (0)     88  : 0.1770 0.0000 0.0000 0.0400 0.7830 0.0000
89       89   (0)     89  : 0.4930 0.0000 0.0000 0.0000 0.5070 0.0000
90       90   (0)     90  : 0.2630 0.0000 0.0000 0.0000 0.7370 0.0000
91       91   (1)     91  : 0.6790 0.0000 0.0000 0.0010 0.3190 0.0010
92       92   (0)     92  : 0.8930 0.0000 0.0000 0.0000 0.1070 0.0000
93       93   (0)     93  : 0.6850 0.0000 0.0000 0.0000 0.3090 0.0060
94       94   (0)     94  : 0.5090 0.0000 0.0000 0.0000 0.4910 0.0000
95       95   (0)     95  : 0.2138 0.0000 0.0000 0.0440 0.7423 0.0000
96       96   (0)     96  : 0.3313 0.0000 0.0000 0.0070 0.6617 0.0000
97       97   (0)     97  : 0.6430 0.0000 0.0000 0.0000 0.3570 0.0000
98       98   (2)     98  : 0.3443 0.0000 0.0000 0.0000 0.6507 0.0050
99       99   (0)     99  : 0.7670 0.0000 0.0000 0.0000 0.2260 0.0070
100      100   (0)    100  : 0.8300 0.0000 0.0000 0.0000 0.1660 0.0040
101      101   (0)    101  : 0.0050 0.5040 0.4560 0.0150 0.0000 0.0200
102      102   (1)    102  : 0.0000 0.0000 0.0000 0.0000 0.0000 1.0000
103      103   (0)    103  : 0.7890 0.0000 0.0230 0.0000 0.1870 0.0010
104      104   (0)    104  : 0.3430 0.0000 0.0000 0.0000 0.6570 0.0000
105      105   (0)    105  : 0.0000 0.0000 0.9940 0.0000 0.0000 0.0060
106      106   (0)    106  : 0.5700 0.0000 0.0000 0.0040 0.4260 0.0000
107      107   (0)    107  : 0.7940 0.0000 0.0000 0.0000 0.2060 0.0000
108      108   (0)    108  : 0.1201 0.0000 0.0000 0.0410 0.8388 0.0000
109      109   (0)    109  : 0.1660 0.0000 0.0000 0.0310 0.8030 0.0000
110      110   (0)    110  : 0.1880 0.0000 0.0000 0.0100 0.8020 0.0000
111      111   (0)    111  : 0.1970 0.0000 0.0530 0.0980 0.6520 0.0000
112      112   (0)    112  : 0.1350 0.0000 0.0070 0.0660 0.7920 0.0000
113      113   (0)    113  : 0.3140 0.0000 0.0100 0.0200 0.6560 0.0000
114      114   (0)    114  : 0.3440 0.0000 0.0000 0.0000 0.6560 0.0000
115      115   (0)    115  : 1.0000 0.0000 0.0000 0.0000 0.0000 0.0000
116      116   (0)    116  : 0.4660 0.0000 0.0000 0.0000 0.5340 0.0000
117      117   (0)    117  : 0.3140 0.0000 0.0000 0.0010 0.6850 0.0000
118      118   (0)    118  : 0.3420 0.0000 0.0070 0.0170 0.6230 0.0110
119      119   (0)    119  : 0.3340 0.0000 0.0000 0.0500 0.6160 0.0000
120      120   (0)    120  : 0.3140 0.0000 0.0000 0.0720 0.6140 0.0000
121      121   (0)    121  : 0.1280 0.0000 0.0000 0.2750 0.5970 0.0000
122      122   (0)    122  : 0.5160 0.0000 0.0000 0.0010 0.4830 0.0000
123      123   (0)    123  : 0.5300 0.0000 0.0000 0.0000 0.4700 0.0000
124      124   (0)    124  : 0.2890 0.0000 0.0000 0.0000 0.7110 0.0000
125      125   (0)    125  : 0.8050 0.0000 0.0000 0.0000 0.1950 0.0000
126      126   (0)    126  : 0.3263 0.0000 0.0000 0.0070 0.6667 0.0000
127      127   (0)    127  : 0.5140 0.0000 0.0000 0.0000 0.4860 0.0000
128      128   (0)    128  : 0.6230 0.0000 0.0000 0.0000 0.3770 0.0000
129      129   (0)    129  : 0.2570 0.0000 0.0130 0.0440 0.6860 0.0000
130      130   (0)    130  : 0.5125 0.0000 0.0000 0.0260 0.4615 0.0000
131      131   (0)    131  : 0.2490 0.0000 0.0000 0.0000 0.7510 0.0000
132      132   (0)    132  : 0.6020 0.0000 0.0000 0.0260 0.3720 0.0000
133      133   (0)    133  : 0.1912 0.0000 0.0310 0.1231 0.6547 0.0000
134      134   (0)    134  : 0.4090 0.0000 0.0000 0.0000 0.5910 0.0000
135      135   (0)    135  : 0.2903 0.0000 0.0050 0.1181 0.5866 0.0000
136      136   (0)    136  : 0.1728 0.0000 0.0000 0.0290 0.7982 0.0000
137      137   (0)    137  : 0.7400 0.0000 0.0000 0.0000 0.2600 0.0000
138      138   (0)    138  : 0.2970 0.0000 0.0000 0.0000 0.7030 0.0000
139      139   (0)    139  : 0.3260 0.0000 0.0000 0.0000 0.6740 0.0000
140      140   (0)    140  : 0.8140 0.0000 0.0000 0.0000 0.1860 0.0000
141      141   (0)    141  : 0.1960 0.0000 0.0000 0.0340 0.7700 0.0000
142      142   (0)    142  : 0.5790 0.0000 0.0000 0.0000 0.4210 0.0000
143      143   (0)    143  : 0.1320 0.0000 0.0040 0.0020 0.8620 0.0000
144      144   (0)    144  : 0.2110 0.0000 0.0640 0.1250 0.6000 0.0000
145      145   (0)    145  : 0.2970 0.0000 0.0290 0.1000 0.5740 0.0000
146      146   (0)    146  : 0.2080 0.0000 0.0150 0.1840 0.5930 0.0000
147      147   (0)    147  : 0.2310 0.0000 0.0110 0.0000 0.7450 0.0130
148      148   (0)    148  : 0.2760 0.0000 0.0170 0.0000 0.7070 0.0000
149      149   (0)    149  : 0.7330 0.0000 0.0080 0.0080 0.2510 0.0000
150      150   (0)    150  : 0.4220 0.0000 0.0050 0.0000 0.5730 0.0000
151      151   (0)    151  : 0.0780 0.0000 0.0000 0.0000 0.9220 0.0000
152      152   (0)    152  : 0.1730 0.0000 0.0000 0.0000 0.8270 0.0000
153      153   (0)    153  : 0.1110 0.0000 0.0000 0.0000 0.8890 0.0000
154      154   (0)    154  : 0.8540 0.0000 0.0000 0.0000 0.1460 0.0000
155      155   (0)    155  : 0.5480 0.0000 0.0000 0.0000 0.4520 0.0000
156      156   (0)    156  : 0.5380 0.0000 0.0000 0.0000 0.4620 0.0000
157      157   (0)    157  : 0.3700 0.0000 0.0000 0.0460 0.5840 0.0000
158      158   (0)    158  : 0.6220 0.0000 0.0000 0.0000 0.3780 0.0000
159      159   (0)    159  : 0.6244 0.0000 0.0000 0.0010 0.3726 0.0020
160      160   (0)    160  : 0.1421 0.0000 0.0060 0.3243 0.5275 0.0000
161      161   (0)    161  : 0.9400 0.0000 0.0000 0.0000 0.0600 0.0000
162      162   (0)    162  : 0.5590 0.0000 0.0000 0.0090 0.4320 0.0000
163      163   (0)    163  : 0.4080 0.0000 0.0000 0.0000 0.5920 0.0000
164      164   (0)    164  : 0.6847 0.0000 0.0000 0.0160 0.2973 0.0020
165      165   (0)    165  : 0.5630 0.0000 0.0000 0.0000 0.4370 0.0000
166      166   (0)    166  : 0.5950 0.0000 0.0720 0.0000 0.3190 0.0140
167      167   (0)    167  : 0.4890 0.0000 0.0000 0.0890 0.4220 0.0000
168      168   (0)    168  : 0.1510 0.0000 0.0000 0.0140 0.8350 0.0000
169      169   (0)    169  : 0.5200 0.0000 0.0110 0.0000 0.4690 0.0000
170      170   (0)    170  : 0.5960 0.0000 0.0160 0.0020 0.3830 0.0030
171      171   (0)    171  : 0.2660 0.0060 0.0000 0.0020 0.5450 0.1810
172      172   (0)    172  : 0.2470 0.0000 0.0000 0.0000 0.7530 0.0000
173      173   (0)    173  : 0.3270 0.0000 0.0000 0.0000 0.6680 0.0050
174      174   (0)    174  : 0.5130 0.0000 0.0000 0.1990 0.2880 0.0000
175      175   (0)    175  : 0.6110 0.0000 0.0000 0.0000 0.3850 0.0040
176      176   (0)    176  : 0.6290 0.0000 0.0000 0.0000 0.3560 0.0150
177      177   (0)    177  : 0.3674 0.0000 0.0020 0.0000 0.6306 0.0000
178      178   (0)    178  : 0.3060 0.0000 0.0270 0.0190 0.6470 0.0010
179      179   (0)    179  : 0.7830 0.0000 0.0000 0.0000 0.2170 0.0000
180      180   (0)    180  : 0.4760 0.0000 0.0010 0.0000 0.5160 0.0070
181      181   (0)    181  : 0.6703 0.0000 0.0130 0.0000 0.3157 0.0010
182      182   (0)    182  : 0.1550 0.0000 0.0000 0.0540 0.7890 0.0020
183      183   (0)    183  : 0.2690 0.0000 0.0000 0.0000 0.7310 0.0000
184      184   (0)    184  : 0.2060 0.0000 0.0000 0.0000 0.7940 0.0000
185      185   (0)    185  : 0.3880 0.0110 0.0360 0.0580 0.3820 0.1250
186      186   (0)    186  : 0.2890 0.0000 0.0020 0.0000 0.7040 0.0050
187      187   (0)    187  : 0.5770 0.0000 0.0000 0.0260 0.3970 0.0000
188      188   (0)    188  : 0.3073 0.0000 0.0000 0.0000 0.6927 0.0000
189      189   (0)    189  : 0.1099 0.0000 0.0090 0.0649 0.8162 0.0000
190      190   (0)    190  : 0.4210 0.0000 0.0060 0.0000 0.5620 0.0110
191      191   (0)    191  : 0.2553 0.0070 0.0250 0.0751 0.4334 0.2042
192      192   (0)    192  : 0.2903 0.0000 0.0460 0.0000 0.6637 0.0000
193      193   (0)    193  : 0.2830 0.0000 0.0190 0.0080 0.6900 0.0000
194      194   (0)    194  : 0.5330 0.0010 0.0010 0.0100 0.4550 0.0000
195      195   (0)    195  : 0.2450 0.0000 0.0000 0.0000 0.7550 0.0000
196      196   (0)    196  : 0.9200 0.0000 0.0000 0.0000 0.0800 0.0000
197      197   (0)    197  : 0.0010 0.0000 0.2482 0.0871 0.6637 0.0000
198      198   (0)    198  : 0.8830 0.0000 0.0000 0.0000 0.1170 0.0000
199      199   (0)    199  : 0.4070 0.0000 0.0450 0.0700 0.4780 0.0000
200      200   (0)    200  : 0.5150 0.0000 0.0080 0.0370 0.4380 0.0020
201      201   (0)    201  : 0.1101 0.0000 0.0270 0.0611 0.8018 0.0000
202      202   (0)    202  : 0.6250 0.0000 0.0000 0.0000 0.3750 0.0000
203      203   (0)    203  : 0.2380 0.0000 0.0250 0.0250 0.7120 0.0000
204      204   (0)    204  : 0.6414 0.0000 0.0000 0.0000 0.3447 0.0140
205      205   (0)    205  : 0.9920 0.0000 0.0000 0.0000 0.0080 0.0000
206      206   (0)    206  : 0.9180 0.0000 0.0000 0.0000 0.0820 0.0000
207      207   (0)    207  : 0.5040 0.0000 0.0000 0.0000 0.4960 0.0000
208      208   (0)    208  : 0.5760 0.0000 0.0000 0.0000 0.4230 0.0010
209      209   (0)    209  : 0.2630 0.0000 0.0000 0.0000 0.7370 0.0000
210      210   (1)    210  : 0.0000 0.0000 0.0000 0.0000 0.0000 1.0000
211      211   (0)    211  : 0.4390 0.0000 0.0000 0.0000 0.5530 0.0080
212      212   (0)    212  : 1.0000 0.0000 0.0000 0.0000 0.0000 0.0000
213      213   (0)    213  : 0.7990 0.0000 0.0000 0.0000 0.2010 0.0000
214      214   (2)    214  : 0.0140 0.0000 0.0000 0.8150 0.1710 0.0000
215      215   (0)    215  : 0.0490 0.0000 0.0000 0.7518 0.1992 0.0000
216      216   (0)    216  : 0.5370 0.0000 0.0000 0.0000 0.4630 0.0000
217      217   (2)    217  : 0.0500 0.0000 0.0000 0.7490 0.2010 0.0000
218      218   (1)    218  : 0.0260 0.0000 0.0180 0.8112 0.1089 0.0360
219      219   (2)    219  : 0.0000 0.0000 0.1870 0.0000 0.0000 0.8130
220      220   (1)    220  : 0.0000 0.0000 0.0000 1.0000 0.0000 0.0000
221      221   (1)    221  : 0.0511 0.0000 0.0170 0.7337 0.1982 0.0000
222      222   (0)    222  : 0.1782 0.0000 0.0000 0.4875 0.3343 0.0000
223      223   (0)    223  : 0.1020 0.0000 0.0000 0.2040 0.6940 0.0000
224      224   (0)    224  : 0.4620 0.0000 0.0000 0.0000 0.5380 0.0000
225      225   (0)    225  : 0.2460 0.0000 0.0000 0.0310 0.7230 0.0000
226      226   (0)    226  : 0.2130 0.0000 0.0130 0.0000 0.7740 0.0000
227      227   (0)    227  : 0.5520 0.0000 0.0020 0.0650 0.3810 0.0000
228      228   (0)    228  : 0.6404 0.0000 0.0280 0.1119 0.2118 0.0080
229      229   (0)    229  : 0.8000 0.0000 0.0000 0.0000 0.2000 0.0000
230      230   (0)    230  : 0.4370 0.0000 0.0000 0.0000 0.5630 0.0000
231      231   (0)    231  : 0.8390 0.0000 0.0000 0.0000 0.1610 0.0000
232      232   (0)    232  : 0.8940 0.0000 0.0000 0.0000 0.1060 0.0000
233      233   (0)    233  : 0.4250 0.0000 0.0000 0.0000 0.5750 0.0000
234      234  (21)    234  : 0.6930 0.0000 0.0000 0.0050 0.3020 0.0000
235      235  (12)    235  : 0.7467 0.0000 0.0000 0.0070 0.2462 0.0000
236      236   (3)    236  : 0.7110 0.0000 0.0000 0.0000 0.2890 0.0000
237      237   (7)    237  : 0.9610 0.0000 0.0000 0.0000 0.0360 0.0030
238      238   (3)    238  : 0.9060 0.0000 0.0000 0.0000 0.0940 0.0000
239      239   (2)    239  : 0.7658 0.0000 0.0000 0.0000 0.2342 0.0000
240      240   (3)    240  : 0.9020 0.0000 0.0000 0.0000 0.0980 0.0000
241      241   (1)    241  : 0.9420 0.0000 0.0000 0.0000 0.0580 0.0000
242      242   (3)    242  : 0.9640 0.0000 0.0000 0.0000 0.0330 0.0030
243      243   (2)    243  : 0.6527 0.0000 0.0000 0.0210 0.3263 0.0000
244      244   (3)    244  : 0.9500 0.0000 0.0000 0.0000 0.0500 0.0000
245      245  (15)    245  : 0.6750 0.0000 0.0000 0.0490 0.2760 0.0000
246      246   (3)    246  : 0.8600 0.0000 0.0000 0.0000 0.1400 0.0000
247      247   (3)    247  : 0.6180 0.0000 0.0000 0.0000 0.3820 0.0000
248      248   (3)    248  : 0.2737 0.0000 0.0120 0.0010 0.7133 0.0000
249      249   (3)    249  : 0.5230 0.0000 0.0000 0.0000 0.4770 0.0000
250      250   (2)    250  : 0.4730 0.0000 0.0000 0.0000 0.5270 0.0000
251      251   (3)    251  : 0.9350 0.0000 0.0000 0.0000 0.0650 0.0000
252      252   (4)    252  : 0.8400 0.0000 0.0000 0.0000 0.1600 0.0000
253      253   (4)    253  : 0.4030 0.0000 0.0000 0.0000 0.5970 0.0000
254      254   (2)    254  : 0.7920 0.0000 0.0000 0.0000 0.2080 0.0000
255      255  (13)    255  : 0.6020 0.0000 0.0000 0.0000 0.3980 0.0000
256      256   (2)    256  : 1.0000 0.0000 0.0000 0.0000 0.0000 0.0000
257      257   (3)    257  : 0.9660 0.0000 0.0000 0.0000 0.0340 0.0000
258      258   (4)    258  : 0.9870 0.0000 0.0000 0.0000 0.0130 0.0000
259      259   (5)    259  : 0.9020 0.0000 0.0000 0.0000 0.0980 0.0000
260      260   (4)    260  : 0.8540 0.0000 0.0000 0.0000 0.1460 0.0000
261      261   (3)    261  : 0.7297 0.0000 0.0000 0.0090 0.2613 0.0000
262      262   (3)    262  : 0.9160 0.0000 0.0000 0.0000 0.0840 0.0000
263      263   (5)    263  : 0.7690 0.0000 0.0000 0.0000 0.2310 0.0000
264      264   (7)    264  : 0.8590 0.0000 0.0000 0.0000 0.1410 0.0000
265      265   (1)    265  : 0.9360 0.0000 0.0000 0.0000 0.0640 0.0000
266      266   (5)    266  : 0.9960 0.0000 0.0000 0.0000 0.0040 0.0000
267      267   (1)    267  : 0.9010 0.0000 0.0000 0.0000 0.0990 0.0000
268      268   (1)    268  : 0.6750 0.0000 0.0000 0.0000 0.3250 0.0000
269      269   (8)    269  : 0.1340 0.0000 0.0000 0.0240 0.8420 0.0000
270      270   (4)    270  : 0.3060 0.0000 0.0000 0.0000 0.6940 0.0000
271      271   (1)    271  : 0.9430 0.0000 0.0000 0.0000 0.0570 0.0000
272      272   (1)    272  : 0.6400 0.0000 0.0020 0.0000 0.3580 0.0000
273      273   (4)    273  : 0.4815 0.0000 0.0060 0.0210 0.4915 0.0000
274      274   (1)    274  : 0.6933 0.0000 0.0000 0.0110 0.2957 0.0000
275      275   (1)    275  : 0.2490 0.0000 0.0000 0.0300 0.7210 0.0000
276      276   (3)    276  : 0.1842 0.0000 0.0000 0.0200 0.7958 0.0000
277      277   (2)    277  : 0.9800 0.0000 0.0000 0.0000 0.0200 0.0000
278      278   (1)    278  : 0.9600 0.0000 0.0000 0.0000 0.0400 0.0000
279      279   (3)    279  : 0.6430 0.0000 0.0000 0.0000 0.3570 0.0000
280      280   (3)    280  : 0.6430 0.0000 0.0000 0.0000 0.3570 0.0000
281      281   (2)    281  : 0.8560 0.0000 0.0000 0.0000 0.1440 0.0000
282      282   (2)    282  : 0.9010 0.0000 0.0000 0.0000 0.0990 0.0000
283      283   (2)    283  : 0.7930 0.0000 0.0000 0.0000 0.2070 0.0000
284      284   (3)    284  : 0.9100 0.0000 0.0000 0.0000 0.0900 0.0000
285      285   (4)    285  : 0.9280 0.0000 0.0000 0.0000 0.0700 0.0020
286      286   (2)    286  : 0.8220 0.0000 0.0000 0.0000 0.1780 0.0000
287      287   (0)    287  : 0.9290 0.0000 0.0000 0.0000 0.0710 0.0000
288      288   (1)    288  : 1.0000 0.0000 0.0000 0.0000 0.0000 0.0000
289      289   (2)    289  : 1.0000 0.0000 0.0000 0.0000 0.0000 0.0000
290      290   (8)    290  : 0.9400 0.0000 0.0000 0.0000 0.0600 0.0000
291      291   (2)    291  : 0.9850 0.0000 0.0000 0.0000 0.0150 0.0000
292      292   (4)    292  : 0.8470 0.0000 0.0000 0.0000 0.1530 0.0000
293      293   (0)    293  : 1.0000 0.0000 0.0000 0.0000 0.0000 0.0000
294      294   (3)    294  : 1.0000 0.0000 0.0000 0.0000 0.0000 0.0000
295      295   (2)    295  : 0.8730 0.0000 0.0000 0.0000 0.1270 0.0000
296      296   (2)    296  : 0.9520 0.0000 0.0000 0.0000 0.0480 0.0000
297      297   (4)    297  : 1.0000 0.0000 0.0000 0.0000 0.0000 0.0000
298      298   (3)    298  : 0.9370 0.0000 0.0000 0.0000 0.0630 0.0000
299      299   (4)    299  : 0.8350 0.0000 0.0000 0.0000 0.1650 0.0000
300      300   (2)    300  : 0.9770 0.0000 0.0000 0.0000 0.0230 0.0000
301      301   (2)    301  : 0.9370 0.0000 0.0000 0.0000 0.0630 0.0000
302      302   (1)    302  : 0.8980 0.0000 0.0000 0.0000 0.1020 0.0000
303      303   (0)    303  : 0.8800 0.0000 0.0000 0.0000 0.1200 0.0000
304      304   (2)    304  : 0.5720 0.0000 0.0000 0.0000 0.4280 0.0000
305      305   (2)    305  : 0.5720 0.0000 0.0000 0.0000 0.4280 0.0000
306      306   (1)    306  : 0.3860 0.0000 0.0180 0.0000 0.5960 0.0000
307      307   (1)    307  : 0.9400 0.0000 0.0000 0.0000 0.0600 0.0000
308      308   (8)    308  : 0.5050 0.0000 0.0000 0.0000 0.4950 0.0000
309      309   (3)    309  : 0.8310 0.0000 0.0000 0.0000 0.1690 0.0000
310      310   (2)    310  : 0.9430 0.0000 0.0000 0.0000 0.0570 0.0000
311      311   (3)    311  : 0.9000 0.0000 0.0000 0.0000 0.1000 0.0000
312      312   (2)    312  : 0.9620 0.0000 0.0030 0.0000 0.0350 0.0000
313      313   (3)    313  : 0.8680 0.0000 0.0000 0.0000 0.1320 0.0000
314      314   (6)    314  : 0.9800 0.0000 0.0000 0.0000 0.0200 0.0000
315      315   (5)    315  : 1.0000 0.0000 0.0000 0.0000 0.0000 0.0000
316      316   (2)    316  : 0.9410 0.0000 0.0000 0.0000 0.0590 0.0000
317      317   (1)    317  : 0.8720 0.0000 0.0000 0.0010 0.1240 0.0030
318      318   (1)    318  : 1.0000 0.0000 0.0000 0.0000 0.0000 0.0000
319      319   (1)    319  : 0.7457 0.0000 0.0000 0.0000 0.2543 0.0000
320      320   (1)    320  : 0.9610 0.0000 0.0000 0.0000 0.0390 0.0000
321      321   (3)    321  : 1.0000 0.0000 0.0000 0.0000 0.0000 0.0000
322      322   (3)    322  : 0.9550 0.0000 0.0000 0.0000 0.0450 0.0000
323      323   (4)    323  : 1.0000 0.0000 0.0000 0.0000 0.0000 0.0000
324      324   (5)    324  : 0.4310 0.0000 0.0000 0.0000 0.5690 0.0000
325      325   (3)    325  : 0.3460 0.0000 0.0000 0.0000 0.6540 0.0000
326      326   (2)    326  : 0.8780 0.0000 0.0000 0.0000 0.1220 0.0000
327      327   (2)    327  : 0.6610 0.0000 0.0000 0.0000 0.3390 0.0000
328      328   (1)    328  : 0.7480 0.0000 0.0000 0.0000 0.2520 0.0000
329      329   (6)    329  : 1.0000 0.0000 0.0000 0.0000 0.0000 0.0000
330      330   (4)    330  : 1.0000 0.0000 0.0000 0.0000 0.0000 0.0000
331      331   (2)    331  : 0.5940 0.0000 0.0000 0.0000 0.4060 0.0000
332      332   (3)    332  : 0.4210 0.0000 0.0000 0.0000 0.5790 0.0000
333      333   (1)    333  : 0.8610 0.0000 0.0000 0.0000 0.1390 0.0000
334      334   (3)    334  : 0.8730 0.0000 0.0000 0.0000 0.1270 0.0000
335      335   (1)    335  : 0.1952 0.0000 0.0000 0.0070 0.7978 0.0000
336      336   (6)    336  : 0.9240 0.0000 0.0000 0.0000 0.0760 0.0000
337      337   (2)    337  : 0.5560 0.0000 0.0000 0.0000 0.4440 0.0000
338      338   (2)    338  : 0.9560 0.0000 0.0000 0.0000 0.0440 0.0000
339      339   (4)    339  : 0.5050 0.0000 0.0000 0.0000 0.4950 0.0000
340      340   (2)    340  : 0.8050 0.0000 0.0000 0.0000 0.1950 0.0000
341      341   (3)    341  : 0.9900 0.0000 0.0000 0.0000 0.0100 0.0000
342      342   (3)    342  : 0.8850 0.0000 0.0000 0.0000 0.1150 0.0000
343      343   (3)    343  : 0.9290 0.0000 0.0000 0.0000 0.0710 0.0000
344      344   (1)    344  : 0.9920 0.0000 0.0000 0.0000 0.0080 0.0000
345      345   (3)    345  : 0.4196 0.0000 0.0000 0.0270 0.5534 0.0000
346      346   (1)    346  : 0.9361 0.0000 0.0010 0.0030 0.0599 0.0000
347      347   (7)    347  : 0.5340 0.0000 0.0000 0.0580 0.4080 0.0000
348      348   (5)    348  : 0.8120 0.0000 0.0000 0.0000 0.1880 0.0000
349      349   (2)    349  : 0.7460 0.0000 0.0000 0.0180 0.2360 0.0000
350      350   (0)    350  : 0.8400 0.0000 0.0000 0.0050 0.1550 0.0000
351      351   (2)    351  : 0.1420 0.0000 0.0000 0.0070 0.8510 0.0000
352      352   (2)    352  : 0.9830 0.0000 0.0000 0.0000 0.0170 0.0000
353      353   (4)    353  : 0.9260 0.0000 0.0000 0.0000 0.0740 0.0000
354      354   (4)    354  : 0.6320 0.0000 0.0000 0.0140 0.3480 0.0060
355      355   (6)    355  : 0.7120 0.0000 0.0000 0.0110 0.2770 0.0000
356      356   (1)    356  : 0.3880 0.0000 0.0000 0.0460 0.5660 0.0000
357      357   (1)    357  : 1.0000 0.0000 0.0000 0.0000 0.0000 0.0000
358      358   (0)    358  : 0.5916 0.0000 0.0000 0.0000 0.4084 0.0000
359      359   (3)    359  : 0.4560 0.0000 0.0000 0.0000 0.5440 0.0000
360      360   (1)    360  : 0.8410 0.0000 0.0000 0.0000 0.1590 0.0000
361      361   (1)    361  : 0.4770 0.0000 0.0000 0.0000 0.5230 0.0000
362      362   (4)    362  : 0.8840 0.0000 0.0000 0.0000 0.1160 0.0000
363      363   (2)    363  : 0.8680 0.0000 0.0000 0.0000 0.1320 0.0000
364      364   (4)    364  : 0.9130 0.0000 0.0000 0.0000 0.0870 0.0000
365      365   (3)    365  : 0.2850 0.0000 0.0000 0.0000 0.7150 0.0000
366      366   (4)    366  : 0.3340 0.0000 0.0000 0.0000 0.6660 0.0000
367      367   (4)    367  : 0.3090 0.0000 0.0000 0.0000 0.6910 0.0000
368      368   (5)    368  : 0.2733 0.0000 0.0000 0.0220 0.7047 0.0000
369      369   (3)    369  : 0.9860 0.0000 0.0000 0.0000 0.0140 0.0000
370      370   (0)    370  : 0.3910 0.0000 0.0000 0.0000 0.6090 0.0000
371      371   (3)    371  : 0.9320 0.0000 0.0000 0.0000 0.0680 0.0000
372      372   (2)    372  : 0.5290 0.0000 0.0000 0.0000 0.4710 0.0000
373      373   (7)    373  : 0.9050 0.0000 0.0000 0.0000 0.0950 0.0000
374      374   (6)    374  : 0.9890 0.0000 0.0000 0.0000 0.0110 0.0000
375      375   (1)    375  : 0.8720 0.0000 0.0000 0.0000 0.1280 0.0000
376      376   (1)    376  : 0.7430 0.0000 0.0000 0.0000 0.2570 0.0000
377      377   (1)    377  : 0.6800 0.0000 0.0000 0.0040 0.3160 0.0000
378      378   (1)    378  : 0.8460 0.0000 0.0000 0.0000 0.1540 0.0000
379      379   (2)    379  : 0.8550 0.0000 0.0000 0.0000 0.1450 0.0000
380      380   (2)    380  : 0.8160 0.0000 0.0000 0.0040 0.1800 0.0000
381      381   (6)    381  : 0.9300 0.0000 0.0000 0.0000 0.0700 0.0000
382      382   (1)    382  : 0.9010 0.0000 0.0000 0.0000 0.0990 0.0000
383      383   (3)    383  : 0.8780 0.0000 0.0000 0.0000 0.1220 0.0000
384      384   (5)    384  : 0.8200 0.0000 0.0000 0.0080 0.1720 0.0000
385      385   (2)    385  : 0.8700 0.0000 0.0000 0.0000 0.1300 0.0000
386      386   (3)    386  : 0.6580 0.0000 0.0000 0.0100 0.3320 0.0000
387      387   (3)    387  : 0.8260 0.0000 0.0000 0.0000 0.1740 0.0000
388      388   (1)    388  : 0.8300 0.0000 0.0000 0.0000 0.1700 0.0000
389      389   (2)    389  : 0.8511 0.0000 0.0000 0.0030 0.1459 0.0000
390      390   (3)    390  : 0.9390 0.0000 0.0000 0.0000 0.0610 0.0000
391      391   (4)    391  : 0.5580 0.0000 0.0000 0.0000 0.4420 0.0000
392      392   (3)    392  : 0.7150 0.0000 0.0000 0.0000 0.2850 0.0000
393      393   (6)    393  : 1.0000 0.0000 0.0000 0.0000 0.0000 0.0000
394      394   (4)    394  : 0.1220 0.0000 0.0000 0.0160 0.8620 0.0000
395      395   (4)    395  : 0.8830 0.0000 0.0000 0.0000 0.1170 0.0000
396      396   (6)    396  : 0.9339 0.0000 0.0000 0.0010 0.0611 0.0040
397      397   (6)    397  : 0.9460 0.0000 0.0000 0.0000 0.0540 0.0000
398      398   (6)    398  : 0.6470 0.0000 0.0000 0.0000 0.3530 0.0000
399      399  (10)    399  : 0.3830 0.0000 0.0000 0.0000 0.6170 0.0000
400      400   (3)    400  : 0.3680 0.0000 0.0000 0.0000 0.6320 0.0000
401      401   (2)    401  : 0.6540 0.0000 0.0000 0.0000 0.3460 0.0000
402      402   (3)    402  : 0.6350 0.0000 0.0000 0.0000 0.3650 0.0000
403      403   (3)    403  : 0.2410 0.0000 0.0000 0.0000 0.7590 0.0000
404      404   (2)    404  : 0.8820 0.0000 0.0000 0.0000 0.1180 0.0000
405      405   (5)    405  : 0.6320 0.0000 0.0000 0.0000 0.3680 0.0000
406      406   (3)    406  : 0.7420 0.0000 0.0000 0.0000 0.2580 0.0000
407      407   (3)    407  : 0.8420 0.0000 0.0000 0.0000 0.1580 0.0000
408      408   (2)    408  : 0.5110 0.0000 0.0000 0.0000 0.4890 0.0000
409      409   (2)    409  : 0.9600 0.0000 0.0000 0.0000 0.0400 0.0000
410      410   (3)    410  : 0.8220 0.0000 0.0000 0.0000 0.1780 0.0000
411      411   (3)    411  : 0.2390 0.0000 0.0000 0.0000 0.7610 0.0000
412      412   (3)    412  : 0.5850 0.0000 0.0000 0.0010 0.4140 0.0000
413      413   (2)    413  : 0.7590 0.0000 0.0000 0.0000 0.2410 0.0000
414      414   (2)    414  : 0.2480 0.0000 0.0000 0.0000 0.7520 0.0000
415      415   (1)    415  : 0.5090 0.0000 0.0000 0.0000 0.4910 0.0000
416      416   (5)    416  : 0.4710 0.0000 0.0000 0.0000 0.5290 0.0000
417      417   (1)    417  : 0.4020 0.0000 0.0000 0.0060 0.5920 0.0000
418      418   (2)    418  : 0.3690 0.0000 0.0000 0.0000 0.6310 0.0000
419      419   (2)    419  : 1.0000 0.0000 0.0000 0.0000 0.0000 0.0000
420      420   (4)    420  : 0.9800 0.0000 0.0000 0.0000 0.0200 0.0000
421      421   (3)    421  : 0.6687 0.0000 0.0000 0.0000 0.3313 0.0000
422      422   (2)    422  : 1.0000 0.0000 0.0000 0.0000 0.0000 0.0000
423      423   (3)    423  : 0.9520 0.0000 0.0000 0.0000 0.0480 0.0000
424      424   (2)    424  : 1.0000 0.0000 0.0000 0.0000 0.0000 0.0000
425      425   (1)    425  : 0.9670 0.0000 0.0000 0.0000 0.0330 0.0000
426      426   (2)    426  : 1.0000 0.0000 0.0000 0.0000 0.0000 0.0000
427      427   (6)    427  : 1.0000 0.0000 0.0000 0.0000 0.0000 0.0000
428      428   (5)    428  : 0.5310 0.0000 0.0000 0.0670 0.4020 0.0000
429      429   (4)    429  : 0.7410 0.0000 0.0010 0.0100 0.2480 0.0000
430      430   (3)    430  : 0.9230 0.0000 0.0000 0.0000 0.0770 0.0000
431      431   (3)    431  : 1.0000 0.0000 0.0000 0.0000 0.0000 0.0000
432      432   (4)    432  : 0.8890 0.0000 0.0000 0.0000 0.1110 0.0000
433      433   (3)    433  : 1.0000 0.0000 0.0000 0.0000 0.0000 0.0000
434      434   (4)    434  : 0.1680 0.0000 0.0000 0.0000 0.8320 0.0000
435      435   (7)    435  : 0.6680 0.0000 0.0000 0.0000 0.3310 0.0010
436      436   (7)    436  : 0.6140 0.0000 0.0000 0.0000 0.3860 0.0000
437      437   (2)    437  : 0.9690 0.0000 0.0000 0.0000 0.0310 0.0000
438      438   (3)    438  : 0.7630 0.0000 0.0000 0.0000 0.2370 0.0000
439      439   (5)    439  : 0.7410 0.0000 0.0000 0.0000 0.2590 0.0000
440      440   (3)    440  : 0.3430 0.0000 0.0000 0.0580 0.5990 0.0000
441      441   (4)    441  : 0.9730 0.0000 0.0000 0.0000 0.0270 0.0000
442      442   (3)    442  : 0.7690 0.0000 0.0000 0.0000 0.2310 0.0000
443      443   (3)    443  : 0.8790 0.0000 0.0000 0.0000 0.1210 0.0000
444      444   (4)    444  : 0.2010 0.0000 0.0000 0.0000 0.7990 0.0000
445      445   (4)    445  : 0.9320 0.0000 0.0000 0.0000 0.0680 0.0000
446      446   (1)    446  : 0.9830 0.0000 0.0000 0.0000 0.0150 0.0020
447      447   (1)    447  : 0.9310 0.0000 0.0000 0.0000 0.0690 0.0000
448      448   (7)    448  : 0.7950 0.0000 0.0000 0.0000 0.2050 0.0000
449      449   (3)    449  : 0.8450 0.0020 0.0000 0.0000 0.1530 0.0000
450      450   (1)    450  : 0.9560 0.0000 0.0000 0.0000 0.0440 0.0000
451      451   (3)    451  : 0.8870 0.0000 0.0000 0.0000 0.1130 0.0000
452      452   (2)    452  : 0.9191 0.0000 0.0000 0.0010 0.0799 0.0000
453      453   (2)    453  : 0.9920 0.0000 0.0000 0.0030 0.0050 0.0000
454      454   (2)    454  : 0.2560 0.0000 0.0000 0.0000 0.7440 0.0000
455      455   (3)    455  : 0.2090 0.0000 0.0000 0.0000 0.7910 0.0000
456      456   (2)    456  : 0.1670 0.0000 0.0000 0.0000 0.8330 0.0000
457      457   (8)    457  : 0.7490 0.0000 0.0000 0.0000 0.2510 0.0000
458      458   (1)    458  : 0.6170 0.0000 0.0000 0.0000 0.3830 0.0000
459      459   (1)    459  : 0.3970 0.0000 0.0000 0.0000 0.6030 0.0000
460      460   (3)    460  : 0.3330 0.0000 0.0000 0.0000 0.6670 0.0000
461      461   (1)    461  : 0.4670 0.0000 0.0000 0.0000 0.5330 0.0000
462      462   (4)    462  : 0.7818 0.0000 0.0010 0.0040 0.2002 0.0130
463      463   (4)    463  : 0.9300 0.0000 0.0000 0.0000 0.0700 0.0000
464      464   (4)    464  : 0.8150 0.0000 0.0000 0.0000 0.1850 0.0000
465      465   (2)    465  : 0.9530 0.0000 0.0000 0.0000 0.0470 0.0000
466      466   (3)    466  : 1.0000 0.0000 0.0000 0.0000 0.0000 0.0000
467      467   (2)    467  : 0.9870 0.0000 0.0000 0.0000 0.0130 0.0000
468      468   (2)    468  : 0.8870 0.0000 0.0000 0.0000 0.1130 0.0000
469      469   (5)    469  : 0.7460 0.0000 0.0000 0.0040 0.2490 0.0010
470      470   (2)    470  : 0.9520 0.0000 0.0000 0.0000 0.0480 0.0000
471      471  (10)    471  : 0.6940 0.0000 0.0000 0.0000 0.3060 0.0000
472      472   (1)    472  : 0.9990 0.0000 0.0000 0.0000 0.0010 0.0000
473      473   (4)    473  : 0.9170 0.0000 0.0000 0.0000 0.0830 0.0000
474      474   (5)    474  : 0.7350 0.0000 0.0000 0.0000 0.2650 0.0000
475      475   (1)    475  : 0.7340 0.0000 0.0000 0.0000 0.2660 0.0000
476      476   (8)    476  : 0.9030 0.0000 0.0000 0.0000 0.0970 0.0000
477      477   (1)    477  : 0.5960 0.0000 0.0000 0.0030 0.4010 0.0000
478      478   (1)    478  : 0.8340 0.0000 0.0000 0.0050 0.1610 0.0000
479      479   (2)    479  : 0.9300 0.0000 0.0000 0.0000 0.0700 0.0000
480      480   (4)    480  : 0.1440 0.0000 0.0000 0.0270 0.8290 0.0000
481      481   (2)    481  : 0.8090 0.0000 0.0000 0.0000 0.1910 0.0000
482      482   (1)    482  : 0.7910 0.0000 0.0000 0.0000 0.2090 0.0000
483      483   (1)    483  : 0.4340 0.0000 0.0000 0.0000 0.5660 0.0000
484      484   (2)    484  : 0.3874 0.0000 0.0000 0.0000 0.6126 0.0000
485      485   (3)    485  : 0.9390 0.0000 0.0000 0.0000 0.0610 0.0000
486      486   (2)    486  : 0.2990 0.0000 0.0000 0.0000 0.7010 0.0000
487      487   (7)    487  : 0.3270 0.0000 0.0000 0.0010 0.6720 0.0000
488      488   (0)    488  : 1.0000 0.0000 0.0000 0.0000 0.0000 0.0000
489      489   (0)    489  : 0.9180 0.0000 0.0000 0.0000 0.0820 0.0000
490      490   (1)    490  : 0.6370 0.0000 0.0010 0.0000 0.3620 0.0000
491      491   (4)    491  : 0.5646 0.0000 0.0070 0.0000 0.4284 0.0000
492      492   (1)    492  : 0.5050 0.0000 0.0000 0.0010 0.4940 0.0000
493      493   (0)    493  : 0.4965 0.0000 0.0000 0.0130 0.4905 0.0000
494      494  (10)    494  : 0.9440 0.0000 0.0000 0.0000 0.0560 0.0000
495      495   (4)    495  : 0.6400 0.0000 0.0000 0.0000 0.3560 0.0040
496      496   (4)    496  : 0.8960 0.0000 0.0000 0.0000 0.1040 0.0000
497      497   (7)    497  : 1.0000 0.0000 0.0000 0.0000 0.0000 0.0000
498      498   (0)    498  : 0.9890 0.0000 0.0000 0.0000 0.0110 0.0000
499      499   (0)    499  : 0.2300 0.0000 0.0000 0.0300 0.7400 0.0000
500      500   (7)    500  : 0.2402 0.0000 0.0000 0.0571 0.7027 0.0000
501      501   (2)    501  : 0.9130 0.0000 0.0000 0.0000 0.0870 0.0000
502      502   (7)    502  : 0.6296 0.0000 0.0000 0.0000 0.3664 0.0040
503      503   (5)    503  : 0.8250 0.0000 0.0000 0.0000 0.1750 0.0000
504      504   (7)    504  : 0.2370 0.0000 0.0000 0.0260 0.7370 0.0000
505      505  (10)    505  : 0.6610 0.0000 0.0000 0.0110 0.3240 0.0040
506      506   (3)    506  : 0.7540 0.0000 0.0000 0.0000 0.2460 0.0000
507      507   (8)    507  : 0.6930 0.0000 0.0000 0.0000 0.3070 0.0000
508      508   (9)    508  : 0.7550 0.0000 0.0000 0.0010 0.2440 0.0000
509      509   (3)    509  : 0.6990 0.0000 0.0000 0.0000 0.3010 0.0000
510      510   (1)    510  : 0.9030 0.0000 0.0000 0.0000 0.0970 0.0000
511      511   (0)    511  : 0.8430 0.0000 0.0000 0.0000 0.1570 0.0000
512      512   (0)    512  : 0.9730 0.0000 0.0000 0.0000 0.0270 0.0000
513      513   (0)    513  : 0.9350 0.0000 0.0000 0.0000 0.0650 0.0000
514      514   (0)    514  : 0.9920 0.0000 0.0000 0.0000 0.0080 0.0000
515      515   (0)    515  : 0.9530 0.0000 0.0000 0.0000 0.0460 0.0010
516      516   (0)    516  : 0.8478 0.0000 0.0020 0.0000 0.1502 0.0000
517      517   (0)    517  : 1.0000 0.0000 0.0000 0.0000 0.0000 0.0000
518      518   (0)    518  : 0.8400 0.0000 0.0000 0.0000 0.1600 0.0000
519      519   (0)    519  : 0.7267 0.0000 0.0030 0.0000 0.2703 0.0000
520      520   (0)    520  : 0.8889 0.0000 0.0000 0.0000 0.1101 0.0010
521      521   (0)    521  : 0.6730 0.0000 0.0070 0.0000 0.3200 0.0000
522      522   (0)    522  : 0.7940 0.0000 0.0090 0.0000 0.1970 0.0000
523      523   (0)    523  : 0.6710 0.0000 0.0000 0.0000 0.3290 0.0000
524      524   (0)    524  : 0.9540 0.0000 0.0000 0.0000 0.0460 0.0000
525      525   (0)    525  : 0.9120 0.0000 0.0000 0.0000 0.0880 0.0000
526      526   (0)    526  : 1.0000 0.0000 0.0000 0.0000 0.0000 0.0000
527      527   (0)    527  : 0.9480 0.0000 0.0000 0.0000 0.0520 0.0000
528      528   (0)    528  : 0.9600 0.0000 0.0000 0.0000 0.0400 0.0000
529      529   (0)    529  : 0.9560 0.0000 0.0000 0.0000 0.0440 0.0000
530      530   (0)    530  : 0.6660 0.0000 0.0000 0.0000 0.3340 0.0000
531      531   (0)    531  : 0.9000 0.0000 0.0000 0.0000 0.1000 0.0000
532      532   (0)    532  : 0.8720 0.0000 0.0000 0.0000 0.1280 0.0000
533      533   (0)    533  : 0.8750 0.0000 0.0000 0.0000 0.1250 0.0000
534      534   (0)    534  : 0.2530 0.0000 0.0020 0.0280 0.7170 0.0000
535      535   (0)    535  : 0.9560 0.0000 0.0000 0.0000 0.0440 0.0000
536      536   (0)    536  : 1.0000 0.0000 0.0000 0.0000 0.0000 0.0000
537      537   (0)    537  : 0.8090 0.0000 0.0000 0.0000 0.1910 0.0000
538      538   (0)    538  : 1.0000 0.0000 0.0000 0.0000 0.0000 0.0000
539      539   (0)    539  : 1.0000 0.0000 0.0000 0.0000 0.0000 0.0000
540      540  (43)    540  : 1.0000 0.0000 0.0000 0.0000 0.0000 0.0000
541      541   (0)    541  : 1.0000 0.0000 0.0000 0.0000 0.0000 0.0000
542      542  (12)    542  : 0.9910 0.0000 0.0000 0.0000 0.0090 0.0000
543      543   (0)    543  : 0.9340 0.0000 0.0000 0.0000 0.0660 0.0000
544      544   (0)    544  : 1.0000 0.0000 0.0000 0.0000 0.0000 0.0000
545      545   (0)    545  : 0.9500 0.0000 0.0000 0.0000 0.0500 0.0000
546      546   (0)    546  : 1.0000 0.0000 0.0000 0.0000 0.0000 0.0000
547      547   (0)    547  : 0.0030 0.0000 0.0000 0.8060 0.1910 0.0000
548      548   (0)    548  : 0.0010 0.0020 0.9510 0.0460 0.0000 0.0000
549      549   (0)    549  : 0.0890 0.0000 0.0000 0.4850 0.4260 0.0000
550      550   (0)    550  : 0.0240 0.0000 0.0100 0.7810 0.1850 0.0000
551      551   (0)    551  : 0.0000 0.0000 0.0000 0.8138 0.1862 0.0000
552      552   (0)    552  : 0.0000 0.0000 0.5140 0.4580 0.0280 0.0000
553      553   (0)    553  : 0.0000 0.0000 0.0000 1.0000 0.0000 0.0000
554      554   (0)    554  : 0.0000 0.0000 0.0000 1.0000 0.0000 0.0000
555      555   (0)    555  : 0.0000 0.0000 1.0000 0.0000 0.0000 0.0000
556      556   (0)    556  : 0.0000 0.0000 1.0000 0.0000 0.0000 0.0000
557      557   (0)    557  : 0.0000 0.0000 1.0000 0.0000 0.0000 0.0000
558      558   (0)    558  : 0.0000 0.0000 0.9790 0.0210 0.0000 0.0000
559      559   (0)    559  : 0.0000 0.0000 1.0000 0.0000 0.0000 0.0000
560      560   (0)    560  : 0.1680 0.0250 0.4880 0.0010 0.2990 0.0190
561      561   (0)    561  : 0.2378 0.0000 0.3047 0.1778 0.2797 0.0000
562      562   (0)    562  : 0.0150 0.0080 0.0000 0.9170 0.0510 0.0090
563      563   (0)    563  : 0.0010 0.9990 0.0000 0.0000 0.0000 0.0000
564      564   (0)    564  : 0.1978 0.0170 0.0030 0.5664 0.1578 0.0579
565      565   (0)    565  : 0.0000 0.3000 0.0000 0.0000 0.0000 0.7000
566      566   (0)    566  : 0.0000 0.2760 0.0000 0.0000 0.0000 0.7240
567      567   (1)    567  : 0.0000 0.0000 0.0000 0.0000 0.0000 1.0000
568      568   (0)    568  : 0.0200 0.0090 0.9280 0.0000 0.0210 0.0220
569      569   (0)    569  : 0.0000 0.0000 0.0070 0.9930 0.0000 0.0000
570      570   (0)    570  : 0.0000 0.9750 0.0100 0.0000 0.0000 0.0150
571      571   (0)    571  : 0.0000 1.0000 0.0000 0.0000 0.0000 0.0000
572      572   (0)    572  : 0.0000 0.0020 0.0000 0.7682 0.2298 0.0000
573      573   (0)    573  : 0.0430 0.0000 0.0030 0.7558 0.1982 0.0000
574      574   (0)    574  : 0.0000 0.0000 1.0000 0.0000 0.0000 0.0000
575      575   (0)    575  : 0.0000 0.0020 0.9980 0.0000 0.0000 0.0000
576      576   (0)    576  : 0.0000 0.0000 0.0000 1.0000 0.0000 0.0000
577      577   (0)    577  : 0.0070 0.0000 0.0589 0.8981 0.0360 0.0000
578      578   (0)    578  : 0.0190 0.0000 0.0000 0.7780 0.2030 0.0000
579      579   (0)    579  : 0.0709 0.0000 0.0559 0.6394 0.2338 0.0000
580      580   (0)    580  : 0.0470 0.0000 0.1930 0.7600 0.0000 0.0000
581      581   (0)    581  : 0.1020 0.0000 0.3740 0.3310 0.1930 0.0000
582      582   (0)    582  : 0.0000 0.9700 0.0030 0.0000 0.0000 0.0270
583      583   (0)    583  : 0.0000 0.9600 0.0000 0.0000 0.0000 0.0400
584      584   (0)    584  : 0.1618 0.1818 0.0450 0.5255 0.0849 0.0010
585      585   (0)    585  : 0.0000 0.9970 0.0000 0.0000 0.0000 0.0030
586      586   (0)    586  : 0.0360 0.0000 0.0300 0.6860 0.2480 0.0000
587      587   (0)    587  : 0.0000 0.9680 0.0000 0.0000 0.0000 0.0320
588      588   (0)    588  : 0.0000 0.9350 0.0000 0.0000 0.0000 0.0650
589      589   (0)    589  : 0.0000 1.0000 0.0000 0.0000 0.0000 0.0000
590      590   (0)    590  : 0.0130 0.0000 0.0300 0.9560 0.0010 0.0000
591      591   (0)    591  : 0.0569 0.2577 0.0000 0.4206 0.1499 0.1149
592      592   (0)    592  : 0.0000 0.8680 0.1320 0.0000 0.0000 0.0000
593      593   (0)    593  : 0.0390 0.8182 0.0549 0.0090 0.0240 0.0549
594      594   (0)    594  : 0.0000 0.0000 1.0000 0.0000 0.0000 0.0000
595      595   (0)    595  : 0.0400 0.0000 0.0000 0.9600 0.0000 0.0000
596      596   (0)    596  : 0.0050 0.0120 0.2352 0.6717 0.0541 0.0220
597      597   (0)    597  : 0.0020 0.6090 0.0000 0.3470 0.0120 0.0300
598      598   (0)    598  : 0.0000 1.0000 0.0000 0.0000 0.0000 0.0000
599      599   (0)    599  : 0.0000 0.9690 0.0210 0.0080 0.0000 0.0020
600      600   (0)    600  : 0.0000 1.0000 0.0000 0.0000 0.0000 0.0000
601      601   (0)    601  : 0.0000 0.9740 0.0000 0.0000 0.0000 0.0260
602      602   (0)    602  : 0.0000 0.9750 0.0050 0.0000 0.0110 0.0090
603      603   (0)    603  : 0.0110 0.9280 0.0180 0.0000 0.0150 0.0280
604      604   (0)    604  : 0.0000 0.9530 0.0000 0.0000 0.0310 0.0160
605      605   (0)    605  : 0.0000 1.0000 0.0000 0.0000 0.0000 0.0000
606      606   (0)    606  : 0.0000 0.9910 0.0010 0.0000 0.0000 0.0080
607      607   (0)    607  : 0.0000 1.0000 0.0000 0.0000 0.0000 0.0000
608      608   (0)    608  : 0.0000 0.9800 0.0000 0.0000 0.0000 0.0200
609      609   (0)    609  : 0.0090 0.9880 0.0010 0.0000 0.0000 0.0020
610      610   (0)    610  : 0.0000 1.0000 0.0000 0.0000 0.0000 0.0000
611      611   (0)    611  : 0.0789 0.8771 0.0010 0.0120 0.0000 0.0310
612      612   (0)    612  : 0.0080 0.9540 0.0260 0.0000 0.0000 0.0120
613      613   (0)    613  : 0.0000 1.0000 0.0000 0.0000 0.0000 0.0000
614      614   (0)    614  : 0.1210 0.5000 0.0040 0.0000 0.3590 0.0160
615      615   (0)    615  : 0.0000 0.9980 0.0000 0.0020 0.0000 0.0000
616      616   (0)    616  : 0.0010 0.9930 0.0000 0.0000 0.0000 0.0060
617      617   (0)    617  : 0.0030 0.9389 0.0090 0.0160 0.0090 0.0240
618      618   (0)    618  : 0.0000 1.0000 0.0000 0.0000 0.0000 0.0000
619      619   (0)    619  : 0.0200 0.4790 0.1780 0.3060 0.0000 0.0170
620      620   (0)    620  : 0.0010 0.9570 0.0220 0.0080 0.0000 0.0120
621      621   (0)    621  : 0.2757 0.4356 0.0000 0.2478 0.0060 0.0350
622      622   (0)    622  : 0.3060 0.0290 0.2180 0.2560 0.1720 0.0190
623      623   (0)    623  : 0.0000 0.0000 1.0000 0.0000 0.0000 0.0000
624      624   (0)    624  : 0.0000 0.9850 0.0000 0.0000 0.0000 0.0150
625      625   (0)    625  : 0.0000 1.0000 0.0000 0.0000 0.0000 0.0000
626      626   (0)    626  : 0.0000 0.9930 0.0070 0.0000 0.0000 0.0000
627      627   (0)    627  : 0.0000 0.9930 0.0070 0.0000 0.0000 0.0000
628      628   (0)    628  : 0.0000 0.9860 0.0140 0.0000 0.0000 0.0000
629      629   (0)    629  : 0.0000 0.9690 0.0160 0.0000 0.0000 0.0150
630      630   (0)    630  : 0.0000 0.9990 0.0010 0.0000 0.0000 0.0000
631      631   (0)    631  : 0.0000 0.0000 0.5040 0.4620 0.0340 0.0000
632      632   (0)    632  : 0.0000 0.0130 0.9400 0.0280 0.0000 0.0190
633      633   (0)    633  : 0.0010 0.0330 0.8880 0.0230 0.0010 0.0540
634      634   (0)    634  : 0.0000 0.1150 0.8840 0.0000 0.0000 0.0010
635      635   (0)    635  : 0.0050 0.0590 0.9220 0.0000 0.0000 0.0140
636      636   (0)    636  : 0.0000 0.0000 0.2430 0.0240 0.0000 0.7330
637      637   (0)    637  : 0.0000 0.0000 0.9820 0.0080 0.0100 0.0000
638      638   (0)    638  : 0.0000 0.0000 0.8909 0.1091 0.0000 0.0000
639      639   (0)    639  : 0.0000 0.0000 0.1450 0.0000 0.0000 0.8550
640      640   (0)    640  : 0.0000 0.0000 0.1620 0.0000 0.0000 0.8380
641      641   (0)    641  : 0.0000 0.0000 0.1980 0.0000 0.0000 0.8020
642      642   (0)    642  : 0.0000 0.0040 0.1842 0.0050 0.0000 0.8068
643      643   (0)    643  : 0.0000 0.0000 0.2100 0.0000 0.0000 0.7900
644      644   (0)    644  : 0.0000 0.0000 0.5820 0.0040 0.0000 0.4140
645      645   (0)    645  : 0.0000 0.4150 0.0000 0.5850 0.0000 0.0000
646      646   (0)    646  : 0.0649 0.4815 0.0000 0.0240 0.4296 0.0000
647      647   (0)    647  : 0.0000 0.9910 0.0000 0.0010 0.0010 0.0070
648      648   (0)    648  : 0.0000 0.9420 0.0000 0.0000 0.0000 0.0580
649      649   (0)    649  : 0.0000 0.9680 0.0000 0.0000 0.0000 0.0320
650      650   (0)    650  : 0.0000 0.9640 0.0000 0.0000 0.0000 0.0360
651      651   (0)    651  : 0.0080 0.9520 0.0000 0.0010 0.0020 0.0370
652      652   (0)    652  : 0.0000 0.0000 1.0000 0.0000 0.0000 0.0000
653      653   (0)    653  : 0.0000 0.9600 0.0000 0.0090 0.0000 0.0310
654      654   (0)    654  : 0.0000 0.0000 0.0000 1.0000 0.0000 0.0000
655      655   (0)    655  : 0.0000 0.0000 0.0240 0.9760 0.0000 0.0000
656      656   (0)    656  : 0.0000 0.4010 0.0000 0.5990 0.0000 0.0000
657      657   (0)    657  : 0.0140 0.8298 0.0320 0.0040 0.0450 0.0751
658      658   (0)    658  : 0.0370 0.8030 0.0540 0.0110 0.0580 0.0370
659      659   (0)    659  : 0.0780 0.6100 0.0410 0.0230 0.2020 0.0460
660      660   (0)    660  : 0.0010 0.8072 0.0300 0.0030 0.1089 0.0500
661      661   (0)    661  : 0.0600 0.7550 0.0450 0.0370 0.0460 0.0570
662      662   (0)    662  : 0.0380 0.7400 0.0360 0.0000 0.1320 0.0540
663      663   (0)    663  : 0.0450 0.8350 0.0260 0.0020 0.0180 0.0740
664      664   (0)    664  : 0.0789 0.5285 0.0430 0.0270 0.3127 0.0100
665      665   (0)    665  : 0.0160 0.0000 0.9219 0.0551 0.0070 0.0000
666      666   (0)    666  : 0.0030 0.0000 0.0000 0.8458 0.1512 0.0000
667      667   (0)    667  : 0.0470 0.0020 0.0300 0.8302 0.0629 0.0280
668      668   (0)    668  : 0.0010 0.0010 0.0290 0.8230 0.1320 0.0140
669      669   (0)    669  : 0.0320 0.0000 0.0180 0.7890 0.1270 0.0340
670      670   (0)    670  : 0.0000 0.0000 0.0000 0.7750 0.2250 0.0000
671      671   (0)    671  : 0.0860 0.0000 0.0000 0.3860 0.5280 0.0000
672      672   (0)    672  : 0.0710 0.0000 0.0000 0.5680 0.3610 0.0000
673      673   (0)    673  : 0.0000 0.0030 0.0360 0.8840 0.0760 0.0010
674      674   (0)    674  : 0.0000 0.0000 0.0230 0.7530 0.2240 0.0000
675      675   (0)    675  : 0.0010 0.0000 0.0000 0.7878 0.2112 0.0000
676      676   (0)    676  : 0.0000 0.0000 0.0000 0.8000 0.2000 0.0000
677      677   (0)    677  : 0.0000 0.0000 0.4820 0.4050 0.1130 0.0000
678      678   (0)    678  : 0.0000 0.0000 0.0000 0.8100 0.1900 0.0000
679      679   (0)    679  : 0.0170 0.0000 0.0000 0.9830 0.0000 0.0000
680      680   (0)    680  : 0.0000 0.0000 0.0000 1.0000 0.0000 0.0000
681      681   (0)    681  : 0.0000 0.0000 0.0240 0.8789 0.0891 0.0080
682      682   (0)    682  : 0.0000 0.4440 0.0000 0.5230 0.0330 0.0000
683      683   (0)    683  : 0.0060 0.0000 0.0270 0.7850 0.1490 0.0330
684      684   (0)    684  : 0.0000 0.0000 1.0000 0.0000 0.0000 0.0000
685      685   (0)    685  : 0.0000 0.0000 0.0000 0.8270 0.1730 0.0000
686      686   (0)    686  : 0.0000 0.0000 1.0000 0.0000 0.0000 0.0000
687      687   (0)    687  : 0.0020 0.0000 0.5850 0.4130 0.0000 0.0000
688      688   (0)    688  : 0.0010 0.8720 0.1270 0.0000 0.0000 0.0000
689      689   (0)    689  : 0.0020 0.0040 0.4815 0.1131 0.0400 0.3594
690      690   (0)    690  : 0.0000 0.8999 0.0000 0.1001 0.0000 0.0000
691      691   (0)    691  : 0.0070 0.0080 0.0280 0.9570 0.0000 0.0000
692      692   (0)    692  : 0.1150 0.0000 0.0000 0.4160 0.4690 0.0000
693      693   (0)    693  : 0.0010 0.9279 0.0000 0.0711 0.0000 0.0000
694      694   (0)    694  : 0.0000 0.9100 0.0000 0.0900 0.0000 0.0000
695      695   (0)    695  : 0.0000 0.9280 0.0000 0.0720 0.0000 0.0000
696      696   (0)    696  : 0.0210 0.0050 0.0190 0.8531 0.0909 0.0110
697      697   (0)    697  : 0.0270 0.0070 0.0270 0.8470 0.0810 0.0110
698      698   (0)    698  : 0.0000 0.0000 1.0000 0.0000 0.0000 0.0000
699      699   (0)    699  : 0.0609 0.0000 0.0000 0.6943 0.2398 0.0050
700      700   (0)    700  : 0.0000 0.9900 0.0000 0.0000 0.0000 0.0100
701      701   (0)    701  : 0.0220 0.3710 0.5400 0.0260 0.0410 0.0000
702      702   (0)    702  : 0.0000 0.9680 0.0150 0.0000 0.0000 0.0170
703      703   (0)    703  : 0.0270 0.0000 0.9090 0.0550 0.0090 0.0000
704      704   (0)    704  : 0.0000 0.9910 0.0020 0.0010 0.0000 0.0060
705      705   (0)    705  : 0.0000 0.9030 0.0000 0.0970 0.0000 0.0000
706      706   (0)    706  : 0.0070 0.0000 0.1000 0.8930 0.0000 0.0000
707      707   (0)    707  : 0.0000 0.3890 0.0000 0.5360 0.0750 0.0000
708      708   (0)    708  : 0.0000 1.0000 0.0000 0.0000 0.0000 0.0000
709      709   (0)    709  : 0.0000 0.0000 1.0000 0.0000 0.0000 0.0000
710      710   (0)    710  : 0.0000 0.0000 0.8920 0.0630 0.0450 0.0000
711      711   (0)    711  : 0.0020 0.0000 0.0360 0.9620 0.0000 0.0000
712      712   (0)    712  : 0.0080 0.0000 0.9920 0.0000 0.0000 0.0000
713      713   (0)    713  : 0.0160 0.0000 0.0610 0.6550 0.2680 0.0000
714      714   (0)    714  : 0.0000 0.1350 0.0000 0.5270 0.0870 0.2510
715      715   (0)    715  : 0.0000 1.0000 0.0000 0.0000 0.0000 0.0000
716      716   (0)    716  : 0.0000 0.0000 0.0350 0.9610 0.0040 0.0000
717      717   (0)    717  : 0.0000 0.8700 0.1300 0.0000 0.0000 0.0000
718      718   (0)    718  : 0.0380 0.0000 0.0670 0.5420 0.3530 0.0000
719      719   (0)    719  : 0.0080 0.8709 0.0170 0.0250 0.0170 0.0621
720      720   (0)    720  : 0.0000 1.0000 0.0000 0.0000 0.0000 0.0000
721      721   (0)    721  : 0.0000 0.9610 0.0200 0.0000 0.0000 0.0190
722      722   (1)    722  : 0.0000 0.0000 0.0000 0.0000 0.0000 1.0000
723      723   (0)    723  : 0.0000 0.9590 0.0050 0.0000 0.0000 0.0360
724      724   (0)    724  : 0.0000 1.0000 0.0000 0.0000 0.0000 0.0000
725      725   (0)    725  : 0.0000 0.9500 0.0000 0.0000 0.0290 0.0210
726      726   (0)    726  : 0.0050 0.8690 0.0310 0.0260 0.0080 0.0610
727      727   (0)    727  : 0.0000 0.9800 0.0000 0.0000 0.0050 0.0150
728      728   (0)    728  : 0.0010 0.1690 0.0000 0.7790 0.0510 0.0000
729      729   (0)    729  : 0.0000 0.9540 0.0460 0.0000 0.0000 0.0000
730      730   (0)    730  : 0.0000 0.9450 0.0550 0.0000 0.0000 0.0000
731      731   (0)    731  : 0.0080 0.0200 0.0000 0.0000 0.0000 0.9720
732      732   (0)    732  : 0.0000 0.0000 1.0000 0.0000 0.0000 0.0000
733      733   (0)    733  : 0.0000 1.0000 0.0000 0.0000 0.0000 0.0000
734      734   (0)    734  : 0.4690 0.0000 0.4890 0.0410 0.0010 0.0000
735      735   (0)    735  : 0.0000 0.9429 0.0561 0.0010 0.0000 0.0000
736      736   (4)    736  : 0.0570 0.0000 0.0840 0.3490 0.0850 0.4250
737      737   (0)    737  : 0.0000 0.9990 0.0000 0.0000 0.0000 0.0010
738      738   (0)    738  : 0.0030 0.9960 0.0000 0.0000 0.0010 0.0000
739      739   (1)    739  : 0.0070 0.0000 0.0000 0.0000 0.0000 0.9930
740      740   (0)    740  : 0.0000 0.9430 0.0000 0.0000 0.0000 0.0570
741      741   (0)    741  : 0.0000 0.9860 0.0000 0.0000 0.0000 0.0140
742      742   (0)    742  : 0.0000 0.2953 0.3483 0.3283 0.0010 0.0270
743      743   (0)    743  : 0.0000 0.0370 0.3090 0.6470 0.0000 0.0070
744      744   (0)    744  : 0.0000 0.0380 0.3100 0.6440 0.0000 0.0080
745      745   (0)    745  : 0.0000 0.2530 0.7040 0.0000 0.0370 0.0060
746      746   (0)    746  : 0.0000 0.0170 0.1020 0.0410 0.0090 0.8310
747      747   (0)    747  : 0.0000 0.9850 0.0000 0.0000 0.0000 0.0150
748      748   (0)    748  : 0.0020 0.9840 0.0000 0.0000 0.0000 0.0140
749      749   (0)    749  : 0.0010 0.0000 0.0360 0.8350 0.1070 0.0210
750      750   (0)    750  : 0.0110 0.0609 0.8521 0.0010 0.0250 0.0500
751      751   (0)    751  : 0.3350 0.6500 0.0000 0.0000 0.0000 0.0150
752      752   (0)    752  : 0.0380 0.7812 0.0250 0.0050 0.0849 0.0659
753      753   (0)    753  : 0.0460 0.7477 0.0551 0.0340 0.0611 0.0561
754      754   (0)    754  : 0.6863 0.0000 0.0000 0.0000 0.3067 0.0070
755      755   (0)    755  : 0.6320 0.0000 0.0000 0.0000 0.3570 0.0110
