1        1   (0)      1  : 0.0445 0.0000 0.0473 0.7875 0.1089 0.0000 0.0036 0.0083
2        2   (4)      2  : 0.0010 0.2193 0.7764 0.0004 0.0010 0.0000 0.0000 0.0019
3        3   (2)      3  : 0.0000 0.2300 0.7700 0.0000 0.0000 0.0000 0.0000 0.0000
4        4   (2)      4  : 0.0000 0.2324 0.7665 0.0011 0.0000 0.0000 0.0000 0.0000
5        5   (2)      5  : 0.0000 0.2303 0.7616 0.0026 0.0016 0.0006 0.0014 0.0020
6        6   (0)      6  : 0.1230 0.0000 0.0000 0.0000 0.0000 0.6980 0.0990 0.0800
7        7   (0)      7  : 0.0000 0.0313 0.9687 0.0000 0.0000 0.0000 0.0000 0.0000
8        8   (0)      8  : 0.0000 0.0323 0.9677 0.0000 0.0000 0.0000 0.0000 0.0000
9        9   (0)      9  : 0.0000 0.0310 0.9690 0.0000 0.0000 0.0000 0.0000 0.0000
10       10   (0)     10  : 0.0000 0.0293 0.9707 0.0000 0.0000 0.0000 0.0000 0.0000
11       11   (0)     11  : 0.0000 0.2640 0.7240 0.0110 0.0010 0.0000 0.0000 0.0000
12       12   (0)     12  : 0.0000 0.1923 0.8077 0.0000 0.0000 0.0000 0.0000 0.0000
13       13   (1)     13  : 0.0000 0.0533 0.9467 0.0000 0.0000 0.0000 0.0000 0.0000
14       14   (0)     14  : 0.0000 0.0516 0.6357 0.3127 0.0000 0.0000 0.0000 0.0000
15       15   (0)     15  : 0.0000 0.7079 0.2921 0.0000 0.0000 0.0000 0.0000 0.0000
16       16   (0)     16  : 0.0000 0.7810 0.2190 0.0000 0.0000 0.0000 0.0000 0.0000
17       17   (0)     17  : 0.0000 0.6800 0.3200 0.0000 0.0000 0.0000 0.0000 0.0000
18       18   (0)     18  : 0.0069 0.2494 0.4712 0.1163 0.1222 0.0242 0.0096 0.0003
19       19   (0)     19  : 0.0000 0.2490 0.7510 0.0000 0.0000 0.0000 0.0000 0.0000
20       20   (0)     20  : 0.0000 0.1890 0.7984 0.0126 0.0000 0.0000 0.0000 0.0000
21       21   (5)     21  : 0.1852 0.0000 0.0000 0.0000 0.0000 0.0336 0.4902 0.2910
22       22   (0)     22  : 0.3285 0.0000 0.0000 0.0000 0.0000 0.0004 0.6076 0.0635
23       23   (0)     23  : 0.2447 0.0000 0.0000 0.0000 0.0184 0.0721 0.5874 0.0773
24       24   (0)     24  : 0.2991 0.0000 0.0000 0.0000 0.0850 0.0027 0.5043 0.1089
25       25   (0)     25  : 0.1194 0.0000 0.0050 0.0016 0.0007 0.4129 0.3822 0.0783
26       26   (0)     26  : 0.0083 0.0000 0.0428 0.1114 0.6847 0.0003 0.1273 0.0253
27       27   (0)     27  : 0.0000 0.0000 0.0000 0.0000 0.0000 1.0000 0.0000 0.0000
28       28   (0)     28  : 0.0069 0.0010 0.0057 0.0000 0.4555 0.1134 0.2993 0.1182
29       29   (0)     29  : 0.1254 0.0000 0.0121 0.0000 0.4231 0.3072 0.1170 0.0152
30       30   (1)     30  : 0.0000 0.0000 0.0000 0.0000 0.0000 0.9976 0.0000 0.0024
31       31   (1)     31  : 0.0472 0.0000 0.0124 0.0000 0.5869 0.0000 0.2615 0.0920
32       32   (1)     32  : 0.1461 0.0000 0.0000 0.0000 0.0150 0.4640 0.1846 0.1903
33       33   (0)     33  : 0.0010 0.0000 0.0000 0.0000 0.2134 0.1908 0.5546 0.0401
34       34   (0)     34  : 0.1315 0.0000 0.0000 0.0163 0.4138 0.0409 0.2886 0.1090
35       35   (0)     35  : 0.1610 0.0000 0.0126 0.0000 0.3467 0.0745 0.3973 0.0080
36       36   (0)     36  : 0.1438 0.0000 0.0129 0.0000 0.4234 0.3025 0.1006 0.0169
37       37   (0)     37  : 0.2107 0.0000 0.0133 0.0000 0.3807 0.0027 0.2134 0.1792
38       38   (0)     38  : 0.0784 0.0000 0.0000 0.0234 0.0554 0.5731 0.2414 0.0283
39       39   (0)     39  : 0.2426 0.0000 0.0000 0.0000 0.0000 0.0868 0.4879 0.1828
40       40   (0)     40  : 0.0911 0.0000 0.0236 0.0060 0.2703 0.1356 0.3351 0.1383
41       41   (0)     41  : 0.1286 0.0000 0.0000 0.0900 0.0000 0.3150 0.4293 0.0371
42       42   (0)     42  : 0.0641 0.0120 0.0507 0.0010 0.0830 0.5095 0.1319 0.1478
43       43   (0)     43  : 0.0344 0.0000 0.0000 0.0000 0.0000 0.9536 0.0000 0.0120
44       44   (0)     44  : 0.0203 0.0000 0.0000 0.0000 0.0116 0.1736 0.6721 0.1224
45       45   (0)     45  : 0.0555 0.0000 0.0009 0.0000 0.0112 0.1643 0.6491 0.1191
46       46   (0)     46  : 0.1435 0.0000 0.0000 0.0000 0.1461 0.0380 0.6724 0.0000
47       47   (0)     47  : 0.1409 0.0000 0.0000 0.0000 0.0000 0.0193 0.7588 0.0809
48       48   (0)     48  : 0.1015 0.0000 0.0000 0.0000 0.0497 0.6908 0.1563 0.0017
49       49   (0)     49  : 0.6967 0.0000 0.0000 0.0000 0.0000 0.0003 0.0288 0.2741
50       50   (0)     50  : 0.0000 0.0000 0.0000 0.0000 0.1938 0.2505 0.4799 0.0758
51       51   (0)     51  : 0.1867 0.0000 0.0000 0.0197 0.0753 0.2175 0.3977 0.1031
52       52   (0)     52  : 0.2396 0.0000 0.0000 0.0000 0.0079 0.0733 0.6790 0.0003
53       53   (0)     53  : 0.1704 0.0000 0.0000 0.0000 0.0000 0.0000 0.5079 0.3217
54       54   (0)     54  : 0.0000 0.0000 0.0000 0.0000 0.1862 0.4328 0.3805 0.0004
55       55   (0)     55  : 0.1847 0.0000 0.0000 0.0000 0.0000 0.0000 0.4893 0.3260
56       56   (0)     56  : 0.0054 0.0000 0.0000 0.0174 0.6351 0.0851 0.1737 0.0833
57       57   (0)     57  : 0.0072 0.0000 0.0000 0.0000 0.4826 0.0092 0.3885 0.1125
58       58   (0)     58  : 0.3719 0.0003 0.0010 0.0050 0.0000 0.0216 0.3641 0.2362
59       59   (0)     59  : 0.0277 0.0000 0.0060 0.0000 0.1337 0.2889 0.3620 0.1817
60       60   (0)     60  : 0.0945 0.0000 0.0000 0.0000 0.1536 0.4373 0.3146 0.0000
61       61   (0)     61  : 0.1256 0.0000 0.0000 0.0826 0.0003 0.2684 0.4350 0.0881
62       62   (0)     62  : 0.0856 0.0140 0.0069 0.0000 0.0039 0.2580 0.5916 0.0400
63       63   (0)     63  : 0.3899 0.0000 0.0000 0.0000 0.0000 0.2907 0.1901 0.1293
64       64   (0)     64  : 0.0014 0.0000 0.0000 0.0000 0.1117 0.6833 0.2011 0.0024
65       65   (0)     65  : 0.0349 0.0000 0.0010 0.0000 0.0141 0.4681 0.3519 0.1300
66       66   (0)     66  : 0.0797 0.0000 0.0000 0.0000 0.0508 0.6377 0.1862 0.0456
67       67   (0)     67  : 0.0000 0.0000 0.0000 0.0000 0.1642 0.2954 0.4874 0.0530
68       68   (0)     68  : 0.0577 0.0000 0.0010 0.0094 0.1032 0.5113 0.2710 0.0464
69       69   (0)     69  : 0.1084 0.0000 0.0000 0.0000 0.0566 0.2545 0.4943 0.0863
70       70   (0)     70  : 0.2880 0.0000 0.0000 0.0000 0.0184 0.0003 0.4872 0.2061
71       71   (0)     71  : 0.3163 0.0000 0.0000 0.0000 0.0526 0.1430 0.4053 0.0829
72       72   (0)     72  : 0.1526 0.0000 0.0114 0.0000 0.4136 0.2998 0.1045 0.0180
73       73   (0)     73  : 0.1634 0.0000 0.0000 0.0000 0.0167 0.0867 0.6924 0.0407
74       74   (0)     74  : 0.1679 0.0000 0.0000 0.0296 0.1268 0.2101 0.4454 0.0203
75       75   (0)     75  : 0.2057 0.0000 0.0000 0.0000 0.0000 0.5446 0.1719 0.0779
76       76   (0)     76  : 0.0076 0.0000 0.0226 0.1304 0.5841 0.0350 0.1486 0.0718
77       77   (0)     77  : 0.0023 0.0000 0.0000 0.0000 0.0276 0.8836 0.0500 0.0366
78       78   (0)     78  : 0.0366 0.0000 0.0599 0.0006 0.2794 0.0754 0.4929 0.0553
79       79   (0)     79  : 0.1257 0.0000 0.0103 0.0080 0.6580 0.0026 0.1480 0.0475
80       80   (0)     80  : 0.0550 0.0000 0.0000 0.0253 0.6574 0.0044 0.2059 0.0520
81       81   (0)     81  : 0.1275 0.0000 0.0000 0.0103 0.0227 0.4865 0.1985 0.1545
82       82   (0)     82  : 0.0229 0.0000 0.0000 0.0000 0.0119 0.0978 0.6575 0.2100
83       83   (0)     83  : 0.0139 0.0000 0.0000 0.0204 0.3114 0.2801 0.2831 0.0910
84       84   (0)     84  : 0.0665 0.0000 0.0000 0.0000 0.0573 0.1969 0.5320 0.1473
85       85   (0)     85  : 0.0166 0.0000 0.0000 0.0000 0.0000 0.2146 0.6025 0.1663
86       86   (0)     86  : 0.0000 0.0000 0.0000 0.0000 0.3474 0.6526 0.0000 0.0000
87       87   (0)     87  : 0.0020 0.0000 0.0000 0.0066 0.3264 0.5242 0.1391 0.0017
88       88   (0)     88  : 0.0000 0.0000 0.0000 0.0197 0.6645 0.0557 0.1843 0.0757
89       89   (0)     89  : 0.1318 0.0000 0.0000 0.0000 0.0120 0.4787 0.3775 0.0000
90       90   (0)     90  : 0.0017 0.0000 0.0000 0.0000 0.0000 0.9733 0.0250 0.0000
91       91   (1)     91  : 0.0739 0.0000 0.0000 0.0010 0.0130 0.1958 0.3153 0.4010
92       92   (0)     92  : 0.1783 0.0000 0.0000 0.0000 0.0000 0.1613 0.0003 0.6600
93       93   (0)     93  : 0.2650 0.0000 0.0044 0.0000 0.0979 0.0661 0.4211 0.1454
94       94   (0)     94  : 0.0722 0.0000 0.0000 0.0000 0.2184 0.0233 0.6007 0.0854
95       95   (0)     95  : 0.0346 0.0000 0.0000 0.0259 0.5770 0.1073 0.2183 0.0370
96       96   (0)     96  : 0.0912 0.0000 0.0000 0.0097 0.1209 0.5232 0.2148 0.0401
97       97   (0)     97  : 0.1722 0.0000 0.0000 0.0000 0.0266 0.1044 0.6003 0.0966
98       98   (2)     98  : 0.0046 0.0000 0.0027 0.0000 0.3988 0.0380 0.4214 0.1345
99       99   (0)     99  : 0.1483 0.0000 0.0003 0.0000 0.0013 0.1842 0.3125 0.3534
100      100   (0)    100  : 0.2402 0.0000 0.0000 0.0000 0.0004 0.1139 0.3191 0.3264
101      101   (0)    101  : 0.0000 0.4835 0.5008 0.0011 0.0053 0.0000 0.0080 0.0013
102      102   (1)    102  : 0.0000 0.0610 0.9390 0.0000 0.0000 0.0000 0.0000 0.0000
103      103   (0)    103  : 0.2941 0.0000 0.0210 0.0000 0.0910 0.0124 0.2651 0.3164
104      104   (0)    104  : 0.0507 0.0000 0.0000 0.0000 0.0000 0.9339 0.0000 0.0154
105      105   (0)    105  : 0.0000 0.0000 1.0000 0.0000 0.0000 0.0000 0.0000 0.0000
106      106   (0)    106  : 0.0932 0.0000 0.0000 0.0014 0.0759 0.1479 0.6083 0.0734
107      107   (0)    107  : 0.2417 0.0000 0.0000 0.0000 0.0036 0.1446 0.3216 0.2885
108      108   (0)    108  : 0.0037 0.0000 0.0000 0.0202 0.6913 0.1228 0.1432 0.0189
109      109   (0)    109  : 0.0087 0.0000 0.0000 0.0104 0.6881 0.0727 0.1731 0.0469
110      110   (0)    110  : 0.0618 0.0000 0.0000 0.0007 0.5822 0.2381 0.0873 0.0299
111      111   (0)    111  : 0.0620 0.0000 0.0454 0.0774 0.5526 0.0096 0.2514 0.0016
112      112   (0)    112  : 0.0000 0.0000 0.0020 0.0414 0.5569 0.2601 0.1255 0.0141
113      113   (0)    113  : 0.0337 0.0000 0.0000 0.0117 0.5569 0.0000 0.2893 0.1084
114      114   (0)    114  : 0.0006 0.0000 0.0000 0.0000 0.0896 0.4661 0.3891 0.0546
115      115   (0)    115  : 0.6796 0.0000 0.0000 0.0000 0.0000 0.0000 0.0404 0.2800
116      116   (0)    116  : 0.2019 0.0000 0.0000 0.0000 0.1966 0.2597 0.3339 0.0080
117      117   (0)    117  : 0.0133 0.0000 0.0000 0.0000 0.4117 0.1981 0.2540 0.1229
118      118   (0)    118  : 0.0184 0.0000 0.0171 0.0167 0.3133 0.1179 0.4629 0.0535
119      119   (0)    119  : 0.1248 0.0000 0.0000 0.0327 0.1275 0.5530 0.1302 0.0317
120      120   (0)    120  : 0.0661 0.0000 0.0000 0.0717 0.2581 0.3152 0.2651 0.0238
121      121   (0)    121  : 0.0418 0.0000 0.0000 0.2538 0.4932 0.1042 0.1022 0.0047
122      122   (0)    122  : 0.1690 0.0000 0.0000 0.0000 0.2539 0.1259 0.3017 0.1496
123      123   (0)    123  : 0.2057 0.0000 0.0000 0.0000 0.1809 0.0853 0.5221 0.0060
124      124   (0)    124  : 0.0446 0.0000 0.0000 0.0000 0.5100 0.1263 0.2040 0.1151
125      125   (0)    125  : 0.4967 0.0000 0.0000 0.0000 0.0000 0.2672 0.0978 0.1383
126      126   (0)    126  : 0.1408 0.0000 0.0000 0.0000 0.5973 0.0000 0.1911 0.0709
127      127   (0)    127  : 0.2264 0.0000 0.0000 0.0000 0.2119 0.0859 0.4704 0.0054
128      128   (0)    128  : 0.2388 0.0000 0.0000 0.0000 0.1519 0.0224 0.5751 0.0117
129      129   (0)    129  : 0.1091 0.0000 0.0097 0.0190 0.6571 0.0000 0.1682 0.0369
130      130   (0)    130  : 0.1795 0.0000 0.0000 0.0000 0.0000 0.5947 0.2008 0.0250
131      131   (0)    131  : 0.0572 0.0000 0.0000 0.0000 0.3408 0.4531 0.1191 0.0299
132      132   (0)    132  : 0.2051 0.0000 0.0000 0.0000 0.0000 0.5369 0.2183 0.0397
133      133   (0)    133  : 0.0007 0.0000 0.0190 0.1079 0.5244 0.0854 0.1929 0.0697
134      134   (0)    134  : 0.1411 0.0000 0.0000 0.0000 0.1625 0.3844 0.3120 0.0000
135      135   (0)    135  : 0.0682 0.0000 0.0000 0.1093 0.3945 0.1018 0.2840 0.0423
136      136   (0)    136  : 0.0019 0.0000 0.0000 0.0000 0.1957 0.7176 0.0814 0.0034
137      137   (0)    137  : 0.1845 0.0000 0.0000 0.0000 0.0210 0.0026 0.6449 0.1470
138      138   (0)    138  : 0.0573 0.0000 0.0000 0.0000 0.4675 0.0364 0.4216 0.0171
139      139   (0)    139  : 0.0000 0.0000 0.0000 0.0000 0.0000 0.7159 0.2841 0.0000
140      140   (0)    140  : 0.2889 0.0000 0.0000 0.0000 0.0000 0.0000 0.6774 0.0337
141      141   (0)    141  : 0.0514 0.0000 0.0000 0.0151 0.6681 0.0784 0.1714 0.0156
142      142   (0)    142  : 0.0951 0.0000 0.0000 0.0000 0.0067 0.1651 0.7313 0.0017
143      143   (0)    143  : 0.0117 0.0000 0.0000 0.0000 0.6625 0.1665 0.1592 0.0000
144      144   (0)    144  : 0.0576 0.0000 0.0527 0.1000 0.5514 0.0110 0.1799 0.0474
145      145   (0)    145  : 0.1147 0.0000 0.0183 0.0794 0.5381 0.0437 0.1083 0.0974
146      146   (0)    146  : 0.0401 0.0000 0.0070 0.1761 0.4592 0.0670 0.2042 0.0464
147      147   (0)    147  : 0.0009 0.0000 0.0230 0.0000 0.3661 0.2810 0.2368 0.0922
148      148   (0)    148  : 0.0423 0.0000 0.0120 0.0000 0.5707 0.0011 0.2763 0.0976
149      149   (0)    149  : 0.3299 0.0000 0.0016 0.0117 0.1299 0.0071 0.3107 0.2091
150      150   (0)    150  : 0.0359 0.0000 0.0030 0.0000 0.2119 0.1689 0.5017 0.0787
151      151   (0)    151  : 0.0000 0.0000 0.0000 0.0000 0.3501 0.6499 0.0000 0.0000
152      152   (0)    152  : 0.0170 0.0000 0.0000 0.0000 0.1657 0.8164 0.0000 0.0009
153      153   (0)    153  : 0.0010 0.0000 0.0000 0.0000 0.3781 0.6209 0.0000 0.0000
154      154   (0)    154  : 0.5202 0.0000 0.0000 0.0000 0.0561 0.0010 0.2633 0.1594
155      155   (0)    155  : 0.3061 0.0000 0.0000 0.0000 0.1716 0.2397 0.2467 0.0359
156      156   (0)    156  : 0.5240 0.0000 0.0000 0.0000 0.3072 0.1688 0.0000 0.0000
157      157   (0)    157  : 0.2163 0.0000 0.0000 0.0309 0.4236 0.1480 0.1639 0.0174
158      158   (0)    158  : 0.3356 0.0000 0.0000 0.0000 0.1905 0.0909 0.3034 0.0795
159      159   (0)    159  : 0.3076 0.0000 0.0020 0.0000 0.1816 0.0871 0.3389 0.0829
160      160   (0)    160  : 0.0211 0.0000 0.0000 0.3483 0.1577 0.4331 0.0196 0.0201
161      161   (0)    161  : 0.3919 0.0000 0.0000 0.0000 0.0014 0.0000 0.2917 0.3150
162      162   (0)    162  : 0.1344 0.0000 0.0000 0.0070 0.1478 0.1434 0.4674 0.1001
163      163   (0)    163  : 0.0000 0.0000 0.0000 0.0000 0.1482 0.1655 0.6382 0.0480
164      164   (0)    164  : 0.3069 0.0000 0.0000 0.0163 0.1239 0.0528 0.3714 0.1287
165      165   (0)    165  : 0.1032 0.0000 0.0000 0.0000 0.0522 0.1128 0.7133 0.0186
166      166   (0)    166  : 0.0746 0.0000 0.0778 0.0004 0.0106 0.0678 0.5993 0.1695
167      167   (0)    167  : 0.0913 0.0000 0.0000 0.0950 0.0000 0.4243 0.2897 0.0996
168      168   (0)    168  : 0.0596 0.0000 0.0000 0.0016 0.5826 0.2210 0.1341 0.0011
169      169   (0)    169  : 0.1731 0.0000 0.0094 0.0000 0.1196 0.2129 0.4263 0.0587
170      170   (0)    170  : 0.2688 0.0000 0.0160 0.0000 0.2341 0.0019 0.3463 0.1329
171      171   (0)    171  : 0.0003 0.0390 0.1535 0.0044 0.0030 0.7017 0.0634 0.0347
172      172   (0)    172  : 0.0006 0.0000 0.0000 0.0000 0.0000 0.9254 0.0479 0.0261
173      173   (0)    173  : 0.0007 0.0000 0.0010 0.0000 0.1159 0.5211 0.3363 0.0250
174      174   (0)    174  : 0.1463 0.0000 0.0000 0.1886 0.1933 0.0830 0.1243 0.2644
175      175   (0)    175  : 0.0861 0.0000 0.0011 0.0000 0.0407 0.1325 0.6362 0.1033
176      176   (0)    176  : 0.2625 0.0020 0.0111 0.0106 0.0160 0.3285 0.2864 0.0829
177      177   (0)    177  : 0.0003 0.0000 0.0000 0.0000 0.1320 0.4421 0.2828 0.1427
178      178   (0)    178  : 0.0084 0.0000 0.0230 0.0016 0.5431 0.0016 0.2744 0.1479
179      179   (0)    179  : 0.2083 0.0000 0.0000 0.0000 0.0000 0.0000 0.7433 0.0484
180      180   (0)    180  : 0.0232 0.0004 0.0070 0.0000 0.0463 0.3555 0.4563 0.1113
181      181   (0)    181  : 0.2207 0.0000 0.0110 0.0000 0.0952 0.0986 0.3909 0.1836
182      182   (0)    182  : 0.0886 0.0000 0.0030 0.0292 0.6708 0.1109 0.0976 0.0000
183      183   (0)    183  : 0.0000 0.0000 0.0000 0.0000 0.1087 0.6653 0.1142 0.1118
184      184   (0)    184  : 0.0436 0.0000 0.0000 0.0000 0.2658 0.6158 0.0619 0.0129
185      185   (0)    185  : 0.0320 0.0310 0.1360 0.0594 0.1837 0.0401 0.3901 0.1276
186      186   (0)    186  : 0.0006 0.0000 0.0064 0.0007 0.0803 0.5774 0.2887 0.0459
187      187   (0)    187  : 0.1188 0.0000 0.0000 0.0301 0.0069 0.3100 0.3259 0.2083
188      188   (0)    188  : 0.0020 0.0000 0.0000 0.0000 0.0019 0.7942 0.2012 0.0007
189      189   (0)    189  : 0.0037 0.0000 0.0000 0.0374 0.7207 0.0792 0.1584 0.0006
190      190   (0)    190  : 0.1314 0.0000 0.0153 0.0000 0.2533 0.3186 0.1311 0.1505
191      191   (0)    191  : 0.0399 0.0493 0.1864 0.0594 0.3514 0.0233 0.2204 0.0699
192      192   (0)    192  : 0.0094 0.0000 0.0325 0.0000 0.5699 0.0000 0.2627 0.1255
193      193   (0)    193  : 0.0203 0.0000 0.0070 0.0077 0.4914 0.1082 0.2638 0.1016
194      194   (0)    194  : 0.3002 0.0000 0.0000 0.0114 0.2000 0.2393 0.1767 0.0724
195      195   (0)    195  : 0.0011 0.0000 0.0000 0.0000 0.1438 0.6659 0.1564 0.0329
196      196   (0)    196  : 0.5330 0.0000 0.0000 0.0000 0.0000 0.0343 0.2687 0.1640
197      197   (0)    197  : 0.0000 0.0000 0.2511 0.0653 0.2532 0.4304 0.0000 0.0000
198      198   (0)    198  : 0.2835 0.0000 0.0000 0.0000 0.0000 0.0000 0.6859 0.0306
199      199   (0)    199  : 0.0745 0.0000 0.0425 0.0586 0.2901 0.0706 0.3726 0.0912
200      200   (0)    200  : 0.2233 0.0000 0.0090 0.0328 0.1756 0.2219 0.2726 0.0647
201      201   (0)    201  : 0.0024 0.0000 0.0240 0.0510 0.5120 0.2889 0.1127 0.0090
202      202   (0)    202  : 0.0478 0.0000 0.0000 0.0000 0.0251 0.2484 0.4701 0.2085
203      203   (0)    203  : 0.0063 0.0000 0.0200 0.0003 0.6382 0.0000 0.2516 0.0836
204      204   (0)    204  : 0.1898 0.0000 0.0070 0.0007 0.0406 0.1372 0.4500 0.1747
205      205   (0)    205  : 0.5056 0.0000 0.0000 0.0000 0.0000 0.0000 0.2515 0.2429
206      206   (0)    206  : 0.4167 0.0000 0.0000 0.0000 0.0000 0.0000 0.3900 0.1933
207      207   (0)    207  : 0.0649 0.0000 0.0000 0.0000 0.0506 0.3617 0.4283 0.0946
208      208   (0)    208  : 0.0283 0.0000 0.0000 0.0000 0.0276 0.1240 0.7249 0.0953
209      209   (0)    209  : 0.0455 0.0000 0.0000 0.0000 0.0069 0.9425 0.0000 0.0051
210      210   (1)    210  : 0.0000 0.2322 0.7655 0.0023 0.0000 0.0000 0.0000 0.0000
211      211   (0)    211  : 0.0036 0.0000 0.0064 0.0000 0.2263 0.0741 0.6111 0.0784
212      212   (0)    212  : 0.5231 0.0000 0.0000 0.0000 0.0000 0.0000 0.2703 0.2066
213      213   (0)    213  : 0.2484 0.0000 0.0000 0.0000 0.0000 0.2047 0.3034 0.2434
214      214   (2)    214  : 0.0007 0.0000 0.0000 0.8221 0.1273 0.0336 0.0152 0.0011
215      215   (0)    215  : 0.0101 0.0000 0.0000 0.7486 0.1851 0.0196 0.0280 0.0086
216      216   (0)    216  : 0.1029 0.0000 0.0000 0.0000 0.0344 0.4264 0.3038 0.1324
217      217   (2)    217  : 0.0216 0.0000 0.0000 0.7416 0.1948 0.0317 0.0026 0.0077
218      218   (1)    218  : 0.0080 0.0000 0.0540 0.8177 0.1128 0.0036 0.0004 0.0034
219      219   (2)    219  : 0.0000 0.0000 0.9990 0.0000 0.0000 0.0010 0.0000 0.0000
220      220   (1)    220  : 0.0000 0.0000 0.0000 1.0000 0.0000 0.0000 0.0000 0.0000
221      221   (1)    221  : 0.0041 0.0000 0.0150 0.7328 0.1803 0.0013 0.0643 0.0023
222      222   (0)    222  : 0.0221 0.0000 0.0000 0.4880 0.1753 0.1008 0.1920 0.0217
223      223   (0)    223  : 0.0007 0.0000 0.0000 0.1700 0.5861 0.0879 0.1553 0.0000
224      224   (0)    224  : 0.2306 0.0000 0.0000 0.0000 0.2478 0.2906 0.1616 0.0694
225      225   (0)    225  : 0.0724 0.0000 0.0000 0.0069 0.6277 0.0541 0.2056 0.0333
226      226   (0)    226  : 0.0071 0.0000 0.0070 0.0000 0.3962 0.3181 0.2168 0.0549
227      227   (0)    227  : 0.1482 0.0000 0.0000 0.0736 0.0000 0.2991 0.3871 0.0919
228      228   (0)    228  : 0.1724 0.0000 0.0339 0.1100 0.0894 0.0663 0.1857 0.3423
229      229   (0)    229  : 0.1400 0.0000 0.0000 0.0000 0.0000 0.0946 0.4216 0.3438
230      230   (0)    230  : 0.1401 0.0000 0.0000 0.0000 0.0892 0.4679 0.2580 0.0447
231      231   (0)    231  : 0.2745 0.0000 0.0000 0.0000 0.0000 0.0006 0.6752 0.0497
232      232   (0)    232  : 0.2841 0.0000 0.0000 0.0000 0.0000 0.0104 0.3867 0.3187
233      233   (0)    233  : 0.0808 0.0000 0.0000 0.0000 0.0473 0.5281 0.2649 0.0789
234      234  (21)    234  : 0.4023 0.0000 0.0000 0.0000 0.0020 0.4169 0.0978 0.0811
235      235  (12)    235  : 0.4181 0.0000 0.0000 0.0000 0.0000 0.4034 0.0884 0.0900
236      236   (3)    236  : 0.5016 0.0000 0.0000 0.0000 0.1890 0.0643 0.1562 0.0888
237      237   (7)    237  : 0.8235 0.0000 0.0014 0.0000 0.0183 0.0003 0.0973 0.0591
238      238   (3)    238  : 0.7136 0.0000 0.0000 0.0000 0.0293 0.0211 0.1538 0.0822
239      239   (2)    239  : 0.5396 0.0000 0.0000 0.0000 0.0727 0.1370 0.1580 0.0926
240      240   (3)    240  : 0.7719 0.0000 0.0000 0.0000 0.0844 0.0007 0.0366 0.1064
241      241   (1)    241  : 0.5397 0.0000 0.0000 0.0000 0.0003 0.0671 0.0723 0.3206
242      242   (3)    242  : 0.8343 0.0000 0.0014 0.0000 0.0163 0.0006 0.0914 0.0561
243      243   (2)    243  : 0.3755 0.0000 0.0000 0.0103 0.2718 0.0004 0.2190 0.1231
244      244   (3)    244  : 0.5713 0.0000 0.0000 0.0000 0.0004 0.0000 0.2473 0.1809
245      245  (15)    245  : 0.6254 0.0000 0.0000 0.0423 0.2718 0.0014 0.0303 0.0288
246      246   (3)    246  : 0.7624 0.0000 0.0000 0.0000 0.1267 0.0000 0.0000 0.1109
247      247   (3)    247  : 0.5930 0.0000 0.0000 0.0000 0.3079 0.0837 0.0021 0.0131
248      248   (3)    248  : 0.1515 0.0000 0.0000 0.0000 0.6413 0.0006 0.1651 0.0415
249      249   (3)    249  : 0.4927 0.0000 0.0000 0.0000 0.2864 0.2137 0.0000 0.0071
250      250   (2)    250  : 0.3718 0.0000 0.0000 0.0000 0.3719 0.1807 0.0000 0.0756
251      251   (3)    251  : 0.8726 0.0000 0.0000 0.0000 0.0698 0.0007 0.0000 0.0568
252      252   (4)    252  : 0.6975 0.0000 0.0000 0.0000 0.0837 0.0677 0.0948 0.0563
253      253   (4)    253  : 0.2641 0.0000 0.0000 0.0000 0.3836 0.2290 0.0640 0.0594
254      254   (2)    254  : 0.5245 0.0000 0.0000 0.0000 0.0813 0.0617 0.3054 0.0271
255      255  (13)    255  : 0.4409 0.0000 0.0000 0.0000 0.3042 0.0567 0.1246 0.0736
256      256   (2)    256  : 0.6400 0.0000 0.0000 0.0000 0.0000 0.0000 0.0137 0.3463
257      257   (3)    257  : 0.7683 0.0000 0.0000 0.0000 0.0034 0.0000 0.1722 0.0560
258      258   (4)    258  : 0.7516 0.0000 0.0000 0.0000 0.0000 0.0199 0.0988 0.1297
259      259   (5)    259  : 0.3396 0.0000 0.0000 0.0000 0.0000 0.0000 0.4069 0.2536
260      260   (4)    260  : 0.5774 0.0000 0.0000 0.0000 0.0586 0.0064 0.2223 0.1353
261      261   (3)    261  : 0.5613 0.0000 0.0000 0.0047 0.1976 0.0755 0.0457 0.1152
262      262   (3)    262  : 0.3352 0.0000 0.0000 0.0000 0.0000 0.0613 0.1260 0.4775
263      263   (5)    263  : 0.6156 0.0000 0.0000 0.0000 0.1766 0.0269 0.1140 0.0669
264      264   (7)    264  : 0.3348 0.0000 0.0000 0.0000 0.0633 0.0590 0.0813 0.4616
265      265   (1)    265  : 0.7968 0.0000 0.0000 0.0000 0.0189 0.0033 0.1053 0.0757
266      266   (5)    266  : 0.8874 0.0000 0.0000 0.0000 0.0000 0.0089 0.0000 0.1037
267      267   (1)    267  : 0.5446 0.0000 0.0000 0.0000 0.0000 0.1131 0.0740 0.2684
268      268   (1)    268  : 0.5975 0.0000 0.0000 0.0000 0.2262 0.0573 0.1087 0.0103
269      269   (8)    269  : 0.0646 0.0000 0.0000 0.0190 0.4981 0.4112 0.0000 0.0071
270      270   (4)    270  : 0.1962 0.0000 0.0000 0.0000 0.3335 0.4372 0.0243 0.0089
271      271   (1)    271  : 0.3460 0.0000 0.0000 0.0000 0.0000 0.0000 0.4389 0.2152
272      272   (1)    272  : 0.5534 0.0000 0.0000 0.0000 0.2373 0.1564 0.0191 0.0337
273      273   (4)    273  : 0.3994 0.0000 0.0050 0.0173 0.2914 0.2353 0.0290 0.0226
274      274   (1)    274  : 0.4400 0.0000 0.0000 0.0000 0.2021 0.0224 0.2983 0.0371
275      275   (1)    275  : 0.1224 0.0000 0.0000 0.0000 0.5067 0.3004 0.0286 0.0419
276      276   (3)    276  : 0.0777 0.0000 0.0000 0.0106 0.4338 0.4590 0.0000 0.0189
277      277   (2)    277  : 0.7484 0.0000 0.0000 0.0000 0.0006 0.0000 0.0863 0.1647
278      278   (1)    278  : 0.3518 0.0000 0.0000 0.0000 0.0000 0.0033 0.2234 0.4215
279      279   (3)    279  : 0.2034 0.0000 0.0000 0.0000 0.0713 0.0552 0.6587 0.0114
280      280   (3)    280  : 0.2034 0.0000 0.0000 0.0000 0.0713 0.0550 0.6581 0.0123
281      281   (2)    281  : 0.5691 0.0000 0.0000 0.0000 0.1145 0.0003 0.1491 0.1670
282      282   (2)    282  : 0.4793 0.0000 0.0000 0.0000 0.0110 0.0013 0.2966 0.2119
283      283   (2)    283  : 0.6727 0.0000 0.0000 0.0000 0.1619 0.0064 0.1036 0.0554
284      284   (3)    284  : 0.3862 0.0000 0.0000 0.0000 0.0007 0.0686 0.1049 0.4396
285      285   (4)    285  : 0.5721 0.0000 0.0010 0.0000 0.0293 0.0000 0.1246 0.2730
286      286   (2)    286  : 0.6521 0.0000 0.0000 0.0000 0.0629 0.0106 0.2570 0.0174
287      287   (0)    287  : 0.5392 0.0000 0.0000 0.0000 0.0013 0.0000 0.2718 0.1877
288      288   (1)    288  : 0.7091 0.0000 0.0000 0.0000 0.0000 0.0000 0.1560 0.1349
289      289   (2)    289  : 0.7074 0.0000 0.0000 0.0000 0.0000 0.0000 0.1630 0.1296
290      290   (8)    290  : 0.5233 0.0000 0.0000 0.0000 0.0000 0.0000 0.2820 0.1947
291      291   (2)    291  : 0.9011 0.0000 0.0000 0.0000 0.0086 0.0000 0.0139 0.0765
292      292   (4)    292  : 0.7566 0.0000 0.0000 0.0000 0.1368 0.0000 0.0000 0.1066
293      293   (0)    293  : 0.9263 0.0000 0.0000 0.0000 0.0000 0.0000 0.0634 0.0103
294      294   (3)    294  : 0.9041 0.0000 0.0000 0.0000 0.0000 0.0000 0.0873 0.0086
295      295   (2)    295  : 0.7428 0.0000 0.0000 0.0000 0.0947 0.0413 0.0194 0.1018
296      296   (2)    296  : 0.7639 0.0000 0.0000 0.0000 0.0061 0.0000 0.1557 0.0743
297      297   (4)    297  : 0.7645 0.0000 0.0000 0.0000 0.0000 0.0000 0.1391 0.0964
298      298   (3)    298  : 0.6805 0.0000 0.0000 0.0000 0.0004 0.0026 0.2100 0.1065
299      299   (4)    299  : 0.6493 0.0000 0.0000 0.0000 0.1367 0.0157 0.0713 0.1271
300      300   (2)    300  : 0.8866 0.0000 0.0000 0.0000 0.0069 0.0179 0.0226 0.0661
301      301   (2)    301  : 0.6821 0.0000 0.0000 0.0000 0.0506 0.0000 0.0403 0.2269
302      302   (1)    302  : 0.6207 0.0000 0.0000 0.0000 0.0313 0.0000 0.2906 0.0574
303      303   (0)    303  : 0.7179 0.0000 0.0000 0.0000 0.0313 0.0456 0.1844 0.0208
304      304   (2)    304  : 0.4914 0.0000 0.0000 0.0000 0.3696 0.0114 0.0948 0.0328
305      305   (2)    305  : 0.4904 0.0000 0.0000 0.0000 0.3691 0.0133 0.0951 0.0320
306      306   (1)    306  : 0.1854 0.0000 0.0113 0.0000 0.4196 0.1141 0.1812 0.0885
307      307   (1)    307  : 0.5701 0.0000 0.0000 0.0000 0.0000 0.0080 0.2465 0.1754
308      308   (8)    308  : 0.3914 0.0000 0.0000 0.0000 0.3894 0.0160 0.1891 0.0140
309      309   (3)    309  : 0.6560 0.0000 0.0000 0.0000 0.0333 0.1315 0.1364 0.0429
310      310   (2)    310  : 0.3440 0.0000 0.0000 0.0000 0.0000 0.0000 0.4136 0.2425
311      311   (3)    311  : 0.6010 0.0000 0.0000 0.0000 0.0404 0.0637 0.0750 0.2199
312      312   (2)    312  : 0.7657 0.0000 0.0000 0.0000 0.0566 0.0040 0.0000 0.1737
313      313   (3)    313  : 0.3385 0.0000 0.0000 0.0000 0.0000 0.0000 0.6383 0.0232
314      314   (6)    314  : 0.6327 0.0000 0.0000 0.0000 0.0000 0.0441 0.0187 0.3044
315      315   (5)    315  : 0.7012 0.0000 0.0000 0.0000 0.0000 0.0000 0.0000 0.2988
316      316   (2)    316  : 0.7067 0.0000 0.0000 0.0000 0.0387 0.0000 0.1186 0.1360
317      317   (1)    317  : 0.7802 0.0010 0.0020 0.0000 0.1220 0.0004 0.0000 0.0943
318      318   (1)    318  : 0.7771 0.0000 0.0000 0.0000 0.0000 0.0033 0.0330 0.1866
319      319   (1)    319  : 0.3387 0.0000 0.0000 0.0000 0.0752 0.0766 0.3089 0.2006
320      320   (1)    320  : 0.2030 0.0000 0.0000 0.0000 0.0000 0.0014 0.1823 0.6132
321      321   (3)    321  : 0.6313 0.0000 0.0000 0.0000 0.0000 0.0000 0.0099 0.3589
322      322   (3)    322  : 0.8333 0.0000 0.0000 0.0000 0.0424 0.0000 0.0137 0.1106
323      323   (4)    323  : 0.0004 0.0000 0.0000 0.0000 0.0000 0.0000 0.0000 0.9996
324      324   (5)    324  : 0.2294 0.0000 0.0000 0.0000 0.2909 0.2294 0.2409 0.0094
325      325   (3)    325  : 0.1941 0.0000 0.0000 0.0000 0.2825 0.4391 0.0709 0.0134
326      326   (2)    326  : 0.8497 0.0000 0.0000 0.0000 0.0819 0.0053 0.0234 0.0397
327      327   (2)    327  : 0.6663 0.0000 0.0000 0.0000 0.2827 0.0186 0.0004 0.0320
328      328   (1)    328  : 0.5165 0.0000 0.0000 0.0000 0.1361 0.1391 0.0433 0.1650
329      329   (6)    329  : 0.9574 0.0000 0.0000 0.0000 0.0000 0.0000 0.0000 0.0426
330      330   (4)    330  : 0.0000 0.0000 0.0000 0.0000 0.0000 0.0000 0.0000 1.0000
331      331   (2)    331  : 0.4319 0.0000 0.0000 0.0000 0.2507 0.0983 0.1652 0.0539
332      332   (3)    332  : 0.3099 0.0000 0.0000 0.0000 0.3779 0.1774 0.1261 0.0087
333      333   (1)    333  : 0.8165 0.0000 0.0000 0.0000 0.1196 0.0000 0.0247 0.0391
334      334   (3)    334  : 0.8291 0.0000 0.0000 0.0000 0.1125 0.0000 0.0176 0.0409
335      335   (1)    335  : 0.1508 0.0000 0.0000 0.0000 0.6732 0.1503 0.0131 0.0126
336      336   (6)    336  : 0.7765 0.0000 0.0000 0.0000 0.0249 0.0676 0.0550 0.0760
337      337   (2)    337  : 0.3635 0.0000 0.0000 0.0000 0.1553 0.3243 0.1074 0.0495
338      338   (2)    338  : 0.4511 0.0000 0.0000 0.0000 0.0000 0.0317 0.0743 0.4429
339      339   (4)    339  : 0.3855 0.0000 0.0000 0.0000 0.4016 0.0577 0.1320 0.0233
340      340   (2)    340  : 0.5158 0.0000 0.0000 0.0000 0.0976 0.0000 0.3681 0.0186
341      341   (3)    341  : 0.6726 0.0000 0.0000 0.0000 0.0000 0.0000 0.2676 0.0597
342      342   (3)    342  : 0.5832 0.0000 0.0000 0.0000 0.0535 0.0000 0.2379 0.1254
343      343   (3)    343  : 0.1709 0.0000 0.0000 0.0000 0.0000 0.0000 0.3823 0.4469
344      344   (1)    344  : 0.5538 0.0000 0.0000 0.0000 0.0000 0.0000 0.1180 0.3282
345      345   (3)    345  : 0.3137 0.0000 0.0000 0.0120 0.4536 0.1490 0.0223 0.0494
346      346   (1)    346  : 0.3900 0.0000 0.0000 0.0011 0.0000 0.0352 0.1755 0.3983
347      347   (7)    347  : 0.3368 0.0000 0.0000 0.0394 0.3489 0.0003 0.2478 0.0267
348      348   (5)    348  : 0.3718 0.0000 0.0000 0.0000 0.0031 0.0306 0.5790 0.0154
349      349   (2)    349  : 0.5960 0.0000 0.0000 0.0093 0.2137 0.0333 0.0156 0.1322
350      350   (0)    350  : 0.6344 0.0000 0.0000 0.0047 0.0714 0.0506 0.1614 0.0775
351      351   (2)    351  : 0.1106 0.0000 0.0000 0.0000 0.6319 0.2571 0.0004 0.0000
352      352   (2)    352  : 0.2490 0.0000 0.0000 0.0000 0.0000 0.0000 0.2304 0.5206
353      353   (4)    353  : 0.4225 0.0000 0.0000 0.0000 0.0000 0.0193 0.1703 0.3879
354      354   (4)    354  : 0.4362 0.0000 0.0064 0.0094 0.2309 0.0409 0.2401 0.0360
355      355   (6)    355  : 0.4904 0.0000 0.0000 0.0087 0.1579 0.0823 0.1801 0.0806
356      356   (1)    356  : 0.2779 0.0000 0.0000 0.0210 0.5559 0.0000 0.1128 0.0324
357      357   (1)    357  : 0.9146 0.0000 0.0000 0.0000 0.0000 0.0000 0.0009 0.0846
358      358   (0)    358  : 0.4310 0.0000 0.0000 0.0000 0.3114 0.0201 0.1835 0.0540
359      359   (3)    359  : 0.2847 0.0000 0.0000 0.0000 0.4031 0.1409 0.0963 0.0751
360      360   (1)    360  : 0.7427 0.0000 0.0010 0.0000 0.1170 0.0101 0.0806 0.0486
361      361   (1)    361  : 0.3716 0.0000 0.0000 0.0000 0.4089 0.0364 0.1657 0.0174
362      362   (4)    362  : 0.6614 0.0000 0.0000 0.0000 0.0150 0.0829 0.1819 0.0588
363      363   (2)    363  : 0.6538 0.0000 0.0000 0.0000 0.0594 0.0592 0.1328 0.0948
364      364   (4)    364  : 0.6097 0.0000 0.0000 0.0000 0.0230 0.0391 0.1414 0.1867
365      365   (3)    365  : 0.2216 0.0000 0.0000 0.0000 0.5047 0.2279 0.0376 0.0083
366      366   (4)    366  : 0.2742 0.0000 0.0000 0.0000 0.4273 0.2954 0.0000 0.0031
367      367   (4)    367  : 0.2474 0.0000 0.0000 0.0000 0.5584 0.1149 0.0676 0.0117
368      368   (5)    368  : 0.1559 0.0000 0.0000 0.0017 0.5680 0.1205 0.1276 0.0263
369      369   (3)    369  : 0.1450 0.0000 0.0000 0.0000 0.0000 0.0000 0.1953 0.6597
370      370   (0)    370  : 0.3304 0.0000 0.0000 0.0000 0.4081 0.2526 0.0000 0.0089
371      371   (3)    371  : 0.4282 0.0000 0.0000 0.0000 0.0000 0.0630 0.0000 0.5088
372      372   (2)    372  : 0.2454 0.0000 0.0000 0.0000 0.2477 0.1143 0.3482 0.0444
373      373   (7)    373  : 0.7411 0.0000 0.0000 0.0000 0.0694 0.0000 0.0887 0.1007
374      374   (6)    374  : 0.7951 0.0000 0.0000 0.0000 0.0003 0.0000 0.1200 0.0846
375      375   (1)    375  : 0.6404 0.0000 0.0000 0.0000 0.1043 0.0000 0.0975 0.1578
376      376   (1)    376  : 0.5073 0.0000 0.0000 0.0000 0.1965 0.0400 0.1103 0.1459
377      377   (1)    377  : 0.4367 0.0000 0.0000 0.0000 0.2119 0.0676 0.1721 0.1117
378      378   (1)    378  : 0.3589 0.0000 0.0000 0.0000 0.0598 0.0654 0.1370 0.3789
379      379   (2)    379  : 0.2788 0.0000 0.0000 0.0000 0.0931 0.0313 0.0260 0.5709
380      380   (2)    380  : 0.4376 0.0000 0.0000 0.0000 0.0849 0.0232 0.2529 0.2015
381      381   (6)    381  : 0.5334 0.0000 0.0000 0.0000 0.0223 0.0097 0.1433 0.2912
382      382   (1)    382  : 0.7318 0.0000 0.0000 0.0000 0.0680 0.0004 0.1021 0.0977
383      383   (3)    383  : 0.6321 0.0000 0.0000 0.0000 0.0746 0.0000 0.1589 0.1344
384      384   (5)    384  : 0.6194 0.0000 0.0000 0.0007 0.1786 0.0264 0.0017 0.1732
385      385   (2)    385  : 0.5995 0.0000 0.0000 0.0000 0.0897 0.0083 0.1550 0.1474
386      386   (3)    386  : 0.4063 0.0000 0.0000 0.0030 0.2239 0.0597 0.2005 0.1065
387      387   (3)    387  : 0.4054 0.0000 0.0000 0.0000 0.0811 0.0674 0.1239 0.3222
388      388   (1)    388  : 0.3031 0.0000 0.0000 0.0000 0.1085 0.0407 0.0340 0.5137
389      389   (2)    389  : 0.4743 0.0000 0.0000 0.0000 0.0653 0.0184 0.2176 0.2244
390      390   (3)    390  : 0.5683 0.0000 0.0000 0.0000 0.0217 0.0044 0.1456 0.2600
391      391   (4)    391  : 0.4694 0.0000 0.0000 0.0000 0.2622 0.1846 0.0732 0.0106
392      392   (3)    392  : 0.5353 0.0000 0.0000 0.0000 0.1989 0.0376 0.1710 0.0573
393      393   (6)    393  : 0.0253 0.0000 0.0000 0.0000 0.0000 0.0000 0.0000 0.9747
394      394   (4)    394  : 0.0810 0.0000 0.0000 0.0000 0.8218 0.0530 0.0401 0.0040
395      395   (4)    395  : 0.7339 0.0000 0.0000 0.0000 0.0689 0.0109 0.1280 0.0583
396      396   (6)    396  : 0.7200 0.0000 0.0021 0.0031 0.0608 0.0000 0.0500 0.1638
397      397   (6)    397  : 0.6612 0.0000 0.0000 0.0000 0.0014 0.0000 0.2732 0.0642
398      398   (6)    398  : 0.5012 0.0000 0.0000 0.0000 0.2663 0.0423 0.1303 0.0599
399      399  (10)    399  : 0.3437 0.0000 0.0000 0.0000 0.5481 0.0007 0.0978 0.0097
400      400   (3)    400  : 0.2834 0.0000 0.0000 0.0000 0.4618 0.1868 0.0357 0.0323
401      401   (2)    401  : 0.5613 0.0000 0.0000 0.0000 0.2396 0.0934 0.0763 0.0294
402      402   (3)    402  : 0.4128 0.0000 0.0000 0.0000 0.2309 0.0337 0.2567 0.0659
403      403   (3)    403  : 0.1897 0.0000 0.0000 0.0000 0.6171 0.1405 0.0410 0.0117
404      404   (2)    404  : 0.7068 0.0000 0.0000 0.0000 0.1015 0.0123 0.0413 0.1381
405      405   (5)    405  : 0.5910 0.0000 0.0000 0.0000 0.2600 0.1305 0.0000 0.0186
406      406   (3)    406  : 0.4784 0.0000 0.0000 0.0000 0.1646 0.0342 0.1730 0.1498
407      407   (3)    407  : 0.5472 0.0000 0.0000 0.0000 0.0607 0.0574 0.1688 0.1659
408      408   (2)    408  : 0.4001 0.0000 0.0000 0.0000 0.4173 0.0000 0.1643 0.0183
409      409   (2)    409  : 0.5727 0.0000 0.0000 0.0000 0.0000 0.0578 0.0727 0.2969
410      410   (3)    410  : 0.6281 0.0000 0.0000 0.0000 0.1378 0.0341 0.0883 0.1117
411      411   (3)    411  : 0.1865 0.0000 0.0000 0.0000 0.6186 0.1829 0.0020 0.0100
412      412   (3)    412  : 0.4638 0.0000 0.0000 0.0000 0.3362 0.0007 0.1771 0.0223
413      413   (2)    413  : 0.3975 0.0000 0.0000 0.0000 0.0732 0.0543 0.3984 0.0766
414      414   (2)    414  : 0.1734 0.0000 0.0000 0.0000 0.5958 0.1276 0.1015 0.0017
415      415   (1)    415  : 0.4240 0.0000 0.0000 0.0000 0.3254 0.2034 0.0009 0.0463
416      416   (5)    416  : 0.3837 0.0000 0.0000 0.0000 0.3201 0.2537 0.0000 0.0424
417      417   (1)    417  : 0.2829 0.0000 0.0000 0.0000 0.4977 0.0757 0.0763 0.0674
418      418   (2)    418  : 0.3040 0.0000 0.0000 0.0000 0.3961 0.2726 0.0116 0.0157
419      419   (2)    419  : 0.0240 0.0000 0.0000 0.0000 0.0000 0.0000 0.0000 0.9760
420      420   (4)    420  : 0.7163 0.0000 0.0000 0.0000 0.0006 0.0000 0.0910 0.1921
421      421   (3)    421  : 0.4804 0.0000 0.0000 0.0000 0.1537 0.1672 0.1401 0.0586
422      422   (2)    422  : 0.9256 0.0000 0.0000 0.0000 0.0000 0.0000 0.0047 0.0697
423      423   (3)    423  : 0.3459 0.0000 0.0000 0.0000 0.0249 0.0000 0.0234 0.6058
424      424   (2)    424  : 0.4855 0.0000 0.0000 0.0000 0.0000 0.0003 0.0004 0.5138
425      425   (1)    425  : 0.4962 0.0000 0.0000 0.0000 0.0097 0.0000 0.0298 0.4643
426      426   (2)    426  : 0.5190 0.0000 0.0000 0.0000 0.0000 0.0000 0.0397 0.4413
427      427   (6)    427  : 0.4644 0.0000 0.0000 0.0000 0.0000 0.0000 0.0213 0.5143
428      428   (5)    428  : 0.3533 0.0000 0.0000 0.0469 0.3871 0.0004 0.1263 0.0860
429      429   (4)    429  : 0.5369 0.0000 0.0000 0.0033 0.2212 0.0329 0.0776 0.1281
430      430   (3)    430  : 0.7199 0.0000 0.0000 0.0000 0.0873 0.0000 0.0000 0.1929
431      431   (3)    431  : 0.7248 0.0000 0.0000 0.0000 0.0000 0.0000 0.0914 0.1837
432      432   (4)    432  : 0.5795 0.0000 0.0000 0.0000 0.0526 0.0000 0.2345 0.1334
433      433   (3)    433  : 0.0004 0.0000 0.0000 0.0000 0.0000 0.0000 0.0000 0.9996
434      434   (4)    434  : 0.1228 0.0000 0.0000 0.0000 0.6409 0.2357 0.0000 0.0006
435      435   (7)    435  : 0.5147 0.0000 0.0000 0.0000 0.1878 0.1145 0.1575 0.0254
436      436   (7)    436  : 0.4955 0.0000 0.0000 0.0000 0.3174 0.0763 0.0000 0.1108
437      437   (2)    437  : 0.6570 0.0000 0.0000 0.0000 0.0213 0.0003 0.0579 0.2636
438      438   (3)    438  : 0.5569 0.0000 0.0000 0.0000 0.1023 0.0976 0.1935 0.0497
439      439   (5)    439  : 0.5533 0.0000 0.0000 0.0000 0.0423 0.3125 0.0004 0.0915
440      440   (3)    440  : 0.1324 0.0000 0.0000 0.0334 0.4724 0.0948 0.2180 0.0490
441      441   (4)    441  : 0.9152 0.0000 0.0000 0.0000 0.0256 0.0000 0.0000 0.0592
442      442   (3)    442  : 0.5820 0.0000 0.0000 0.0000 0.1355 0.0905 0.1024 0.0895
443      443   (3)    443  : 0.6324 0.0000 0.0000 0.0000 0.0266 0.0209 0.2616 0.0586
444      444   (4)    444  : 0.0797 0.0000 0.0000 0.0000 0.5378 0.3117 0.0231 0.0477
445      445   (4)    445  : 0.6452 0.0000 0.0000 0.0000 0.0079 0.0586 0.1503 0.1381
446      446   (1)    446  : 0.7957 0.0000 0.0020 0.0000 0.0003 0.0039 0.1242 0.0740
447      447   (1)    447  : 0.6693 0.0000 0.0000 0.0000 0.0243 0.0097 0.1446 0.1520
448      448   (7)    448  : 0.6402 0.0000 0.0000 0.0000 0.1499 0.0250 0.0709 0.1140
449      449   (3)    449  : 0.4944 0.0010 0.0000 0.0000 0.0852 0.0000 0.2521 0.1673
450      450   (1)    450  : 0.3117 0.0000 0.0000 0.0000 0.0000 0.0344 0.1539 0.5000
451      451   (3)    451  : 0.6000 0.0000 0.0000 0.0000 0.0527 0.0047 0.1809 0.1617
452      452   (2)    452  : 0.6152 0.0000 0.0000 0.0000 0.0250 0.0034 0.1951 0.1613
453      453   (2)    453  : 0.8993 0.0000 0.0000 0.0007 0.0270 0.0000 0.0030 0.0700
454      454   (2)    454  : 0.1399 0.0000 0.0000 0.0000 0.4296 0.3937 0.0004 0.0363
455      455   (3)    455  : 0.1581 0.0000 0.0000 0.0000 0.5551 0.2791 0.0017 0.0060
456      456   (2)    456  : 0.1013 0.0000 0.0000 0.0000 0.5823 0.3045 0.0007 0.0112
457      457   (8)    457  : 0.6627 0.0000 0.0000 0.0000 0.1524 0.0808 0.0838 0.0203
458      458   (1)    458  : 0.5760 0.0000 0.0000 0.0000 0.2679 0.1369 0.0000 0.0191
459      459   (1)    459  : 0.2738 0.0000 0.0000 0.0000 0.2474 0.4598 0.0030 0.0160
460      460   (3)    460  : 0.2549 0.0000 0.0000 0.0000 0.4253 0.2904 0.0004 0.0290
461      461   (1)    461  : 0.4130 0.0000 0.0000 0.0000 0.3519 0.2114 0.0000 0.0237
462      462   (4)    462  : 0.5109 0.0000 0.0167 0.0003 0.0983 0.0610 0.1766 0.1362
463      463   (4)    463  : 0.8258 0.0000 0.0000 0.0000 0.0377 0.0434 0.0414 0.0517
464      464   (4)    464  : 0.6340 0.0000 0.0000 0.0000 0.1484 0.0003 0.1499 0.0674
465      465   (2)    465  : 0.7817 0.0000 0.0000 0.0000 0.0071 0.0000 0.1431 0.0680
466      466   (3)    466  : 0.8801 0.0000 0.0000 0.0000 0.0033 0.0000 0.0112 0.1054
467      467   (2)    467  : 0.4532 0.0000 0.0000 0.0000 0.0000 0.0037 0.0379 0.5053
468      468   (2)    468  : 0.6773 0.0000 0.0000 0.0000 0.0677 0.0019 0.1444 0.1087
469      469   (5)    469  : 0.6254 0.0000 0.0000 0.0000 0.1889 0.0432 0.0858 0.0567
470      470   (2)    470  : 0.8942 0.0000 0.0000 0.0000 0.0509 0.0004 0.0000 0.0545
471      471  (10)    471  : 0.6029 0.0000 0.0000 0.0000 0.2405 0.0000 0.1394 0.0171
472      472   (1)    472  : 0.7135 0.0000 0.0000 0.0000 0.0000 0.0000 0.1285 0.1580
473      473   (4)    473  : 0.8297 0.0000 0.0000 0.0000 0.0823 0.0000 0.0294 0.0586
474      474   (5)    474  : 0.5034 0.0000 0.0000 0.0000 0.1461 0.0937 0.1044 0.1524
475      475   (1)    475  : 0.5437 0.0000 0.0000 0.0000 0.1040 0.1861 0.0929 0.0733
476      476   (8)    476  : 0.6962 0.0000 0.0000 0.0000 0.0759 0.0000 0.0906 0.1373
477      477   (1)    477  : 0.4766 0.0000 0.0000 0.0006 0.2672 0.1257 0.0917 0.0383
478      478   (1)    478  : 0.6010 0.0000 0.0000 0.0000 0.1416 0.0000 0.1189 0.1385
479      479   (2)    479  : 0.6373 0.0000 0.0000 0.0000 0.0460 0.0311 0.0004 0.2851
480      480   (4)    480  : 0.0746 0.0000 0.0000 0.0210 0.5039 0.3920 0.0004 0.0080
481      481   (2)    481  : 0.5070 0.0000 0.0000 0.0000 0.1091 0.0256 0.2177 0.1406
482      482   (1)    482  : 0.7382 0.0000 0.0000 0.0000 0.2061 0.0000 0.0063 0.0494
483      483   (1)    483  : 0.3674 0.0000 0.0000 0.0000 0.3745 0.2322 0.0073 0.0186
484      484   (2)    484  : 0.3627 0.0000 0.0000 0.0000 0.4486 0.1824 0.0000 0.0063
485      485   (3)    485  : 0.5318 0.0000 0.0000 0.0000 0.0663 0.0000 0.0043 0.3976
486      486   (2)    486  : 0.2599 0.0000 0.0000 0.0000 0.4837 0.2421 0.0000 0.0143
487      487   (7)    487  : 0.2459 0.0000 0.0000 0.0000 0.4068 0.3261 0.0004 0.0207
488      488   (0)    488  : 0.0000 0.0000 0.0000 0.0000 0.0000 0.0000 0.0000 1.0000
489      489   (0)    489  : 0.6368 0.0000 0.0000 0.0000 0.0000 0.0364 0.2543 0.0724
490      490   (1)    490  : 0.5451 0.0000 0.0000 0.0000 0.2389 0.1381 0.0447 0.0331
491      491   (4)    491  : 0.2926 0.0000 0.0060 0.0000 0.1778 0.2702 0.0904 0.1630
492      492   (1)    492  : 0.4346 0.0000 0.0000 0.0000 0.3150 0.2198 0.0000 0.0306
493      493   (0)    493  : 0.4128 0.0000 0.0000 0.0059 0.2908 0.2556 0.0000 0.0349
494      494  (10)    494  : 0.4300 0.0000 0.0000 0.0000 0.0000 0.0319 0.0780 0.4601
495      495   (4)    495  : 0.5139 0.0000 0.0020 0.0000 0.2286 0.1485 0.0464 0.0606
496      496   (4)    496  : 0.5877 0.0000 0.0000 0.0000 0.1035 0.0104 0.0000 0.2984
497      497   (7)    497  : 0.8076 0.0000 0.0000 0.0000 0.0000 0.0000 0.1236 0.0689
498      498   (0)    498  : 0.8281 0.0000 0.0000 0.0000 0.0000 0.0000 0.1345 0.0374
499      499   (0)    499  : 0.1554 0.0000 0.0000 0.0000 0.7380 0.0003 0.1063 0.0000
500      500   (7)    500  : 0.1233 0.0000 0.0000 0.0362 0.6161 0.1062 0.0769 0.0413
501      501   (2)    501  : 0.2546 0.0000 0.0000 0.0000 0.0000 0.0017 0.3757 0.3680
502      502   (7)    502  : 0.2890 0.0000 0.0000 0.0020 0.1129 0.2616 0.2329 0.1015
503      503   (5)    503  : 0.2484 0.0000 0.0000 0.0000 0.0000 0.0000 0.7451 0.0066
504      504   (7)    504  : 0.1599 0.0000 0.0000 0.0000 0.7379 0.0000 0.1023 0.0000
505      505  (10)    505  : 0.2973 0.0000 0.0000 0.0134 0.1092 0.2132 0.2332 0.1337
506      506   (3)    506  : 0.4529 0.0000 0.0000 0.0000 0.1223 0.0000 0.4080 0.0169
507      507   (8)    507  : 0.4403 0.0000 0.0000 0.0000 0.2110 0.0000 0.3281 0.0206
508      508   (9)    508  : 0.5171 0.0000 0.0000 0.0000 0.1795 0.0000 0.2608 0.0426
509      509   (3)    509  : 0.4417 0.0000 0.0000 0.0000 0.1904 0.0000 0.3487 0.0191
510      510   (1)    510  : 0.2601 0.0000 0.0000 0.0000 0.0211 0.0006 0.1424 0.5758
511      511   (0)    511  : 0.7596 0.0000 0.0000 0.0000 0.1210 0.0099 0.0597 0.0498
512      512   (0)    512  : 0.4734 0.0000 0.0000 0.0000 0.0000 0.0281 0.0268 0.4716
513      513   (0)    513  : 0.4527 0.0000 0.0000 0.0000 0.0000 0.0574 0.1567 0.3331
514      514   (0)    514  : 0.3917 0.0000 0.0000 0.0000 0.0000 0.0000 0.0924 0.5159
515      515   (0)    515  : 0.3992 0.0000 0.0000 0.0000 0.0000 0.0014 0.1605 0.4389
516      516   (0)    516  : 0.4302 0.0000 0.0020 0.0000 0.0540 0.0516 0.1964 0.2657
517      517   (0)    517  : 0.0120 0.0000 0.0000 0.0000 0.0000 0.0000 0.0023 0.9857
518      518   (0)    518  : 0.7506 0.0000 0.0000 0.0000 0.1220 0.0070 0.0690 0.0514
519      519   (0)    519  : 0.4373 0.0000 0.0003 0.0000 0.1751 0.0347 0.1574 0.1951
520      520   (0)    520  : 0.3319 0.0000 0.0000 0.0000 0.0277 0.0284 0.2219 0.3900
521      521   (0)    521  : 0.4613 0.0000 0.0024 0.0000 0.2194 0.0423 0.1528 0.1218
522      522   (0)    522  : 0.5152 0.0000 0.0060 0.0000 0.1327 0.0111 0.1432 0.1918
523      523   (0)    523  : 0.3632 0.0000 0.0000 0.0000 0.1881 0.0476 0.2733 0.1278
524      524   (0)    524  : 0.7767 0.0000 0.0000 0.0000 0.0317 0.0000 0.1184 0.0731
525      525   (0)    525  : 0.4807 0.0000 0.0000 0.0000 0.0009 0.0308 0.4033 0.0843
526      526   (0)    526  : 0.8960 0.0000 0.0000 0.0000 0.0000 0.0000 0.0266 0.0774
527      527   (0)    527  : 0.3210 0.0000 0.0000 0.0000 0.0000 0.0000 0.2291 0.4499
528      528   (0)    528  : 0.7371 0.0000 0.0000 0.0000 0.0213 0.0003 0.0953 0.1460
529      529   (0)    529  : 0.6534 0.0000 0.0000 0.0000 0.0037 0.0000 0.1979 0.1450
530      530   (0)    530  : 0.4473 0.0000 0.0000 0.0000 0.2616 0.0006 0.1989 0.0917
531      531   (0)    531  : 0.6556 0.0000 0.0000 0.0000 0.0673 0.0000 0.1089 0.1682
532      532   (0)    532  : 0.5327 0.0000 0.0000 0.0000 0.0616 0.0007 0.2446 0.1604
533      533   (0)    533  : 0.6475 0.0000 0.0000 0.0000 0.0270 0.0482 0.2336 0.0437
534      534   (0)    534  : 0.1882 0.0000 0.0000 0.0219 0.4645 0.3016 0.0077 0.0160
535      535   (0)    535  : 0.7546 0.0000 0.0000 0.0000 0.0000 0.0293 0.1175 0.0985
536      536   (0)    536  : 0.7191 0.0000 0.0000 0.0000 0.0000 0.0000 0.0009 0.2800
537      537   (0)    537  : 0.2970 0.0000 0.0000 0.0000 0.0031 0.0146 0.6710 0.0143
538      538   (0)    538  : 0.8978 0.0000 0.0000 0.0000 0.0000 0.0000 0.0194 0.0828
539      539   (0)    539  : 0.9259 0.0000 0.0000 0.0000 0.0000 0.0051 0.0131 0.0559
540      540  (43)    540  : 0.6875 0.0000 0.0000 0.0000 0.0000 0.0000 0.1446 0.1679
541      541   (0)    541  : 0.8075 0.0000 0.0000 0.0000 0.0007 0.0000 0.0824 0.1093
542      542  (12)    542  : 0.7968 0.0000 0.0000 0.0000 0.0017 0.0000 0.0576 0.1439
543      543   (0)    543  : 0.3563 0.0000 0.0000 0.0000 0.0000 0.0000 0.3351 0.3086
544      544   (0)    544  : 0.5386 0.0000 0.0000 0.0000 0.0000 0.0000 0.1967 0.2647
545      545   (0)    545  : 0.5635 0.0000 0.0000 0.0000 0.0000 0.0000 0.3201 0.1164
546      546   (0)    546  : 0.5149 0.0000 0.0000 0.0000 0.0000 0.0000 0.2781 0.2070
547      547   (0)    547  : 0.0021 0.0000 0.0000 0.8072 0.1704 0.0071 0.0041 0.0090
548      548   (0)    548  : 0.0007 0.0003 0.9590 0.0400 0.0000 0.0000 0.0000 0.0000
549      549   (0)    549  : 0.0010 0.0000 0.0000 0.5091 0.0590 0.4308 0.0000 0.0000
550      550   (0)    550  : 0.0050 0.0000 0.0043 0.7840 0.1671 0.0000 0.0396 0.0000
551      551   (0)    551  : 0.0000 0.0000 0.0000 0.8121 0.1869 0.0000 0.0010 0.0000
552      552   (0)    552  : 0.0000 0.0000 0.5184 0.4648 0.0010 0.0157 0.0000 0.0000
553      553   (0)    553  : 0.0000 0.0000 0.0000 1.0000 0.0000 0.0000 0.0000 0.0000
554      554   (0)    554  : 0.0000 0.0000 0.0000 1.0000 0.0000 0.0000 0.0000 0.0000
555      555   (0)    555  : 0.0000 0.0000 1.0000 0.0000 0.0000 0.0000 0.0000 0.0000
556      556   (0)    556  : 0.0000 0.0000 1.0000 0.0000 0.0000 0.0000 0.0000 0.0000
557      557   (0)    557  : 0.0000 0.0000 1.0000 0.0000 0.0000 0.0000 0.0000 0.0000
558      558   (0)    558  : 0.0000 0.0000 0.9903 0.0097 0.0000 0.0000 0.0000 0.0000
559      559   (0)    559  : 0.0000 0.0000 1.0000 0.0000 0.0000 0.0000 0.0000 0.0000
560      560   (0)    560  : 0.0726 0.0180 0.5081 0.0000 0.2330 0.0460 0.0719 0.0504
561      561   (0)    561  : 0.0221 0.0000 0.3007 0.1816 0.1164 0.0164 0.3401 0.0226
562      562   (0)    562  : 0.0003 0.0130 0.0000 0.9222 0.0641 0.0000 0.0000 0.0004
563      563   (0)    563  : 0.0000 1.0000 0.0000 0.0000 0.0000 0.0000 0.0000 0.0000
564      564   (0)    564  : 0.0577 0.0260 0.0470 0.5753 0.1019 0.0390 0.0771 0.0760
565      565   (0)    565  : 0.0000 0.4200 0.5800 0.0000 0.0000 0.0000 0.0000 0.0000
566      566   (0)    566  : 0.0000 0.3950 0.6050 0.0000 0.0000 0.0000 0.0000 0.0000
567      567   (1)    567  : 0.0000 0.0803 0.9197 0.0000 0.0000 0.0000 0.0000 0.0000
568      568   (0)    568  : 0.0034 0.0060 0.9558 0.0000 0.0023 0.0000 0.0312 0.0013
569      569   (0)    569  : 0.0000 0.0000 0.0000 1.0000 0.0000 0.0000 0.0000 0.0000
570      570   (0)    570  : 0.0000 0.9820 0.0180 0.0000 0.0000 0.0000 0.0000 0.0000
571      571   (0)    571  : 0.0000 1.0000 0.0000 0.0000 0.0000 0.0000 0.0000 0.0000
572      572   (0)    572  : 0.0000 0.0020 0.0000 0.7665 0.1766 0.0466 0.0083 0.0000
573      573   (0)    573  : 0.0053 0.0000 0.0113 0.7455 0.1695 0.0417 0.0160 0.0107
574      574   (0)    574  : 0.0000 0.0000 1.0000 0.0000 0.0000 0.0000 0.0000 0.0000
575      575   (0)    575  : 0.0000 0.0010 0.9990 0.0000 0.0000 0.0000 0.0000 0.0000
576      576   (0)    576  : 0.0000 0.0000 0.0000 1.0000 0.0000 0.0000 0.0000 0.0000
577      577   (0)    577  : 0.0000 0.0000 0.0380 0.9290 0.0280 0.0000 0.0039 0.0011
578      578   (0)    578  : 0.0003 0.0000 0.0000 0.7801 0.1866 0.0003 0.0053 0.0274
579      579   (0)    579  : 0.0011 0.0000 0.0294 0.6630 0.2119 0.0000 0.0875 0.0070
580      580   (0)    580  : 0.0141 0.0000 0.1640 0.7952 0.0020 0.0000 0.0019 0.0227
581      581   (0)    581  : 0.0020 0.0000 0.3619 0.3223 0.1691 0.0000 0.1097 0.0350
582      582   (0)    582  : 0.0000 0.9810 0.0190 0.0000 0.0000 0.0000 0.0000 0.0000
583      583   (0)    583  : 0.0000 0.9730 0.0270 0.0000 0.0000 0.0000 0.0000 0.0000
584      584   (0)    584  : 0.0453 0.1801 0.0493 0.5359 0.0050 0.0714 0.0120 0.1010
585      585   (0)    585  : 0.0000 1.0000 0.0000 0.0000 0.0000 0.0000 0.0000 0.0000
586      586   (0)    586  : 0.0006 0.0000 0.0150 0.6940 0.2337 0.0003 0.0562 0.0003
587      587   (0)    587  : 0.0000 0.9800 0.0200 0.0000 0.0000 0.0000 0.0000 0.0000
588      588   (0)    588  : 0.0000 0.9640 0.0327 0.0000 0.0000 0.0000 0.0000 0.0033
589      589   (0)    589  : 0.0000 1.0000 0.0000 0.0000 0.0000 0.0000 0.0000 0.0000
590      590   (0)    590  : 0.0007 0.0000 0.0000 0.9990 0.0000 0.0000 0.0003 0.0000
591      591   (0)    591  : 0.0066 0.3017 0.0364 0.4503 0.1255 0.0063 0.0723 0.0009
592      592   (0)    592  : 0.0000 0.8600 0.1400 0.0000 0.0000 0.0000 0.0000 0.0000
593      593   (0)    593  : 0.0253 0.8327 0.0944 0.0092 0.0296 0.0006 0.0000 0.0083
594      594   (0)    594  : 0.0000 0.0000 1.0000 0.0000 0.0000 0.0000 0.0000 0.0000
595      595   (0)    595  : 0.0000 0.0000 0.0000 0.9640 0.0000 0.0000 0.0206 0.0154
596      596   (0)    596  : 0.0011 0.0076 0.2533 0.6834 0.0464 0.0003 0.0000 0.0079
597      597   (0)    597  : 0.0006 0.6248 0.0054 0.3578 0.0000 0.0010 0.0104 0.0000
598      598   (0)    598  : 0.0000 1.0000 0.0000 0.0000 0.0000 0.0000 0.0000 0.0000
599      599   (0)    599  : 0.0000 0.9684 0.0256 0.0060 0.0000 0.0000 0.0000 0.0000
600      600   (0)    600  : 0.0000 1.0000 0.0000 0.0000 0.0000 0.0000 0.0000 0.0000
601      601   (0)    601  : 0.0000 0.9827 0.0173 0.0000 0.0000 0.0000 0.0000 0.0000
602      602   (0)    602  : 0.0000 0.9803 0.0090 0.0000 0.0103 0.0000 0.0000 0.0004
603      603   (0)    603  : 0.0003 0.9370 0.0357 0.0004 0.0120 0.0000 0.0146 0.0000
604      604   (0)    604  : 0.0000 0.9616 0.0056 0.0000 0.0110 0.0213 0.0006 0.0000
605      605   (0)    605  : 0.0000 1.0000 0.0000 0.0000 0.0000 0.0000 0.0000 0.0000
606      606   (0)    606  : 0.0000 0.9944 0.0056 0.0000 0.0000 0.0000 0.0000 0.0000
607      607   (0)    607  : 0.0000 1.0000 0.0000 0.0000 0.0000 0.0000 0.0000 0.0000
608      608   (0)    608  : 0.0000 0.9890 0.0110 0.0000 0.0000 0.0000 0.0000 0.0000
609      609   (0)    609  : 0.0066 0.9913 0.0013 0.0000 0.0000 0.0000 0.0000 0.0009
610      610   (0)    610  : 0.0000 1.0000 0.0000 0.0000 0.0000 0.0000 0.0000 0.0000
611      611   (0)    611  : 0.0489 0.8874 0.0240 0.0096 0.0000 0.0000 0.0133 0.0169
612      612   (0)    612  : 0.0031 0.9567 0.0373 0.0000 0.0000 0.0000 0.0006 0.0023
613      613   (0)    613  : 0.0000 1.0000 0.0000 0.0000 0.0000 0.0000 0.0000 0.0000
614      614   (0)    614  : 0.0293 0.5056 0.0113 0.0000 0.2502 0.0882 0.0875 0.0280
615      615   (0)    615  : 0.0000 0.9990 0.0000 0.0010 0.0000 0.0000 0.0000 0.0000
616      616   (0)    616  : 0.0000 1.0000 0.0000 0.0000 0.0000 0.0000 0.0000 0.0000
617      617   (0)    617  : 0.0016 0.9477 0.0240 0.0180 0.0007 0.0074 0.0000 0.0006
618      618   (0)    618  : 0.0000 1.0000 0.0000 0.0000 0.0000 0.0000 0.0000 0.0000
619      619   (0)    619  : 0.0010 0.4744 0.2018 0.3041 0.0181 0.0000 0.0003 0.0003
620      620   (0)    620  : 0.0007 0.9626 0.0290 0.0074 0.0000 0.0000 0.0000 0.0003
621      621   (0)    621  : 0.1133 0.4490 0.0153 0.2540 0.0049 0.0010 0.0613 0.1013
622      622   (0)    622  : 0.0650 0.0240 0.2474 0.2526 0.0260 0.0009 0.3472 0.0370
623      623   (0)    623  : 0.0000 0.0000 1.0000 0.0000 0.0000 0.0000 0.0000 0.0000
624      624   (0)    624  : 0.0000 0.9930 0.0070 0.0000 0.0000 0.0000 0.0000 0.0000
625      625   (0)    625  : 0.0000 1.0000 0.0000 0.0000 0.0000 0.0000 0.0000 0.0000
626      626   (0)    626  : 0.0000 0.9950 0.0050 0.0000 0.0000 0.0000 0.0000 0.0000
627      627   (0)    627  : 0.0000 0.9979 0.0021 0.0000 0.0000 0.0000 0.0000 0.0000
628      628   (0)    628  : 0.0000 0.9880 0.0120 0.0000 0.0000 0.0000 0.0000 0.0000
629      629   (0)    629  : 0.0000 0.9747 0.0243 0.0010 0.0000 0.0000 0.0000 0.0000
630      630   (0)    630  : 0.0000 1.0000 0.0000 0.0000 0.0000 0.0000 0.0000 0.0000
631      631   (0)    631  : 0.0000 0.0000 0.5101 0.4393 0.0506 0.0000 0.0000 0.0000
632      632   (0)    632  : 0.0000 0.0003 0.9837 0.0160 0.0000 0.0000 0.0000 0.0000
633      633   (0)    633  : 0.0004 0.0230 0.9658 0.0087 0.0000 0.0000 0.0020 0.0000
634      634   (0)    634  : 0.0000 0.0850 0.9150 0.0000 0.0000 0.0000 0.0000 0.0000
635      635   (0)    635  : 0.0000 0.0390 0.9607 0.0000 0.0000 0.0003 0.0000 0.0000
636      636   (0)    636  : 0.0000 0.0193 0.9547 0.0260 0.0000 0.0000 0.0000 0.0000
637      637   (0)    637  : 0.0000 0.0000 0.9784 0.0210 0.0006 0.0000 0.0000 0.0000
638      638   (0)    638  : 0.0003 0.0000 0.8954 0.0992 0.0000 0.0000 0.0009 0.0043
639      639   (0)    639  : 0.0000 0.0026 0.9974 0.0000 0.0000 0.0000 0.0000 0.0000
640      640   (0)    640  : 0.0000 0.0027 0.9887 0.0081 0.0000 0.0004 0.0000 0.0000
641      641   (0)    641  : 0.0000 0.0113 0.9717 0.0170 0.0000 0.0000 0.0000 0.0000
642      642   (0)    642  : 0.0000 0.0270 0.9624 0.0106 0.0000 0.0000 0.0000 0.0000
643      643   (0)    643  : 0.0000 0.0130 0.9870 0.0000 0.0000 0.0000 0.0000 0.0000
644      644   (0)    644  : 0.0000 0.0000 1.0000 0.0000 0.0000 0.0000 0.0000 0.0000
645      645   (0)    645  : 0.0000 0.4188 0.0000 0.5812 0.0000 0.0000 0.0000 0.0000
646      646   (0)    646  : 0.0111 0.4850 0.0000 0.0007 0.3576 0.0829 0.0556 0.0071
647      647   (0)    647  : 0.0000 0.9980 0.0000 0.0017 0.0000 0.0000 0.0000 0.0003
648      648   (0)    648  : 0.0000 0.9590 0.0410 0.0000 0.0000 0.0000 0.0000 0.0000
649      649   (0)    649  : 0.0000 0.9790 0.0210 0.0000 0.0000 0.0000 0.0000 0.0000
650      650   (0)    650  : 0.0000 0.9760 0.0240 0.0000 0.0000 0.0000 0.0000 0.0000
651      651   (0)    651  : 0.0010 0.9637 0.0253 0.0017 0.0000 0.0051 0.0010 0.0021
652      652   (0)    652  : 0.0000 0.0000 1.0000 0.0000 0.0000 0.0000 0.0000 0.0000
653      653   (0)    653  : 0.0000 0.9743 0.0170 0.0087 0.0000 0.0000 0.0000 0.0000
654      654   (0)    654  : 0.0000 0.0010 0.0000 0.9990 0.0000 0.0000 0.0000 0.0000
655      655   (0)    655  : 0.0000 0.0006 0.0000 0.9994 0.0000 0.0000 0.0000 0.0000
656      656   (0)    656  : 0.0000 0.4040 0.0000 0.5960 0.0000 0.0000 0.0000 0.0000
657      657   (0)    657  : 0.0000 0.8460 0.0863 0.0130 0.0026 0.0029 0.0489 0.0004
658      658   (0)    658  : 0.0241 0.8120 0.0820 0.0086 0.0457 0.0027 0.0246 0.0003
659      659   (0)    659  : 0.0109 0.6219 0.0744 0.0160 0.1563 0.0294 0.0609 0.0303
660      660   (0)    660  : 0.0003 0.8218 0.0650 0.0010 0.0650 0.0307 0.0160 0.0003
661      661   (0)    661  : 0.0317 0.7680 0.0873 0.0404 0.0233 0.0443 0.0039 0.0011
662      662   (0)    662  : 0.0003 0.7533 0.0740 0.0000 0.1106 0.0000 0.0456 0.0162
663      663   (0)    663  : 0.0107 0.8544 0.0777 0.0013 0.0202 0.0000 0.0340 0.0017
664      664   (0)    664  : 0.0003 0.5320 0.0541 0.0071 0.2350 0.0293 0.1037 0.0384
665      665   (0)    665  : 0.0000 0.0000 0.9317 0.0430 0.0253 0.0000 0.0000 0.0000
666      666   (0)    666  : 0.0019 0.0000 0.0000 0.8512 0.1442 0.0013 0.0007 0.0007
667      667   (0)    667  : 0.0196 0.0076 0.0553 0.8215 0.0932 0.0000 0.0000 0.0029
668      668   (0)    668  : 0.0000 0.0027 0.0413 0.8272 0.1070 0.0006 0.0207 0.0004
669      669   (0)    669  : 0.0007 0.0000 0.0496 0.7953 0.1002 0.0437 0.0000 0.0106
670      670   (0)    670  : 0.0000 0.0000 0.0000 0.7722 0.2251 0.0017 0.0004 0.0006
671      671   (0)    671  : 0.0000 0.0000 0.0000 0.3622 0.4499 0.0457 0.1009 0.0413
672      672   (0)    672  : 0.0076 0.0000 0.0000 0.5588 0.3168 0.0119 0.1004 0.0046
673      673   (0)    673  : 0.0000 0.0037 0.0366 0.8903 0.0694 0.0000 0.0000 0.0000
674      674   (0)    674  : 0.0000 0.0000 0.0207 0.7540 0.1663 0.0000 0.0590 0.0000
675      675   (0)    675  : 0.0007 0.0000 0.0000 0.7874 0.2106 0.0000 0.0010 0.0003
676      676   (0)    676  : 0.0000 0.0000 0.0000 0.7977 0.2019 0.0000 0.0004 0.0000
677      677   (0)    677  : 0.0000 0.0000 0.4724 0.3940 0.1336 0.0000 0.0000 0.0000
678      678   (0)    678  : 0.0000 0.0000 0.0000 0.8005 0.1995 0.0000 0.0000 0.0000
679      679   (0)    679  : 0.0010 0.0000 0.0000 0.9990 0.0000 0.0000 0.0000 0.0000
680      680   (0)    680  : 0.0000 0.0000 0.0000 1.0000 0.0000 0.0000 0.0000 0.0000
681      681   (0)    681  : 0.0007 0.0003 0.0307 0.8914 0.0753 0.0013 0.0000 0.0003
682      682   (0)    682  : 0.0000 0.4462 0.0000 0.5272 0.0257 0.0009 0.0000 0.0000
683      683   (0)    683  : 0.0007 0.0000 0.0620 0.7893 0.1136 0.0140 0.0184 0.0020
684      684   (0)    684  : 0.0000 0.0000 1.0000 0.0000 0.0000 0.0000 0.0000 0.0000
685      685   (0)    685  : 0.0000 0.0000 0.0000 0.8252 0.1743 0.0000 0.0004 0.0000
686      686   (0)    686  : 0.0000 0.0000 1.0000 0.0000 0.0000 0.0000 0.0000 0.0000
687      687   (0)    687  : 0.0023 0.0000 0.5790 0.4154 0.0000 0.0000 0.0000 0.0033
688      688   (0)    688  : 0.0000 0.8620 0.1380 0.0000 0.0000 0.0000 0.0000 0.0000
689      689   (0)    689  : 0.0003 0.0100 0.8394 0.1142 0.0077 0.0000 0.0284 0.0000
690      690   (0)    690  : 0.0000 0.9039 0.0000 0.0961 0.0000 0.0000 0.0000 0.0000
691      691   (0)    691  : 0.0000 0.0080 0.0230 0.9690 0.0000 0.0000 0.0000 0.0000
692      692   (0)    692  : 0.0036 0.0000 0.0000 0.3929 0.4234 0.0069 0.1296 0.0437
693      693   (0)    693  : 0.0003 0.9297 0.0000 0.0687 0.0000 0.0000 0.0010 0.0003
694      694   (0)    694  : 0.0000 0.9140 0.0000 0.0860 0.0000 0.0000 0.0000 0.0000
695      695   (0)    695  : 0.0000 0.9307 0.0000 0.0690 0.0000 0.0000 0.0000 0.0003
696      696   (0)    696  : 0.0011 0.0070 0.0250 0.8544 0.1109 0.0004 0.0000 0.0011
697      697   (0)    697  : 0.0382 0.0090 0.0363 0.8566 0.0573 0.0014 0.0011 0.0000
698      698   (0)    698  : 0.0000 0.0000 1.0000 0.0000 0.0000 0.0000 0.0000 0.0000
699      699   (0)    699  : 0.0067 0.0040 0.0003 0.6963 0.1940 0.0173 0.0811 0.0003
700      700   (0)    700  : 0.0000 1.0000 0.0000 0.0000 0.0000 0.0000 0.0000 0.0000
701      701   (0)    701  : 0.0111 0.3431 0.5632 0.0257 0.0526 0.0000 0.0031 0.0011
702      702   (0)    702  : 0.0000 0.9750 0.0250 0.0000 0.0000 0.0000 0.0000 0.0000
703      703   (0)    703  : 0.0034 0.0000 0.9030 0.0483 0.0356 0.0000 0.0093 0.0003
704      704   (0)    704  : 0.0000 0.9940 0.0060 0.0000 0.0000 0.0000 0.0000 0.0000
705      705   (0)    705  : 0.0000 0.9060 0.0000 0.0940 0.0000 0.0000 0.0000 0.0000
706      706   (0)    706  : 0.0000 0.0000 0.0626 0.9374 0.0000 0.0000 0.0000 0.0000
707      707   (0)    707  : 0.0000 0.3913 0.0000 0.5397 0.0676 0.0014 0.0000 0.0000
708      708   (0)    708  : 0.0000 1.0000 0.0000 0.0000 0.0000 0.0000 0.0000 0.0000
709      709   (0)    709  : 0.0000 0.0000 1.0000 0.0000 0.0000 0.0000 0.0000 0.0000
710      710   (0)    710  : 0.0000 0.0000 0.8845 0.0545 0.0610 0.0000 0.0000 0.0000
711      711   (0)    711  : 0.0000 0.0000 0.0000 1.0000 0.0000 0.0000 0.0000 0.0000
712      712   (0)    712  : 0.0039 0.0000 0.9944 0.0000 0.0000 0.0000 0.0000 0.0017
713      713   (0)    713  : 0.0000 0.0000 0.0390 0.6754 0.2060 0.0099 0.0691 0.0006
714      714   (0)    714  : 0.0000 0.1900 0.1730 0.5529 0.0371 0.0459 0.0000 0.0011
715      715   (0)    715  : 0.0000 1.0000 0.0000 0.0000 0.0000 0.0000 0.0000 0.0000
716      716   (0)    716  : 0.0000 0.0000 0.0000 1.0000 0.0000 0.0000 0.0000 0.0000
717      717   (0)    717  : 0.0000 0.8630 0.1370 0.0000 0.0000 0.0000 0.0000 0.0000
718      718   (0)    718  : 0.0003 0.0000 0.0544 0.5463 0.3039 0.0010 0.0941 0.0000
719      719   (0)    719  : 0.0189 0.8860 0.0623 0.0294 0.0016 0.0010 0.0009 0.0000
720      720   (0)    720  : 0.0000 1.0000 0.0000 0.0000 0.0000 0.0000 0.0000 0.0000
721      721   (0)    721  : 0.0000 0.9683 0.0317 0.0000 0.0000 0.0000 0.0000 0.0000
722      722   (1)    722  : 0.0000 0.0737 0.9263 0.0000 0.0000 0.0000 0.0000 0.0000
723      723   (0)    723  : 0.0000 0.9714 0.0286 0.0000 0.0000 0.0000 0.0000 0.0000
724      724   (0)    724  : 0.0000 1.0000 0.0000 0.0000 0.0000 0.0000 0.0000 0.0000
725      725   (0)    725  : 0.0003 0.9620 0.0067 0.0020 0.0257 0.0014 0.0013 0.0006
726      726   (0)    726  : 0.0007 0.8844 0.0770 0.0260 0.0000 0.0110 0.0000 0.0009
727      727   (0)    727  : 0.0000 0.9870 0.0090 0.0000 0.0000 0.0016 0.0024 0.0000
728      728   (0)    728  : 0.0096 0.1709 0.0000 0.7841 0.0344 0.0003 0.0007 0.0000
729      729   (0)    729  : 0.0000 0.9494 0.0506 0.0000 0.0000 0.0000 0.0000 0.0000
730      730   (0)    730  : 0.0000 0.9400 0.0600 0.0000 0.0000 0.0000 0.0000 0.0000
731      731   (0)    731  : 0.0009 0.1217 0.8753 0.0000 0.0000 0.0010 0.0004 0.0007
732      732   (0)    732  : 0.0000 0.0000 1.0000 0.0000 0.0000 0.0000 0.0000 0.0000
733      733   (0)    733  : 0.0000 1.0000 0.0000 0.0000 0.0000 0.0000 0.0000 0.0000
734      734   (0)    734  : 0.2664 0.0000 0.4774 0.0434 0.0010 0.0079 0.0565 0.1475
735      735   (0)    735  : 0.0000 0.9377 0.0620 0.0003 0.0000 0.0000 0.0000 0.0000
736      736   (4)    736  : 0.0029 0.0000 0.5196 0.3440 0.0689 0.0121 0.0097 0.0428
737      737   (0)    737  : 0.0000 1.0000 0.0000 0.0000 0.0000 0.0000 0.0000 0.0000
738      738   (0)    738  : 0.0003 0.9980 0.0000 0.0000 0.0014 0.0000 0.0000 0.0003
739      739   (1)    739  : 0.0000 0.0673 0.9290 0.0000 0.0000 0.0030 0.0000 0.0007
740      740   (0)    740  : 0.0000 0.9630 0.0370 0.0000 0.0000 0.0000 0.0000 0.0000
741      741   (0)    741  : 0.0000 0.9920 0.0080 0.0000 0.0000 0.0000 0.0000 0.0000
742      742   (0)    742  : 0.0000 0.2780 0.4020 0.3170 0.0020 0.0000 0.0010 0.0000
743      743   (0)    743  : 0.0000 0.0310 0.3351 0.6339 0.0000 0.0000 0.0000 0.0000
744      744   (0)    744  : 0.0000 0.0320 0.3353 0.6326 0.0000 0.0000 0.0000 0.0000
745      745   (0)    745  : 0.0016 0.2161 0.7391 0.0000 0.0390 0.0000 0.0030 0.0011
746      746   (0)    746  : 0.0000 0.0870 0.8589 0.0513 0.0010 0.0013 0.0003 0.0003
747      747   (0)    747  : 0.0000 1.0000 0.0000 0.0000 0.0000 0.0000 0.0000 0.0000
748      748   (0)    748  : 0.0000 0.9943 0.0047 0.0000 0.0003 0.0000 0.0000 0.0007
749      749   (0)    749  : 0.0000 0.0000 0.0540 0.8482 0.0818 0.0051 0.0103 0.0006
750      750   (0)    750  : 0.0007 0.0470 0.9149 0.0014 0.0023 0.0000 0.0307 0.0030
751      751   (0)    751  : 0.2004 0.6534 0.0117 0.0000 0.0000 0.0000 0.0686 0.0660
752      752   (0)    752  : 0.0223 0.7983 0.0736 0.0039 0.0556 0.0294 0.0157 0.0011
753      753   (0)    753  : 0.0306 0.7598 0.0975 0.0287 0.0626 0.0137 0.0000 0.0071
754      754   (0)    754  : 0.1410 0.0000 0.0000 0.0000 0.0150 0.0726 0.6594 0.1120
755      755   (0)    755  : 0.0603 0.0000 0.0000 0.0000 0.0409 0.0737 0.6530 0.1721
